[2024-10-05T07:26:46.186+0000] {local_task_job_runner.py:123} INFO - ::group::Pre task execution logs
[2024-10-05T07:26:46.199+0000] {taskinstance.py:2612} INFO - Dependencies all met for dep_context=non-requeueable deps ti=<TaskInstance: car_price_prediction.pipeline scheduled__2022-10-09T15:00:00+00:00 [queued]>
[2024-10-05T07:26:46.207+0000] {taskinstance.py:2612} INFO - Dependencies all met for dep_context=requeueable deps ti=<TaskInstance: car_price_prediction.pipeline scheduled__2022-10-09T15:00:00+00:00 [queued]>
[2024-10-05T07:26:46.207+0000] {taskinstance.py:2865} INFO - Starting attempt 1 of 2
[2024-10-05T07:26:46.218+0000] {taskinstance.py:2888} INFO - Executing <Task(PythonOperator): pipeline> on 2022-10-09 15:00:00+00:00
[2024-10-05T07:26:46.225+0000] {warnings.py:112} WARNING - /home/***/.local/lib/python3.12/site-packages/***/task/task_runner/standard_task_runner.py:70: DeprecationWarning: This process (pid=3134) is multi-threaded, use of fork() may lead to deadlocks in the child.
  pid = os.fork()

[2024-10-05T07:26:46.226+0000] {standard_task_runner.py:72} INFO - Started process 3185 to run task
[2024-10-05T07:26:46.226+0000] {standard_task_runner.py:104} INFO - Running: ['***', 'tasks', 'run', 'car_price_prediction', 'pipeline', 'scheduled__2022-10-09T15:00:00+00:00', '--job-id', '448', '--raw', '--subdir', 'DAGS_FOLDER/hw_dag.py', '--cfg-path', '/tmp/tmpmsozkedw']
[2024-10-05T07:26:46.228+0000] {standard_task_runner.py:105} INFO - Job 448: Subtask pipeline
[2024-10-05T07:26:46.261+0000] {task_command.py:467} INFO - Running <TaskInstance: car_price_prediction.pipeline scheduled__2022-10-09T15:00:00+00:00 [running]> on host 4e3981cf7ce3
[2024-10-05T07:26:46.326+0000] {taskinstance.py:3131} INFO - Exporting env vars: AIRFLOW_CTX_DAG_OWNER='***' AIRFLOW_CTX_DAG_ID='car_price_prediction' AIRFLOW_CTX_TASK_ID='pipeline' AIRFLOW_CTX_EXECUTION_DATE='2022-10-09T15:00:00+00:00' AIRFLOW_CTX_TRY_NUMBER='1' AIRFLOW_CTX_DAG_RUN_ID='scheduled__2022-10-09T15:00:00+00:00'
[2024-10-05T07:26:46.327+0000] {taskinstance.py:731} INFO - ::endgroup::
[2024-10-05T07:26:47.332+0000] {pipeline.py:116} INFO - model: LogisticRegression, acc_mean: 0.7591, acc_std: 0.0075
[2024-10-05T07:27:06.886+0000] {pipeline.py:116} INFO - model: RandomForestClassifier, acc_mean: 0.7784, acc_std: 0.0031
[2024-10-05T07:27:16.841+0000] {pipeline.py:116} INFO - model: SVC, acc_mean: 0.7871, acc_std: 0.0042
[2024-10-05T07:27:16.841+0000] {pipeline.py:121} INFO - best model: SVC, accuracy: 0.7871
[2024-10-05T07:27:20.306+0000] {pipeline.py:129} INFO - Model is saved as /opt/***/data/models/cars_pipe_202410050727.pkl
[2024-10-05T07:27:20.310+0000] {python.py:240} INFO - Done. Returned value was: None
[2024-10-05T07:27:20.317+0000] {taskinstance.py:340} INFO - ::group::Post task execution logs
[2024-10-05T07:27:20.318+0000] {taskinstance.py:352} INFO - Marking task as SUCCESS. dag_id=car_price_prediction, task_id=pipeline, run_id=scheduled__2022-10-09T15:00:00+00:00, execution_date=20221009T150000, start_date=20241005T072646, end_date=20241005T072720
[2024-10-05T07:27:20.351+0000] {local_task_job_runner.py:266} INFO - Task exited with return code 0
[2024-10-05T07:27:20.363+0000] {taskinstance.py:3900} INFO - 1 downstream tasks scheduled from follow-on schedule check
[2024-10-05T07:27:20.364+0000] {local_task_job_runner.py:245} INFO - ::endgroup::
