[2024-10-05T07:26:42.854+0000] {local_task_job_runner.py:123} INFO - ::group::Pre task execution logs
[2024-10-05T07:26:42.907+0000] {taskinstance.py:2612} INFO - Dependencies all met for dep_context=non-requeueable deps ti=<TaskInstance: car_price_prediction.pipeline scheduled__2022-09-28T15:00:00+00:00 [queued]>
[2024-10-05T07:26:42.917+0000] {taskinstance.py:2612} INFO - Dependencies all met for dep_context=requeueable deps ti=<TaskInstance: car_price_prediction.pipeline scheduled__2022-09-28T15:00:00+00:00 [queued]>
[2024-10-05T07:26:42.917+0000] {taskinstance.py:2865} INFO - Starting attempt 1 of 2
[2024-10-05T07:26:42.931+0000] {taskinstance.py:2888} INFO - Executing <Task(PythonOperator): pipeline> on 2022-09-28 15:00:00+00:00
[2024-10-05T07:26:42.944+0000] {warnings.py:112} WARNING - /home/***/.local/lib/python3.12/site-packages/***/task/task_runner/standard_task_runner.py:70: DeprecationWarning: This process (pid=2600) is multi-threaded, use of fork() may lead to deadlocks in the child.
  pid = os.fork()

[2024-10-05T07:26:42.945+0000] {standard_task_runner.py:72} INFO - Started process 2927 to run task
[2024-10-05T07:26:42.946+0000] {standard_task_runner.py:104} INFO - Running: ['***', 'tasks', 'run', 'car_price_prediction', 'pipeline', 'scheduled__2022-09-28T15:00:00+00:00', '--job-id', '430', '--raw', '--subdir', 'DAGS_FOLDER/hw_dag.py', '--cfg-path', '/tmp/tmpn1vw8nb1']
[2024-10-05T07:26:42.949+0000] {standard_task_runner.py:105} INFO - Job 430: Subtask pipeline
[2024-10-05T07:26:42.989+0000] {task_command.py:467} INFO - Running <TaskInstance: car_price_prediction.pipeline scheduled__2022-09-28T15:00:00+00:00 [running]> on host 4e3981cf7ce3
[2024-10-05T07:26:43.142+0000] {taskinstance.py:3131} INFO - Exporting env vars: AIRFLOW_CTX_DAG_OWNER='***' AIRFLOW_CTX_DAG_ID='car_price_prediction' AIRFLOW_CTX_TASK_ID='pipeline' AIRFLOW_CTX_EXECUTION_DATE='2022-09-28T15:00:00+00:00' AIRFLOW_CTX_TRY_NUMBER='1' AIRFLOW_CTX_DAG_RUN_ID='scheduled__2022-09-28T15:00:00+00:00'
[2024-10-05T07:26:43.143+0000] {taskinstance.py:731} INFO - ::endgroup::
[2024-10-05T07:26:44.391+0000] {pipeline.py:116} INFO - model: LogisticRegression, acc_mean: 0.7591, acc_std: 0.0075
[2024-10-05T07:27:04.279+0000] {pipeline.py:116} INFO - model: RandomForestClassifier, acc_mean: 0.7784, acc_std: 0.0031
[2024-10-05T07:27:14.239+0000] {pipeline.py:116} INFO - model: SVC, acc_mean: 0.7871, acc_std: 0.0042
[2024-10-05T07:27:14.240+0000] {pipeline.py:121} INFO - best model: SVC, accuracy: 0.7871
[2024-10-05T07:27:18.061+0000] {pipeline.py:129} INFO - Model is saved as /opt/***/data/models/cars_pipe_202410050727.pkl
[2024-10-05T07:27:18.064+0000] {python.py:240} INFO - Done. Returned value was: None
[2024-10-05T07:27:18.072+0000] {taskinstance.py:340} INFO - ::group::Post task execution logs
[2024-10-05T07:27:18.073+0000] {taskinstance.py:352} INFO - Marking task as SUCCESS. dag_id=car_price_prediction, task_id=pipeline, run_id=scheduled__2022-09-28T15:00:00+00:00, execution_date=20220928T150000, start_date=20241005T072642, end_date=20241005T072718
[2024-10-05T07:27:18.116+0000] {local_task_job_runner.py:266} INFO - Task exited with return code 0
[2024-10-05T07:27:18.135+0000] {taskinstance.py:3900} INFO - 1 downstream tasks scheduled from follow-on schedule check
[2024-10-05T07:27:18.137+0000] {local_task_job_runner.py:245} INFO - ::endgroup::
