[2024-10-05T07:07:18.300+0000] {local_task_job_runner.py:123} INFO - ::group::Pre task execution logs
[2024-10-05T07:07:18.334+0000] {taskinstance.py:2612} INFO - Dependencies all met for dep_context=non-requeueable deps ti=<TaskInstance: car_price_prediction.first_task scheduled__2022-08-08T15:00:00+00:00 [queued]>
[2024-10-05T07:07:18.340+0000] {taskinstance.py:2612} INFO - Dependencies all met for dep_context=requeueable deps ti=<TaskInstance: car_price_prediction.first_task scheduled__2022-08-08T15:00:00+00:00 [queued]>
[2024-10-05T07:07:18.340+0000] {taskinstance.py:2865} INFO - Starting attempt 1 of 2
[2024-10-05T07:07:18.353+0000] {taskinstance.py:2888} INFO - Executing <Task(BashOperator): first_task> on 2022-08-08 15:00:00+00:00
[2024-10-05T07:07:18.364+0000] {warnings.py:112} WARNING - /home/***/.local/lib/python3.12/site-packages/***/task/task_runner/standard_task_runner.py:70: DeprecationWarning: This process (pid=2209) is multi-threaded, use of fork() may lead to deadlocks in the child.
  pid = os.fork()

[2024-10-05T07:07:18.365+0000] {standard_task_runner.py:72} INFO - Started process 2556 to run task
[2024-10-05T07:07:18.365+0000] {standard_task_runner.py:104} INFO - Running: ['***', 'tasks', 'run', 'car_price_prediction', 'first_task', 'scheduled__2022-08-08T15:00:00+00:00', '--job-id', '174', '--raw', '--subdir', 'DAGS_FOLDER/hw_dag.py', '--cfg-path', '/tmp/tmplwyuaxyh']
[2024-10-05T07:07:18.367+0000] {standard_task_runner.py:105} INFO - Job 174: Subtask first_task
[2024-10-05T07:07:18.407+0000] {task_command.py:467} INFO - Running <TaskInstance: car_price_prediction.first_task scheduled__2022-08-08T15:00:00+00:00 [running]> on host 4f294712773d
[2024-10-05T07:07:18.470+0000] {taskinstance.py:3131} INFO - Exporting env vars: AIRFLOW_CTX_DAG_OWNER='***' AIRFLOW_CTX_DAG_ID='car_price_prediction' AIRFLOW_CTX_TASK_ID='first_task' AIRFLOW_CTX_EXECUTION_DATE='2022-08-08T15:00:00+00:00' AIRFLOW_CTX_TRY_NUMBER='1' AIRFLOW_CTX_DAG_RUN_ID='scheduled__2022-08-08T15:00:00+00:00'
[2024-10-05T07:07:18.471+0000] {taskinstance.py:731} INFO - ::endgroup::
[2024-10-05T07:07:18.480+0000] {subprocess.py:63} INFO - Tmp dir root location: /tmp
[2024-10-05T07:07:18.481+0000] {subprocess.py:75} INFO - Running command: ['/usr/bin/bash', '-c', 'echo "Here we start!"']
[2024-10-05T07:07:18.496+0000] {subprocess.py:86} INFO - Output:
[2024-10-05T07:07:18.497+0000] {subprocess.py:93} INFO - Here we start!
[2024-10-05T07:07:18.498+0000] {subprocess.py:97} INFO - Command exited with return code 0
[2024-10-05T07:07:18.540+0000] {taskinstance.py:340} INFO - ::group::Post task execution logs
[2024-10-05T07:07:18.540+0000] {taskinstance.py:352} INFO - Marking task as SUCCESS. dag_id=car_price_prediction, task_id=first_task, run_id=scheduled__2022-08-08T15:00:00+00:00, execution_date=20220808T150000, start_date=20241005T070718, end_date=20241005T070718
[2024-10-05T07:07:18.622+0000] {local_task_job_runner.py:266} INFO - Task exited with return code 0
[2024-10-05T07:07:18.634+0000] {local_task_job_runner.py:245} INFO - ::endgroup::
