[2024-10-05T03:16:54.477+0000] {processor.py:186} INFO - Started process (PID=257) to work on /opt/airflow/dags/my_dag.py
[2024-10-05T03:16:54.477+0000] {processor.py:914} INFO - Processing file /opt/airflow/dags/my_dag.py for tasks to queue
[2024-10-05T03:16:54.479+0000] {logging_mixin.py:190} INFO - [2024-10-05T03:16:54.478+0000] {dagbag.py:588} INFO - Filling up the DagBag from /opt/airflow/dags/my_dag.py
[2024-10-05T03:16:55.295+0000] {processor.py:925} INFO - DAG(s) 'titanic_pivot' retrieved from /opt/airflow/dags/my_dag.py
[2024-10-05T03:16:55.417+0000] {logging_mixin.py:190} INFO - [2024-10-05T03:16:55.417+0000] {override.py:1900} INFO - Created Permission View: can read on DAG:titanic_pivot
[2024-10-05T03:16:55.424+0000] {logging_mixin.py:190} INFO - [2024-10-05T03:16:55.424+0000] {override.py:1900} INFO - Created Permission View: can edit on DAG:titanic_pivot
[2024-10-05T03:16:55.429+0000] {logging_mixin.py:190} INFO - [2024-10-05T03:16:55.429+0000] {override.py:1900} INFO - Created Permission View: can delete on DAG:titanic_pivot
[2024-10-05T03:16:55.434+0000] {logging_mixin.py:190} INFO - [2024-10-05T03:16:55.434+0000] {override.py:1900} INFO - Created Permission View: can create on DAG Run:titanic_pivot
[2024-10-05T03:16:55.438+0000] {logging_mixin.py:190} INFO - [2024-10-05T03:16:55.438+0000] {override.py:1900} INFO - Created Permission View: menu access on DAG Run:titanic_pivot
[2024-10-05T03:16:55.442+0000] {logging_mixin.py:190} INFO - [2024-10-05T03:16:55.442+0000] {override.py:1900} INFO - Created Permission View: can read on DAG Run:titanic_pivot
[2024-10-05T03:16:55.445+0000] {logging_mixin.py:190} INFO - [2024-10-05T03:16:55.445+0000] {override.py:1900} INFO - Created Permission View: can delete on DAG Run:titanic_pivot
[2024-10-05T03:16:55.445+0000] {logging_mixin.py:190} INFO - [2024-10-05T03:16:55.445+0000] {dag.py:3239} INFO - Sync 1 DAGs
[2024-10-05T03:16:55.452+0000] {logging_mixin.py:190} INFO - [2024-10-05T03:16:55.452+0000] {dag.py:3262} INFO - Creating ORM DAG for titanic_pivot
[2024-10-05T03:16:55.458+0000] {logging_mixin.py:190} INFO - [2024-10-05T03:16:55.457+0000] {dag.py:4180} INFO - Setting next_dagrun for titanic_pivot to 2022-06-10 15:00:00+00:00, run_after=2022-06-11 15:00:00+00:00
[2024-10-05T03:16:55.465+0000] {processor.py:208} INFO - Processing /opt/airflow/dags/my_dag.py took 0.993 seconds
[2024-10-05T03:17:25.660+0000] {processor.py:186} INFO - Started process (PID=265) to work on /opt/airflow/dags/my_dag.py
[2024-10-05T03:17:25.666+0000] {processor.py:914} INFO - Processing file /opt/airflow/dags/my_dag.py for tasks to queue
[2024-10-05T03:17:25.667+0000] {logging_mixin.py:190} INFO - [2024-10-05T03:17:25.667+0000] {dagbag.py:588} INFO - Filling up the DagBag from /opt/airflow/dags/my_dag.py
[2024-10-05T03:17:25.933+0000] {processor.py:925} INFO - DAG(s) 'titanic_pivot' retrieved from /opt/airflow/dags/my_dag.py
[2024-10-05T03:17:25.945+0000] {logging_mixin.py:190} INFO - [2024-10-05T03:17:25.945+0000] {dag.py:3239} INFO - Sync 1 DAGs
[2024-10-05T03:17:25.957+0000] {logging_mixin.py:190} INFO - [2024-10-05T03:17:25.957+0000] {dag.py:4180} INFO - Setting next_dagrun for titanic_pivot to 2022-06-10 15:00:00+00:00, run_after=2022-06-11 15:00:00+00:00
[2024-10-05T03:17:25.966+0000] {processor.py:208} INFO - Processing /opt/airflow/dags/my_dag.py took 0.310 seconds
[2024-10-05T03:18:13.871+0000] {processor.py:186} INFO - Started process (PID=52) to work on /opt/airflow/dags/my_dag.py
[2024-10-05T03:18:13.872+0000] {processor.py:914} INFO - Processing file /opt/airflow/dags/my_dag.py for tasks to queue
[2024-10-05T03:18:13.873+0000] {logging_mixin.py:190} INFO - [2024-10-05T03:18:13.873+0000] {dagbag.py:588} INFO - Filling up the DagBag from /opt/airflow/dags/my_dag.py
[2024-10-05T03:18:14.166+0000] {processor.py:925} INFO - DAG(s) 'titanic_pivot' retrieved from /opt/airflow/dags/my_dag.py
[2024-10-05T03:18:14.179+0000] {logging_mixin.py:190} INFO - [2024-10-05T03:18:14.179+0000] {dag.py:3239} INFO - Sync 1 DAGs
[2024-10-05T03:18:14.192+0000] {logging_mixin.py:190} INFO - [2024-10-05T03:18:14.192+0000] {dag.py:4180} INFO - Setting next_dagrun for titanic_pivot to 2022-06-10 15:00:00+00:00, run_after=2022-06-11 15:00:00+00:00
[2024-10-05T03:18:14.211+0000] {processor.py:208} INFO - Processing /opt/airflow/dags/my_dag.py took 0.344 seconds
[2024-10-05T03:18:44.276+0000] {processor.py:186} INFO - Started process (PID=66) to work on /opt/airflow/dags/my_dag.py
[2024-10-05T03:18:44.284+0000] {processor.py:914} INFO - Processing file /opt/airflow/dags/my_dag.py for tasks to queue
[2024-10-05T03:18:44.286+0000] {logging_mixin.py:190} INFO - [2024-10-05T03:18:44.286+0000] {dagbag.py:588} INFO - Filling up the DagBag from /opt/airflow/dags/my_dag.py
[2024-10-05T03:18:44.553+0000] {processor.py:925} INFO - DAG(s) 'titanic_pivot' retrieved from /opt/airflow/dags/my_dag.py
[2024-10-05T03:18:44.565+0000] {logging_mixin.py:190} INFO - [2024-10-05T03:18:44.565+0000] {dag.py:3239} INFO - Sync 1 DAGs
[2024-10-05T03:18:44.577+0000] {logging_mixin.py:190} INFO - [2024-10-05T03:18:44.577+0000] {dag.py:4180} INFO - Setting next_dagrun for titanic_pivot to 2022-06-10 15:00:00+00:00, run_after=2022-06-11 15:00:00+00:00
[2024-10-05T03:18:44.586+0000] {processor.py:208} INFO - Processing /opt/airflow/dags/my_dag.py took 0.313 seconds
[2024-10-05T03:19:14.870+0000] {processor.py:186} INFO - Started process (PID=74) to work on /opt/airflow/dags/my_dag.py
[2024-10-05T03:19:14.871+0000] {processor.py:914} INFO - Processing file /opt/airflow/dags/my_dag.py for tasks to queue
[2024-10-05T03:19:14.873+0000] {logging_mixin.py:190} INFO - [2024-10-05T03:19:14.872+0000] {dagbag.py:588} INFO - Filling up the DagBag from /opt/airflow/dags/my_dag.py
[2024-10-05T03:19:15.152+0000] {processor.py:925} INFO - DAG(s) 'titanic_pivot' retrieved from /opt/airflow/dags/my_dag.py
[2024-10-05T03:19:15.165+0000] {logging_mixin.py:190} INFO - [2024-10-05T03:19:15.165+0000] {dag.py:3239} INFO - Sync 1 DAGs
[2024-10-05T03:19:15.177+0000] {logging_mixin.py:190} INFO - [2024-10-05T03:19:15.176+0000] {dag.py:4180} INFO - Setting next_dagrun for titanic_pivot to 2022-06-10 15:00:00+00:00, run_after=2022-06-11 15:00:00+00:00
[2024-10-05T03:19:15.194+0000] {processor.py:208} INFO - Processing /opt/airflow/dags/my_dag.py took 0.328 seconds
[2024-10-05T03:19:45.533+0000] {processor.py:186} INFO - Started process (PID=82) to work on /opt/airflow/dags/my_dag.py
[2024-10-05T03:19:45.540+0000] {processor.py:914} INFO - Processing file /opt/airflow/dags/my_dag.py for tasks to queue
[2024-10-05T03:19:45.542+0000] {logging_mixin.py:190} INFO - [2024-10-05T03:19:45.541+0000] {dagbag.py:588} INFO - Filling up the DagBag from /opt/airflow/dags/my_dag.py
[2024-10-05T03:19:45.795+0000] {processor.py:925} INFO - DAG(s) 'titanic_pivot' retrieved from /opt/airflow/dags/my_dag.py
[2024-10-05T03:19:45.807+0000] {logging_mixin.py:190} INFO - [2024-10-05T03:19:45.807+0000] {dag.py:3239} INFO - Sync 1 DAGs
[2024-10-05T03:19:45.818+0000] {logging_mixin.py:190} INFO - [2024-10-05T03:19:45.818+0000] {dag.py:4180} INFO - Setting next_dagrun for titanic_pivot to 2022-06-10 15:00:00+00:00, run_after=2022-06-11 15:00:00+00:00
[2024-10-05T03:19:45.827+0000] {processor.py:208} INFO - Processing /opt/airflow/dags/my_dag.py took 0.298 seconds
[2024-10-05T03:20:15.863+0000] {processor.py:186} INFO - Started process (PID=90) to work on /opt/airflow/dags/my_dag.py
[2024-10-05T03:20:15.864+0000] {processor.py:914} INFO - Processing file /opt/airflow/dags/my_dag.py for tasks to queue
[2024-10-05T03:20:15.865+0000] {logging_mixin.py:190} INFO - [2024-10-05T03:20:15.865+0000] {dagbag.py:588} INFO - Filling up the DagBag from /opt/airflow/dags/my_dag.py
[2024-10-05T03:20:16.131+0000] {processor.py:925} INFO - DAG(s) 'titanic_pivot' retrieved from /opt/airflow/dags/my_dag.py
[2024-10-05T03:20:16.145+0000] {logging_mixin.py:190} INFO - [2024-10-05T03:20:16.144+0000] {dag.py:3239} INFO - Sync 1 DAGs
[2024-10-05T03:20:16.158+0000] {logging_mixin.py:190} INFO - [2024-10-05T03:20:16.158+0000] {dag.py:4180} INFO - Setting next_dagrun for titanic_pivot to 2022-06-10 15:00:00+00:00, run_after=2022-06-11 15:00:00+00:00
[2024-10-05T03:20:16.168+0000] {processor.py:208} INFO - Processing /opt/airflow/dags/my_dag.py took 0.308 seconds
[2024-10-05T03:20:46.193+0000] {processor.py:186} INFO - Started process (PID=98) to work on /opt/airflow/dags/my_dag.py
[2024-10-05T03:20:46.195+0000] {processor.py:914} INFO - Processing file /opt/airflow/dags/my_dag.py for tasks to queue
[2024-10-05T03:20:46.196+0000] {logging_mixin.py:190} INFO - [2024-10-05T03:20:46.196+0000] {dagbag.py:588} INFO - Filling up the DagBag from /opt/airflow/dags/my_dag.py
[2024-10-05T03:20:46.470+0000] {processor.py:925} INFO - DAG(s) 'titanic_pivot' retrieved from /opt/airflow/dags/my_dag.py
[2024-10-05T03:20:46.482+0000] {logging_mixin.py:190} INFO - [2024-10-05T03:20:46.482+0000] {dag.py:3239} INFO - Sync 1 DAGs
[2024-10-05T03:20:46.493+0000] {logging_mixin.py:190} INFO - [2024-10-05T03:20:46.493+0000] {dag.py:4180} INFO - Setting next_dagrun for titanic_pivot to 2022-06-10 15:00:00+00:00, run_after=2022-06-11 15:00:00+00:00
[2024-10-05T03:20:46.502+0000] {processor.py:208} INFO - Processing /opt/airflow/dags/my_dag.py took 0.312 seconds
[2024-10-05T04:05:35.338+0000] {processor.py:186} INFO - Started process (PID=52) to work on /opt/airflow/dags/my_dag.py
[2024-10-05T04:05:35.338+0000] {processor.py:914} INFO - Processing file /opt/airflow/dags/my_dag.py for tasks to queue
[2024-10-05T04:05:35.339+0000] {logging_mixin.py:190} INFO - [2024-10-05T04:05:35.339+0000] {dagbag.py:588} INFO - Filling up the DagBag from /opt/airflow/dags/my_dag.py
[2024-10-05T04:05:35.701+0000] {processor.py:925} INFO - DAG(s) 'titanic_pivot' retrieved from /opt/airflow/dags/my_dag.py
[2024-10-05T04:05:35.713+0000] {logging_mixin.py:190} INFO - [2024-10-05T04:05:35.713+0000] {dag.py:3239} INFO - Sync 1 DAGs
[2024-10-05T04:05:35.725+0000] {logging_mixin.py:190} INFO - [2024-10-05T04:05:35.725+0000] {dag.py:4180} INFO - Setting next_dagrun for titanic_pivot to 2022-06-10 15:00:00+00:00, run_after=2022-06-11 15:00:00+00:00
[2024-10-05T04:05:35.734+0000] {processor.py:208} INFO - Processing /opt/airflow/dags/my_dag.py took 0.399 seconds
[2024-10-05T04:06:06.362+0000] {processor.py:186} INFO - Started process (PID=60) to work on /opt/airflow/dags/my_dag.py
[2024-10-05T04:06:06.370+0000] {processor.py:914} INFO - Processing file /opt/airflow/dags/my_dag.py for tasks to queue
[2024-10-05T04:06:06.371+0000] {logging_mixin.py:190} INFO - [2024-10-05T04:06:06.371+0000] {dagbag.py:588} INFO - Filling up the DagBag from /opt/airflow/dags/my_dag.py
[2024-10-05T04:06:06.657+0000] {processor.py:925} INFO - DAG(s) 'titanic_pivot' retrieved from /opt/airflow/dags/my_dag.py
[2024-10-05T04:06:06.670+0000] {logging_mixin.py:190} INFO - [2024-10-05T04:06:06.670+0000] {dag.py:3239} INFO - Sync 1 DAGs
[2024-10-05T04:06:06.681+0000] {logging_mixin.py:190} INFO - [2024-10-05T04:06:06.681+0000] {dag.py:4180} INFO - Setting next_dagrun for titanic_pivot to 2022-06-10 15:00:00+00:00, run_after=2022-06-11 15:00:00+00:00
[2024-10-05T04:06:06.690+0000] {processor.py:208} INFO - Processing /opt/airflow/dags/my_dag.py took 0.331 seconds
[2024-10-05T04:06:36.894+0000] {processor.py:186} INFO - Started process (PID=74) to work on /opt/airflow/dags/my_dag.py
[2024-10-05T04:06:36.894+0000] {processor.py:914} INFO - Processing file /opt/airflow/dags/my_dag.py for tasks to queue
[2024-10-05T04:06:36.896+0000] {logging_mixin.py:190} INFO - [2024-10-05T04:06:36.895+0000] {dagbag.py:588} INFO - Filling up the DagBag from /opt/airflow/dags/my_dag.py
[2024-10-05T04:06:37.171+0000] {processor.py:925} INFO - DAG(s) 'titanic_pivot' retrieved from /opt/airflow/dags/my_dag.py
[2024-10-05T04:06:37.184+0000] {logging_mixin.py:190} INFO - [2024-10-05T04:06:37.184+0000] {dag.py:3239} INFO - Sync 1 DAGs
[2024-10-05T04:06:37.196+0000] {logging_mixin.py:190} INFO - [2024-10-05T04:06:37.196+0000] {dag.py:4180} INFO - Setting next_dagrun for titanic_pivot to 2022-06-10 15:00:00+00:00, run_after=2022-06-11 15:00:00+00:00
[2024-10-05T04:06:37.205+0000] {processor.py:208} INFO - Processing /opt/airflow/dags/my_dag.py took 0.314 seconds
[2024-10-05T04:07:07.633+0000] {processor.py:186} INFO - Started process (PID=82) to work on /opt/airflow/dags/my_dag.py
[2024-10-05T04:07:07.634+0000] {processor.py:914} INFO - Processing file /opt/airflow/dags/my_dag.py for tasks to queue
[2024-10-05T04:07:07.635+0000] {logging_mixin.py:190} INFO - [2024-10-05T04:07:07.635+0000] {dagbag.py:588} INFO - Filling up the DagBag from /opt/airflow/dags/my_dag.py
[2024-10-05T04:07:07.908+0000] {processor.py:925} INFO - DAG(s) 'titanic_pivot' retrieved from /opt/airflow/dags/my_dag.py
[2024-10-05T04:07:07.919+0000] {logging_mixin.py:190} INFO - [2024-10-05T04:07:07.919+0000] {dag.py:3239} INFO - Sync 1 DAGs
[2024-10-05T04:07:07.931+0000] {logging_mixin.py:190} INFO - [2024-10-05T04:07:07.931+0000] {dag.py:4180} INFO - Setting next_dagrun for titanic_pivot to 2022-06-10 15:00:00+00:00, run_after=2022-06-11 15:00:00+00:00
[2024-10-05T04:07:07.940+0000] {processor.py:208} INFO - Processing /opt/airflow/dags/my_dag.py took 0.310 seconds
[2024-10-05T04:07:38.542+0000] {processor.py:186} INFO - Started process (PID=90) to work on /opt/airflow/dags/my_dag.py
[2024-10-05T04:07:38.542+0000] {processor.py:914} INFO - Processing file /opt/airflow/dags/my_dag.py for tasks to queue
[2024-10-05T04:07:38.544+0000] {logging_mixin.py:190} INFO - [2024-10-05T04:07:38.543+0000] {dagbag.py:588} INFO - Filling up the DagBag from /opt/airflow/dags/my_dag.py
[2024-10-05T04:07:38.821+0000] {processor.py:925} INFO - DAG(s) 'titanic_pivot' retrieved from /opt/airflow/dags/my_dag.py
[2024-10-05T04:07:38.833+0000] {logging_mixin.py:190} INFO - [2024-10-05T04:07:38.833+0000] {dag.py:3239} INFO - Sync 1 DAGs
[2024-10-05T04:07:38.845+0000] {logging_mixin.py:190} INFO - [2024-10-05T04:07:38.845+0000] {dag.py:4180} INFO - Setting next_dagrun for titanic_pivot to 2022-06-10 15:00:00+00:00, run_after=2022-06-11 15:00:00+00:00
[2024-10-05T04:07:38.854+0000] {processor.py:208} INFO - Processing /opt/airflow/dags/my_dag.py took 0.315 seconds
[2024-10-05T04:08:09.638+0000] {processor.py:186} INFO - Started process (PID=98) to work on /opt/airflow/dags/my_dag.py
[2024-10-05T04:08:09.638+0000] {processor.py:914} INFO - Processing file /opt/airflow/dags/my_dag.py for tasks to queue
[2024-10-05T04:08:09.639+0000] {logging_mixin.py:190} INFO - [2024-10-05T04:08:09.639+0000] {dagbag.py:588} INFO - Filling up the DagBag from /opt/airflow/dags/my_dag.py
[2024-10-05T04:08:09.895+0000] {processor.py:925} INFO - DAG(s) 'titanic_pivot' retrieved from /opt/airflow/dags/my_dag.py
[2024-10-05T04:08:09.906+0000] {logging_mixin.py:190} INFO - [2024-10-05T04:08:09.906+0000] {dag.py:3239} INFO - Sync 1 DAGs
[2024-10-05T04:08:09.918+0000] {logging_mixin.py:190} INFO - [2024-10-05T04:08:09.918+0000] {dag.py:4180} INFO - Setting next_dagrun for titanic_pivot to 2022-06-10 15:00:00+00:00, run_after=2022-06-11 15:00:00+00:00
[2024-10-05T04:08:09.926+0000] {processor.py:208} INFO - Processing /opt/airflow/dags/my_dag.py took 0.292 seconds
[2024-10-05T04:08:40.000+0000] {processor.py:186} INFO - Started process (PID=106) to work on /opt/airflow/dags/my_dag.py
[2024-10-05T04:08:40.001+0000] {processor.py:914} INFO - Processing file /opt/airflow/dags/my_dag.py for tasks to queue
[2024-10-05T04:08:40.002+0000] {logging_mixin.py:190} INFO - [2024-10-05T04:08:40.002+0000] {dagbag.py:588} INFO - Filling up the DagBag from /opt/airflow/dags/my_dag.py
[2024-10-05T04:08:40.267+0000] {processor.py:925} INFO - DAG(s) 'titanic_pivot' retrieved from /opt/airflow/dags/my_dag.py
[2024-10-05T04:08:40.279+0000] {logging_mixin.py:190} INFO - [2024-10-05T04:08:40.279+0000] {dag.py:3239} INFO - Sync 1 DAGs
[2024-10-05T04:08:40.290+0000] {logging_mixin.py:190} INFO - [2024-10-05T04:08:40.290+0000] {dag.py:4180} INFO - Setting next_dagrun for titanic_pivot to 2022-06-10 15:00:00+00:00, run_after=2022-06-11 15:00:00+00:00
[2024-10-05T04:08:40.299+0000] {processor.py:208} INFO - Processing /opt/airflow/dags/my_dag.py took 0.302 seconds
[2024-10-05T04:09:11.179+0000] {processor.py:186} INFO - Started process (PID=114) to work on /opt/airflow/dags/my_dag.py
[2024-10-05T04:09:11.186+0000] {processor.py:914} INFO - Processing file /opt/airflow/dags/my_dag.py for tasks to queue
[2024-10-05T04:09:11.187+0000] {logging_mixin.py:190} INFO - [2024-10-05T04:09:11.187+0000] {dagbag.py:588} INFO - Filling up the DagBag from /opt/airflow/dags/my_dag.py
[2024-10-05T04:09:11.437+0000] {processor.py:925} INFO - DAG(s) 'titanic_pivot' retrieved from /opt/airflow/dags/my_dag.py
[2024-10-05T04:09:11.448+0000] {logging_mixin.py:190} INFO - [2024-10-05T04:09:11.448+0000] {dag.py:3239} INFO - Sync 1 DAGs
[2024-10-05T04:09:11.458+0000] {logging_mixin.py:190} INFO - [2024-10-05T04:09:11.458+0000] {dag.py:4180} INFO - Setting next_dagrun for titanic_pivot to 2022-06-10 15:00:00+00:00, run_after=2022-06-11 15:00:00+00:00
[2024-10-05T04:09:11.467+0000] {processor.py:208} INFO - Processing /opt/airflow/dags/my_dag.py took 0.291 seconds
[2024-10-05T04:09:42.088+0000] {processor.py:186} INFO - Started process (PID=122) to work on /opt/airflow/dags/my_dag.py
[2024-10-05T04:09:42.089+0000] {processor.py:914} INFO - Processing file /opt/airflow/dags/my_dag.py for tasks to queue
[2024-10-05T04:09:42.090+0000] {logging_mixin.py:190} INFO - [2024-10-05T04:09:42.090+0000] {dagbag.py:588} INFO - Filling up the DagBag from /opt/airflow/dags/my_dag.py
[2024-10-05T04:09:42.344+0000] {processor.py:925} INFO - DAG(s) 'titanic_pivot' retrieved from /opt/airflow/dags/my_dag.py
[2024-10-05T04:09:42.356+0000] {logging_mixin.py:190} INFO - [2024-10-05T04:09:42.356+0000] {dag.py:3239} INFO - Sync 1 DAGs
[2024-10-05T04:09:42.367+0000] {logging_mixin.py:190} INFO - [2024-10-05T04:09:42.367+0000] {dag.py:4180} INFO - Setting next_dagrun for titanic_pivot to 2022-06-10 15:00:00+00:00, run_after=2022-06-11 15:00:00+00:00
[2024-10-05T04:09:42.383+0000] {processor.py:208} INFO - Processing /opt/airflow/dags/my_dag.py took 0.298 seconds
[2024-10-05T04:10:12.752+0000] {processor.py:186} INFO - Started process (PID=130) to work on /opt/airflow/dags/my_dag.py
[2024-10-05T04:10:12.753+0000] {processor.py:914} INFO - Processing file /opt/airflow/dags/my_dag.py for tasks to queue
[2024-10-05T04:10:12.754+0000] {logging_mixin.py:190} INFO - [2024-10-05T04:10:12.754+0000] {dagbag.py:588} INFO - Filling up the DagBag from /opt/airflow/dags/my_dag.py
[2024-10-05T04:10:12.930+0000] {processor.py:925} INFO - DAG(s) 'titanic_pivot' retrieved from /opt/airflow/dags/my_dag.py
[2024-10-05T04:10:12.945+0000] {logging_mixin.py:190} INFO - [2024-10-05T04:10:12.945+0000] {dag.py:3239} INFO - Sync 1 DAGs
[2024-10-05T04:10:12.959+0000] {logging_mixin.py:190} INFO - [2024-10-05T04:10:12.959+0000] {dag.py:4180} INFO - Setting next_dagrun for titanic_pivot to 2022-06-10 15:00:00+00:00, run_after=2022-06-11 15:00:00+00:00
[2024-10-05T04:10:12.968+0000] {processor.py:208} INFO - Processing /opt/airflow/dags/my_dag.py took 0.219 seconds
[2024-10-05T04:10:43.542+0000] {processor.py:186} INFO - Started process (PID=138) to work on /opt/airflow/dags/my_dag.py
[2024-10-05T04:10:43.550+0000] {processor.py:914} INFO - Processing file /opt/airflow/dags/my_dag.py for tasks to queue
[2024-10-05T04:10:43.551+0000] {logging_mixin.py:190} INFO - [2024-10-05T04:10:43.551+0000] {dagbag.py:588} INFO - Filling up the DagBag from /opt/airflow/dags/my_dag.py
[2024-10-05T04:10:43.721+0000] {processor.py:925} INFO - DAG(s) 'titanic_pivot' retrieved from /opt/airflow/dags/my_dag.py
[2024-10-05T04:10:43.734+0000] {logging_mixin.py:190} INFO - [2024-10-05T04:10:43.734+0000] {dag.py:3239} INFO - Sync 1 DAGs
[2024-10-05T04:10:43.748+0000] {logging_mixin.py:190} INFO - [2024-10-05T04:10:43.747+0000] {dag.py:4180} INFO - Setting next_dagrun for titanic_pivot to 2022-06-10 15:00:00+00:00, run_after=2022-06-11 15:00:00+00:00
[2024-10-05T04:10:43.756+0000] {processor.py:208} INFO - Processing /opt/airflow/dags/my_dag.py took 0.217 seconds
[2024-10-05T04:11:14.441+0000] {processor.py:186} INFO - Started process (PID=146) to work on /opt/airflow/dags/my_dag.py
[2024-10-05T04:11:14.442+0000] {processor.py:914} INFO - Processing file /opt/airflow/dags/my_dag.py for tasks to queue
[2024-10-05T04:11:14.443+0000] {logging_mixin.py:190} INFO - [2024-10-05T04:11:14.443+0000] {dagbag.py:588} INFO - Filling up the DagBag from /opt/airflow/dags/my_dag.py
[2024-10-05T04:11:14.602+0000] {processor.py:925} INFO - DAG(s) 'titanic_pivot' retrieved from /opt/airflow/dags/my_dag.py
[2024-10-05T04:11:14.615+0000] {logging_mixin.py:190} INFO - [2024-10-05T04:11:14.614+0000] {dag.py:3239} INFO - Sync 1 DAGs
[2024-10-05T04:11:14.626+0000] {logging_mixin.py:190} INFO - [2024-10-05T04:11:14.626+0000] {dag.py:4180} INFO - Setting next_dagrun for titanic_pivot to 2022-06-10 15:00:00+00:00, run_after=2022-06-11 15:00:00+00:00
[2024-10-05T04:11:14.634+0000] {processor.py:208} INFO - Processing /opt/airflow/dags/my_dag.py took 0.195 seconds
[2024-10-05T04:11:45.298+0000] {processor.py:186} INFO - Started process (PID=154) to work on /opt/airflow/dags/my_dag.py
[2024-10-05T04:11:45.298+0000] {processor.py:914} INFO - Processing file /opt/airflow/dags/my_dag.py for tasks to queue
[2024-10-05T04:11:45.300+0000] {logging_mixin.py:190} INFO - [2024-10-05T04:11:45.299+0000] {dagbag.py:588} INFO - Filling up the DagBag from /opt/airflow/dags/my_dag.py
[2024-10-05T04:11:45.470+0000] {processor.py:925} INFO - DAG(s) 'titanic_pivot' retrieved from /opt/airflow/dags/my_dag.py
[2024-10-05T04:11:45.484+0000] {logging_mixin.py:190} INFO - [2024-10-05T04:11:45.484+0000] {dag.py:3239} INFO - Sync 1 DAGs
[2024-10-05T04:11:45.497+0000] {logging_mixin.py:190} INFO - [2024-10-05T04:11:45.497+0000] {dag.py:4180} INFO - Setting next_dagrun for titanic_pivot to 2022-06-10 15:00:00+00:00, run_after=2022-06-11 15:00:00+00:00
[2024-10-05T04:11:45.506+0000] {processor.py:208} INFO - Processing /opt/airflow/dags/my_dag.py took 0.212 seconds
[2024-10-05T04:12:16.266+0000] {processor.py:186} INFO - Started process (PID=162) to work on /opt/airflow/dags/my_dag.py
[2024-10-05T04:12:16.266+0000] {processor.py:914} INFO - Processing file /opt/airflow/dags/my_dag.py for tasks to queue
[2024-10-05T04:12:16.268+0000] {logging_mixin.py:190} INFO - [2024-10-05T04:12:16.267+0000] {dagbag.py:588} INFO - Filling up the DagBag from /opt/airflow/dags/my_dag.py
[2024-10-05T04:12:16.441+0000] {processor.py:925} INFO - DAG(s) 'titanic_pivot' retrieved from /opt/airflow/dags/my_dag.py
[2024-10-05T04:12:16.454+0000] {logging_mixin.py:190} INFO - [2024-10-05T04:12:16.454+0000] {dag.py:3239} INFO - Sync 1 DAGs
[2024-10-05T04:12:16.468+0000] {logging_mixin.py:190} INFO - [2024-10-05T04:12:16.467+0000] {dag.py:4180} INFO - Setting next_dagrun for titanic_pivot to 2022-06-10 15:00:00+00:00, run_after=2022-06-11 15:00:00+00:00
[2024-10-05T04:12:16.477+0000] {processor.py:208} INFO - Processing /opt/airflow/dags/my_dag.py took 0.215 seconds
[2024-10-05T04:12:46.972+0000] {processor.py:186} INFO - Started process (PID=170) to work on /opt/airflow/dags/my_dag.py
[2024-10-05T04:12:46.973+0000] {processor.py:914} INFO - Processing file /opt/airflow/dags/my_dag.py for tasks to queue
[2024-10-05T04:12:46.974+0000] {logging_mixin.py:190} INFO - [2024-10-05T04:12:46.974+0000] {dagbag.py:588} INFO - Filling up the DagBag from /opt/airflow/dags/my_dag.py
[2024-10-05T04:12:47.147+0000] {processor.py:925} INFO - DAG(s) 'titanic_pivot' retrieved from /opt/airflow/dags/my_dag.py
[2024-10-05T04:12:47.161+0000] {logging_mixin.py:190} INFO - [2024-10-05T04:12:47.161+0000] {dag.py:3239} INFO - Sync 1 DAGs
[2024-10-05T04:12:47.175+0000] {logging_mixin.py:190} INFO - [2024-10-05T04:12:47.175+0000] {dag.py:4180} INFO - Setting next_dagrun for titanic_pivot to 2022-06-10 15:00:00+00:00, run_after=2022-06-11 15:00:00+00:00
[2024-10-05T04:12:47.185+0000] {processor.py:208} INFO - Processing /opt/airflow/dags/my_dag.py took 0.216 seconds
