[2024-10-05T02:15:05.054+0000] {processor.py:186} INFO - Started process (PID=71) to work on /home/airflow/.local/lib/python3.12/site-packages/airflow/example_dags/example_branch_python_dop_operator_3.py
[2024-10-05T02:15:05.054+0000] {processor.py:914} INFO - Processing file /home/airflow/.local/lib/python3.12/site-packages/airflow/example_dags/example_branch_python_dop_operator_3.py for tasks to queue
[2024-10-05T02:15:05.055+0000] {logging_mixin.py:190} INFO - [2024-10-05T02:15:05.055+0000] {dagbag.py:588} INFO - Filling up the DagBag from /home/airflow/.local/lib/python3.12/site-packages/airflow/example_dags/example_branch_python_dop_operator_3.py
[2024-10-05T02:15:05.062+0000] {processor.py:925} INFO - DAG(s) 'example_branch_dop_operator_v3' retrieved from /home/airflow/.local/lib/python3.12/site-packages/airflow/example_dags/example_branch_python_dop_operator_3.py
[2024-10-05T02:15:05.076+0000] {logging_mixin.py:190} INFO - [2024-10-05T02:15:05.076+0000] {dag.py:3239} INFO - Sync 1 DAGs
[2024-10-05T02:15:05.092+0000] {logging_mixin.py:190} INFO - [2024-10-05T02:15:05.091+0000] {dag.py:4180} INFO - Setting next_dagrun for example_branch_dop_operator_v3 to 2024-10-05 02:14:00+00:00, run_after=2024-10-05 02:15:00+00:00
[2024-10-05T02:15:05.103+0000] {processor.py:208} INFO - Processing /home/airflow/.local/lib/python3.12/site-packages/airflow/example_dags/example_branch_python_dop_operator_3.py took 0.053 seconds
[2024-10-05T02:15:35.558+0000] {processor.py:186} INFO - Started process (PID=132) to work on /home/airflow/.local/lib/python3.12/site-packages/airflow/example_dags/example_branch_python_dop_operator_3.py
[2024-10-05T02:15:35.559+0000] {processor.py:914} INFO - Processing file /home/airflow/.local/lib/python3.12/site-packages/airflow/example_dags/example_branch_python_dop_operator_3.py for tasks to queue
[2024-10-05T02:15:35.561+0000] {logging_mixin.py:190} INFO - [2024-10-05T02:15:35.560+0000] {dagbag.py:588} INFO - Filling up the DagBag from /home/airflow/.local/lib/python3.12/site-packages/airflow/example_dags/example_branch_python_dop_operator_3.py
[2024-10-05T02:15:35.567+0000] {processor.py:925} INFO - DAG(s) 'example_branch_dop_operator_v3' retrieved from /home/airflow/.local/lib/python3.12/site-packages/airflow/example_dags/example_branch_python_dop_operator_3.py
[2024-10-05T02:15:35.578+0000] {logging_mixin.py:190} INFO - [2024-10-05T02:15:35.578+0000] {dag.py:3239} INFO - Sync 1 DAGs
[2024-10-05T02:15:35.594+0000] {logging_mixin.py:190} INFO - [2024-10-05T02:15:35.593+0000] {dag.py:4180} INFO - Setting next_dagrun for example_branch_dop_operator_v3 to 2024-10-05 02:14:00+00:00, run_after=2024-10-05 02:15:00+00:00
[2024-10-05T02:15:35.604+0000] {processor.py:208} INFO - Processing /home/airflow/.local/lib/python3.12/site-packages/airflow/example_dags/example_branch_python_dop_operator_3.py took 0.050 seconds
[2024-10-05T02:16:06.450+0000] {processor.py:186} INFO - Started process (PID=201) to work on /home/airflow/.local/lib/python3.12/site-packages/airflow/example_dags/example_branch_python_dop_operator_3.py
[2024-10-05T02:16:06.451+0000] {processor.py:914} INFO - Processing file /home/airflow/.local/lib/python3.12/site-packages/airflow/example_dags/example_branch_python_dop_operator_3.py for tasks to queue
[2024-10-05T02:16:06.452+0000] {logging_mixin.py:190} INFO - [2024-10-05T02:16:06.452+0000] {dagbag.py:588} INFO - Filling up the DagBag from /home/airflow/.local/lib/python3.12/site-packages/airflow/example_dags/example_branch_python_dop_operator_3.py
[2024-10-05T02:16:06.458+0000] {processor.py:925} INFO - DAG(s) 'example_branch_dop_operator_v3' retrieved from /home/airflow/.local/lib/python3.12/site-packages/airflow/example_dags/example_branch_python_dop_operator_3.py
[2024-10-05T02:16:06.469+0000] {logging_mixin.py:190} INFO - [2024-10-05T02:16:06.469+0000] {dag.py:3239} INFO - Sync 1 DAGs
[2024-10-05T02:16:06.485+0000] {logging_mixin.py:190} INFO - [2024-10-05T02:16:06.485+0000] {dag.py:4180} INFO - Setting next_dagrun for example_branch_dop_operator_v3 to 2024-10-05 02:15:00+00:00, run_after=2024-10-05 02:16:00+00:00
[2024-10-05T02:16:06.496+0000] {processor.py:208} INFO - Processing /home/airflow/.local/lib/python3.12/site-packages/airflow/example_dags/example_branch_python_dop_operator_3.py took 0.049 seconds
[2024-10-05T02:16:37.031+0000] {processor.py:186} INFO - Started process (PID=263) to work on /home/airflow/.local/lib/python3.12/site-packages/airflow/example_dags/example_branch_python_dop_operator_3.py
[2024-10-05T02:16:37.031+0000] {processor.py:914} INFO - Processing file /home/airflow/.local/lib/python3.12/site-packages/airflow/example_dags/example_branch_python_dop_operator_3.py for tasks to queue
[2024-10-05T02:16:37.033+0000] {logging_mixin.py:190} INFO - [2024-10-05T02:16:37.032+0000] {dagbag.py:588} INFO - Filling up the DagBag from /home/airflow/.local/lib/python3.12/site-packages/airflow/example_dags/example_branch_python_dop_operator_3.py
[2024-10-05T02:16:37.038+0000] {processor.py:925} INFO - DAG(s) 'example_branch_dop_operator_v3' retrieved from /home/airflow/.local/lib/python3.12/site-packages/airflow/example_dags/example_branch_python_dop_operator_3.py
[2024-10-05T02:16:37.048+0000] {logging_mixin.py:190} INFO - [2024-10-05T02:16:37.048+0000] {dag.py:3239} INFO - Sync 1 DAGs
[2024-10-05T02:16:37.063+0000] {logging_mixin.py:190} INFO - [2024-10-05T02:16:37.063+0000] {dag.py:4180} INFO - Setting next_dagrun for example_branch_dop_operator_v3 to 2024-10-05 02:15:00+00:00, run_after=2024-10-05 02:16:00+00:00
[2024-10-05T02:16:37.072+0000] {processor.py:208} INFO - Processing /home/airflow/.local/lib/python3.12/site-packages/airflow/example_dags/example_branch_python_dop_operator_3.py took 0.045 seconds
[2024-10-05T02:17:08.029+0000] {processor.py:186} INFO - Started process (PID=325) to work on /home/airflow/.local/lib/python3.12/site-packages/airflow/example_dags/example_branch_python_dop_operator_3.py
[2024-10-05T02:17:08.029+0000] {processor.py:914} INFO - Processing file /home/airflow/.local/lib/python3.12/site-packages/airflow/example_dags/example_branch_python_dop_operator_3.py for tasks to queue
[2024-10-05T02:17:08.030+0000] {logging_mixin.py:190} INFO - [2024-10-05T02:17:08.030+0000] {dagbag.py:588} INFO - Filling up the DagBag from /home/airflow/.local/lib/python3.12/site-packages/airflow/example_dags/example_branch_python_dop_operator_3.py
[2024-10-05T02:17:08.036+0000] {processor.py:925} INFO - DAG(s) 'example_branch_dop_operator_v3' retrieved from /home/airflow/.local/lib/python3.12/site-packages/airflow/example_dags/example_branch_python_dop_operator_3.py
[2024-10-05T02:17:08.047+0000] {logging_mixin.py:190} INFO - [2024-10-05T02:17:08.047+0000] {dag.py:3239} INFO - Sync 1 DAGs
[2024-10-05T02:17:08.061+0000] {logging_mixin.py:190} INFO - [2024-10-05T02:17:08.061+0000] {dag.py:4180} INFO - Setting next_dagrun for example_branch_dop_operator_v3 to 2024-10-05 02:16:00+00:00, run_after=2024-10-05 02:17:00+00:00
[2024-10-05T02:17:08.071+0000] {processor.py:208} INFO - Processing /home/airflow/.local/lib/python3.12/site-packages/airflow/example_dags/example_branch_python_dop_operator_3.py took 0.045 seconds
[2024-10-05T02:17:38.952+0000] {processor.py:186} INFO - Started process (PID=387) to work on /home/airflow/.local/lib/python3.12/site-packages/airflow/example_dags/example_branch_python_dop_operator_3.py
[2024-10-05T02:17:38.953+0000] {processor.py:914} INFO - Processing file /home/airflow/.local/lib/python3.12/site-packages/airflow/example_dags/example_branch_python_dop_operator_3.py for tasks to queue
[2024-10-05T02:17:38.954+0000] {logging_mixin.py:190} INFO - [2024-10-05T02:17:38.954+0000] {dagbag.py:588} INFO - Filling up the DagBag from /home/airflow/.local/lib/python3.12/site-packages/airflow/example_dags/example_branch_python_dop_operator_3.py
[2024-10-05T02:17:38.960+0000] {processor.py:925} INFO - DAG(s) 'example_branch_dop_operator_v3' retrieved from /home/airflow/.local/lib/python3.12/site-packages/airflow/example_dags/example_branch_python_dop_operator_3.py
[2024-10-05T02:17:38.971+0000] {logging_mixin.py:190} INFO - [2024-10-05T02:17:38.971+0000] {dag.py:3239} INFO - Sync 1 DAGs
[2024-10-05T02:17:38.986+0000] {logging_mixin.py:190} INFO - [2024-10-05T02:17:38.986+0000] {dag.py:4180} INFO - Setting next_dagrun for example_branch_dop_operator_v3 to 2024-10-05 02:16:00+00:00, run_after=2024-10-05 02:17:00+00:00
[2024-10-05T02:17:38.995+0000] {processor.py:208} INFO - Processing /home/airflow/.local/lib/python3.12/site-packages/airflow/example_dags/example_branch_python_dop_operator_3.py took 0.047 seconds
[2024-10-05T02:18:07.337+0000] {processor.py:186} INFO - Started process (PID=449) to work on /home/airflow/.local/lib/python3.12/site-packages/airflow/example_dags/example_branch_python_dop_operator_3.py
[2024-10-05T02:18:07.338+0000] {processor.py:914} INFO - Processing file /home/airflow/.local/lib/python3.12/site-packages/airflow/example_dags/example_branch_python_dop_operator_3.py for tasks to queue
[2024-10-05T02:18:07.340+0000] {logging_mixin.py:190} INFO - [2024-10-05T02:18:07.339+0000] {dagbag.py:588} INFO - Filling up the DagBag from /home/airflow/.local/lib/python3.12/site-packages/airflow/example_dags/example_branch_python_dop_operator_3.py
[2024-10-05T02:18:07.345+0000] {processor.py:925} INFO - DAG(s) 'example_branch_dop_operator_v3' retrieved from /home/airflow/.local/lib/python3.12/site-packages/airflow/example_dags/example_branch_python_dop_operator_3.py
[2024-10-05T02:18:07.357+0000] {logging_mixin.py:190} INFO - [2024-10-05T02:18:07.356+0000] {dag.py:3239} INFO - Sync 1 DAGs
[2024-10-05T02:18:07.371+0000] {logging_mixin.py:190} INFO - [2024-10-05T02:18:07.371+0000] {dag.py:4180} INFO - Setting next_dagrun for example_branch_dop_operator_v3 to 2024-10-05 02:17:00+00:00, run_after=2024-10-05 02:18:00+00:00
[2024-10-05T02:18:07.381+0000] {processor.py:208} INFO - Processing /home/airflow/.local/lib/python3.12/site-packages/airflow/example_dags/example_branch_python_dop_operator_3.py took 0.047 seconds
[2024-10-05T02:18:37.617+0000] {processor.py:186} INFO - Started process (PID=511) to work on /home/airflow/.local/lib/python3.12/site-packages/airflow/example_dags/example_branch_python_dop_operator_3.py
[2024-10-05T02:18:37.617+0000] {processor.py:914} INFO - Processing file /home/airflow/.local/lib/python3.12/site-packages/airflow/example_dags/example_branch_python_dop_operator_3.py for tasks to queue
[2024-10-05T02:18:37.618+0000] {logging_mixin.py:190} INFO - [2024-10-05T02:18:37.618+0000] {dagbag.py:588} INFO - Filling up the DagBag from /home/airflow/.local/lib/python3.12/site-packages/airflow/example_dags/example_branch_python_dop_operator_3.py
[2024-10-05T02:18:37.625+0000] {processor.py:925} INFO - DAG(s) 'example_branch_dop_operator_v3' retrieved from /home/airflow/.local/lib/python3.12/site-packages/airflow/example_dags/example_branch_python_dop_operator_3.py
[2024-10-05T02:18:37.635+0000] {logging_mixin.py:190} INFO - [2024-10-05T02:18:37.635+0000] {dag.py:3239} INFO - Sync 1 DAGs
[2024-10-05T02:18:37.650+0000] {logging_mixin.py:190} INFO - [2024-10-05T02:18:37.649+0000] {dag.py:4180} INFO - Setting next_dagrun for example_branch_dop_operator_v3 to 2024-10-05 02:17:00+00:00, run_after=2024-10-05 02:18:00+00:00
[2024-10-05T02:18:37.659+0000] {processor.py:208} INFO - Processing /home/airflow/.local/lib/python3.12/site-packages/airflow/example_dags/example_branch_python_dop_operator_3.py took 0.046 seconds
[2024-10-05T02:45:05.399+0000] {processor.py:186} INFO - Started process (PID=64) to work on /home/airflow/.local/lib/python3.12/site-packages/airflow/example_dags/example_branch_python_dop_operator_3.py
[2024-10-05T02:45:05.400+0000] {processor.py:914} INFO - Processing file /home/airflow/.local/lib/python3.12/site-packages/airflow/example_dags/example_branch_python_dop_operator_3.py for tasks to queue
[2024-10-05T02:45:05.401+0000] {logging_mixin.py:190} INFO - [2024-10-05T02:45:05.401+0000] {dagbag.py:588} INFO - Filling up the DagBag from /home/airflow/.local/lib/python3.12/site-packages/airflow/example_dags/example_branch_python_dop_operator_3.py
[2024-10-05T02:45:05.407+0000] {processor.py:925} INFO - DAG(s) 'example_branch_dop_operator_v3' retrieved from /home/airflow/.local/lib/python3.12/site-packages/airflow/example_dags/example_branch_python_dop_operator_3.py
[2024-10-05T02:45:05.424+0000] {logging_mixin.py:190} INFO - [2024-10-05T02:45:05.423+0000] {dag.py:3239} INFO - Sync 1 DAGs
[2024-10-05T02:45:05.440+0000] {logging_mixin.py:190} INFO - [2024-10-05T02:45:05.439+0000] {dag.py:4180} INFO - Setting next_dagrun for example_branch_dop_operator_v3 to 2024-10-05 02:44:00+00:00, run_after=2024-10-05 02:45:00+00:00
[2024-10-05T02:45:05.451+0000] {processor.py:208} INFO - Processing /home/airflow/.local/lib/python3.12/site-packages/airflow/example_dags/example_branch_python_dop_operator_3.py took 0.055 seconds
[2024-10-05T02:45:35.856+0000] {processor.py:186} INFO - Started process (PID=132) to work on /home/airflow/.local/lib/python3.12/site-packages/airflow/example_dags/example_branch_python_dop_operator_3.py
[2024-10-05T02:45:35.857+0000] {processor.py:914} INFO - Processing file /home/airflow/.local/lib/python3.12/site-packages/airflow/example_dags/example_branch_python_dop_operator_3.py for tasks to queue
[2024-10-05T02:45:35.858+0000] {logging_mixin.py:190} INFO - [2024-10-05T02:45:35.858+0000] {dagbag.py:588} INFO - Filling up the DagBag from /home/airflow/.local/lib/python3.12/site-packages/airflow/example_dags/example_branch_python_dop_operator_3.py
[2024-10-05T02:45:35.863+0000] {processor.py:925} INFO - DAG(s) 'example_branch_dop_operator_v3' retrieved from /home/airflow/.local/lib/python3.12/site-packages/airflow/example_dags/example_branch_python_dop_operator_3.py
[2024-10-05T02:45:35.873+0000] {logging_mixin.py:190} INFO - [2024-10-05T02:45:35.873+0000] {dag.py:3239} INFO - Sync 1 DAGs
[2024-10-05T02:45:35.887+0000] {logging_mixin.py:190} INFO - [2024-10-05T02:45:35.887+0000] {dag.py:4180} INFO - Setting next_dagrun for example_branch_dop_operator_v3 to 2024-10-05 02:44:00+00:00, run_after=2024-10-05 02:45:00+00:00
[2024-10-05T02:45:35.896+0000] {processor.py:208} INFO - Processing /home/airflow/.local/lib/python3.12/site-packages/airflow/example_dags/example_branch_python_dop_operator_3.py took 0.043 seconds
[2024-10-05T02:46:06.858+0000] {processor.py:186} INFO - Started process (PID=195) to work on /home/airflow/.local/lib/python3.12/site-packages/airflow/example_dags/example_branch_python_dop_operator_3.py
[2024-10-05T02:46:06.858+0000] {processor.py:914} INFO - Processing file /home/airflow/.local/lib/python3.12/site-packages/airflow/example_dags/example_branch_python_dop_operator_3.py for tasks to queue
[2024-10-05T02:46:06.859+0000] {logging_mixin.py:190} INFO - [2024-10-05T02:46:06.859+0000] {dagbag.py:588} INFO - Filling up the DagBag from /home/airflow/.local/lib/python3.12/site-packages/airflow/example_dags/example_branch_python_dop_operator_3.py
[2024-10-05T02:46:06.865+0000] {processor.py:925} INFO - DAG(s) 'example_branch_dop_operator_v3' retrieved from /home/airflow/.local/lib/python3.12/site-packages/airflow/example_dags/example_branch_python_dop_operator_3.py
[2024-10-05T02:46:06.876+0000] {logging_mixin.py:190} INFO - [2024-10-05T02:46:06.876+0000] {dag.py:3239} INFO - Sync 1 DAGs
[2024-10-05T02:46:06.890+0000] {logging_mixin.py:190} INFO - [2024-10-05T02:46:06.890+0000] {dag.py:4180} INFO - Setting next_dagrun for example_branch_dop_operator_v3 to 2024-10-05 02:45:00+00:00, run_after=2024-10-05 02:46:00+00:00
[2024-10-05T02:46:06.900+0000] {processor.py:208} INFO - Processing /home/airflow/.local/lib/python3.12/site-packages/airflow/example_dags/example_branch_python_dop_operator_3.py took 0.045 seconds
[2024-10-05T02:46:37.049+0000] {processor.py:186} INFO - Started process (PID=257) to work on /home/airflow/.local/lib/python3.12/site-packages/airflow/example_dags/example_branch_python_dop_operator_3.py
[2024-10-05T02:46:37.050+0000] {processor.py:914} INFO - Processing file /home/airflow/.local/lib/python3.12/site-packages/airflow/example_dags/example_branch_python_dop_operator_3.py for tasks to queue
[2024-10-05T02:46:37.051+0000] {logging_mixin.py:190} INFO - [2024-10-05T02:46:37.051+0000] {dagbag.py:588} INFO - Filling up the DagBag from /home/airflow/.local/lib/python3.12/site-packages/airflow/example_dags/example_branch_python_dop_operator_3.py
[2024-10-05T02:46:37.058+0000] {processor.py:925} INFO - DAG(s) 'example_branch_dop_operator_v3' retrieved from /home/airflow/.local/lib/python3.12/site-packages/airflow/example_dags/example_branch_python_dop_operator_3.py
[2024-10-05T02:46:37.069+0000] {logging_mixin.py:190} INFO - [2024-10-05T02:46:37.069+0000] {dag.py:3239} INFO - Sync 1 DAGs
[2024-10-05T02:46:37.085+0000] {logging_mixin.py:190} INFO - [2024-10-05T02:46:37.085+0000] {dag.py:4180} INFO - Setting next_dagrun for example_branch_dop_operator_v3 to 2024-10-05 02:45:00+00:00, run_after=2024-10-05 02:46:00+00:00
[2024-10-05T02:46:37.096+0000] {processor.py:208} INFO - Processing /home/airflow/.local/lib/python3.12/site-packages/airflow/example_dags/example_branch_python_dop_operator_3.py took 0.050 seconds
[2024-10-05T02:47:07.126+0000] {processor.py:186} INFO - Started process (PID=318) to work on /home/airflow/.local/lib/python3.12/site-packages/airflow/example_dags/example_branch_python_dop_operator_3.py
[2024-10-05T02:47:07.127+0000] {processor.py:914} INFO - Processing file /home/airflow/.local/lib/python3.12/site-packages/airflow/example_dags/example_branch_python_dop_operator_3.py for tasks to queue
[2024-10-05T02:47:07.128+0000] {logging_mixin.py:190} INFO - [2024-10-05T02:47:07.128+0000] {dagbag.py:588} INFO - Filling up the DagBag from /home/airflow/.local/lib/python3.12/site-packages/airflow/example_dags/example_branch_python_dop_operator_3.py
[2024-10-05T02:47:07.134+0000] {processor.py:925} INFO - DAG(s) 'example_branch_dop_operator_v3' retrieved from /home/airflow/.local/lib/python3.12/site-packages/airflow/example_dags/example_branch_python_dop_operator_3.py
[2024-10-05T02:47:07.144+0000] {logging_mixin.py:190} INFO - [2024-10-05T02:47:07.144+0000] {dag.py:3239} INFO - Sync 1 DAGs
[2024-10-05T02:47:07.157+0000] {logging_mixin.py:190} INFO - [2024-10-05T02:47:07.157+0000] {dag.py:4180} INFO - Setting next_dagrun for example_branch_dop_operator_v3 to 2024-10-05 02:46:00+00:00, run_after=2024-10-05 02:47:00+00:00
[2024-10-05T02:47:07.167+0000] {processor.py:208} INFO - Processing /home/airflow/.local/lib/python3.12/site-packages/airflow/example_dags/example_branch_python_dop_operator_3.py took 0.044 seconds
[2024-10-05T02:47:37.766+0000] {processor.py:186} INFO - Started process (PID=381) to work on /home/airflow/.local/lib/python3.12/site-packages/airflow/example_dags/example_branch_python_dop_operator_3.py
[2024-10-05T02:47:37.767+0000] {processor.py:914} INFO - Processing file /home/airflow/.local/lib/python3.12/site-packages/airflow/example_dags/example_branch_python_dop_operator_3.py for tasks to queue
[2024-10-05T02:47:37.768+0000] {logging_mixin.py:190} INFO - [2024-10-05T02:47:37.768+0000] {dagbag.py:588} INFO - Filling up the DagBag from /home/airflow/.local/lib/python3.12/site-packages/airflow/example_dags/example_branch_python_dop_operator_3.py
[2024-10-05T02:47:37.774+0000] {processor.py:925} INFO - DAG(s) 'example_branch_dop_operator_v3' retrieved from /home/airflow/.local/lib/python3.12/site-packages/airflow/example_dags/example_branch_python_dop_operator_3.py
[2024-10-05T02:47:37.785+0000] {logging_mixin.py:190} INFO - [2024-10-05T02:47:37.784+0000] {dag.py:3239} INFO - Sync 1 DAGs
[2024-10-05T02:47:37.799+0000] {logging_mixin.py:190} INFO - [2024-10-05T02:47:37.799+0000] {dag.py:4180} INFO - Setting next_dagrun for example_branch_dop_operator_v3 to 2024-10-05 02:46:00+00:00, run_after=2024-10-05 02:47:00+00:00
[2024-10-05T02:47:37.809+0000] {processor.py:208} INFO - Processing /home/airflow/.local/lib/python3.12/site-packages/airflow/example_dags/example_branch_python_dop_operator_3.py took 0.047 seconds
[2024-10-05T02:48:08.177+0000] {processor.py:186} INFO - Started process (PID=443) to work on /home/airflow/.local/lib/python3.12/site-packages/airflow/example_dags/example_branch_python_dop_operator_3.py
[2024-10-05T02:48:08.178+0000] {processor.py:914} INFO - Processing file /home/airflow/.local/lib/python3.12/site-packages/airflow/example_dags/example_branch_python_dop_operator_3.py for tasks to queue
[2024-10-05T02:48:08.179+0000] {logging_mixin.py:190} INFO - [2024-10-05T02:48:08.179+0000] {dagbag.py:588} INFO - Filling up the DagBag from /home/airflow/.local/lib/python3.12/site-packages/airflow/example_dags/example_branch_python_dop_operator_3.py
[2024-10-05T02:48:08.185+0000] {processor.py:925} INFO - DAG(s) 'example_branch_dop_operator_v3' retrieved from /home/airflow/.local/lib/python3.12/site-packages/airflow/example_dags/example_branch_python_dop_operator_3.py
[2024-10-05T02:48:08.196+0000] {logging_mixin.py:190} INFO - [2024-10-05T02:48:08.196+0000] {dag.py:3239} INFO - Sync 1 DAGs
[2024-10-05T02:48:08.210+0000] {logging_mixin.py:190} INFO - [2024-10-05T02:48:08.210+0000] {dag.py:4180} INFO - Setting next_dagrun for example_branch_dop_operator_v3 to 2024-10-05 02:47:00+00:00, run_after=2024-10-05 02:48:00+00:00
[2024-10-05T02:48:08.221+0000] {processor.py:208} INFO - Processing /home/airflow/.local/lib/python3.12/site-packages/airflow/example_dags/example_branch_python_dop_operator_3.py took 0.047 seconds
[2024-10-05T02:48:38.244+0000] {processor.py:186} INFO - Started process (PID=504) to work on /home/airflow/.local/lib/python3.12/site-packages/airflow/example_dags/example_branch_python_dop_operator_3.py
[2024-10-05T02:48:38.245+0000] {processor.py:914} INFO - Processing file /home/airflow/.local/lib/python3.12/site-packages/airflow/example_dags/example_branch_python_dop_operator_3.py for tasks to queue
[2024-10-05T02:48:38.246+0000] {logging_mixin.py:190} INFO - [2024-10-05T02:48:38.246+0000] {dagbag.py:588} INFO - Filling up the DagBag from /home/airflow/.local/lib/python3.12/site-packages/airflow/example_dags/example_branch_python_dop_operator_3.py
[2024-10-05T02:48:38.252+0000] {processor.py:925} INFO - DAG(s) 'example_branch_dop_operator_v3' retrieved from /home/airflow/.local/lib/python3.12/site-packages/airflow/example_dags/example_branch_python_dop_operator_3.py
[2024-10-05T02:48:38.263+0000] {logging_mixin.py:190} INFO - [2024-10-05T02:48:38.263+0000] {dag.py:3239} INFO - Sync 1 DAGs
[2024-10-05T02:48:38.280+0000] {logging_mixin.py:190} INFO - [2024-10-05T02:48:38.279+0000] {dag.py:4180} INFO - Setting next_dagrun for example_branch_dop_operator_v3 to 2024-10-05 02:47:00+00:00, run_after=2024-10-05 02:48:00+00:00
[2024-10-05T02:48:38.290+0000] {processor.py:208} INFO - Processing /home/airflow/.local/lib/python3.12/site-packages/airflow/example_dags/example_branch_python_dop_operator_3.py took 0.050 seconds
[2024-10-05T02:49:08.353+0000] {processor.py:186} INFO - Started process (PID=566) to work on /home/airflow/.local/lib/python3.12/site-packages/airflow/example_dags/example_branch_python_dop_operator_3.py
[2024-10-05T02:49:08.353+0000] {processor.py:914} INFO - Processing file /home/airflow/.local/lib/python3.12/site-packages/airflow/example_dags/example_branch_python_dop_operator_3.py for tasks to queue
[2024-10-05T02:49:08.354+0000] {logging_mixin.py:190} INFO - [2024-10-05T02:49:08.354+0000] {dagbag.py:588} INFO - Filling up the DagBag from /home/airflow/.local/lib/python3.12/site-packages/airflow/example_dags/example_branch_python_dop_operator_3.py
[2024-10-05T02:49:08.360+0000] {processor.py:925} INFO - DAG(s) 'example_branch_dop_operator_v3' retrieved from /home/airflow/.local/lib/python3.12/site-packages/airflow/example_dags/example_branch_python_dop_operator_3.py
[2024-10-05T02:49:08.371+0000] {logging_mixin.py:190} INFO - [2024-10-05T02:49:08.371+0000] {dag.py:3239} INFO - Sync 1 DAGs
[2024-10-05T02:49:08.387+0000] {logging_mixin.py:190} INFO - [2024-10-05T02:49:08.387+0000] {dag.py:4180} INFO - Setting next_dagrun for example_branch_dop_operator_v3 to 2024-10-05 02:48:00+00:00, run_after=2024-10-05 02:49:00+00:00
[2024-10-05T02:49:08.400+0000] {processor.py:208} INFO - Processing /home/airflow/.local/lib/python3.12/site-packages/airflow/example_dags/example_branch_python_dop_operator_3.py took 0.051 seconds
[2024-10-05T02:49:38.792+0000] {processor.py:186} INFO - Started process (PID=634) to work on /home/airflow/.local/lib/python3.12/site-packages/airflow/example_dags/example_branch_python_dop_operator_3.py
[2024-10-05T02:49:38.793+0000] {processor.py:914} INFO - Processing file /home/airflow/.local/lib/python3.12/site-packages/airflow/example_dags/example_branch_python_dop_operator_3.py for tasks to queue
[2024-10-05T02:49:38.794+0000] {logging_mixin.py:190} INFO - [2024-10-05T02:49:38.794+0000] {dagbag.py:588} INFO - Filling up the DagBag from /home/airflow/.local/lib/python3.12/site-packages/airflow/example_dags/example_branch_python_dop_operator_3.py
[2024-10-05T02:49:38.800+0000] {processor.py:925} INFO - DAG(s) 'example_branch_dop_operator_v3' retrieved from /home/airflow/.local/lib/python3.12/site-packages/airflow/example_dags/example_branch_python_dop_operator_3.py
[2024-10-05T02:49:38.810+0000] {logging_mixin.py:190} INFO - [2024-10-05T02:49:38.809+0000] {dag.py:3239} INFO - Sync 1 DAGs
[2024-10-05T02:49:38.824+0000] {logging_mixin.py:190} INFO - [2024-10-05T02:49:38.823+0000] {dag.py:4180} INFO - Setting next_dagrun for example_branch_dop_operator_v3 to 2024-10-05 02:48:00+00:00, run_after=2024-10-05 02:49:00+00:00
[2024-10-05T02:49:38.834+0000] {processor.py:208} INFO - Processing /home/airflow/.local/lib/python3.12/site-packages/airflow/example_dags/example_branch_python_dop_operator_3.py took 0.045 seconds
[2024-10-05T02:50:09.326+0000] {processor.py:186} INFO - Started process (PID=711) to work on /home/airflow/.local/lib/python3.12/site-packages/airflow/example_dags/example_branch_python_dop_operator_3.py
[2024-10-05T02:50:09.327+0000] {processor.py:914} INFO - Processing file /home/airflow/.local/lib/python3.12/site-packages/airflow/example_dags/example_branch_python_dop_operator_3.py for tasks to queue
[2024-10-05T02:50:09.328+0000] {logging_mixin.py:190} INFO - [2024-10-05T02:50:09.328+0000] {dagbag.py:588} INFO - Filling up the DagBag from /home/airflow/.local/lib/python3.12/site-packages/airflow/example_dags/example_branch_python_dop_operator_3.py
[2024-10-05T02:50:09.333+0000] {processor.py:925} INFO - DAG(s) 'example_branch_dop_operator_v3' retrieved from /home/airflow/.local/lib/python3.12/site-packages/airflow/example_dags/example_branch_python_dop_operator_3.py
[2024-10-05T02:50:09.343+0000] {logging_mixin.py:190} INFO - [2024-10-05T02:50:09.343+0000] {dag.py:3239} INFO - Sync 1 DAGs
[2024-10-05T02:50:09.357+0000] {logging_mixin.py:190} INFO - [2024-10-05T02:50:09.357+0000] {dag.py:4180} INFO - Setting next_dagrun for example_branch_dop_operator_v3 to 2024-10-05 02:49:00+00:00, run_after=2024-10-05 02:50:00+00:00
[2024-10-05T02:50:09.367+0000] {processor.py:208} INFO - Processing /home/airflow/.local/lib/python3.12/site-packages/airflow/example_dags/example_branch_python_dop_operator_3.py took 0.044 seconds
[2024-10-05T02:50:39.860+0000] {processor.py:186} INFO - Started process (PID=779) to work on /home/airflow/.local/lib/python3.12/site-packages/airflow/example_dags/example_branch_python_dop_operator_3.py
[2024-10-05T02:50:39.860+0000] {processor.py:914} INFO - Processing file /home/airflow/.local/lib/python3.12/site-packages/airflow/example_dags/example_branch_python_dop_operator_3.py for tasks to queue
[2024-10-05T02:50:39.862+0000] {logging_mixin.py:190} INFO - [2024-10-05T02:50:39.862+0000] {dagbag.py:588} INFO - Filling up the DagBag from /home/airflow/.local/lib/python3.12/site-packages/airflow/example_dags/example_branch_python_dop_operator_3.py
[2024-10-05T02:50:39.867+0000] {processor.py:925} INFO - DAG(s) 'example_branch_dop_operator_v3' retrieved from /home/airflow/.local/lib/python3.12/site-packages/airflow/example_dags/example_branch_python_dop_operator_3.py
[2024-10-05T02:50:39.877+0000] {logging_mixin.py:190} INFO - [2024-10-05T02:50:39.877+0000] {dag.py:3239} INFO - Sync 1 DAGs
[2024-10-05T02:50:39.892+0000] {logging_mixin.py:190} INFO - [2024-10-05T02:50:39.892+0000] {dag.py:4180} INFO - Setting next_dagrun for example_branch_dop_operator_v3 to 2024-10-05 02:49:00+00:00, run_after=2024-10-05 02:50:00+00:00
[2024-10-05T02:50:39.902+0000] {processor.py:208} INFO - Processing /home/airflow/.local/lib/python3.12/site-packages/airflow/example_dags/example_branch_python_dop_operator_3.py took 0.045 seconds
[2024-10-05T02:51:10.352+0000] {processor.py:186} INFO - Started process (PID=841) to work on /home/airflow/.local/lib/python3.12/site-packages/airflow/example_dags/example_branch_python_dop_operator_3.py
[2024-10-05T02:51:10.353+0000] {processor.py:914} INFO - Processing file /home/airflow/.local/lib/python3.12/site-packages/airflow/example_dags/example_branch_python_dop_operator_3.py for tasks to queue
[2024-10-05T02:51:10.354+0000] {logging_mixin.py:190} INFO - [2024-10-05T02:51:10.354+0000] {dagbag.py:588} INFO - Filling up the DagBag from /home/airflow/.local/lib/python3.12/site-packages/airflow/example_dags/example_branch_python_dop_operator_3.py
[2024-10-05T02:51:10.359+0000] {processor.py:925} INFO - DAG(s) 'example_branch_dop_operator_v3' retrieved from /home/airflow/.local/lib/python3.12/site-packages/airflow/example_dags/example_branch_python_dop_operator_3.py
[2024-10-05T02:51:10.369+0000] {logging_mixin.py:190} INFO - [2024-10-05T02:51:10.369+0000] {dag.py:3239} INFO - Sync 1 DAGs
[2024-10-05T02:51:10.383+0000] {logging_mixin.py:190} INFO - [2024-10-05T02:51:10.383+0000] {dag.py:4180} INFO - Setting next_dagrun for example_branch_dop_operator_v3 to 2024-10-05 02:50:00+00:00, run_after=2024-10-05 02:51:00+00:00
[2024-10-05T02:51:10.392+0000] {processor.py:208} INFO - Processing /home/airflow/.local/lib/python3.12/site-packages/airflow/example_dags/example_branch_python_dop_operator_3.py took 0.043 seconds
[2024-10-05T02:51:40.826+0000] {processor.py:186} INFO - Started process (PID=903) to work on /home/airflow/.local/lib/python3.12/site-packages/airflow/example_dags/example_branch_python_dop_operator_3.py
[2024-10-05T02:51:40.826+0000] {processor.py:914} INFO - Processing file /home/airflow/.local/lib/python3.12/site-packages/airflow/example_dags/example_branch_python_dop_operator_3.py for tasks to queue
[2024-10-05T02:51:40.828+0000] {logging_mixin.py:190} INFO - [2024-10-05T02:51:40.827+0000] {dagbag.py:588} INFO - Filling up the DagBag from /home/airflow/.local/lib/python3.12/site-packages/airflow/example_dags/example_branch_python_dop_operator_3.py
[2024-10-05T02:51:40.833+0000] {processor.py:925} INFO - DAG(s) 'example_branch_dop_operator_v3' retrieved from /home/airflow/.local/lib/python3.12/site-packages/airflow/example_dags/example_branch_python_dop_operator_3.py
[2024-10-05T02:51:40.843+0000] {logging_mixin.py:190} INFO - [2024-10-05T02:51:40.843+0000] {dag.py:3239} INFO - Sync 1 DAGs
[2024-10-05T02:51:40.857+0000] {logging_mixin.py:190} INFO - [2024-10-05T02:51:40.857+0000] {dag.py:4180} INFO - Setting next_dagrun for example_branch_dop_operator_v3 to 2024-10-05 02:50:00+00:00, run_after=2024-10-05 02:51:00+00:00
[2024-10-05T02:51:40.866+0000] {processor.py:208} INFO - Processing /home/airflow/.local/lib/python3.12/site-packages/airflow/example_dags/example_branch_python_dop_operator_3.py took 0.044 seconds
[2024-10-05T02:52:11.404+0000] {processor.py:186} INFO - Started process (PID=965) to work on /home/airflow/.local/lib/python3.12/site-packages/airflow/example_dags/example_branch_python_dop_operator_3.py
[2024-10-05T02:52:11.404+0000] {processor.py:914} INFO - Processing file /home/airflow/.local/lib/python3.12/site-packages/airflow/example_dags/example_branch_python_dop_operator_3.py for tasks to queue
[2024-10-05T02:52:11.406+0000] {logging_mixin.py:190} INFO - [2024-10-05T02:52:11.405+0000] {dagbag.py:588} INFO - Filling up the DagBag from /home/airflow/.local/lib/python3.12/site-packages/airflow/example_dags/example_branch_python_dop_operator_3.py
[2024-10-05T02:52:11.411+0000] {processor.py:925} INFO - DAG(s) 'example_branch_dop_operator_v3' retrieved from /home/airflow/.local/lib/python3.12/site-packages/airflow/example_dags/example_branch_python_dop_operator_3.py
[2024-10-05T02:52:11.421+0000] {logging_mixin.py:190} INFO - [2024-10-05T02:52:11.421+0000] {dag.py:3239} INFO - Sync 1 DAGs
[2024-10-05T02:52:11.435+0000] {logging_mixin.py:190} INFO - [2024-10-05T02:52:11.435+0000] {dag.py:4180} INFO - Setting next_dagrun for example_branch_dop_operator_v3 to 2024-10-05 02:51:00+00:00, run_after=2024-10-05 02:52:00+00:00
[2024-10-05T02:52:11.445+0000] {processor.py:208} INFO - Processing /home/airflow/.local/lib/python3.12/site-packages/airflow/example_dags/example_branch_python_dop_operator_3.py took 0.044 seconds
[2024-10-05T02:52:42.350+0000] {processor.py:186} INFO - Started process (PID=1027) to work on /home/airflow/.local/lib/python3.12/site-packages/airflow/example_dags/example_branch_python_dop_operator_3.py
[2024-10-05T02:52:42.350+0000] {processor.py:914} INFO - Processing file /home/airflow/.local/lib/python3.12/site-packages/airflow/example_dags/example_branch_python_dop_operator_3.py for tasks to queue
[2024-10-05T02:52:42.352+0000] {logging_mixin.py:190} INFO - [2024-10-05T02:52:42.351+0000] {dagbag.py:588} INFO - Filling up the DagBag from /home/airflow/.local/lib/python3.12/site-packages/airflow/example_dags/example_branch_python_dop_operator_3.py
[2024-10-05T02:52:42.357+0000] {processor.py:925} INFO - DAG(s) 'example_branch_dop_operator_v3' retrieved from /home/airflow/.local/lib/python3.12/site-packages/airflow/example_dags/example_branch_python_dop_operator_3.py
[2024-10-05T02:52:42.367+0000] {logging_mixin.py:190} INFO - [2024-10-05T02:52:42.367+0000] {dag.py:3239} INFO - Sync 1 DAGs
[2024-10-05T02:52:42.381+0000] {logging_mixin.py:190} INFO - [2024-10-05T02:52:42.381+0000] {dag.py:4180} INFO - Setting next_dagrun for example_branch_dop_operator_v3 to 2024-10-05 02:51:00+00:00, run_after=2024-10-05 02:52:00+00:00
[2024-10-05T02:52:42.391+0000] {processor.py:208} INFO - Processing /home/airflow/.local/lib/python3.12/site-packages/airflow/example_dags/example_branch_python_dop_operator_3.py took 0.044 seconds
[2024-10-05T02:53:13.131+0000] {processor.py:186} INFO - Started process (PID=1089) to work on /home/airflow/.local/lib/python3.12/site-packages/airflow/example_dags/example_branch_python_dop_operator_3.py
[2024-10-05T02:53:13.131+0000] {processor.py:914} INFO - Processing file /home/airflow/.local/lib/python3.12/site-packages/airflow/example_dags/example_branch_python_dop_operator_3.py for tasks to queue
[2024-10-05T02:53:13.132+0000] {logging_mixin.py:190} INFO - [2024-10-05T02:53:13.132+0000] {dagbag.py:588} INFO - Filling up the DagBag from /home/airflow/.local/lib/python3.12/site-packages/airflow/example_dags/example_branch_python_dop_operator_3.py
[2024-10-05T02:53:13.138+0000] {processor.py:925} INFO - DAG(s) 'example_branch_dop_operator_v3' retrieved from /home/airflow/.local/lib/python3.12/site-packages/airflow/example_dags/example_branch_python_dop_operator_3.py
[2024-10-05T02:53:13.148+0000] {logging_mixin.py:190} INFO - [2024-10-05T02:53:13.148+0000] {dag.py:3239} INFO - Sync 1 DAGs
[2024-10-05T02:53:13.162+0000] {logging_mixin.py:190} INFO - [2024-10-05T02:53:13.161+0000] {dag.py:4180} INFO - Setting next_dagrun for example_branch_dop_operator_v3 to 2024-10-05 02:52:00+00:00, run_after=2024-10-05 02:53:00+00:00
[2024-10-05T02:53:13.172+0000] {processor.py:208} INFO - Processing /home/airflow/.local/lib/python3.12/site-packages/airflow/example_dags/example_branch_python_dop_operator_3.py took 0.045 seconds
[2024-10-05T02:53:44.133+0000] {processor.py:186} INFO - Started process (PID=1151) to work on /home/airflow/.local/lib/python3.12/site-packages/airflow/example_dags/example_branch_python_dop_operator_3.py
[2024-10-05T02:53:44.134+0000] {processor.py:914} INFO - Processing file /home/airflow/.local/lib/python3.12/site-packages/airflow/example_dags/example_branch_python_dop_operator_3.py for tasks to queue
[2024-10-05T02:53:44.135+0000] {logging_mixin.py:190} INFO - [2024-10-05T02:53:44.135+0000] {dagbag.py:588} INFO - Filling up the DagBag from /home/airflow/.local/lib/python3.12/site-packages/airflow/example_dags/example_branch_python_dop_operator_3.py
[2024-10-05T02:53:44.140+0000] {processor.py:925} INFO - DAG(s) 'example_branch_dop_operator_v3' retrieved from /home/airflow/.local/lib/python3.12/site-packages/airflow/example_dags/example_branch_python_dop_operator_3.py
[2024-10-05T02:53:44.150+0000] {logging_mixin.py:190} INFO - [2024-10-05T02:53:44.150+0000] {dag.py:3239} INFO - Sync 1 DAGs
[2024-10-05T02:53:44.164+0000] {logging_mixin.py:190} INFO - [2024-10-05T02:53:44.163+0000] {dag.py:4180} INFO - Setting next_dagrun for example_branch_dop_operator_v3 to 2024-10-05 02:52:00+00:00, run_after=2024-10-05 02:53:00+00:00
[2024-10-05T02:53:44.173+0000] {processor.py:208} INFO - Processing /home/airflow/.local/lib/python3.12/site-packages/airflow/example_dags/example_branch_python_dop_operator_3.py took 0.043 seconds
[2024-10-05T02:54:14.954+0000] {processor.py:186} INFO - Started process (PID=1214) to work on /home/airflow/.local/lib/python3.12/site-packages/airflow/example_dags/example_branch_python_dop_operator_3.py
[2024-10-05T02:54:14.955+0000] {processor.py:914} INFO - Processing file /home/airflow/.local/lib/python3.12/site-packages/airflow/example_dags/example_branch_python_dop_operator_3.py for tasks to queue
[2024-10-05T02:54:14.956+0000] {logging_mixin.py:190} INFO - [2024-10-05T02:54:14.956+0000] {dagbag.py:588} INFO - Filling up the DagBag from /home/airflow/.local/lib/python3.12/site-packages/airflow/example_dags/example_branch_python_dop_operator_3.py
[2024-10-05T02:54:14.961+0000] {processor.py:925} INFO - DAG(s) 'example_branch_dop_operator_v3' retrieved from /home/airflow/.local/lib/python3.12/site-packages/airflow/example_dags/example_branch_python_dop_operator_3.py
[2024-10-05T02:54:14.971+0000] {logging_mixin.py:190} INFO - [2024-10-05T02:54:14.971+0000] {dag.py:3239} INFO - Sync 1 DAGs
[2024-10-05T02:54:14.985+0000] {logging_mixin.py:190} INFO - [2024-10-05T02:54:14.985+0000] {dag.py:4180} INFO - Setting next_dagrun for example_branch_dop_operator_v3 to 2024-10-05 02:53:00+00:00, run_after=2024-10-05 02:54:00+00:00
[2024-10-05T02:54:14.994+0000] {processor.py:208} INFO - Processing /home/airflow/.local/lib/python3.12/site-packages/airflow/example_dags/example_branch_python_dop_operator_3.py took 0.043 seconds
[2024-10-05T02:54:45.232+0000] {processor.py:186} INFO - Started process (PID=1276) to work on /home/airflow/.local/lib/python3.12/site-packages/airflow/example_dags/example_branch_python_dop_operator_3.py
[2024-10-05T02:54:45.233+0000] {processor.py:914} INFO - Processing file /home/airflow/.local/lib/python3.12/site-packages/airflow/example_dags/example_branch_python_dop_operator_3.py for tasks to queue
[2024-10-05T02:54:45.234+0000] {logging_mixin.py:190} INFO - [2024-10-05T02:54:45.234+0000] {dagbag.py:588} INFO - Filling up the DagBag from /home/airflow/.local/lib/python3.12/site-packages/airflow/example_dags/example_branch_python_dop_operator_3.py
[2024-10-05T02:54:45.241+0000] {processor.py:925} INFO - DAG(s) 'example_branch_dop_operator_v3' retrieved from /home/airflow/.local/lib/python3.12/site-packages/airflow/example_dags/example_branch_python_dop_operator_3.py
[2024-10-05T02:54:45.252+0000] {logging_mixin.py:190} INFO - [2024-10-05T02:54:45.251+0000] {dag.py:3239} INFO - Sync 1 DAGs
[2024-10-05T02:54:45.266+0000] {logging_mixin.py:190} INFO - [2024-10-05T02:54:45.266+0000] {dag.py:4180} INFO - Setting next_dagrun for example_branch_dop_operator_v3 to 2024-10-05 02:53:00+00:00, run_after=2024-10-05 02:54:00+00:00
[2024-10-05T02:54:45.275+0000] {processor.py:208} INFO - Processing /home/airflow/.local/lib/python3.12/site-packages/airflow/example_dags/example_branch_python_dop_operator_3.py took 0.047 seconds
[2024-10-05T02:55:15.789+0000] {processor.py:186} INFO - Started process (PID=1338) to work on /home/airflow/.local/lib/python3.12/site-packages/airflow/example_dags/example_branch_python_dop_operator_3.py
[2024-10-05T02:55:15.790+0000] {processor.py:914} INFO - Processing file /home/airflow/.local/lib/python3.12/site-packages/airflow/example_dags/example_branch_python_dop_operator_3.py for tasks to queue
[2024-10-05T02:55:15.791+0000] {logging_mixin.py:190} INFO - [2024-10-05T02:55:15.791+0000] {dagbag.py:588} INFO - Filling up the DagBag from /home/airflow/.local/lib/python3.12/site-packages/airflow/example_dags/example_branch_python_dop_operator_3.py
[2024-10-05T02:55:15.796+0000] {processor.py:925} INFO - DAG(s) 'example_branch_dop_operator_v3' retrieved from /home/airflow/.local/lib/python3.12/site-packages/airflow/example_dags/example_branch_python_dop_operator_3.py
[2024-10-05T02:55:15.807+0000] {logging_mixin.py:190} INFO - [2024-10-05T02:55:15.806+0000] {dag.py:3239} INFO - Sync 1 DAGs
[2024-10-05T02:55:15.820+0000] {logging_mixin.py:190} INFO - [2024-10-05T02:55:15.820+0000] {dag.py:4180} INFO - Setting next_dagrun for example_branch_dop_operator_v3 to 2024-10-05 02:54:00+00:00, run_after=2024-10-05 02:55:00+00:00
[2024-10-05T02:55:15.830+0000] {processor.py:208} INFO - Processing /home/airflow/.local/lib/python3.12/site-packages/airflow/example_dags/example_branch_python_dop_operator_3.py took 0.044 seconds
[2024-10-05T02:55:46.772+0000] {processor.py:186} INFO - Started process (PID=1406) to work on /home/airflow/.local/lib/python3.12/site-packages/airflow/example_dags/example_branch_python_dop_operator_3.py
[2024-10-05T02:55:46.773+0000] {processor.py:914} INFO - Processing file /home/airflow/.local/lib/python3.12/site-packages/airflow/example_dags/example_branch_python_dop_operator_3.py for tasks to queue
[2024-10-05T02:55:46.774+0000] {logging_mixin.py:190} INFO - [2024-10-05T02:55:46.774+0000] {dagbag.py:588} INFO - Filling up the DagBag from /home/airflow/.local/lib/python3.12/site-packages/airflow/example_dags/example_branch_python_dop_operator_3.py
[2024-10-05T02:55:46.780+0000] {processor.py:925} INFO - DAG(s) 'example_branch_dop_operator_v3' retrieved from /home/airflow/.local/lib/python3.12/site-packages/airflow/example_dags/example_branch_python_dop_operator_3.py
[2024-10-05T02:55:46.789+0000] {logging_mixin.py:190} INFO - [2024-10-05T02:55:46.789+0000] {dag.py:3239} INFO - Sync 1 DAGs
[2024-10-05T02:55:46.803+0000] {logging_mixin.py:190} INFO - [2024-10-05T02:55:46.803+0000] {dag.py:4180} INFO - Setting next_dagrun for example_branch_dop_operator_v3 to 2024-10-05 02:54:00+00:00, run_after=2024-10-05 02:55:00+00:00
[2024-10-05T02:55:46.812+0000] {processor.py:208} INFO - Processing /home/airflow/.local/lib/python3.12/site-packages/airflow/example_dags/example_branch_python_dop_operator_3.py took 0.043 seconds
[2024-10-05T02:56:17.053+0000] {processor.py:186} INFO - Started process (PID=1468) to work on /home/airflow/.local/lib/python3.12/site-packages/airflow/example_dags/example_branch_python_dop_operator_3.py
[2024-10-05T02:56:17.054+0000] {processor.py:914} INFO - Processing file /home/airflow/.local/lib/python3.12/site-packages/airflow/example_dags/example_branch_python_dop_operator_3.py for tasks to queue
[2024-10-05T02:56:17.055+0000] {logging_mixin.py:190} INFO - [2024-10-05T02:56:17.055+0000] {dagbag.py:588} INFO - Filling up the DagBag from /home/airflow/.local/lib/python3.12/site-packages/airflow/example_dags/example_branch_python_dop_operator_3.py
[2024-10-05T02:56:17.061+0000] {processor.py:925} INFO - DAG(s) 'example_branch_dop_operator_v3' retrieved from /home/airflow/.local/lib/python3.12/site-packages/airflow/example_dags/example_branch_python_dop_operator_3.py
[2024-10-05T02:56:17.072+0000] {logging_mixin.py:190} INFO - [2024-10-05T02:56:17.072+0000] {dag.py:3239} INFO - Sync 1 DAGs
[2024-10-05T02:56:17.087+0000] {logging_mixin.py:190} INFO - [2024-10-05T02:56:17.087+0000] {dag.py:4180} INFO - Setting next_dagrun for example_branch_dop_operator_v3 to 2024-10-05 02:55:00+00:00, run_after=2024-10-05 02:56:00+00:00
[2024-10-05T02:56:17.098+0000] {processor.py:208} INFO - Processing /home/airflow/.local/lib/python3.12/site-packages/airflow/example_dags/example_branch_python_dop_operator_3.py took 0.048 seconds
[2024-10-05T02:56:47.334+0000] {processor.py:186} INFO - Started process (PID=1530) to work on /home/airflow/.local/lib/python3.12/site-packages/airflow/example_dags/example_branch_python_dop_operator_3.py
[2024-10-05T02:56:47.335+0000] {processor.py:914} INFO - Processing file /home/airflow/.local/lib/python3.12/site-packages/airflow/example_dags/example_branch_python_dop_operator_3.py for tasks to queue
[2024-10-05T02:56:47.336+0000] {logging_mixin.py:190} INFO - [2024-10-05T02:56:47.336+0000] {dagbag.py:588} INFO - Filling up the DagBag from /home/airflow/.local/lib/python3.12/site-packages/airflow/example_dags/example_branch_python_dop_operator_3.py
[2024-10-05T02:56:47.342+0000] {processor.py:925} INFO - DAG(s) 'example_branch_dop_operator_v3' retrieved from /home/airflow/.local/lib/python3.12/site-packages/airflow/example_dags/example_branch_python_dop_operator_3.py
[2024-10-05T02:56:47.353+0000] {logging_mixin.py:190} INFO - [2024-10-05T02:56:47.352+0000] {dag.py:3239} INFO - Sync 1 DAGs
[2024-10-05T02:56:47.366+0000] {logging_mixin.py:190} INFO - [2024-10-05T02:56:47.366+0000] {dag.py:4180} INFO - Setting next_dagrun for example_branch_dop_operator_v3 to 2024-10-05 02:55:00+00:00, run_after=2024-10-05 02:56:00+00:00
[2024-10-05T02:56:47.375+0000] {processor.py:208} INFO - Processing /home/airflow/.local/lib/python3.12/site-packages/airflow/example_dags/example_branch_python_dop_operator_3.py took 0.044 seconds
[2024-10-05T02:57:17.770+0000] {processor.py:186} INFO - Started process (PID=1592) to work on /home/airflow/.local/lib/python3.12/site-packages/airflow/example_dags/example_branch_python_dop_operator_3.py
[2024-10-05T02:57:17.770+0000] {processor.py:914} INFO - Processing file /home/airflow/.local/lib/python3.12/site-packages/airflow/example_dags/example_branch_python_dop_operator_3.py for tasks to queue
[2024-10-05T02:57:17.771+0000] {logging_mixin.py:190} INFO - [2024-10-05T02:57:17.771+0000] {dagbag.py:588} INFO - Filling up the DagBag from /home/airflow/.local/lib/python3.12/site-packages/airflow/example_dags/example_branch_python_dop_operator_3.py
[2024-10-05T02:57:17.777+0000] {processor.py:925} INFO - DAG(s) 'example_branch_dop_operator_v3' retrieved from /home/airflow/.local/lib/python3.12/site-packages/airflow/example_dags/example_branch_python_dop_operator_3.py
[2024-10-05T02:57:17.787+0000] {logging_mixin.py:190} INFO - [2024-10-05T02:57:17.787+0000] {dag.py:3239} INFO - Sync 1 DAGs
[2024-10-05T02:57:17.800+0000] {logging_mixin.py:190} INFO - [2024-10-05T02:57:17.800+0000] {dag.py:4180} INFO - Setting next_dagrun for example_branch_dop_operator_v3 to 2024-10-05 02:56:00+00:00, run_after=2024-10-05 02:57:00+00:00
[2024-10-05T02:57:17.810+0000] {processor.py:208} INFO - Processing /home/airflow/.local/lib/python3.12/site-packages/airflow/example_dags/example_branch_python_dop_operator_3.py took 0.043 seconds
