[2024-10-05T02:15:06.173+0000] {processor.py:186} INFO - Started process (PID=94) to work on /home/airflow/.local/lib/python3.12/site-packages/airflow/example_dags/example_sensors.py
[2024-10-05T02:15:06.173+0000] {processor.py:914} INFO - Processing file /home/airflow/.local/lib/python3.12/site-packages/airflow/example_dags/example_sensors.py for tasks to queue
[2024-10-05T02:15:06.174+0000] {logging_mixin.py:190} INFO - [2024-10-05T02:15:06.174+0000] {dagbag.py:588} INFO - Filling up the DagBag from /home/airflow/.local/lib/python3.12/site-packages/airflow/example_dags/example_sensors.py
[2024-10-05T02:15:06.181+0000] {processor.py:925} INFO - DAG(s) 'example_sensors' retrieved from /home/airflow/.local/lib/python3.12/site-packages/airflow/example_dags/example_sensors.py
[2024-10-05T02:15:06.195+0000] {logging_mixin.py:190} INFO - [2024-10-05T02:15:06.195+0000] {dag.py:3239} INFO - Sync 1 DAGs
[2024-10-05T02:15:06.204+0000] {logging_mixin.py:190} INFO - [2024-10-05T02:15:06.204+0000] {dag.py:4180} INFO - Setting next_dagrun for example_sensors to None, run_after=None
[2024-10-05T02:15:06.213+0000] {processor.py:208} INFO - Processing /home/airflow/.local/lib/python3.12/site-packages/airflow/example_dags/example_sensors.py took 0.044 seconds
[2024-10-05T02:15:36.623+0000] {processor.py:186} INFO - Started process (PID=162) to work on /home/airflow/.local/lib/python3.12/site-packages/airflow/example_dags/example_sensors.py
[2024-10-05T02:15:36.624+0000] {processor.py:914} INFO - Processing file /home/airflow/.local/lib/python3.12/site-packages/airflow/example_dags/example_sensors.py for tasks to queue
[2024-10-05T02:15:36.625+0000] {logging_mixin.py:190} INFO - [2024-10-05T02:15:36.625+0000] {dagbag.py:588} INFO - Filling up the DagBag from /home/airflow/.local/lib/python3.12/site-packages/airflow/example_dags/example_sensors.py
[2024-10-05T02:15:36.632+0000] {processor.py:925} INFO - DAG(s) 'example_sensors' retrieved from /home/airflow/.local/lib/python3.12/site-packages/airflow/example_dags/example_sensors.py
[2024-10-05T02:15:36.647+0000] {logging_mixin.py:190} INFO - [2024-10-05T02:15:36.646+0000] {dag.py:3239} INFO - Sync 1 DAGs
[2024-10-05T02:15:36.655+0000] {logging_mixin.py:190} INFO - [2024-10-05T02:15:36.655+0000] {dag.py:4180} INFO - Setting next_dagrun for example_sensors to None, run_after=None
[2024-10-05T02:15:36.666+0000] {processor.py:208} INFO - Processing /home/airflow/.local/lib/python3.12/site-packages/airflow/example_dags/example_sensors.py took 0.046 seconds
[2024-10-05T02:16:07.484+0000] {processor.py:186} INFO - Started process (PID=224) to work on /home/airflow/.local/lib/python3.12/site-packages/airflow/example_dags/example_sensors.py
[2024-10-05T02:16:07.485+0000] {processor.py:914} INFO - Processing file /home/airflow/.local/lib/python3.12/site-packages/airflow/example_dags/example_sensors.py for tasks to queue
[2024-10-05T02:16:07.486+0000] {logging_mixin.py:190} INFO - [2024-10-05T02:16:07.486+0000] {dagbag.py:588} INFO - Filling up the DagBag from /home/airflow/.local/lib/python3.12/site-packages/airflow/example_dags/example_sensors.py
[2024-10-05T02:16:07.493+0000] {processor.py:925} INFO - DAG(s) 'example_sensors' retrieved from /home/airflow/.local/lib/python3.12/site-packages/airflow/example_dags/example_sensors.py
[2024-10-05T02:16:07.507+0000] {logging_mixin.py:190} INFO - [2024-10-05T02:16:07.507+0000] {dag.py:3239} INFO - Sync 1 DAGs
[2024-10-05T02:16:07.515+0000] {logging_mixin.py:190} INFO - [2024-10-05T02:16:07.515+0000] {dag.py:4180} INFO - Setting next_dagrun for example_sensors to None, run_after=None
[2024-10-05T02:16:07.526+0000] {processor.py:208} INFO - Processing /home/airflow/.local/lib/python3.12/site-packages/airflow/example_dags/example_sensors.py took 0.045 seconds
[2024-10-05T02:16:37.847+0000] {processor.py:186} INFO - Started process (PID=286) to work on /home/airflow/.local/lib/python3.12/site-packages/airflow/example_dags/example_sensors.py
[2024-10-05T02:16:37.848+0000] {processor.py:914} INFO - Processing file /home/airflow/.local/lib/python3.12/site-packages/airflow/example_dags/example_sensors.py for tasks to queue
[2024-10-05T02:16:37.849+0000] {logging_mixin.py:190} INFO - [2024-10-05T02:16:37.849+0000] {dagbag.py:588} INFO - Filling up the DagBag from /home/airflow/.local/lib/python3.12/site-packages/airflow/example_dags/example_sensors.py
[2024-10-05T02:16:37.855+0000] {processor.py:925} INFO - DAG(s) 'example_sensors' retrieved from /home/airflow/.local/lib/python3.12/site-packages/airflow/example_dags/example_sensors.py
[2024-10-05T02:16:37.869+0000] {logging_mixin.py:190} INFO - [2024-10-05T02:16:37.869+0000] {dag.py:3239} INFO - Sync 1 DAGs
[2024-10-05T02:16:37.877+0000] {logging_mixin.py:190} INFO - [2024-10-05T02:16:37.877+0000] {dag.py:4180} INFO - Setting next_dagrun for example_sensors to None, run_after=None
[2024-10-05T02:16:37.887+0000] {processor.py:208} INFO - Processing /home/airflow/.local/lib/python3.12/site-packages/airflow/example_dags/example_sensors.py took 0.044 seconds
[2024-10-05T02:17:08.914+0000] {processor.py:186} INFO - Started process (PID=348) to work on /home/airflow/.local/lib/python3.12/site-packages/airflow/example_dags/example_sensors.py
[2024-10-05T02:17:08.914+0000] {processor.py:914} INFO - Processing file /home/airflow/.local/lib/python3.12/site-packages/airflow/example_dags/example_sensors.py for tasks to queue
[2024-10-05T02:17:08.915+0000] {logging_mixin.py:190} INFO - [2024-10-05T02:17:08.915+0000] {dagbag.py:588} INFO - Filling up the DagBag from /home/airflow/.local/lib/python3.12/site-packages/airflow/example_dags/example_sensors.py
[2024-10-05T02:17:08.921+0000] {processor.py:925} INFO - DAG(s) 'example_sensors' retrieved from /home/airflow/.local/lib/python3.12/site-packages/airflow/example_dags/example_sensors.py
[2024-10-05T02:17:08.936+0000] {logging_mixin.py:190} INFO - [2024-10-05T02:17:08.935+0000] {dag.py:3239} INFO - Sync 1 DAGs
[2024-10-05T02:17:08.943+0000] {logging_mixin.py:190} INFO - [2024-10-05T02:17:08.943+0000] {dag.py:4180} INFO - Setting next_dagrun for example_sensors to None, run_after=None
[2024-10-05T02:17:08.953+0000] {processor.py:208} INFO - Processing /home/airflow/.local/lib/python3.12/site-packages/airflow/example_dags/example_sensors.py took 0.043 seconds
[2024-10-05T02:17:39.800+0000] {processor.py:186} INFO - Started process (PID=410) to work on /home/airflow/.local/lib/python3.12/site-packages/airflow/example_dags/example_sensors.py
[2024-10-05T02:17:39.801+0000] {processor.py:914} INFO - Processing file /home/airflow/.local/lib/python3.12/site-packages/airflow/example_dags/example_sensors.py for tasks to queue
[2024-10-05T02:17:39.802+0000] {logging_mixin.py:190} INFO - [2024-10-05T02:17:39.802+0000] {dagbag.py:588} INFO - Filling up the DagBag from /home/airflow/.local/lib/python3.12/site-packages/airflow/example_dags/example_sensors.py
[2024-10-05T02:17:39.808+0000] {processor.py:925} INFO - DAG(s) 'example_sensors' retrieved from /home/airflow/.local/lib/python3.12/site-packages/airflow/example_dags/example_sensors.py
[2024-10-05T02:17:39.822+0000] {logging_mixin.py:190} INFO - [2024-10-05T02:17:39.822+0000] {dag.py:3239} INFO - Sync 1 DAGs
[2024-10-05T02:17:39.830+0000] {logging_mixin.py:190} INFO - [2024-10-05T02:17:39.830+0000] {dag.py:4180} INFO - Setting next_dagrun for example_sensors to None, run_after=None
[2024-10-05T02:17:39.840+0000] {processor.py:208} INFO - Processing /home/airflow/.local/lib/python3.12/site-packages/airflow/example_dags/example_sensors.py took 0.043 seconds
[2024-10-05T02:18:10.229+0000] {processor.py:186} INFO - Started process (PID=472) to work on /home/airflow/.local/lib/python3.12/site-packages/airflow/example_dags/example_sensors.py
[2024-10-05T02:18:10.229+0000] {processor.py:914} INFO - Processing file /home/airflow/.local/lib/python3.12/site-packages/airflow/example_dags/example_sensors.py for tasks to queue
[2024-10-05T02:18:10.231+0000] {logging_mixin.py:190} INFO - [2024-10-05T02:18:10.231+0000] {dagbag.py:588} INFO - Filling up the DagBag from /home/airflow/.local/lib/python3.12/site-packages/airflow/example_dags/example_sensors.py
[2024-10-05T02:18:10.237+0000] {processor.py:925} INFO - DAG(s) 'example_sensors' retrieved from /home/airflow/.local/lib/python3.12/site-packages/airflow/example_dags/example_sensors.py
[2024-10-05T02:18:10.250+0000] {logging_mixin.py:190} INFO - [2024-10-05T02:18:10.250+0000] {dag.py:3239} INFO - Sync 1 DAGs
[2024-10-05T02:18:10.258+0000] {logging_mixin.py:190} INFO - [2024-10-05T02:18:10.258+0000] {dag.py:4180} INFO - Setting next_dagrun for example_sensors to None, run_after=None
[2024-10-05T02:18:10.267+0000] {processor.py:208} INFO - Processing /home/airflow/.local/lib/python3.12/site-packages/airflow/example_dags/example_sensors.py took 0.042 seconds
[2024-10-05T02:18:40.562+0000] {processor.py:186} INFO - Started process (PID=534) to work on /home/airflow/.local/lib/python3.12/site-packages/airflow/example_dags/example_sensors.py
[2024-10-05T02:18:40.563+0000] {processor.py:914} INFO - Processing file /home/airflow/.local/lib/python3.12/site-packages/airflow/example_dags/example_sensors.py for tasks to queue
[2024-10-05T02:18:40.564+0000] {logging_mixin.py:190} INFO - [2024-10-05T02:18:40.564+0000] {dagbag.py:588} INFO - Filling up the DagBag from /home/airflow/.local/lib/python3.12/site-packages/airflow/example_dags/example_sensors.py
[2024-10-05T02:18:40.570+0000] {processor.py:925} INFO - DAG(s) 'example_sensors' retrieved from /home/airflow/.local/lib/python3.12/site-packages/airflow/example_dags/example_sensors.py
[2024-10-05T02:18:40.583+0000] {logging_mixin.py:190} INFO - [2024-10-05T02:18:40.583+0000] {dag.py:3239} INFO - Sync 1 DAGs
[2024-10-05T02:18:40.591+0000] {logging_mixin.py:190} INFO - [2024-10-05T02:18:40.591+0000] {dag.py:4180} INFO - Setting next_dagrun for example_sensors to None, run_after=None
[2024-10-05T02:18:40.601+0000] {processor.py:208} INFO - Processing /home/airflow/.local/lib/python3.12/site-packages/airflow/example_dags/example_sensors.py took 0.042 seconds
[2024-10-05T02:45:06.473+0000] {processor.py:186} INFO - Started process (PID=93) to work on /home/airflow/.local/lib/python3.12/site-packages/airflow/example_dags/example_sensors.py
[2024-10-05T02:45:06.474+0000] {processor.py:914} INFO - Processing file /home/airflow/.local/lib/python3.12/site-packages/airflow/example_dags/example_sensors.py for tasks to queue
[2024-10-05T02:45:06.475+0000] {logging_mixin.py:190} INFO - [2024-10-05T02:45:06.475+0000] {dagbag.py:588} INFO - Filling up the DagBag from /home/airflow/.local/lib/python3.12/site-packages/airflow/example_dags/example_sensors.py
[2024-10-05T02:45:06.482+0000] {processor.py:925} INFO - DAG(s) 'example_sensors' retrieved from /home/airflow/.local/lib/python3.12/site-packages/airflow/example_dags/example_sensors.py
[2024-10-05T02:45:06.498+0000] {logging_mixin.py:190} INFO - [2024-10-05T02:45:06.497+0000] {dag.py:3239} INFO - Sync 1 DAGs
[2024-10-05T02:45:06.506+0000] {logging_mixin.py:190} INFO - [2024-10-05T02:45:06.506+0000] {dag.py:4180} INFO - Setting next_dagrun for example_sensors to None, run_after=None
[2024-10-05T02:45:06.517+0000] {processor.py:208} INFO - Processing /home/airflow/.local/lib/python3.12/site-packages/airflow/example_dags/example_sensors.py took 0.047 seconds
[2024-10-05T02:45:36.723+0000] {processor.py:186} INFO - Started process (PID=156) to work on /home/airflow/.local/lib/python3.12/site-packages/airflow/example_dags/example_sensors.py
[2024-10-05T02:45:36.724+0000] {processor.py:914} INFO - Processing file /home/airflow/.local/lib/python3.12/site-packages/airflow/example_dags/example_sensors.py for tasks to queue
[2024-10-05T02:45:36.725+0000] {logging_mixin.py:190} INFO - [2024-10-05T02:45:36.725+0000] {dagbag.py:588} INFO - Filling up the DagBag from /home/airflow/.local/lib/python3.12/site-packages/airflow/example_dags/example_sensors.py
[2024-10-05T02:45:36.731+0000] {processor.py:925} INFO - DAG(s) 'example_sensors' retrieved from /home/airflow/.local/lib/python3.12/site-packages/airflow/example_dags/example_sensors.py
[2024-10-05T02:45:36.745+0000] {logging_mixin.py:190} INFO - [2024-10-05T02:45:36.745+0000] {dag.py:3239} INFO - Sync 1 DAGs
[2024-10-05T02:45:36.753+0000] {logging_mixin.py:190} INFO - [2024-10-05T02:45:36.753+0000] {dag.py:4180} INFO - Setting next_dagrun for example_sensors to None, run_after=None
[2024-10-05T02:45:36.763+0000] {processor.py:208} INFO - Processing /home/airflow/.local/lib/python3.12/site-packages/airflow/example_dags/example_sensors.py took 0.043 seconds
[2024-10-05T02:46:07.680+0000] {processor.py:186} INFO - Started process (PID=218) to work on /home/airflow/.local/lib/python3.12/site-packages/airflow/example_dags/example_sensors.py
[2024-10-05T02:46:07.681+0000] {processor.py:914} INFO - Processing file /home/airflow/.local/lib/python3.12/site-packages/airflow/example_dags/example_sensors.py for tasks to queue
[2024-10-05T02:46:07.682+0000] {logging_mixin.py:190} INFO - [2024-10-05T02:46:07.681+0000] {dagbag.py:588} INFO - Filling up the DagBag from /home/airflow/.local/lib/python3.12/site-packages/airflow/example_dags/example_sensors.py
[2024-10-05T02:46:07.687+0000] {processor.py:925} INFO - DAG(s) 'example_sensors' retrieved from /home/airflow/.local/lib/python3.12/site-packages/airflow/example_dags/example_sensors.py
[2024-10-05T02:46:07.701+0000] {logging_mixin.py:190} INFO - [2024-10-05T02:46:07.701+0000] {dag.py:3239} INFO - Sync 1 DAGs
[2024-10-05T02:46:07.708+0000] {logging_mixin.py:190} INFO - [2024-10-05T02:46:07.708+0000] {dag.py:4180} INFO - Setting next_dagrun for example_sensors to None, run_after=None
[2024-10-05T02:46:07.719+0000] {processor.py:208} INFO - Processing /home/airflow/.local/lib/python3.12/site-packages/airflow/example_dags/example_sensors.py took 0.042 seconds
[2024-10-05T02:46:37.987+0000] {processor.py:186} INFO - Started process (PID=280) to work on /home/airflow/.local/lib/python3.12/site-packages/airflow/example_dags/example_sensors.py
[2024-10-05T02:46:37.988+0000] {processor.py:914} INFO - Processing file /home/airflow/.local/lib/python3.12/site-packages/airflow/example_dags/example_sensors.py for tasks to queue
[2024-10-05T02:46:37.990+0000] {logging_mixin.py:190} INFO - [2024-10-05T02:46:37.989+0000] {dagbag.py:588} INFO - Filling up the DagBag from /home/airflow/.local/lib/python3.12/site-packages/airflow/example_dags/example_sensors.py
[2024-10-05T02:46:37.999+0000] {processor.py:925} INFO - DAG(s) 'example_sensors' retrieved from /home/airflow/.local/lib/python3.12/site-packages/airflow/example_dags/example_sensors.py
[2024-10-05T02:46:38.016+0000] {logging_mixin.py:190} INFO - [2024-10-05T02:46:38.016+0000] {dag.py:3239} INFO - Sync 1 DAGs
[2024-10-05T02:46:38.025+0000] {logging_mixin.py:190} INFO - [2024-10-05T02:46:38.025+0000] {dag.py:4180} INFO - Setting next_dagrun for example_sensors to None, run_after=None
[2024-10-05T02:46:38.037+0000] {processor.py:208} INFO - Processing /home/airflow/.local/lib/python3.12/site-packages/airflow/example_dags/example_sensors.py took 0.054 seconds
[2024-10-05T02:47:08.066+0000] {processor.py:186} INFO - Started process (PID=342) to work on /home/airflow/.local/lib/python3.12/site-packages/airflow/example_dags/example_sensors.py
[2024-10-05T02:47:08.066+0000] {processor.py:914} INFO - Processing file /home/airflow/.local/lib/python3.12/site-packages/airflow/example_dags/example_sensors.py for tasks to queue
[2024-10-05T02:47:08.068+0000] {logging_mixin.py:190} INFO - [2024-10-05T02:47:08.067+0000] {dagbag.py:588} INFO - Filling up the DagBag from /home/airflow/.local/lib/python3.12/site-packages/airflow/example_dags/example_sensors.py
[2024-10-05T02:47:08.073+0000] {processor.py:925} INFO - DAG(s) 'example_sensors' retrieved from /home/airflow/.local/lib/python3.12/site-packages/airflow/example_dags/example_sensors.py
[2024-10-05T02:47:08.087+0000] {logging_mixin.py:190} INFO - [2024-10-05T02:47:08.087+0000] {dag.py:3239} INFO - Sync 1 DAGs
[2024-10-05T02:47:08.095+0000] {logging_mixin.py:190} INFO - [2024-10-05T02:47:08.094+0000] {dag.py:4180} INFO - Setting next_dagrun for example_sensors to None, run_after=None
[2024-10-05T02:47:08.104+0000] {processor.py:208} INFO - Processing /home/airflow/.local/lib/python3.12/site-packages/airflow/example_dags/example_sensors.py took 0.041 seconds
[2024-10-05T02:47:38.812+0000] {processor.py:186} INFO - Started process (PID=404) to work on /home/airflow/.local/lib/python3.12/site-packages/airflow/example_dags/example_sensors.py
[2024-10-05T02:47:38.813+0000] {processor.py:914} INFO - Processing file /home/airflow/.local/lib/python3.12/site-packages/airflow/example_dags/example_sensors.py for tasks to queue
[2024-10-05T02:47:38.814+0000] {logging_mixin.py:190} INFO - [2024-10-05T02:47:38.814+0000] {dagbag.py:588} INFO - Filling up the DagBag from /home/airflow/.local/lib/python3.12/site-packages/airflow/example_dags/example_sensors.py
[2024-10-05T02:47:38.821+0000] {processor.py:925} INFO - DAG(s) 'example_sensors' retrieved from /home/airflow/.local/lib/python3.12/site-packages/airflow/example_dags/example_sensors.py
[2024-10-05T02:47:38.836+0000] {logging_mixin.py:190} INFO - [2024-10-05T02:47:38.836+0000] {dag.py:3239} INFO - Sync 1 DAGs
[2024-10-05T02:47:38.844+0000] {logging_mixin.py:190} INFO - [2024-10-05T02:47:38.844+0000] {dag.py:4180} INFO - Setting next_dagrun for example_sensors to None, run_after=None
[2024-10-05T02:47:38.856+0000] {processor.py:208} INFO - Processing /home/airflow/.local/lib/python3.12/site-packages/airflow/example_dags/example_sensors.py took 0.048 seconds
[2024-10-05T02:48:09.074+0000] {processor.py:186} INFO - Started process (PID=466) to work on /home/airflow/.local/lib/python3.12/site-packages/airflow/example_dags/example_sensors.py
[2024-10-05T02:48:09.075+0000] {processor.py:914} INFO - Processing file /home/airflow/.local/lib/python3.12/site-packages/airflow/example_dags/example_sensors.py for tasks to queue
[2024-10-05T02:48:09.076+0000] {logging_mixin.py:190} INFO - [2024-10-05T02:48:09.076+0000] {dagbag.py:588} INFO - Filling up the DagBag from /home/airflow/.local/lib/python3.12/site-packages/airflow/example_dags/example_sensors.py
[2024-10-05T02:48:09.082+0000] {processor.py:925} INFO - DAG(s) 'example_sensors' retrieved from /home/airflow/.local/lib/python3.12/site-packages/airflow/example_dags/example_sensors.py
[2024-10-05T02:48:09.098+0000] {logging_mixin.py:190} INFO - [2024-10-05T02:48:09.098+0000] {dag.py:3239} INFO - Sync 1 DAGs
[2024-10-05T02:48:09.110+0000] {logging_mixin.py:190} INFO - [2024-10-05T02:48:09.110+0000] {dag.py:4180} INFO - Setting next_dagrun for example_sensors to None, run_after=None
[2024-10-05T02:48:09.123+0000] {processor.py:208} INFO - Processing /home/airflow/.local/lib/python3.12/site-packages/airflow/example_dags/example_sensors.py took 0.052 seconds
[2024-10-05T02:48:40.202+0000] {processor.py:186} INFO - Started process (PID=528) to work on /home/airflow/.local/lib/python3.12/site-packages/airflow/example_dags/example_sensors.py
[2024-10-05T02:48:40.202+0000] {processor.py:914} INFO - Processing file /home/airflow/.local/lib/python3.12/site-packages/airflow/example_dags/example_sensors.py for tasks to queue
[2024-10-05T02:48:40.204+0000] {logging_mixin.py:190} INFO - [2024-10-05T02:48:40.203+0000] {dagbag.py:588} INFO - Filling up the DagBag from /home/airflow/.local/lib/python3.12/site-packages/airflow/example_dags/example_sensors.py
[2024-10-05T02:48:40.210+0000] {processor.py:925} INFO - DAG(s) 'example_sensors' retrieved from /home/airflow/.local/lib/python3.12/site-packages/airflow/example_dags/example_sensors.py
[2024-10-05T02:48:40.224+0000] {logging_mixin.py:190} INFO - [2024-10-05T02:48:40.224+0000] {dag.py:3239} INFO - Sync 1 DAGs
[2024-10-05T02:48:40.232+0000] {logging_mixin.py:190} INFO - [2024-10-05T02:48:40.232+0000] {dag.py:4180} INFO - Setting next_dagrun for example_sensors to None, run_after=None
[2024-10-05T02:48:40.243+0000] {processor.py:208} INFO - Processing /home/airflow/.local/lib/python3.12/site-packages/airflow/example_dags/example_sensors.py took 0.045 seconds
[2024-10-05T02:49:11.139+0000] {processor.py:186} INFO - Started process (PID=590) to work on /home/airflow/.local/lib/python3.12/site-packages/airflow/example_dags/example_sensors.py
[2024-10-05T02:49:11.139+0000] {processor.py:914} INFO - Processing file /home/airflow/.local/lib/python3.12/site-packages/airflow/example_dags/example_sensors.py for tasks to queue
[2024-10-05T02:49:11.140+0000] {logging_mixin.py:190} INFO - [2024-10-05T02:49:11.140+0000] {dagbag.py:588} INFO - Filling up the DagBag from /home/airflow/.local/lib/python3.12/site-packages/airflow/example_dags/example_sensors.py
[2024-10-05T02:49:11.146+0000] {processor.py:925} INFO - DAG(s) 'example_sensors' retrieved from /home/airflow/.local/lib/python3.12/site-packages/airflow/example_dags/example_sensors.py
[2024-10-05T02:49:11.160+0000] {logging_mixin.py:190} INFO - [2024-10-05T02:49:11.160+0000] {dag.py:3239} INFO - Sync 1 DAGs
[2024-10-05T02:49:11.168+0000] {logging_mixin.py:190} INFO - [2024-10-05T02:49:11.168+0000] {dag.py:4180} INFO - Setting next_dagrun for example_sensors to None, run_after=None
[2024-10-05T02:49:11.178+0000] {processor.py:208} INFO - Processing /home/airflow/.local/lib/python3.12/site-packages/airflow/example_dags/example_sensors.py took 0.042 seconds
[2024-10-05T02:49:41.731+0000] {processor.py:186} INFO - Started process (PID=658) to work on /home/airflow/.local/lib/python3.12/site-packages/airflow/example_dags/example_sensors.py
[2024-10-05T02:49:41.732+0000] {processor.py:914} INFO - Processing file /home/airflow/.local/lib/python3.12/site-packages/airflow/example_dags/example_sensors.py for tasks to queue
[2024-10-05T02:49:41.733+0000] {logging_mixin.py:190} INFO - [2024-10-05T02:49:41.733+0000] {dagbag.py:588} INFO - Filling up the DagBag from /home/airflow/.local/lib/python3.12/site-packages/airflow/example_dags/example_sensors.py
[2024-10-05T02:49:41.739+0000] {processor.py:925} INFO - DAG(s) 'example_sensors' retrieved from /home/airflow/.local/lib/python3.12/site-packages/airflow/example_dags/example_sensors.py
[2024-10-05T02:49:41.753+0000] {logging_mixin.py:190} INFO - [2024-10-05T02:49:41.753+0000] {dag.py:3239} INFO - Sync 1 DAGs
[2024-10-05T02:49:41.761+0000] {logging_mixin.py:190} INFO - [2024-10-05T02:49:41.761+0000] {dag.py:4180} INFO - Setting next_dagrun for example_sensors to None, run_after=None
[2024-10-05T02:49:41.771+0000] {processor.py:208} INFO - Processing /home/airflow/.local/lib/python3.12/site-packages/airflow/example_dags/example_sensors.py took 0.043 seconds
[2024-10-05T02:50:12.328+0000] {processor.py:186} INFO - Started process (PID=741) to work on /home/airflow/.local/lib/python3.12/site-packages/airflow/example_dags/example_sensors.py
[2024-10-05T02:50:12.329+0000] {processor.py:914} INFO - Processing file /home/airflow/.local/lib/python3.12/site-packages/airflow/example_dags/example_sensors.py for tasks to queue
[2024-10-05T02:50:12.330+0000] {logging_mixin.py:190} INFO - [2024-10-05T02:50:12.330+0000] {dagbag.py:588} INFO - Filling up the DagBag from /home/airflow/.local/lib/python3.12/site-packages/airflow/example_dags/example_sensors.py
[2024-10-05T02:50:12.336+0000] {processor.py:925} INFO - DAG(s) 'example_sensors' retrieved from /home/airflow/.local/lib/python3.12/site-packages/airflow/example_dags/example_sensors.py
[2024-10-05T02:50:12.350+0000] {logging_mixin.py:190} INFO - [2024-10-05T02:50:12.350+0000] {dag.py:3239} INFO - Sync 1 DAGs
[2024-10-05T02:50:12.357+0000] {logging_mixin.py:190} INFO - [2024-10-05T02:50:12.357+0000] {dag.py:4180} INFO - Setting next_dagrun for example_sensors to None, run_after=None
[2024-10-05T02:50:12.367+0000] {processor.py:208} INFO - Processing /home/airflow/.local/lib/python3.12/site-packages/airflow/example_dags/example_sensors.py took 0.042 seconds
[2024-10-05T02:50:42.741+0000] {processor.py:186} INFO - Started process (PID=803) to work on /home/airflow/.local/lib/python3.12/site-packages/airflow/example_dags/example_sensors.py
[2024-10-05T02:50:42.742+0000] {processor.py:914} INFO - Processing file /home/airflow/.local/lib/python3.12/site-packages/airflow/example_dags/example_sensors.py for tasks to queue
[2024-10-05T02:50:42.743+0000] {logging_mixin.py:190} INFO - [2024-10-05T02:50:42.743+0000] {dagbag.py:588} INFO - Filling up the DagBag from /home/airflow/.local/lib/python3.12/site-packages/airflow/example_dags/example_sensors.py
[2024-10-05T02:50:42.749+0000] {processor.py:925} INFO - DAG(s) 'example_sensors' retrieved from /home/airflow/.local/lib/python3.12/site-packages/airflow/example_dags/example_sensors.py
[2024-10-05T02:50:42.763+0000] {logging_mixin.py:190} INFO - [2024-10-05T02:50:42.763+0000] {dag.py:3239} INFO - Sync 1 DAGs
[2024-10-05T02:50:42.770+0000] {logging_mixin.py:190} INFO - [2024-10-05T02:50:42.770+0000] {dag.py:4180} INFO - Setting next_dagrun for example_sensors to None, run_after=None
[2024-10-05T02:50:42.780+0000] {processor.py:208} INFO - Processing /home/airflow/.local/lib/python3.12/site-packages/airflow/example_dags/example_sensors.py took 0.042 seconds
[2024-10-05T02:51:13.289+0000] {processor.py:186} INFO - Started process (PID=865) to work on /home/airflow/.local/lib/python3.12/site-packages/airflow/example_dags/example_sensors.py
[2024-10-05T02:51:13.290+0000] {processor.py:914} INFO - Processing file /home/airflow/.local/lib/python3.12/site-packages/airflow/example_dags/example_sensors.py for tasks to queue
[2024-10-05T02:51:13.291+0000] {logging_mixin.py:190} INFO - [2024-10-05T02:51:13.291+0000] {dagbag.py:588} INFO - Filling up the DagBag from /home/airflow/.local/lib/python3.12/site-packages/airflow/example_dags/example_sensors.py
[2024-10-05T02:51:13.297+0000] {processor.py:925} INFO - DAG(s) 'example_sensors' retrieved from /home/airflow/.local/lib/python3.12/site-packages/airflow/example_dags/example_sensors.py
[2024-10-05T02:51:13.310+0000] {logging_mixin.py:190} INFO - [2024-10-05T02:51:13.310+0000] {dag.py:3239} INFO - Sync 1 DAGs
[2024-10-05T02:51:13.318+0000] {logging_mixin.py:190} INFO - [2024-10-05T02:51:13.318+0000] {dag.py:4180} INFO - Setting next_dagrun for example_sensors to None, run_after=None
[2024-10-05T02:51:13.328+0000] {processor.py:208} INFO - Processing /home/airflow/.local/lib/python3.12/site-packages/airflow/example_dags/example_sensors.py took 0.042 seconds
[2024-10-05T02:51:43.733+0000] {processor.py:186} INFO - Started process (PID=927) to work on /home/airflow/.local/lib/python3.12/site-packages/airflow/example_dags/example_sensors.py
[2024-10-05T02:51:43.734+0000] {processor.py:914} INFO - Processing file /home/airflow/.local/lib/python3.12/site-packages/airflow/example_dags/example_sensors.py for tasks to queue
[2024-10-05T02:51:43.735+0000] {logging_mixin.py:190} INFO - [2024-10-05T02:51:43.735+0000] {dagbag.py:588} INFO - Filling up the DagBag from /home/airflow/.local/lib/python3.12/site-packages/airflow/example_dags/example_sensors.py
[2024-10-05T02:51:43.741+0000] {processor.py:925} INFO - DAG(s) 'example_sensors' retrieved from /home/airflow/.local/lib/python3.12/site-packages/airflow/example_dags/example_sensors.py
[2024-10-05T02:51:43.755+0000] {logging_mixin.py:190} INFO - [2024-10-05T02:51:43.755+0000] {dag.py:3239} INFO - Sync 1 DAGs
[2024-10-05T02:51:43.763+0000] {logging_mixin.py:190} INFO - [2024-10-05T02:51:43.763+0000] {dag.py:4180} INFO - Setting next_dagrun for example_sensors to None, run_after=None
[2024-10-05T02:51:43.773+0000] {processor.py:208} INFO - Processing /home/airflow/.local/lib/python3.12/site-packages/airflow/example_dags/example_sensors.py took 0.044 seconds
[2024-10-05T02:52:14.408+0000] {processor.py:186} INFO - Started process (PID=989) to work on /home/airflow/.local/lib/python3.12/site-packages/airflow/example_dags/example_sensors.py
[2024-10-05T02:52:14.408+0000] {processor.py:914} INFO - Processing file /home/airflow/.local/lib/python3.12/site-packages/airflow/example_dags/example_sensors.py for tasks to queue
[2024-10-05T02:52:14.410+0000] {logging_mixin.py:190} INFO - [2024-10-05T02:52:14.410+0000] {dagbag.py:588} INFO - Filling up the DagBag from /home/airflow/.local/lib/python3.12/site-packages/airflow/example_dags/example_sensors.py
[2024-10-05T02:52:14.416+0000] {processor.py:925} INFO - DAG(s) 'example_sensors' retrieved from /home/airflow/.local/lib/python3.12/site-packages/airflow/example_dags/example_sensors.py
[2024-10-05T02:52:14.429+0000] {logging_mixin.py:190} INFO - [2024-10-05T02:52:14.429+0000] {dag.py:3239} INFO - Sync 1 DAGs
[2024-10-05T02:52:14.436+0000] {logging_mixin.py:190} INFO - [2024-10-05T02:52:14.436+0000] {dag.py:4180} INFO - Setting next_dagrun for example_sensors to None, run_after=None
[2024-10-05T02:52:14.446+0000] {processor.py:208} INFO - Processing /home/airflow/.local/lib/python3.12/site-packages/airflow/example_dags/example_sensors.py took 0.041 seconds
[2024-10-05T02:52:45.222+0000] {processor.py:186} INFO - Started process (PID=1051) to work on /home/airflow/.local/lib/python3.12/site-packages/airflow/example_dags/example_sensors.py
[2024-10-05T02:52:45.223+0000] {processor.py:914} INFO - Processing file /home/airflow/.local/lib/python3.12/site-packages/airflow/example_dags/example_sensors.py for tasks to queue
[2024-10-05T02:52:45.224+0000] {logging_mixin.py:190} INFO - [2024-10-05T02:52:45.224+0000] {dagbag.py:588} INFO - Filling up the DagBag from /home/airflow/.local/lib/python3.12/site-packages/airflow/example_dags/example_sensors.py
[2024-10-05T02:52:45.229+0000] {processor.py:925} INFO - DAG(s) 'example_sensors' retrieved from /home/airflow/.local/lib/python3.12/site-packages/airflow/example_dags/example_sensors.py
[2024-10-05T02:52:45.243+0000] {logging_mixin.py:190} INFO - [2024-10-05T02:52:45.243+0000] {dag.py:3239} INFO - Sync 1 DAGs
[2024-10-05T02:52:45.250+0000] {logging_mixin.py:190} INFO - [2024-10-05T02:52:45.250+0000] {dag.py:4180} INFO - Setting next_dagrun for example_sensors to None, run_after=None
[2024-10-05T02:52:45.260+0000] {processor.py:208} INFO - Processing /home/airflow/.local/lib/python3.12/site-packages/airflow/example_dags/example_sensors.py took 0.041 seconds
[2024-10-05T02:53:16.073+0000] {processor.py:186} INFO - Started process (PID=1113) to work on /home/airflow/.local/lib/python3.12/site-packages/airflow/example_dags/example_sensors.py
[2024-10-05T02:53:16.074+0000] {processor.py:914} INFO - Processing file /home/airflow/.local/lib/python3.12/site-packages/airflow/example_dags/example_sensors.py for tasks to queue
[2024-10-05T02:53:16.075+0000] {logging_mixin.py:190} INFO - [2024-10-05T02:53:16.075+0000] {dagbag.py:588} INFO - Filling up the DagBag from /home/airflow/.local/lib/python3.12/site-packages/airflow/example_dags/example_sensors.py
[2024-10-05T02:53:16.081+0000] {processor.py:925} INFO - DAG(s) 'example_sensors' retrieved from /home/airflow/.local/lib/python3.12/site-packages/airflow/example_dags/example_sensors.py
[2024-10-05T02:53:16.095+0000] {logging_mixin.py:190} INFO - [2024-10-05T02:53:16.095+0000] {dag.py:3239} INFO - Sync 1 DAGs
[2024-10-05T02:53:16.102+0000] {logging_mixin.py:190} INFO - [2024-10-05T02:53:16.102+0000] {dag.py:4180} INFO - Setting next_dagrun for example_sensors to None, run_after=None
[2024-10-05T02:53:16.112+0000] {processor.py:208} INFO - Processing /home/airflow/.local/lib/python3.12/site-packages/airflow/example_dags/example_sensors.py took 0.042 seconds
[2024-10-05T02:53:46.788+0000] {processor.py:186} INFO - Started process (PID=1175) to work on /home/airflow/.local/lib/python3.12/site-packages/airflow/example_dags/example_sensors.py
[2024-10-05T02:53:46.789+0000] {processor.py:914} INFO - Processing file /home/airflow/.local/lib/python3.12/site-packages/airflow/example_dags/example_sensors.py for tasks to queue
[2024-10-05T02:53:46.790+0000] {logging_mixin.py:190} INFO - [2024-10-05T02:53:46.790+0000] {dagbag.py:588} INFO - Filling up the DagBag from /home/airflow/.local/lib/python3.12/site-packages/airflow/example_dags/example_sensors.py
[2024-10-05T02:53:46.796+0000] {processor.py:925} INFO - DAG(s) 'example_sensors' retrieved from /home/airflow/.local/lib/python3.12/site-packages/airflow/example_dags/example_sensors.py
[2024-10-05T02:53:46.809+0000] {logging_mixin.py:190} INFO - [2024-10-05T02:53:46.809+0000] {dag.py:3239} INFO - Sync 1 DAGs
[2024-10-05T02:53:46.817+0000] {logging_mixin.py:190} INFO - [2024-10-05T02:53:46.816+0000] {dag.py:4180} INFO - Setting next_dagrun for example_sensors to None, run_after=None
[2024-10-05T02:53:46.826+0000] {processor.py:208} INFO - Processing /home/airflow/.local/lib/python3.12/site-packages/airflow/example_dags/example_sensors.py took 0.041 seconds
[2024-10-05T02:54:17.892+0000] {processor.py:186} INFO - Started process (PID=1238) to work on /home/airflow/.local/lib/python3.12/site-packages/airflow/example_dags/example_sensors.py
[2024-10-05T02:54:17.893+0000] {processor.py:914} INFO - Processing file /home/airflow/.local/lib/python3.12/site-packages/airflow/example_dags/example_sensors.py for tasks to queue
[2024-10-05T02:54:17.894+0000] {logging_mixin.py:190} INFO - [2024-10-05T02:54:17.894+0000] {dagbag.py:588} INFO - Filling up the DagBag from /home/airflow/.local/lib/python3.12/site-packages/airflow/example_dags/example_sensors.py
[2024-10-05T02:54:17.903+0000] {processor.py:925} INFO - DAG(s) 'example_sensors' retrieved from /home/airflow/.local/lib/python3.12/site-packages/airflow/example_dags/example_sensors.py
[2024-10-05T02:54:17.916+0000] {logging_mixin.py:190} INFO - [2024-10-05T02:54:17.916+0000] {dag.py:3239} INFO - Sync 1 DAGs
[2024-10-05T02:54:17.924+0000] {logging_mixin.py:190} INFO - [2024-10-05T02:54:17.924+0000] {dag.py:4180} INFO - Setting next_dagrun for example_sensors to None, run_after=None
[2024-10-05T02:54:17.934+0000] {processor.py:208} INFO - Processing /home/airflow/.local/lib/python3.12/site-packages/airflow/example_dags/example_sensors.py took 0.046 seconds
[2024-10-05T02:54:48.118+0000] {processor.py:186} INFO - Started process (PID=1300) to work on /home/airflow/.local/lib/python3.12/site-packages/airflow/example_dags/example_sensors.py
[2024-10-05T02:54:48.119+0000] {processor.py:914} INFO - Processing file /home/airflow/.local/lib/python3.12/site-packages/airflow/example_dags/example_sensors.py for tasks to queue
[2024-10-05T02:54:48.120+0000] {logging_mixin.py:190} INFO - [2024-10-05T02:54:48.120+0000] {dagbag.py:588} INFO - Filling up the DagBag from /home/airflow/.local/lib/python3.12/site-packages/airflow/example_dags/example_sensors.py
[2024-10-05T02:54:48.126+0000] {processor.py:925} INFO - DAG(s) 'example_sensors' retrieved from /home/airflow/.local/lib/python3.12/site-packages/airflow/example_dags/example_sensors.py
[2024-10-05T02:54:48.140+0000] {logging_mixin.py:190} INFO - [2024-10-05T02:54:48.140+0000] {dag.py:3239} INFO - Sync 1 DAGs
[2024-10-05T02:54:48.148+0000] {logging_mixin.py:190} INFO - [2024-10-05T02:54:48.148+0000] {dag.py:4180} INFO - Setting next_dagrun for example_sensors to None, run_after=None
[2024-10-05T02:54:48.158+0000] {processor.py:208} INFO - Processing /home/airflow/.local/lib/python3.12/site-packages/airflow/example_dags/example_sensors.py took 0.043 seconds
[2024-10-05T02:55:18.695+0000] {processor.py:186} INFO - Started process (PID=1368) to work on /home/airflow/.local/lib/python3.12/site-packages/airflow/example_dags/example_sensors.py
[2024-10-05T02:55:18.696+0000] {processor.py:914} INFO - Processing file /home/airflow/.local/lib/python3.12/site-packages/airflow/example_dags/example_sensors.py for tasks to queue
[2024-10-05T02:55:18.697+0000] {logging_mixin.py:190} INFO - [2024-10-05T02:55:18.697+0000] {dagbag.py:588} INFO - Filling up the DagBag from /home/airflow/.local/lib/python3.12/site-packages/airflow/example_dags/example_sensors.py
[2024-10-05T02:55:18.703+0000] {processor.py:925} INFO - DAG(s) 'example_sensors' retrieved from /home/airflow/.local/lib/python3.12/site-packages/airflow/example_dags/example_sensors.py
[2024-10-05T02:55:18.717+0000] {logging_mixin.py:190} INFO - [2024-10-05T02:55:18.716+0000] {dag.py:3239} INFO - Sync 1 DAGs
[2024-10-05T02:55:18.724+0000] {logging_mixin.py:190} INFO - [2024-10-05T02:55:18.724+0000] {dag.py:4180} INFO - Setting next_dagrun for example_sensors to None, run_after=None
[2024-10-05T02:55:18.734+0000] {processor.py:208} INFO - Processing /home/airflow/.local/lib/python3.12/site-packages/airflow/example_dags/example_sensors.py took 0.042 seconds
[2024-10-05T02:55:49.652+0000] {processor.py:186} INFO - Started process (PID=1430) to work on /home/airflow/.local/lib/python3.12/site-packages/airflow/example_dags/example_sensors.py
[2024-10-05T02:55:49.652+0000] {processor.py:914} INFO - Processing file /home/airflow/.local/lib/python3.12/site-packages/airflow/example_dags/example_sensors.py for tasks to queue
[2024-10-05T02:55:49.653+0000] {logging_mixin.py:190} INFO - [2024-10-05T02:55:49.653+0000] {dagbag.py:588} INFO - Filling up the DagBag from /home/airflow/.local/lib/python3.12/site-packages/airflow/example_dags/example_sensors.py
[2024-10-05T02:55:49.659+0000] {processor.py:925} INFO - DAG(s) 'example_sensors' retrieved from /home/airflow/.local/lib/python3.12/site-packages/airflow/example_dags/example_sensors.py
[2024-10-05T02:55:49.673+0000] {logging_mixin.py:190} INFO - [2024-10-05T02:55:49.673+0000] {dag.py:3239} INFO - Sync 1 DAGs
[2024-10-05T02:55:49.680+0000] {logging_mixin.py:190} INFO - [2024-10-05T02:55:49.680+0000] {dag.py:4180} INFO - Setting next_dagrun for example_sensors to None, run_after=None
[2024-10-05T02:55:49.690+0000] {processor.py:208} INFO - Processing /home/airflow/.local/lib/python3.12/site-packages/airflow/example_dags/example_sensors.py took 0.041 seconds
[2024-10-05T02:56:19.974+0000] {processor.py:186} INFO - Started process (PID=1492) to work on /home/airflow/.local/lib/python3.12/site-packages/airflow/example_dags/example_sensors.py
[2024-10-05T02:56:19.975+0000] {processor.py:914} INFO - Processing file /home/airflow/.local/lib/python3.12/site-packages/airflow/example_dags/example_sensors.py for tasks to queue
[2024-10-05T02:56:19.976+0000] {logging_mixin.py:190} INFO - [2024-10-05T02:56:19.976+0000] {dagbag.py:588} INFO - Filling up the DagBag from /home/airflow/.local/lib/python3.12/site-packages/airflow/example_dags/example_sensors.py
[2024-10-05T02:56:19.982+0000] {processor.py:925} INFO - DAG(s) 'example_sensors' retrieved from /home/airflow/.local/lib/python3.12/site-packages/airflow/example_dags/example_sensors.py
[2024-10-05T02:56:19.995+0000] {logging_mixin.py:190} INFO - [2024-10-05T02:56:19.995+0000] {dag.py:3239} INFO - Sync 1 DAGs
[2024-10-05T02:56:20.003+0000] {logging_mixin.py:190} INFO - [2024-10-05T02:56:20.003+0000] {dag.py:4180} INFO - Setting next_dagrun for example_sensors to None, run_after=None
[2024-10-05T02:56:20.013+0000] {processor.py:208} INFO - Processing /home/airflow/.local/lib/python3.12/site-packages/airflow/example_dags/example_sensors.py took 0.042 seconds
[2024-10-05T02:56:50.357+0000] {processor.py:186} INFO - Started process (PID=1554) to work on /home/airflow/.local/lib/python3.12/site-packages/airflow/example_dags/example_sensors.py
[2024-10-05T02:56:50.358+0000] {processor.py:914} INFO - Processing file /home/airflow/.local/lib/python3.12/site-packages/airflow/example_dags/example_sensors.py for tasks to queue
[2024-10-05T02:56:50.359+0000] {logging_mixin.py:190} INFO - [2024-10-05T02:56:50.359+0000] {dagbag.py:588} INFO - Filling up the DagBag from /home/airflow/.local/lib/python3.12/site-packages/airflow/example_dags/example_sensors.py
[2024-10-05T02:56:50.365+0000] {processor.py:925} INFO - DAG(s) 'example_sensors' retrieved from /home/airflow/.local/lib/python3.12/site-packages/airflow/example_dags/example_sensors.py
[2024-10-05T02:56:50.380+0000] {logging_mixin.py:190} INFO - [2024-10-05T02:56:50.379+0000] {dag.py:3239} INFO - Sync 1 DAGs
[2024-10-05T02:56:50.388+0000] {logging_mixin.py:190} INFO - [2024-10-05T02:56:50.388+0000] {dag.py:4180} INFO - Setting next_dagrun for example_sensors to None, run_after=None
[2024-10-05T02:56:50.398+0000] {processor.py:208} INFO - Processing /home/airflow/.local/lib/python3.12/site-packages/airflow/example_dags/example_sensors.py took 0.045 seconds
