[2024-10-05T02:15:05.015+0000] {processor.py:186} INFO - Started process (PID=70) to work on /home/airflow/.local/lib/python3.12/site-packages/airflow/example_dags/example_inlet_event_extra.py
[2024-10-05T02:15:05.015+0000] {processor.py:914} INFO - Processing file /home/airflow/.local/lib/python3.12/site-packages/airflow/example_dags/example_inlet_event_extra.py for tasks to queue
[2024-10-05T02:15:05.017+0000] {logging_mixin.py:190} INFO - [2024-10-05T02:15:05.016+0000] {dagbag.py:588} INFO - Filling up the DagBag from /home/airflow/.local/lib/python3.12/site-packages/airflow/example_dags/example_inlet_event_extra.py
[2024-10-05T02:15:05.317+0000] {processor.py:925} INFO - DAG(s) 'read_dataset_event', 'read_dataset_event_from_classic' retrieved from /home/airflow/.local/lib/python3.12/site-packages/airflow/example_dags/example_inlet_event_extra.py
[2024-10-05T02:15:05.335+0000] {logging_mixin.py:190} INFO - [2024-10-05T02:15:05.334+0000] {dag.py:3239} INFO - Sync 2 DAGs
[2024-10-05T02:15:05.353+0000] {logging_mixin.py:190} INFO - [2024-10-05T02:15:05.353+0000] {dag.py:4180} INFO - Setting next_dagrun for read_dataset_event to 2024-10-04 00:00:00+00:00, run_after=2024-10-05 00:00:00+00:00
[2024-10-05T02:15:05.356+0000] {logging_mixin.py:190} INFO - [2024-10-05T02:15:05.356+0000] {dag.py:4180} INFO - Setting next_dagrun for read_dataset_event_from_classic to 2024-10-04 00:00:00+00:00, run_after=2024-10-05 00:00:00+00:00
[2024-10-05T02:15:05.364+0000] {processor.py:208} INFO - Processing /home/airflow/.local/lib/python3.12/site-packages/airflow/example_dags/example_inlet_event_extra.py took 0.353 seconds
[2024-10-05T02:15:35.620+0000] {processor.py:186} INFO - Started process (PID=133) to work on /home/airflow/.local/lib/python3.12/site-packages/airflow/example_dags/example_inlet_event_extra.py
[2024-10-05T02:15:35.620+0000] {processor.py:914} INFO - Processing file /home/airflow/.local/lib/python3.12/site-packages/airflow/example_dags/example_inlet_event_extra.py for tasks to queue
[2024-10-05T02:15:35.622+0000] {logging_mixin.py:190} INFO - [2024-10-05T02:15:35.621+0000] {dagbag.py:588} INFO - Filling up the DagBag from /home/airflow/.local/lib/python3.12/site-packages/airflow/example_dags/example_inlet_event_extra.py
[2024-10-05T02:15:35.705+0000] {processor.py:925} INFO - DAG(s) 'read_dataset_event_from_classic', 'read_dataset_event' retrieved from /home/airflow/.local/lib/python3.12/site-packages/airflow/example_dags/example_inlet_event_extra.py
[2024-10-05T02:15:35.718+0000] {logging_mixin.py:190} INFO - [2024-10-05T02:15:35.717+0000] {dag.py:3239} INFO - Sync 2 DAGs
[2024-10-05T02:15:35.733+0000] {logging_mixin.py:190} INFO - [2024-10-05T02:15:35.732+0000] {dag.py:4180} INFO - Setting next_dagrun for read_dataset_event to 2024-10-04 00:00:00+00:00, run_after=2024-10-05 00:00:00+00:00
[2024-10-05T02:15:35.735+0000] {logging_mixin.py:190} INFO - [2024-10-05T02:15:35.735+0000] {dag.py:4180} INFO - Setting next_dagrun for read_dataset_event_from_classic to 2024-10-04 00:00:00+00:00, run_after=2024-10-05 00:00:00+00:00
[2024-10-05T02:15:35.745+0000] {processor.py:208} INFO - Processing /home/airflow/.local/lib/python3.12/site-packages/airflow/example_dags/example_inlet_event_extra.py took 0.129 seconds
[2024-10-05T02:16:06.407+0000] {processor.py:186} INFO - Started process (PID=200) to work on /home/airflow/.local/lib/python3.12/site-packages/airflow/example_dags/example_inlet_event_extra.py
[2024-10-05T02:16:06.407+0000] {processor.py:914} INFO - Processing file /home/airflow/.local/lib/python3.12/site-packages/airflow/example_dags/example_inlet_event_extra.py for tasks to queue
[2024-10-05T02:16:06.409+0000] {logging_mixin.py:190} INFO - [2024-10-05T02:16:06.408+0000] {dagbag.py:588} INFO - Filling up the DagBag from /home/airflow/.local/lib/python3.12/site-packages/airflow/example_dags/example_inlet_event_extra.py
[2024-10-05T02:16:06.491+0000] {processor.py:925} INFO - DAG(s) 'read_dataset_event', 'read_dataset_event_from_classic' retrieved from /home/airflow/.local/lib/python3.12/site-packages/airflow/example_dags/example_inlet_event_extra.py
[2024-10-05T02:16:06.503+0000] {logging_mixin.py:190} INFO - [2024-10-05T02:16:06.503+0000] {dag.py:3239} INFO - Sync 2 DAGs
[2024-10-05T02:16:06.517+0000] {logging_mixin.py:190} INFO - [2024-10-05T02:16:06.517+0000] {dag.py:4180} INFO - Setting next_dagrun for read_dataset_event to 2024-10-04 00:00:00+00:00, run_after=2024-10-05 00:00:00+00:00
[2024-10-05T02:16:06.519+0000] {logging_mixin.py:190} INFO - [2024-10-05T02:16:06.519+0000] {dag.py:4180} INFO - Setting next_dagrun for read_dataset_event_from_classic to 2024-10-04 00:00:00+00:00, run_after=2024-10-05 00:00:00+00:00
[2024-10-05T02:16:06.528+0000] {processor.py:208} INFO - Processing /home/airflow/.local/lib/python3.12/site-packages/airflow/example_dags/example_inlet_event_extra.py took 0.125 seconds
[2024-10-05T02:16:36.980+0000] {processor.py:186} INFO - Started process (PID=262) to work on /home/airflow/.local/lib/python3.12/site-packages/airflow/example_dags/example_inlet_event_extra.py
[2024-10-05T02:16:36.981+0000] {processor.py:914} INFO - Processing file /home/airflow/.local/lib/python3.12/site-packages/airflow/example_dags/example_inlet_event_extra.py for tasks to queue
[2024-10-05T02:16:36.982+0000] {logging_mixin.py:190} INFO - [2024-10-05T02:16:36.982+0000] {dagbag.py:588} INFO - Filling up the DagBag from /home/airflow/.local/lib/python3.12/site-packages/airflow/example_dags/example_inlet_event_extra.py
[2024-10-05T02:16:37.060+0000] {processor.py:925} INFO - DAG(s) 'read_dataset_event_from_classic', 'read_dataset_event' retrieved from /home/airflow/.local/lib/python3.12/site-packages/airflow/example_dags/example_inlet_event_extra.py
[2024-10-05T02:16:37.072+0000] {logging_mixin.py:190} INFO - [2024-10-05T02:16:37.072+0000] {dag.py:3239} INFO - Sync 2 DAGs
[2024-10-05T02:16:37.086+0000] {logging_mixin.py:190} INFO - [2024-10-05T02:16:37.085+0000] {dag.py:4180} INFO - Setting next_dagrun for read_dataset_event to 2024-10-04 00:00:00+00:00, run_after=2024-10-05 00:00:00+00:00
[2024-10-05T02:16:37.088+0000] {logging_mixin.py:190} INFO - [2024-10-05T02:16:37.088+0000] {dag.py:4180} INFO - Setting next_dagrun for read_dataset_event_from_classic to 2024-10-04 00:00:00+00:00, run_after=2024-10-05 00:00:00+00:00
[2024-10-05T02:16:37.097+0000] {processor.py:208} INFO - Processing /home/airflow/.local/lib/python3.12/site-packages/airflow/example_dags/example_inlet_event_extra.py took 0.120 seconds
[2024-10-05T02:17:08.023+0000] {processor.py:186} INFO - Started process (PID=324) to work on /home/airflow/.local/lib/python3.12/site-packages/airflow/example_dags/example_inlet_event_extra.py
[2024-10-05T02:17:08.023+0000] {processor.py:914} INFO - Processing file /home/airflow/.local/lib/python3.12/site-packages/airflow/example_dags/example_inlet_event_extra.py for tasks to queue
[2024-10-05T02:17:08.024+0000] {logging_mixin.py:190} INFO - [2024-10-05T02:17:08.024+0000] {dagbag.py:588} INFO - Filling up the DagBag from /home/airflow/.local/lib/python3.12/site-packages/airflow/example_dags/example_inlet_event_extra.py
[2024-10-05T02:17:08.103+0000] {processor.py:925} INFO - DAG(s) 'read_dataset_event', 'read_dataset_event_from_classic' retrieved from /home/airflow/.local/lib/python3.12/site-packages/airflow/example_dags/example_inlet_event_extra.py
[2024-10-05T02:17:08.114+0000] {logging_mixin.py:190} INFO - [2024-10-05T02:17:08.114+0000] {dag.py:3239} INFO - Sync 2 DAGs
[2024-10-05T02:17:08.130+0000] {logging_mixin.py:190} INFO - [2024-10-05T02:17:08.129+0000] {dag.py:4180} INFO - Setting next_dagrun for read_dataset_event to 2024-10-04 00:00:00+00:00, run_after=2024-10-05 00:00:00+00:00
[2024-10-05T02:17:08.132+0000] {logging_mixin.py:190} INFO - [2024-10-05T02:17:08.132+0000] {dag.py:4180} INFO - Setting next_dagrun for read_dataset_event_from_classic to 2024-10-04 00:00:00+00:00, run_after=2024-10-05 00:00:00+00:00
[2024-10-05T02:17:08.140+0000] {processor.py:208} INFO - Processing /home/airflow/.local/lib/python3.12/site-packages/airflow/example_dags/example_inlet_event_extra.py took 0.121 seconds
[2024-10-05T02:17:38.902+0000] {processor.py:186} INFO - Started process (PID=386) to work on /home/airflow/.local/lib/python3.12/site-packages/airflow/example_dags/example_inlet_event_extra.py
[2024-10-05T02:17:38.903+0000] {processor.py:914} INFO - Processing file /home/airflow/.local/lib/python3.12/site-packages/airflow/example_dags/example_inlet_event_extra.py for tasks to queue
[2024-10-05T02:17:38.904+0000] {logging_mixin.py:190} INFO - [2024-10-05T02:17:38.904+0000] {dagbag.py:588} INFO - Filling up the DagBag from /home/airflow/.local/lib/python3.12/site-packages/airflow/example_dags/example_inlet_event_extra.py
[2024-10-05T02:17:38.984+0000] {processor.py:925} INFO - DAG(s) 'read_dataset_event', 'read_dataset_event_from_classic' retrieved from /home/airflow/.local/lib/python3.12/site-packages/airflow/example_dags/example_inlet_event_extra.py
[2024-10-05T02:17:38.996+0000] {logging_mixin.py:190} INFO - [2024-10-05T02:17:38.996+0000] {dag.py:3239} INFO - Sync 2 DAGs
[2024-10-05T02:17:39.013+0000] {logging_mixin.py:190} INFO - [2024-10-05T02:17:39.012+0000] {dag.py:4180} INFO - Setting next_dagrun for read_dataset_event to 2024-10-04 00:00:00+00:00, run_after=2024-10-05 00:00:00+00:00
[2024-10-05T02:17:39.016+0000] {logging_mixin.py:190} INFO - [2024-10-05T02:17:39.015+0000] {dag.py:4180} INFO - Setting next_dagrun for read_dataset_event_from_classic to 2024-10-04 00:00:00+00:00, run_after=2024-10-05 00:00:00+00:00
[2024-10-05T02:17:39.025+0000] {processor.py:208} INFO - Processing /home/airflow/.local/lib/python3.12/site-packages/airflow/example_dags/example_inlet_event_extra.py took 0.126 seconds
[2024-10-05T02:18:07.300+0000] {processor.py:186} INFO - Started process (PID=448) to work on /home/airflow/.local/lib/python3.12/site-packages/airflow/example_dags/example_inlet_event_extra.py
[2024-10-05T02:18:07.301+0000] {processor.py:914} INFO - Processing file /home/airflow/.local/lib/python3.12/site-packages/airflow/example_dags/example_inlet_event_extra.py for tasks to queue
[2024-10-05T02:18:07.302+0000] {logging_mixin.py:190} INFO - [2024-10-05T02:18:07.302+0000] {dagbag.py:588} INFO - Filling up the DagBag from /home/airflow/.local/lib/python3.12/site-packages/airflow/example_dags/example_inlet_event_extra.py
[2024-10-05T02:18:07.381+0000] {processor.py:925} INFO - DAG(s) 'read_dataset_event_from_classic', 'read_dataset_event' retrieved from /home/airflow/.local/lib/python3.12/site-packages/airflow/example_dags/example_inlet_event_extra.py
[2024-10-05T02:18:07.392+0000] {logging_mixin.py:190} INFO - [2024-10-05T02:18:07.392+0000] {dag.py:3239} INFO - Sync 2 DAGs
[2024-10-05T02:18:07.406+0000] {logging_mixin.py:190} INFO - [2024-10-05T02:18:07.406+0000] {dag.py:4180} INFO - Setting next_dagrun for read_dataset_event to 2024-10-04 00:00:00+00:00, run_after=2024-10-05 00:00:00+00:00
[2024-10-05T02:18:07.409+0000] {logging_mixin.py:190} INFO - [2024-10-05T02:18:07.409+0000] {dag.py:4180} INFO - Setting next_dagrun for read_dataset_event_from_classic to 2024-10-04 00:00:00+00:00, run_after=2024-10-05 00:00:00+00:00
[2024-10-05T02:18:07.417+0000] {processor.py:208} INFO - Processing /home/airflow/.local/lib/python3.12/site-packages/airflow/example_dags/example_inlet_event_extra.py took 0.120 seconds
[2024-10-05T02:18:37.609+0000] {processor.py:186} INFO - Started process (PID=510) to work on /home/airflow/.local/lib/python3.12/site-packages/airflow/example_dags/example_inlet_event_extra.py
[2024-10-05T02:18:37.610+0000] {processor.py:914} INFO - Processing file /home/airflow/.local/lib/python3.12/site-packages/airflow/example_dags/example_inlet_event_extra.py for tasks to queue
[2024-10-05T02:18:37.611+0000] {logging_mixin.py:190} INFO - [2024-10-05T02:18:37.611+0000] {dagbag.py:588} INFO - Filling up the DagBag from /home/airflow/.local/lib/python3.12/site-packages/airflow/example_dags/example_inlet_event_extra.py
[2024-10-05T02:18:37.689+0000] {processor.py:925} INFO - DAG(s) 'read_dataset_event', 'read_dataset_event_from_classic' retrieved from /home/airflow/.local/lib/python3.12/site-packages/airflow/example_dags/example_inlet_event_extra.py
[2024-10-05T02:18:37.700+0000] {logging_mixin.py:190} INFO - [2024-10-05T02:18:37.700+0000] {dag.py:3239} INFO - Sync 2 DAGs
[2024-10-05T02:18:37.713+0000] {logging_mixin.py:190} INFO - [2024-10-05T02:18:37.713+0000] {dag.py:4180} INFO - Setting next_dagrun for read_dataset_event to 2024-10-04 00:00:00+00:00, run_after=2024-10-05 00:00:00+00:00
[2024-10-05T02:18:37.717+0000] {logging_mixin.py:190} INFO - [2024-10-05T02:18:37.717+0000] {dag.py:4180} INFO - Setting next_dagrun for read_dataset_event_from_classic to 2024-10-04 00:00:00+00:00, run_after=2024-10-05 00:00:00+00:00
[2024-10-05T02:18:37.725+0000] {processor.py:208} INFO - Processing /home/airflow/.local/lib/python3.12/site-packages/airflow/example_dags/example_inlet_event_extra.py took 0.120 seconds
[2024-10-05T02:45:05.372+0000] {processor.py:186} INFO - Started process (PID=63) to work on /home/airflow/.local/lib/python3.12/site-packages/airflow/example_dags/example_inlet_event_extra.py
[2024-10-05T02:45:05.372+0000] {processor.py:914} INFO - Processing file /home/airflow/.local/lib/python3.12/site-packages/airflow/example_dags/example_inlet_event_extra.py for tasks to queue
[2024-10-05T02:45:05.374+0000] {logging_mixin.py:190} INFO - [2024-10-05T02:45:05.374+0000] {dagbag.py:588} INFO - Filling up the DagBag from /home/airflow/.local/lib/python3.12/site-packages/airflow/example_dags/example_inlet_event_extra.py
[2024-10-05T02:45:05.497+0000] {processor.py:925} INFO - DAG(s) 'read_dataset_event_from_classic', 'read_dataset_event' retrieved from /home/airflow/.local/lib/python3.12/site-packages/airflow/example_dags/example_inlet_event_extra.py
[2024-10-05T02:45:05.511+0000] {logging_mixin.py:190} INFO - [2024-10-05T02:45:05.511+0000] {dag.py:3239} INFO - Sync 2 DAGs
[2024-10-05T02:45:05.526+0000] {logging_mixin.py:190} INFO - [2024-10-05T02:45:05.526+0000] {dag.py:4180} INFO - Setting next_dagrun for read_dataset_event to 2024-10-04 00:00:00+00:00, run_after=2024-10-05 00:00:00+00:00
[2024-10-05T02:45:05.529+0000] {logging_mixin.py:190} INFO - [2024-10-05T02:45:05.528+0000] {dag.py:4180} INFO - Setting next_dagrun for read_dataset_event_from_classic to 2024-10-04 00:00:00+00:00, run_after=2024-10-05 00:00:00+00:00
[2024-10-05T02:45:05.539+0000] {processor.py:208} INFO - Processing /home/airflow/.local/lib/python3.12/site-packages/airflow/example_dags/example_inlet_event_extra.py took 0.171 seconds
[2024-10-05T02:45:35.903+0000] {processor.py:186} INFO - Started process (PID=133) to work on /home/airflow/.local/lib/python3.12/site-packages/airflow/example_dags/example_inlet_event_extra.py
[2024-10-05T02:45:35.903+0000] {processor.py:914} INFO - Processing file /home/airflow/.local/lib/python3.12/site-packages/airflow/example_dags/example_inlet_event_extra.py for tasks to queue
[2024-10-05T02:45:35.904+0000] {logging_mixin.py:190} INFO - [2024-10-05T02:45:35.904+0000] {dagbag.py:588} INFO - Filling up the DagBag from /home/airflow/.local/lib/python3.12/site-packages/airflow/example_dags/example_inlet_event_extra.py
[2024-10-05T02:45:35.980+0000] {processor.py:925} INFO - DAG(s) 'read_dataset_event_from_classic', 'read_dataset_event' retrieved from /home/airflow/.local/lib/python3.12/site-packages/airflow/example_dags/example_inlet_event_extra.py
[2024-10-05T02:45:35.992+0000] {logging_mixin.py:190} INFO - [2024-10-05T02:45:35.992+0000] {dag.py:3239} INFO - Sync 2 DAGs
[2024-10-05T02:45:36.005+0000] {logging_mixin.py:190} INFO - [2024-10-05T02:45:36.005+0000] {dag.py:4180} INFO - Setting next_dagrun for read_dataset_event to 2024-10-04 00:00:00+00:00, run_after=2024-10-05 00:00:00+00:00
[2024-10-05T02:45:36.008+0000] {logging_mixin.py:190} INFO - [2024-10-05T02:45:36.008+0000] {dag.py:4180} INFO - Setting next_dagrun for read_dataset_event_from_classic to 2024-10-04 00:00:00+00:00, run_after=2024-10-05 00:00:00+00:00
[2024-10-05T02:45:36.016+0000] {processor.py:208} INFO - Processing /home/airflow/.local/lib/python3.12/site-packages/airflow/example_dags/example_inlet_event_extra.py took 0.116 seconds
[2024-10-05T02:46:06.809+0000] {processor.py:186} INFO - Started process (PID=194) to work on /home/airflow/.local/lib/python3.12/site-packages/airflow/example_dags/example_inlet_event_extra.py
[2024-10-05T02:46:06.809+0000] {processor.py:914} INFO - Processing file /home/airflow/.local/lib/python3.12/site-packages/airflow/example_dags/example_inlet_event_extra.py for tasks to queue
[2024-10-05T02:46:06.810+0000] {logging_mixin.py:190} INFO - [2024-10-05T02:46:06.810+0000] {dagbag.py:588} INFO - Filling up the DagBag from /home/airflow/.local/lib/python3.12/site-packages/airflow/example_dags/example_inlet_event_extra.py
[2024-10-05T02:46:06.888+0000] {processor.py:925} INFO - DAG(s) 'read_dataset_event_from_classic', 'read_dataset_event' retrieved from /home/airflow/.local/lib/python3.12/site-packages/airflow/example_dags/example_inlet_event_extra.py
[2024-10-05T02:46:06.901+0000] {logging_mixin.py:190} INFO - [2024-10-05T02:46:06.901+0000] {dag.py:3239} INFO - Sync 2 DAGs
[2024-10-05T02:46:06.915+0000] {logging_mixin.py:190} INFO - [2024-10-05T02:46:06.915+0000] {dag.py:4180} INFO - Setting next_dagrun for read_dataset_event to 2024-10-04 00:00:00+00:00, run_after=2024-10-05 00:00:00+00:00
[2024-10-05T02:46:06.917+0000] {logging_mixin.py:190} INFO - [2024-10-05T02:46:06.917+0000] {dag.py:4180} INFO - Setting next_dagrun for read_dataset_event_from_classic to 2024-10-04 00:00:00+00:00, run_after=2024-10-05 00:00:00+00:00
[2024-10-05T02:46:06.926+0000] {processor.py:208} INFO - Processing /home/airflow/.local/lib/python3.12/site-packages/airflow/example_dags/example_inlet_event_extra.py took 0.120 seconds
[2024-10-05T02:46:37.013+0000] {processor.py:186} INFO - Started process (PID=256) to work on /home/airflow/.local/lib/python3.12/site-packages/airflow/example_dags/example_inlet_event_extra.py
[2024-10-05T02:46:37.013+0000] {processor.py:914} INFO - Processing file /home/airflow/.local/lib/python3.12/site-packages/airflow/example_dags/example_inlet_event_extra.py for tasks to queue
[2024-10-05T02:46:37.015+0000] {logging_mixin.py:190} INFO - [2024-10-05T02:46:37.014+0000] {dagbag.py:588} INFO - Filling up the DagBag from /home/airflow/.local/lib/python3.12/site-packages/airflow/example_dags/example_inlet_event_extra.py
[2024-10-05T02:46:37.097+0000] {processor.py:925} INFO - DAG(s) 'read_dataset_event_from_classic', 'read_dataset_event' retrieved from /home/airflow/.local/lib/python3.12/site-packages/airflow/example_dags/example_inlet_event_extra.py
[2024-10-05T02:46:37.109+0000] {logging_mixin.py:190} INFO - [2024-10-05T02:46:37.109+0000] {dag.py:3239} INFO - Sync 2 DAGs
[2024-10-05T02:46:37.124+0000] {logging_mixin.py:190} INFO - [2024-10-05T02:46:37.124+0000] {dag.py:4180} INFO - Setting next_dagrun for read_dataset_event to 2024-10-04 00:00:00+00:00, run_after=2024-10-05 00:00:00+00:00
[2024-10-05T02:46:37.127+0000] {logging_mixin.py:190} INFO - [2024-10-05T02:46:37.127+0000] {dag.py:4180} INFO - Setting next_dagrun for read_dataset_event_from_classic to 2024-10-04 00:00:00+00:00, run_after=2024-10-05 00:00:00+00:00
[2024-10-05T02:46:37.137+0000] {processor.py:208} INFO - Processing /home/airflow/.local/lib/python3.12/site-packages/airflow/example_dags/example_inlet_event_extra.py took 0.128 seconds
[2024-10-05T02:47:07.179+0000] {processor.py:186} INFO - Started process (PID=319) to work on /home/airflow/.local/lib/python3.12/site-packages/airflow/example_dags/example_inlet_event_extra.py
[2024-10-05T02:47:07.180+0000] {processor.py:914} INFO - Processing file /home/airflow/.local/lib/python3.12/site-packages/airflow/example_dags/example_inlet_event_extra.py for tasks to queue
[2024-10-05T02:47:07.181+0000] {logging_mixin.py:190} INFO - [2024-10-05T02:47:07.181+0000] {dagbag.py:588} INFO - Filling up the DagBag from /home/airflow/.local/lib/python3.12/site-packages/airflow/example_dags/example_inlet_event_extra.py
[2024-10-05T02:47:07.258+0000] {processor.py:925} INFO - DAG(s) 'read_dataset_event', 'read_dataset_event_from_classic' retrieved from /home/airflow/.local/lib/python3.12/site-packages/airflow/example_dags/example_inlet_event_extra.py
[2024-10-05T02:47:07.269+0000] {logging_mixin.py:190} INFO - [2024-10-05T02:47:07.269+0000] {dag.py:3239} INFO - Sync 2 DAGs
[2024-10-05T02:47:07.283+0000] {logging_mixin.py:190} INFO - [2024-10-05T02:47:07.283+0000] {dag.py:4180} INFO - Setting next_dagrun for read_dataset_event to 2024-10-04 00:00:00+00:00, run_after=2024-10-05 00:00:00+00:00
[2024-10-05T02:47:07.285+0000] {logging_mixin.py:190} INFO - [2024-10-05T02:47:07.285+0000] {dag.py:4180} INFO - Setting next_dagrun for read_dataset_event_from_classic to 2024-10-04 00:00:00+00:00, run_after=2024-10-05 00:00:00+00:00
[2024-10-05T02:47:07.294+0000] {processor.py:208} INFO - Processing /home/airflow/.local/lib/python3.12/site-packages/airflow/example_dags/example_inlet_event_extra.py took 0.118 seconds
[2024-10-05T02:47:37.725+0000] {processor.py:186} INFO - Started process (PID=380) to work on /home/airflow/.local/lib/python3.12/site-packages/airflow/example_dags/example_inlet_event_extra.py
[2024-10-05T02:47:37.726+0000] {processor.py:914} INFO - Processing file /home/airflow/.local/lib/python3.12/site-packages/airflow/example_dags/example_inlet_event_extra.py for tasks to queue
[2024-10-05T02:47:37.727+0000] {logging_mixin.py:190} INFO - [2024-10-05T02:47:37.727+0000] {dagbag.py:588} INFO - Filling up the DagBag from /home/airflow/.local/lib/python3.12/site-packages/airflow/example_dags/example_inlet_event_extra.py
[2024-10-05T02:47:37.806+0000] {processor.py:925} INFO - DAG(s) 'read_dataset_event', 'read_dataset_event_from_classic' retrieved from /home/airflow/.local/lib/python3.12/site-packages/airflow/example_dags/example_inlet_event_extra.py
[2024-10-05T02:47:37.818+0000] {logging_mixin.py:190} INFO - [2024-10-05T02:47:37.817+0000] {dag.py:3239} INFO - Sync 2 DAGs
[2024-10-05T02:47:37.832+0000] {logging_mixin.py:190} INFO - [2024-10-05T02:47:37.832+0000] {dag.py:4180} INFO - Setting next_dagrun for read_dataset_event to 2024-10-04 00:00:00+00:00, run_after=2024-10-05 00:00:00+00:00
[2024-10-05T02:47:37.836+0000] {logging_mixin.py:190} INFO - [2024-10-05T02:47:37.836+0000] {dag.py:4180} INFO - Setting next_dagrun for read_dataset_event_from_classic to 2024-10-04 00:00:00+00:00, run_after=2024-10-05 00:00:00+00:00
[2024-10-05T02:47:37.845+0000] {processor.py:208} INFO - Processing /home/airflow/.local/lib/python3.12/site-packages/airflow/example_dags/example_inlet_event_extra.py took 0.123 seconds
[2024-10-05T02:48:08.174+0000] {processor.py:186} INFO - Started process (PID=442) to work on /home/airflow/.local/lib/python3.12/site-packages/airflow/example_dags/example_inlet_event_extra.py
[2024-10-05T02:48:08.175+0000] {processor.py:914} INFO - Processing file /home/airflow/.local/lib/python3.12/site-packages/airflow/example_dags/example_inlet_event_extra.py for tasks to queue
[2024-10-05T02:48:08.176+0000] {logging_mixin.py:190} INFO - [2024-10-05T02:48:08.176+0000] {dagbag.py:588} INFO - Filling up the DagBag from /home/airflow/.local/lib/python3.12/site-packages/airflow/example_dags/example_inlet_event_extra.py
[2024-10-05T02:48:08.255+0000] {processor.py:925} INFO - DAG(s) 'read_dataset_event_from_classic', 'read_dataset_event' retrieved from /home/airflow/.local/lib/python3.12/site-packages/airflow/example_dags/example_inlet_event_extra.py
[2024-10-05T02:48:08.268+0000] {logging_mixin.py:190} INFO - [2024-10-05T02:48:08.268+0000] {dag.py:3239} INFO - Sync 2 DAGs
[2024-10-05T02:48:08.282+0000] {logging_mixin.py:190} INFO - [2024-10-05T02:48:08.282+0000] {dag.py:4180} INFO - Setting next_dagrun for read_dataset_event to 2024-10-04 00:00:00+00:00, run_after=2024-10-05 00:00:00+00:00
[2024-10-05T02:48:08.284+0000] {logging_mixin.py:190} INFO - [2024-10-05T02:48:08.284+0000] {dag.py:4180} INFO - Setting next_dagrun for read_dataset_event_from_classic to 2024-10-04 00:00:00+00:00, run_after=2024-10-05 00:00:00+00:00
[2024-10-05T02:48:08.295+0000] {processor.py:208} INFO - Processing /home/airflow/.local/lib/python3.12/site-packages/airflow/example_dags/example_inlet_event_extra.py took 0.124 seconds
[2024-10-05T02:48:39.318+0000] {processor.py:186} INFO - Started process (PID=505) to work on /home/airflow/.local/lib/python3.12/site-packages/airflow/example_dags/example_inlet_event_extra.py
[2024-10-05T02:48:39.319+0000] {processor.py:914} INFO - Processing file /home/airflow/.local/lib/python3.12/site-packages/airflow/example_dags/example_inlet_event_extra.py for tasks to queue
[2024-10-05T02:48:39.320+0000] {logging_mixin.py:190} INFO - [2024-10-05T02:48:39.320+0000] {dagbag.py:588} INFO - Filling up the DagBag from /home/airflow/.local/lib/python3.12/site-packages/airflow/example_dags/example_inlet_event_extra.py
[2024-10-05T02:48:39.401+0000] {processor.py:925} INFO - DAG(s) 'read_dataset_event_from_classic', 'read_dataset_event' retrieved from /home/airflow/.local/lib/python3.12/site-packages/airflow/example_dags/example_inlet_event_extra.py
[2024-10-05T02:48:39.412+0000] {logging_mixin.py:190} INFO - [2024-10-05T02:48:39.412+0000] {dag.py:3239} INFO - Sync 2 DAGs
[2024-10-05T02:48:39.426+0000] {logging_mixin.py:190} INFO - [2024-10-05T02:48:39.426+0000] {dag.py:4180} INFO - Setting next_dagrun for read_dataset_event to 2024-10-04 00:00:00+00:00, run_after=2024-10-05 00:00:00+00:00
[2024-10-05T02:48:39.429+0000] {logging_mixin.py:190} INFO - [2024-10-05T02:48:39.429+0000] {dag.py:4180} INFO - Setting next_dagrun for read_dataset_event_from_classic to 2024-10-04 00:00:00+00:00, run_after=2024-10-05 00:00:00+00:00
[2024-10-05T02:48:39.439+0000] {processor.py:208} INFO - Processing /home/airflow/.local/lib/python3.12/site-packages/airflow/example_dags/example_inlet_event_extra.py took 0.125 seconds
[2024-10-05T02:49:10.248+0000] {processor.py:186} INFO - Started process (PID=567) to work on /home/airflow/.local/lib/python3.12/site-packages/airflow/example_dags/example_inlet_event_extra.py
[2024-10-05T02:49:10.255+0000] {processor.py:914} INFO - Processing file /home/airflow/.local/lib/python3.12/site-packages/airflow/example_dags/example_inlet_event_extra.py for tasks to queue
[2024-10-05T02:49:10.256+0000] {logging_mixin.py:190} INFO - [2024-10-05T02:49:10.256+0000] {dagbag.py:588} INFO - Filling up the DagBag from /home/airflow/.local/lib/python3.12/site-packages/airflow/example_dags/example_inlet_event_extra.py
[2024-10-05T02:49:10.336+0000] {processor.py:925} INFO - DAG(s) 'read_dataset_event_from_classic', 'read_dataset_event' retrieved from /home/airflow/.local/lib/python3.12/site-packages/airflow/example_dags/example_inlet_event_extra.py
[2024-10-05T02:49:10.348+0000] {logging_mixin.py:190} INFO - [2024-10-05T02:49:10.347+0000] {dag.py:3239} INFO - Sync 2 DAGs
[2024-10-05T02:49:10.363+0000] {logging_mixin.py:190} INFO - [2024-10-05T02:49:10.363+0000] {dag.py:4180} INFO - Setting next_dagrun for read_dataset_event to 2024-10-04 00:00:00+00:00, run_after=2024-10-05 00:00:00+00:00
[2024-10-05T02:49:10.366+0000] {logging_mixin.py:190} INFO - [2024-10-05T02:49:10.366+0000] {dag.py:4180} INFO - Setting next_dagrun for read_dataset_event_from_classic to 2024-10-04 00:00:00+00:00, run_after=2024-10-05 00:00:00+00:00
[2024-10-05T02:49:10.377+0000] {processor.py:208} INFO - Processing /home/airflow/.local/lib/python3.12/site-packages/airflow/example_dags/example_inlet_event_extra.py took 0.133 seconds
[2024-10-05T02:49:40.927+0000] {processor.py:186} INFO - Started process (PID=635) to work on /home/airflow/.local/lib/python3.12/site-packages/airflow/example_dags/example_inlet_event_extra.py
[2024-10-05T02:49:40.928+0000] {processor.py:914} INFO - Processing file /home/airflow/.local/lib/python3.12/site-packages/airflow/example_dags/example_inlet_event_extra.py for tasks to queue
[2024-10-05T02:49:40.929+0000] {logging_mixin.py:190} INFO - [2024-10-05T02:49:40.929+0000] {dagbag.py:588} INFO - Filling up the DagBag from /home/airflow/.local/lib/python3.12/site-packages/airflow/example_dags/example_inlet_event_extra.py
[2024-10-05T02:49:41.004+0000] {processor.py:925} INFO - DAG(s) 'read_dataset_event_from_classic', 'read_dataset_event' retrieved from /home/airflow/.local/lib/python3.12/site-packages/airflow/example_dags/example_inlet_event_extra.py
[2024-10-05T02:49:41.014+0000] {logging_mixin.py:190} INFO - [2024-10-05T02:49:41.014+0000] {dag.py:3239} INFO - Sync 2 DAGs
[2024-10-05T02:49:41.027+0000] {logging_mixin.py:190} INFO - [2024-10-05T02:49:41.027+0000] {dag.py:4180} INFO - Setting next_dagrun for read_dataset_event to 2024-10-04 00:00:00+00:00, run_after=2024-10-05 00:00:00+00:00
[2024-10-05T02:49:41.029+0000] {logging_mixin.py:190} INFO - [2024-10-05T02:49:41.029+0000] {dag.py:4180} INFO - Setting next_dagrun for read_dataset_event_from_classic to 2024-10-04 00:00:00+00:00, run_after=2024-10-05 00:00:00+00:00
[2024-10-05T02:49:41.037+0000] {processor.py:208} INFO - Processing /home/airflow/.local/lib/python3.12/site-packages/airflow/example_dags/example_inlet_event_extra.py took 0.113 seconds
[2024-10-05T02:50:11.467+0000] {processor.py:186} INFO - Started process (PID=712) to work on /home/airflow/.local/lib/python3.12/site-packages/airflow/example_dags/example_inlet_event_extra.py
[2024-10-05T02:50:11.474+0000] {processor.py:914} INFO - Processing file /home/airflow/.local/lib/python3.12/site-packages/airflow/example_dags/example_inlet_event_extra.py for tasks to queue
[2024-10-05T02:50:11.476+0000] {logging_mixin.py:190} INFO - [2024-10-05T02:50:11.475+0000] {dagbag.py:588} INFO - Filling up the DagBag from /home/airflow/.local/lib/python3.12/site-packages/airflow/example_dags/example_inlet_event_extra.py
[2024-10-05T02:50:11.552+0000] {processor.py:925} INFO - DAG(s) 'read_dataset_event_from_classic', 'read_dataset_event' retrieved from /home/airflow/.local/lib/python3.12/site-packages/airflow/example_dags/example_inlet_event_extra.py
[2024-10-05T02:50:11.564+0000] {logging_mixin.py:190} INFO - [2024-10-05T02:50:11.563+0000] {dag.py:3239} INFO - Sync 2 DAGs
[2024-10-05T02:50:11.579+0000] {logging_mixin.py:190} INFO - [2024-10-05T02:50:11.579+0000] {dag.py:4180} INFO - Setting next_dagrun for read_dataset_event to 2024-10-04 00:00:00+00:00, run_after=2024-10-05 00:00:00+00:00
[2024-10-05T02:50:11.582+0000] {logging_mixin.py:190} INFO - [2024-10-05T02:50:11.582+0000] {dag.py:4180} INFO - Setting next_dagrun for read_dataset_event_from_classic to 2024-10-04 00:00:00+00:00, run_after=2024-10-05 00:00:00+00:00
[2024-10-05T02:50:11.591+0000] {processor.py:208} INFO - Processing /home/airflow/.local/lib/python3.12/site-packages/airflow/example_dags/example_inlet_event_extra.py took 0.127 seconds
[2024-10-05T02:50:41.923+0000] {processor.py:186} INFO - Started process (PID=780) to work on /home/airflow/.local/lib/python3.12/site-packages/airflow/example_dags/example_inlet_event_extra.py
[2024-10-05T02:50:41.924+0000] {processor.py:914} INFO - Processing file /home/airflow/.local/lib/python3.12/site-packages/airflow/example_dags/example_inlet_event_extra.py for tasks to queue
[2024-10-05T02:50:41.925+0000] {logging_mixin.py:190} INFO - [2024-10-05T02:50:41.925+0000] {dagbag.py:588} INFO - Filling up the DagBag from /home/airflow/.local/lib/python3.12/site-packages/airflow/example_dags/example_inlet_event_extra.py
[2024-10-05T02:50:42.000+0000] {processor.py:925} INFO - DAG(s) 'read_dataset_event', 'read_dataset_event_from_classic' retrieved from /home/airflow/.local/lib/python3.12/site-packages/airflow/example_dags/example_inlet_event_extra.py
[2024-10-05T02:50:42.011+0000] {logging_mixin.py:190} INFO - [2024-10-05T02:50:42.010+0000] {dag.py:3239} INFO - Sync 2 DAGs
[2024-10-05T02:50:42.023+0000] {logging_mixin.py:190} INFO - [2024-10-05T02:50:42.023+0000] {dag.py:4180} INFO - Setting next_dagrun for read_dataset_event to 2024-10-04 00:00:00+00:00, run_after=2024-10-05 00:00:00+00:00
[2024-10-05T02:50:42.026+0000] {logging_mixin.py:190} INFO - [2024-10-05T02:50:42.025+0000] {dag.py:4180} INFO - Setting next_dagrun for read_dataset_event_from_classic to 2024-10-04 00:00:00+00:00, run_after=2024-10-05 00:00:00+00:00
[2024-10-05T02:50:42.034+0000] {processor.py:208} INFO - Processing /home/airflow/.local/lib/python3.12/site-packages/airflow/example_dags/example_inlet_event_extra.py took 0.114 seconds
[2024-10-05T02:51:12.473+0000] {processor.py:186} INFO - Started process (PID=842) to work on /home/airflow/.local/lib/python3.12/site-packages/airflow/example_dags/example_inlet_event_extra.py
[2024-10-05T02:51:12.473+0000] {processor.py:914} INFO - Processing file /home/airflow/.local/lib/python3.12/site-packages/airflow/example_dags/example_inlet_event_extra.py for tasks to queue
[2024-10-05T02:51:12.474+0000] {logging_mixin.py:190} INFO - [2024-10-05T02:51:12.474+0000] {dagbag.py:588} INFO - Filling up the DagBag from /home/airflow/.local/lib/python3.12/site-packages/airflow/example_dags/example_inlet_event_extra.py
[2024-10-05T02:51:12.549+0000] {processor.py:925} INFO - DAG(s) 'read_dataset_event_from_classic', 'read_dataset_event' retrieved from /home/airflow/.local/lib/python3.12/site-packages/airflow/example_dags/example_inlet_event_extra.py
[2024-10-05T02:51:12.563+0000] {logging_mixin.py:190} INFO - [2024-10-05T02:51:12.563+0000] {dag.py:3239} INFO - Sync 2 DAGs
[2024-10-05T02:51:12.578+0000] {logging_mixin.py:190} INFO - [2024-10-05T02:51:12.578+0000] {dag.py:4180} INFO - Setting next_dagrun for read_dataset_event to 2024-10-04 00:00:00+00:00, run_after=2024-10-05 00:00:00+00:00
[2024-10-05T02:51:12.580+0000] {logging_mixin.py:190} INFO - [2024-10-05T02:51:12.580+0000] {dag.py:4180} INFO - Setting next_dagrun for read_dataset_event_from_classic to 2024-10-04 00:00:00+00:00, run_after=2024-10-05 00:00:00+00:00
[2024-10-05T02:51:12.590+0000] {processor.py:208} INFO - Processing /home/airflow/.local/lib/python3.12/site-packages/airflow/example_dags/example_inlet_event_extra.py took 0.120 seconds
[2024-10-05T02:51:42.862+0000] {processor.py:186} INFO - Started process (PID=904) to work on /home/airflow/.local/lib/python3.12/site-packages/airflow/example_dags/example_inlet_event_extra.py
[2024-10-05T02:51:42.863+0000] {processor.py:914} INFO - Processing file /home/airflow/.local/lib/python3.12/site-packages/airflow/example_dags/example_inlet_event_extra.py for tasks to queue
[2024-10-05T02:51:42.865+0000] {logging_mixin.py:190} INFO - [2024-10-05T02:51:42.864+0000] {dagbag.py:588} INFO - Filling up the DagBag from /home/airflow/.local/lib/python3.12/site-packages/airflow/example_dags/example_inlet_event_extra.py
[2024-10-05T02:51:42.943+0000] {processor.py:925} INFO - DAG(s) 'read_dataset_event', 'read_dataset_event_from_classic' retrieved from /home/airflow/.local/lib/python3.12/site-packages/airflow/example_dags/example_inlet_event_extra.py
[2024-10-05T02:51:42.956+0000] {logging_mixin.py:190} INFO - [2024-10-05T02:51:42.955+0000] {dag.py:3239} INFO - Sync 2 DAGs
[2024-10-05T02:51:42.971+0000] {logging_mixin.py:190} INFO - [2024-10-05T02:51:42.971+0000] {dag.py:4180} INFO - Setting next_dagrun for read_dataset_event to 2024-10-04 00:00:00+00:00, run_after=2024-10-05 00:00:00+00:00
[2024-10-05T02:51:42.974+0000] {logging_mixin.py:190} INFO - [2024-10-05T02:51:42.973+0000] {dag.py:4180} INFO - Setting next_dagrun for read_dataset_event_from_classic to 2024-10-04 00:00:00+00:00, run_after=2024-10-05 00:00:00+00:00
[2024-10-05T02:51:42.983+0000] {processor.py:208} INFO - Processing /home/airflow/.local/lib/python3.12/site-packages/airflow/example_dags/example_inlet_event_extra.py took 0.124 seconds
[2024-10-05T02:52:13.563+0000] {processor.py:186} INFO - Started process (PID=966) to work on /home/airflow/.local/lib/python3.12/site-packages/airflow/example_dags/example_inlet_event_extra.py
[2024-10-05T02:52:13.564+0000] {processor.py:914} INFO - Processing file /home/airflow/.local/lib/python3.12/site-packages/airflow/example_dags/example_inlet_event_extra.py for tasks to queue
[2024-10-05T02:52:13.566+0000] {logging_mixin.py:190} INFO - [2024-10-05T02:52:13.565+0000] {dagbag.py:588} INFO - Filling up the DagBag from /home/airflow/.local/lib/python3.12/site-packages/airflow/example_dags/example_inlet_event_extra.py
[2024-10-05T02:52:13.640+0000] {processor.py:925} INFO - DAG(s) 'read_dataset_event_from_classic', 'read_dataset_event' retrieved from /home/airflow/.local/lib/python3.12/site-packages/airflow/example_dags/example_inlet_event_extra.py
[2024-10-05T02:52:13.651+0000] {logging_mixin.py:190} INFO - [2024-10-05T02:52:13.650+0000] {dag.py:3239} INFO - Sync 2 DAGs
[2024-10-05T02:52:13.664+0000] {logging_mixin.py:190} INFO - [2024-10-05T02:52:13.664+0000] {dag.py:4180} INFO - Setting next_dagrun for read_dataset_event to 2024-10-04 00:00:00+00:00, run_after=2024-10-05 00:00:00+00:00
[2024-10-05T02:52:13.667+0000] {logging_mixin.py:190} INFO - [2024-10-05T02:52:13.667+0000] {dag.py:4180} INFO - Setting next_dagrun for read_dataset_event_from_classic to 2024-10-04 00:00:00+00:00, run_after=2024-10-05 00:00:00+00:00
[2024-10-05T02:52:13.675+0000] {processor.py:208} INFO - Processing /home/airflow/.local/lib/python3.12/site-packages/airflow/example_dags/example_inlet_event_extra.py took 0.115 seconds
[2024-10-05T02:52:44.420+0000] {processor.py:186} INFO - Started process (PID=1028) to work on /home/airflow/.local/lib/python3.12/site-packages/airflow/example_dags/example_inlet_event_extra.py
[2024-10-05T02:52:44.420+0000] {processor.py:914} INFO - Processing file /home/airflow/.local/lib/python3.12/site-packages/airflow/example_dags/example_inlet_event_extra.py for tasks to queue
[2024-10-05T02:52:44.422+0000] {logging_mixin.py:190} INFO - [2024-10-05T02:52:44.421+0000] {dagbag.py:588} INFO - Filling up the DagBag from /home/airflow/.local/lib/python3.12/site-packages/airflow/example_dags/example_inlet_event_extra.py
[2024-10-05T02:52:44.496+0000] {processor.py:925} INFO - DAG(s) 'read_dataset_event', 'read_dataset_event_from_classic' retrieved from /home/airflow/.local/lib/python3.12/site-packages/airflow/example_dags/example_inlet_event_extra.py
[2024-10-05T02:52:44.508+0000] {logging_mixin.py:190} INFO - [2024-10-05T02:52:44.508+0000] {dag.py:3239} INFO - Sync 2 DAGs
[2024-10-05T02:52:44.523+0000] {logging_mixin.py:190} INFO - [2024-10-05T02:52:44.523+0000] {dag.py:4180} INFO - Setting next_dagrun for read_dataset_event to 2024-10-04 00:00:00+00:00, run_after=2024-10-05 00:00:00+00:00
[2024-10-05T02:52:44.526+0000] {logging_mixin.py:190} INFO - [2024-10-05T02:52:44.526+0000] {dag.py:4180} INFO - Setting next_dagrun for read_dataset_event_from_classic to 2024-10-04 00:00:00+00:00, run_after=2024-10-05 00:00:00+00:00
[2024-10-05T02:52:44.535+0000] {processor.py:208} INFO - Processing /home/airflow/.local/lib/python3.12/site-packages/airflow/example_dags/example_inlet_event_extra.py took 0.118 seconds
[2024-10-05T02:53:15.238+0000] {processor.py:186} INFO - Started process (PID=1090) to work on /home/airflow/.local/lib/python3.12/site-packages/airflow/example_dags/example_inlet_event_extra.py
[2024-10-05T02:53:15.246+0000] {processor.py:914} INFO - Processing file /home/airflow/.local/lib/python3.12/site-packages/airflow/example_dags/example_inlet_event_extra.py for tasks to queue
[2024-10-05T02:53:15.247+0000] {logging_mixin.py:190} INFO - [2024-10-05T02:53:15.247+0000] {dagbag.py:588} INFO - Filling up the DagBag from /home/airflow/.local/lib/python3.12/site-packages/airflow/example_dags/example_inlet_event_extra.py
[2024-10-05T02:53:15.321+0000] {processor.py:925} INFO - DAG(s) 'read_dataset_event', 'read_dataset_event_from_classic' retrieved from /home/airflow/.local/lib/python3.12/site-packages/airflow/example_dags/example_inlet_event_extra.py
[2024-10-05T02:53:15.332+0000] {logging_mixin.py:190} INFO - [2024-10-05T02:53:15.332+0000] {dag.py:3239} INFO - Sync 2 DAGs
[2024-10-05T02:53:15.347+0000] {logging_mixin.py:190} INFO - [2024-10-05T02:53:15.347+0000] {dag.py:4180} INFO - Setting next_dagrun for read_dataset_event to 2024-10-04 00:00:00+00:00, run_after=2024-10-05 00:00:00+00:00
[2024-10-05T02:53:15.350+0000] {logging_mixin.py:190} INFO - [2024-10-05T02:53:15.350+0000] {dag.py:4180} INFO - Setting next_dagrun for read_dataset_event_from_classic to 2024-10-04 00:00:00+00:00, run_after=2024-10-05 00:00:00+00:00
[2024-10-05T02:53:15.359+0000] {processor.py:208} INFO - Processing /home/airflow/.local/lib/python3.12/site-packages/airflow/example_dags/example_inlet_event_extra.py took 0.125 seconds
[2024-10-05T02:53:45.977+0000] {processor.py:186} INFO - Started process (PID=1152) to work on /home/airflow/.local/lib/python3.12/site-packages/airflow/example_dags/example_inlet_event_extra.py
[2024-10-05T02:53:45.978+0000] {processor.py:914} INFO - Processing file /home/airflow/.local/lib/python3.12/site-packages/airflow/example_dags/example_inlet_event_extra.py for tasks to queue
[2024-10-05T02:53:45.979+0000] {logging_mixin.py:190} INFO - [2024-10-05T02:53:45.979+0000] {dagbag.py:588} INFO - Filling up the DagBag from /home/airflow/.local/lib/python3.12/site-packages/airflow/example_dags/example_inlet_event_extra.py
[2024-10-05T02:53:46.055+0000] {processor.py:925} INFO - DAG(s) 'read_dataset_event', 'read_dataset_event_from_classic' retrieved from /home/airflow/.local/lib/python3.12/site-packages/airflow/example_dags/example_inlet_event_extra.py
[2024-10-05T02:53:46.068+0000] {logging_mixin.py:190} INFO - [2024-10-05T02:53:46.068+0000] {dag.py:3239} INFO - Sync 2 DAGs
[2024-10-05T02:53:46.081+0000] {logging_mixin.py:190} INFO - [2024-10-05T02:53:46.081+0000] {dag.py:4180} INFO - Setting next_dagrun for read_dataset_event to 2024-10-04 00:00:00+00:00, run_after=2024-10-05 00:00:00+00:00
[2024-10-05T02:53:46.084+0000] {logging_mixin.py:190} INFO - [2024-10-05T02:53:46.084+0000] {dag.py:4180} INFO - Setting next_dagrun for read_dataset_event_from_classic to 2024-10-04 00:00:00+00:00, run_after=2024-10-05 00:00:00+00:00
[2024-10-05T02:53:46.092+0000] {processor.py:208} INFO - Processing /home/airflow/.local/lib/python3.12/site-packages/airflow/example_dags/example_inlet_event_extra.py took 0.119 seconds
[2024-10-05T02:54:17.063+0000] {processor.py:186} INFO - Started process (PID=1215) to work on /home/airflow/.local/lib/python3.12/site-packages/airflow/example_dags/example_inlet_event_extra.py
[2024-10-05T02:54:17.063+0000] {processor.py:914} INFO - Processing file /home/airflow/.local/lib/python3.12/site-packages/airflow/example_dags/example_inlet_event_extra.py for tasks to queue
[2024-10-05T02:54:17.064+0000] {logging_mixin.py:190} INFO - [2024-10-05T02:54:17.064+0000] {dagbag.py:588} INFO - Filling up the DagBag from /home/airflow/.local/lib/python3.12/site-packages/airflow/example_dags/example_inlet_event_extra.py
[2024-10-05T02:54:17.143+0000] {processor.py:925} INFO - DAG(s) 'read_dataset_event', 'read_dataset_event_from_classic' retrieved from /home/airflow/.local/lib/python3.12/site-packages/airflow/example_dags/example_inlet_event_extra.py
[2024-10-05T02:54:17.154+0000] {logging_mixin.py:190} INFO - [2024-10-05T02:54:17.153+0000] {dag.py:3239} INFO - Sync 2 DAGs
[2024-10-05T02:54:17.167+0000] {logging_mixin.py:190} INFO - [2024-10-05T02:54:17.167+0000] {dag.py:4180} INFO - Setting next_dagrun for read_dataset_event to 2024-10-04 00:00:00+00:00, run_after=2024-10-05 00:00:00+00:00
[2024-10-05T02:54:17.169+0000] {logging_mixin.py:190} INFO - [2024-10-05T02:54:17.169+0000] {dag.py:4180} INFO - Setting next_dagrun for read_dataset_event_from_classic to 2024-10-04 00:00:00+00:00, run_after=2024-10-05 00:00:00+00:00
[2024-10-05T02:54:17.178+0000] {processor.py:208} INFO - Processing /home/airflow/.local/lib/python3.12/site-packages/airflow/example_dags/example_inlet_event_extra.py took 0.119 seconds
[2024-10-05T02:54:47.316+0000] {processor.py:186} INFO - Started process (PID=1277) to work on /home/airflow/.local/lib/python3.12/site-packages/airflow/example_dags/example_inlet_event_extra.py
[2024-10-05T02:54:47.323+0000] {processor.py:914} INFO - Processing file /home/airflow/.local/lib/python3.12/site-packages/airflow/example_dags/example_inlet_event_extra.py for tasks to queue
[2024-10-05T02:54:47.324+0000] {logging_mixin.py:190} INFO - [2024-10-05T02:54:47.324+0000] {dagbag.py:588} INFO - Filling up the DagBag from /home/airflow/.local/lib/python3.12/site-packages/airflow/example_dags/example_inlet_event_extra.py
[2024-10-05T02:54:47.401+0000] {processor.py:925} INFO - DAG(s) 'read_dataset_event', 'read_dataset_event_from_classic' retrieved from /home/airflow/.local/lib/python3.12/site-packages/airflow/example_dags/example_inlet_event_extra.py
[2024-10-05T02:54:47.413+0000] {logging_mixin.py:190} INFO - [2024-10-05T02:54:47.412+0000] {dag.py:3239} INFO - Sync 2 DAGs
[2024-10-05T02:54:47.427+0000] {logging_mixin.py:190} INFO - [2024-10-05T02:54:47.427+0000] {dag.py:4180} INFO - Setting next_dagrun for read_dataset_event to 2024-10-04 00:00:00+00:00, run_after=2024-10-05 00:00:00+00:00
[2024-10-05T02:54:47.430+0000] {logging_mixin.py:190} INFO - [2024-10-05T02:54:47.430+0000] {dag.py:4180} INFO - Setting next_dagrun for read_dataset_event_from_classic to 2024-10-04 00:00:00+00:00, run_after=2024-10-05 00:00:00+00:00
[2024-10-05T02:54:47.440+0000] {processor.py:208} INFO - Processing /home/airflow/.local/lib/python3.12/site-packages/airflow/example_dags/example_inlet_event_extra.py took 0.127 seconds
[2024-10-05T02:55:17.860+0000] {processor.py:186} INFO - Started process (PID=1345) to work on /home/airflow/.local/lib/python3.12/site-packages/airflow/example_dags/example_inlet_event_extra.py
[2024-10-05T02:55:17.867+0000] {processor.py:914} INFO - Processing file /home/airflow/.local/lib/python3.12/site-packages/airflow/example_dags/example_inlet_event_extra.py for tasks to queue
[2024-10-05T02:55:17.868+0000] {logging_mixin.py:190} INFO - [2024-10-05T02:55:17.868+0000] {dagbag.py:588} INFO - Filling up the DagBag from /home/airflow/.local/lib/python3.12/site-packages/airflow/example_dags/example_inlet_event_extra.py
[2024-10-05T02:55:17.946+0000] {processor.py:925} INFO - DAG(s) 'read_dataset_event_from_classic', 'read_dataset_event' retrieved from /home/airflow/.local/lib/python3.12/site-packages/airflow/example_dags/example_inlet_event_extra.py
[2024-10-05T02:55:17.957+0000] {logging_mixin.py:190} INFO - [2024-10-05T02:55:17.957+0000] {dag.py:3239} INFO - Sync 2 DAGs
[2024-10-05T02:55:17.970+0000] {logging_mixin.py:190} INFO - [2024-10-05T02:55:17.970+0000] {dag.py:4180} INFO - Setting next_dagrun for read_dataset_event to 2024-10-04 00:00:00+00:00, run_after=2024-10-05 00:00:00+00:00
[2024-10-05T02:55:17.973+0000] {logging_mixin.py:190} INFO - [2024-10-05T02:55:17.973+0000] {dag.py:4180} INFO - Setting next_dagrun for read_dataset_event_from_classic to 2024-10-04 00:00:00+00:00, run_after=2024-10-05 00:00:00+00:00
[2024-10-05T02:55:17.981+0000] {processor.py:208} INFO - Processing /home/airflow/.local/lib/python3.12/site-packages/airflow/example_dags/example_inlet_event_extra.py took 0.125 seconds
[2024-10-05T02:55:48.826+0000] {processor.py:186} INFO - Started process (PID=1407) to work on /home/airflow/.local/lib/python3.12/site-packages/airflow/example_dags/example_inlet_event_extra.py
[2024-10-05T02:55:48.827+0000] {processor.py:914} INFO - Processing file /home/airflow/.local/lib/python3.12/site-packages/airflow/example_dags/example_inlet_event_extra.py for tasks to queue
[2024-10-05T02:55:48.829+0000] {logging_mixin.py:190} INFO - [2024-10-05T02:55:48.828+0000] {dagbag.py:588} INFO - Filling up the DagBag from /home/airflow/.local/lib/python3.12/site-packages/airflow/example_dags/example_inlet_event_extra.py
[2024-10-05T02:55:48.903+0000] {processor.py:925} INFO - DAG(s) 'read_dataset_event', 'read_dataset_event_from_classic' retrieved from /home/airflow/.local/lib/python3.12/site-packages/airflow/example_dags/example_inlet_event_extra.py
[2024-10-05T02:55:48.915+0000] {logging_mixin.py:190} INFO - [2024-10-05T02:55:48.915+0000] {dag.py:3239} INFO - Sync 2 DAGs
[2024-10-05T02:55:48.927+0000] {logging_mixin.py:190} INFO - [2024-10-05T02:55:48.927+0000] {dag.py:4180} INFO - Setting next_dagrun for read_dataset_event to 2024-10-04 00:00:00+00:00, run_after=2024-10-05 00:00:00+00:00
[2024-10-05T02:55:48.930+0000] {logging_mixin.py:190} INFO - [2024-10-05T02:55:48.930+0000] {dag.py:4180} INFO - Setting next_dagrun for read_dataset_event_from_classic to 2024-10-04 00:00:00+00:00, run_after=2024-10-05 00:00:00+00:00
[2024-10-05T02:55:48.938+0000] {processor.py:208} INFO - Processing /home/airflow/.local/lib/python3.12/site-packages/airflow/example_dags/example_inlet_event_extra.py took 0.115 seconds
[2024-10-05T02:56:19.107+0000] {processor.py:186} INFO - Started process (PID=1469) to work on /home/airflow/.local/lib/python3.12/site-packages/airflow/example_dags/example_inlet_event_extra.py
[2024-10-05T02:56:19.108+0000] {processor.py:914} INFO - Processing file /home/airflow/.local/lib/python3.12/site-packages/airflow/example_dags/example_inlet_event_extra.py for tasks to queue
[2024-10-05T02:56:19.109+0000] {logging_mixin.py:190} INFO - [2024-10-05T02:56:19.109+0000] {dagbag.py:588} INFO - Filling up the DagBag from /home/airflow/.local/lib/python3.12/site-packages/airflow/example_dags/example_inlet_event_extra.py
[2024-10-05T02:56:19.187+0000] {processor.py:925} INFO - DAG(s) 'read_dataset_event', 'read_dataset_event_from_classic' retrieved from /home/airflow/.local/lib/python3.12/site-packages/airflow/example_dags/example_inlet_event_extra.py
[2024-10-05T02:56:19.198+0000] {logging_mixin.py:190} INFO - [2024-10-05T02:56:19.198+0000] {dag.py:3239} INFO - Sync 2 DAGs
[2024-10-05T02:56:19.212+0000] {logging_mixin.py:190} INFO - [2024-10-05T02:56:19.212+0000] {dag.py:4180} INFO - Setting next_dagrun for read_dataset_event to 2024-10-04 00:00:00+00:00, run_after=2024-10-05 00:00:00+00:00
[2024-10-05T02:56:19.214+0000] {logging_mixin.py:190} INFO - [2024-10-05T02:56:19.214+0000] {dag.py:4180} INFO - Setting next_dagrun for read_dataset_event_from_classic to 2024-10-04 00:00:00+00:00, run_after=2024-10-05 00:00:00+00:00
[2024-10-05T02:56:19.223+0000] {processor.py:208} INFO - Processing /home/airflow/.local/lib/python3.12/site-packages/airflow/example_dags/example_inlet_event_extra.py took 0.120 seconds
[2024-10-05T02:56:49.447+0000] {processor.py:186} INFO - Started process (PID=1531) to work on /home/airflow/.local/lib/python3.12/site-packages/airflow/example_dags/example_inlet_event_extra.py
[2024-10-05T02:56:49.455+0000] {processor.py:914} INFO - Processing file /home/airflow/.local/lib/python3.12/site-packages/airflow/example_dags/example_inlet_event_extra.py for tasks to queue
[2024-10-05T02:56:49.456+0000] {logging_mixin.py:190} INFO - [2024-10-05T02:56:49.456+0000] {dagbag.py:588} INFO - Filling up the DagBag from /home/airflow/.local/lib/python3.12/site-packages/airflow/example_dags/example_inlet_event_extra.py
[2024-10-05T02:56:49.530+0000] {processor.py:925} INFO - DAG(s) 'read_dataset_event', 'read_dataset_event_from_classic' retrieved from /home/airflow/.local/lib/python3.12/site-packages/airflow/example_dags/example_inlet_event_extra.py
[2024-10-05T02:56:49.542+0000] {logging_mixin.py:190} INFO - [2024-10-05T02:56:49.542+0000] {dag.py:3239} INFO - Sync 2 DAGs
[2024-10-05T02:56:49.555+0000] {logging_mixin.py:190} INFO - [2024-10-05T02:56:49.555+0000] {dag.py:4180} INFO - Setting next_dagrun for read_dataset_event to 2024-10-04 00:00:00+00:00, run_after=2024-10-05 00:00:00+00:00
[2024-10-05T02:56:49.558+0000] {logging_mixin.py:190} INFO - [2024-10-05T02:56:49.558+0000] {dag.py:4180} INFO - Setting next_dagrun for read_dataset_event_from_classic to 2024-10-04 00:00:00+00:00, run_after=2024-10-05 00:00:00+00:00
[2024-10-05T02:56:49.566+0000] {processor.py:208} INFO - Processing /home/airflow/.local/lib/python3.12/site-packages/airflow/example_dags/example_inlet_event_extra.py took 0.123 seconds
[2024-10-05T02:57:19.850+0000] {processor.py:186} INFO - Started process (PID=1593) to work on /home/airflow/.local/lib/python3.12/site-packages/airflow/example_dags/example_inlet_event_extra.py
[2024-10-05T02:57:19.851+0000] {processor.py:914} INFO - Processing file /home/airflow/.local/lib/python3.12/site-packages/airflow/example_dags/example_inlet_event_extra.py for tasks to queue
[2024-10-05T02:57:19.853+0000] {logging_mixin.py:190} INFO - [2024-10-05T02:57:19.853+0000] {dagbag.py:588} INFO - Filling up the DagBag from /home/airflow/.local/lib/python3.12/site-packages/airflow/example_dags/example_inlet_event_extra.py
[2024-10-05T02:57:19.952+0000] {processor.py:925} INFO - DAG(s) 'read_dataset_event', 'read_dataset_event_from_classic' retrieved from /home/airflow/.local/lib/python3.12/site-packages/airflow/example_dags/example_inlet_event_extra.py
[2024-10-05T02:57:19.968+0000] {logging_mixin.py:190} INFO - [2024-10-05T02:57:19.968+0000] {dag.py:3239} INFO - Sync 2 DAGs
[2024-10-05T02:57:19.986+0000] {logging_mixin.py:190} INFO - [2024-10-05T02:57:19.986+0000] {dag.py:4180} INFO - Setting next_dagrun for read_dataset_event to 2024-10-04 00:00:00+00:00, run_after=2024-10-05 00:00:00+00:00
[2024-10-05T02:57:19.990+0000] {logging_mixin.py:190} INFO - [2024-10-05T02:57:19.989+0000] {dag.py:4180} INFO - Setting next_dagrun for read_dataset_event_from_classic to 2024-10-04 00:00:00+00:00, run_after=2024-10-05 00:00:00+00:00
[2024-10-05T02:57:20.002+0000] {processor.py:208} INFO - Processing /home/airflow/.local/lib/python3.12/site-packages/airflow/example_dags/example_inlet_event_extra.py took 0.157 seconds
