[2024-10-05T02:15:06.607+0000] {processor.py:186} INFO - Started process (PID=105) to work on /home/airflow/.local/lib/python3.12/site-packages/airflow/example_dags/example_setup_teardown_taskflow.py
[2024-10-05T02:15:06.608+0000] {processor.py:914} INFO - Processing file /home/airflow/.local/lib/python3.12/site-packages/airflow/example_dags/example_setup_teardown_taskflow.py for tasks to queue
[2024-10-05T02:15:06.609+0000] {logging_mixin.py:190} INFO - [2024-10-05T02:15:06.609+0000] {dagbag.py:588} INFO - Filling up the DagBag from /home/airflow/.local/lib/python3.12/site-packages/airflow/example_dags/example_setup_teardown_taskflow.py
[2024-10-05T02:15:06.616+0000] {processor.py:925} INFO - DAG(s) 'example_setup_teardown_taskflow' retrieved from /home/airflow/.local/lib/python3.12/site-packages/airflow/example_dags/example_setup_teardown_taskflow.py
[2024-10-05T02:15:06.630+0000] {logging_mixin.py:190} INFO - [2024-10-05T02:15:06.630+0000] {dag.py:3239} INFO - Sync 1 DAGs
[2024-10-05T02:15:06.643+0000] {logging_mixin.py:190} INFO - [2024-10-05T02:15:06.643+0000] {dag.py:4180} INFO - Setting next_dagrun for example_setup_teardown_taskflow to None, run_after=None
[2024-10-05T02:15:06.655+0000] {processor.py:208} INFO - Processing /home/airflow/.local/lib/python3.12/site-packages/airflow/example_dags/example_setup_teardown_taskflow.py took 0.051 seconds
[2024-10-05T02:15:36.997+0000] {processor.py:186} INFO - Started process (PID=173) to work on /home/airflow/.local/lib/python3.12/site-packages/airflow/example_dags/example_setup_teardown_taskflow.py
[2024-10-05T02:15:36.997+0000] {processor.py:914} INFO - Processing file /home/airflow/.local/lib/python3.12/site-packages/airflow/example_dags/example_setup_teardown_taskflow.py for tasks to queue
[2024-10-05T02:15:36.999+0000] {logging_mixin.py:190} INFO - [2024-10-05T02:15:36.999+0000] {dagbag.py:588} INFO - Filling up the DagBag from /home/airflow/.local/lib/python3.12/site-packages/airflow/example_dags/example_setup_teardown_taskflow.py
[2024-10-05T02:15:37.005+0000] {processor.py:925} INFO - DAG(s) 'example_setup_teardown_taskflow' retrieved from /home/airflow/.local/lib/python3.12/site-packages/airflow/example_dags/example_setup_teardown_taskflow.py
[2024-10-05T02:15:37.017+0000] {logging_mixin.py:190} INFO - [2024-10-05T02:15:37.017+0000] {dag.py:3239} INFO - Sync 1 DAGs
[2024-10-05T02:15:37.026+0000] {logging_mixin.py:190} INFO - [2024-10-05T02:15:37.026+0000] {dag.py:4180} INFO - Setting next_dagrun for example_setup_teardown_taskflow to None, run_after=None
[2024-10-05T02:15:37.038+0000] {processor.py:208} INFO - Processing /home/airflow/.local/lib/python3.12/site-packages/airflow/example_dags/example_setup_teardown_taskflow.py took 0.045 seconds
[2024-10-05T02:16:07.840+0000] {processor.py:186} INFO - Started process (PID=235) to work on /home/airflow/.local/lib/python3.12/site-packages/airflow/example_dags/example_setup_teardown_taskflow.py
[2024-10-05T02:16:07.840+0000] {processor.py:914} INFO - Processing file /home/airflow/.local/lib/python3.12/site-packages/airflow/example_dags/example_setup_teardown_taskflow.py for tasks to queue
[2024-10-05T02:16:07.841+0000] {logging_mixin.py:190} INFO - [2024-10-05T02:16:07.841+0000] {dagbag.py:588} INFO - Filling up the DagBag from /home/airflow/.local/lib/python3.12/site-packages/airflow/example_dags/example_setup_teardown_taskflow.py
[2024-10-05T02:16:07.847+0000] {processor.py:925} INFO - DAG(s) 'example_setup_teardown_taskflow' retrieved from /home/airflow/.local/lib/python3.12/site-packages/airflow/example_dags/example_setup_teardown_taskflow.py
[2024-10-05T02:16:07.860+0000] {logging_mixin.py:190} INFO - [2024-10-05T02:16:07.860+0000] {dag.py:3239} INFO - Sync 1 DAGs
[2024-10-05T02:16:07.868+0000] {logging_mixin.py:190} INFO - [2024-10-05T02:16:07.867+0000] {dag.py:4180} INFO - Setting next_dagrun for example_setup_teardown_taskflow to None, run_after=None
[2024-10-05T02:16:07.878+0000] {processor.py:208} INFO - Processing /home/airflow/.local/lib/python3.12/site-packages/airflow/example_dags/example_setup_teardown_taskflow.py took 0.043 seconds
[2024-10-05T02:16:38.188+0000] {processor.py:186} INFO - Started process (PID=297) to work on /home/airflow/.local/lib/python3.12/site-packages/airflow/example_dags/example_setup_teardown_taskflow.py
[2024-10-05T02:16:38.188+0000] {processor.py:914} INFO - Processing file /home/airflow/.local/lib/python3.12/site-packages/airflow/example_dags/example_setup_teardown_taskflow.py for tasks to queue
[2024-10-05T02:16:38.189+0000] {logging_mixin.py:190} INFO - [2024-10-05T02:16:38.189+0000] {dagbag.py:588} INFO - Filling up the DagBag from /home/airflow/.local/lib/python3.12/site-packages/airflow/example_dags/example_setup_teardown_taskflow.py
[2024-10-05T02:16:38.196+0000] {processor.py:925} INFO - DAG(s) 'example_setup_teardown_taskflow' retrieved from /home/airflow/.local/lib/python3.12/site-packages/airflow/example_dags/example_setup_teardown_taskflow.py
[2024-10-05T02:16:38.208+0000] {logging_mixin.py:190} INFO - [2024-10-05T02:16:38.208+0000] {dag.py:3239} INFO - Sync 1 DAGs
[2024-10-05T02:16:38.216+0000] {logging_mixin.py:190} INFO - [2024-10-05T02:16:38.216+0000] {dag.py:4180} INFO - Setting next_dagrun for example_setup_teardown_taskflow to None, run_after=None
[2024-10-05T02:16:38.227+0000] {processor.py:208} INFO - Processing /home/airflow/.local/lib/python3.12/site-packages/airflow/example_dags/example_setup_teardown_taskflow.py took 0.043 seconds
[2024-10-05T02:17:09.261+0000] {processor.py:186} INFO - Started process (PID=359) to work on /home/airflow/.local/lib/python3.12/site-packages/airflow/example_dags/example_setup_teardown_taskflow.py
[2024-10-05T02:17:09.261+0000] {processor.py:914} INFO - Processing file /home/airflow/.local/lib/python3.12/site-packages/airflow/example_dags/example_setup_teardown_taskflow.py for tasks to queue
[2024-10-05T02:17:09.262+0000] {logging_mixin.py:190} INFO - [2024-10-05T02:17:09.262+0000] {dagbag.py:588} INFO - Filling up the DagBag from /home/airflow/.local/lib/python3.12/site-packages/airflow/example_dags/example_setup_teardown_taskflow.py
[2024-10-05T02:17:09.268+0000] {processor.py:925} INFO - DAG(s) 'example_setup_teardown_taskflow' retrieved from /home/airflow/.local/lib/python3.12/site-packages/airflow/example_dags/example_setup_teardown_taskflow.py
[2024-10-05T02:17:09.280+0000] {logging_mixin.py:190} INFO - [2024-10-05T02:17:09.280+0000] {dag.py:3239} INFO - Sync 1 DAGs
[2024-10-05T02:17:09.287+0000] {logging_mixin.py:190} INFO - [2024-10-05T02:17:09.287+0000] {dag.py:4180} INFO - Setting next_dagrun for example_setup_teardown_taskflow to None, run_after=None
[2024-10-05T02:17:09.297+0000] {processor.py:208} INFO - Processing /home/airflow/.local/lib/python3.12/site-packages/airflow/example_dags/example_setup_teardown_taskflow.py took 0.040 seconds
[2024-10-05T02:17:40.126+0000] {processor.py:186} INFO - Started process (PID=421) to work on /home/airflow/.local/lib/python3.12/site-packages/airflow/example_dags/example_setup_teardown_taskflow.py
[2024-10-05T02:17:40.127+0000] {processor.py:914} INFO - Processing file /home/airflow/.local/lib/python3.12/site-packages/airflow/example_dags/example_setup_teardown_taskflow.py for tasks to queue
[2024-10-05T02:17:40.128+0000] {logging_mixin.py:190} INFO - [2024-10-05T02:17:40.128+0000] {dagbag.py:588} INFO - Filling up the DagBag from /home/airflow/.local/lib/python3.12/site-packages/airflow/example_dags/example_setup_teardown_taskflow.py
[2024-10-05T02:17:40.134+0000] {processor.py:925} INFO - DAG(s) 'example_setup_teardown_taskflow' retrieved from /home/airflow/.local/lib/python3.12/site-packages/airflow/example_dags/example_setup_teardown_taskflow.py
[2024-10-05T02:17:40.146+0000] {logging_mixin.py:190} INFO - [2024-10-05T02:17:40.146+0000] {dag.py:3239} INFO - Sync 1 DAGs
[2024-10-05T02:17:40.154+0000] {logging_mixin.py:190} INFO - [2024-10-05T02:17:40.154+0000] {dag.py:4180} INFO - Setting next_dagrun for example_setup_teardown_taskflow to None, run_after=None
[2024-10-05T02:17:40.164+0000] {processor.py:208} INFO - Processing /home/airflow/.local/lib/python3.12/site-packages/airflow/example_dags/example_setup_teardown_taskflow.py took 0.041 seconds
[2024-10-05T02:18:10.558+0000] {processor.py:186} INFO - Started process (PID=483) to work on /home/airflow/.local/lib/python3.12/site-packages/airflow/example_dags/example_setup_teardown_taskflow.py
[2024-10-05T02:18:10.559+0000] {processor.py:914} INFO - Processing file /home/airflow/.local/lib/python3.12/site-packages/airflow/example_dags/example_setup_teardown_taskflow.py for tasks to queue
[2024-10-05T02:18:10.560+0000] {logging_mixin.py:190} INFO - [2024-10-05T02:18:10.560+0000] {dagbag.py:588} INFO - Filling up the DagBag from /home/airflow/.local/lib/python3.12/site-packages/airflow/example_dags/example_setup_teardown_taskflow.py
[2024-10-05T02:18:10.566+0000] {processor.py:925} INFO - DAG(s) 'example_setup_teardown_taskflow' retrieved from /home/airflow/.local/lib/python3.12/site-packages/airflow/example_dags/example_setup_teardown_taskflow.py
[2024-10-05T02:18:10.579+0000] {logging_mixin.py:190} INFO - [2024-10-05T02:18:10.578+0000] {dag.py:3239} INFO - Sync 1 DAGs
[2024-10-05T02:18:10.587+0000] {logging_mixin.py:190} INFO - [2024-10-05T02:18:10.587+0000] {dag.py:4180} INFO - Setting next_dagrun for example_setup_teardown_taskflow to None, run_after=None
[2024-10-05T02:18:10.596+0000] {processor.py:208} INFO - Processing /home/airflow/.local/lib/python3.12/site-packages/airflow/example_dags/example_setup_teardown_taskflow.py took 0.042 seconds
[2024-10-05T02:18:40.915+0000] {processor.py:186} INFO - Started process (PID=545) to work on /home/airflow/.local/lib/python3.12/site-packages/airflow/example_dags/example_setup_teardown_taskflow.py
[2024-10-05T02:18:40.916+0000] {processor.py:914} INFO - Processing file /home/airflow/.local/lib/python3.12/site-packages/airflow/example_dags/example_setup_teardown_taskflow.py for tasks to queue
[2024-10-05T02:18:40.917+0000] {logging_mixin.py:190} INFO - [2024-10-05T02:18:40.917+0000] {dagbag.py:588} INFO - Filling up the DagBag from /home/airflow/.local/lib/python3.12/site-packages/airflow/example_dags/example_setup_teardown_taskflow.py
[2024-10-05T02:18:40.922+0000] {processor.py:925} INFO - DAG(s) 'example_setup_teardown_taskflow' retrieved from /home/airflow/.local/lib/python3.12/site-packages/airflow/example_dags/example_setup_teardown_taskflow.py
[2024-10-05T02:18:40.934+0000] {logging_mixin.py:190} INFO - [2024-10-05T02:18:40.934+0000] {dag.py:3239} INFO - Sync 1 DAGs
[2024-10-05T02:18:40.942+0000] {logging_mixin.py:190} INFO - [2024-10-05T02:18:40.942+0000] {dag.py:4180} INFO - Setting next_dagrun for example_setup_teardown_taskflow to None, run_after=None
[2024-10-05T02:18:40.952+0000] {processor.py:208} INFO - Processing /home/airflow/.local/lib/python3.12/site-packages/airflow/example_dags/example_setup_teardown_taskflow.py took 0.040 seconds
[2024-10-05T02:45:06.847+0000] {processor.py:186} INFO - Started process (PID=104) to work on /home/airflow/.local/lib/python3.12/site-packages/airflow/example_dags/example_setup_teardown_taskflow.py
[2024-10-05T02:45:06.847+0000] {processor.py:914} INFO - Processing file /home/airflow/.local/lib/python3.12/site-packages/airflow/example_dags/example_setup_teardown_taskflow.py for tasks to queue
[2024-10-05T02:45:06.848+0000] {logging_mixin.py:190} INFO - [2024-10-05T02:45:06.848+0000] {dagbag.py:588} INFO - Filling up the DagBag from /home/airflow/.local/lib/python3.12/site-packages/airflow/example_dags/example_setup_teardown_taskflow.py
[2024-10-05T02:45:06.854+0000] {processor.py:925} INFO - DAG(s) 'example_setup_teardown_taskflow' retrieved from /home/airflow/.local/lib/python3.12/site-packages/airflow/example_dags/example_setup_teardown_taskflow.py
[2024-10-05T02:45:06.865+0000] {logging_mixin.py:190} INFO - [2024-10-05T02:45:06.865+0000] {dag.py:3239} INFO - Sync 1 DAGs
[2024-10-05T02:45:06.874+0000] {logging_mixin.py:190} INFO - [2024-10-05T02:45:06.874+0000] {dag.py:4180} INFO - Setting next_dagrun for example_setup_teardown_taskflow to None, run_after=None
[2024-10-05T02:45:06.884+0000] {processor.py:208} INFO - Processing /home/airflow/.local/lib/python3.12/site-packages/airflow/example_dags/example_setup_teardown_taskflow.py took 0.040 seconds
[2024-10-05T02:45:37.112+0000] {processor.py:186} INFO - Started process (PID=167) to work on /home/airflow/.local/lib/python3.12/site-packages/airflow/example_dags/example_setup_teardown_taskflow.py
[2024-10-05T02:45:37.113+0000] {processor.py:914} INFO - Processing file /home/airflow/.local/lib/python3.12/site-packages/airflow/example_dags/example_setup_teardown_taskflow.py for tasks to queue
[2024-10-05T02:45:37.114+0000] {logging_mixin.py:190} INFO - [2024-10-05T02:45:37.114+0000] {dagbag.py:588} INFO - Filling up the DagBag from /home/airflow/.local/lib/python3.12/site-packages/airflow/example_dags/example_setup_teardown_taskflow.py
[2024-10-05T02:45:37.119+0000] {processor.py:925} INFO - DAG(s) 'example_setup_teardown_taskflow' retrieved from /home/airflow/.local/lib/python3.12/site-packages/airflow/example_dags/example_setup_teardown_taskflow.py
[2024-10-05T02:45:37.130+0000] {logging_mixin.py:190} INFO - [2024-10-05T02:45:37.130+0000] {dag.py:3239} INFO - Sync 1 DAGs
[2024-10-05T02:45:37.138+0000] {logging_mixin.py:190} INFO - [2024-10-05T02:45:37.138+0000] {dag.py:4180} INFO - Setting next_dagrun for example_setup_teardown_taskflow to None, run_after=None
[2024-10-05T02:45:37.148+0000] {processor.py:208} INFO - Processing /home/airflow/.local/lib/python3.12/site-packages/airflow/example_dags/example_setup_teardown_taskflow.py took 0.039 seconds
[2024-10-05T02:46:08.049+0000] {processor.py:186} INFO - Started process (PID=229) to work on /home/airflow/.local/lib/python3.12/site-packages/airflow/example_dags/example_setup_teardown_taskflow.py
[2024-10-05T02:46:08.049+0000] {processor.py:914} INFO - Processing file /home/airflow/.local/lib/python3.12/site-packages/airflow/example_dags/example_setup_teardown_taskflow.py for tasks to queue
[2024-10-05T02:46:08.050+0000] {logging_mixin.py:190} INFO - [2024-10-05T02:46:08.050+0000] {dagbag.py:588} INFO - Filling up the DagBag from /home/airflow/.local/lib/python3.12/site-packages/airflow/example_dags/example_setup_teardown_taskflow.py
[2024-10-05T02:46:08.056+0000] {processor.py:925} INFO - DAG(s) 'example_setup_teardown_taskflow' retrieved from /home/airflow/.local/lib/python3.12/site-packages/airflow/example_dags/example_setup_teardown_taskflow.py
[2024-10-05T02:46:08.068+0000] {logging_mixin.py:190} INFO - [2024-10-05T02:46:08.068+0000] {dag.py:3239} INFO - Sync 1 DAGs
[2024-10-05T02:46:08.076+0000] {logging_mixin.py:190} INFO - [2024-10-05T02:46:08.076+0000] {dag.py:4180} INFO - Setting next_dagrun for example_setup_teardown_taskflow to None, run_after=None
[2024-10-05T02:46:08.087+0000] {processor.py:208} INFO - Processing /home/airflow/.local/lib/python3.12/site-packages/airflow/example_dags/example_setup_teardown_taskflow.py took 0.041 seconds
[2024-10-05T02:46:38.400+0000] {processor.py:186} INFO - Started process (PID=291) to work on /home/airflow/.local/lib/python3.12/site-packages/airflow/example_dags/example_setup_teardown_taskflow.py
[2024-10-05T02:46:38.400+0000] {processor.py:914} INFO - Processing file /home/airflow/.local/lib/python3.12/site-packages/airflow/example_dags/example_setup_teardown_taskflow.py for tasks to queue
[2024-10-05T02:46:38.402+0000] {logging_mixin.py:190} INFO - [2024-10-05T02:46:38.401+0000] {dagbag.py:588} INFO - Filling up the DagBag from /home/airflow/.local/lib/python3.12/site-packages/airflow/example_dags/example_setup_teardown_taskflow.py
[2024-10-05T02:46:38.408+0000] {processor.py:925} INFO - DAG(s) 'example_setup_teardown_taskflow' retrieved from /home/airflow/.local/lib/python3.12/site-packages/airflow/example_dags/example_setup_teardown_taskflow.py
[2024-10-05T02:46:38.420+0000] {logging_mixin.py:190} INFO - [2024-10-05T02:46:38.420+0000] {dag.py:3239} INFO - Sync 1 DAGs
[2024-10-05T02:46:38.429+0000] {logging_mixin.py:190} INFO - [2024-10-05T02:46:38.429+0000] {dag.py:4180} INFO - Setting next_dagrun for example_setup_teardown_taskflow to None, run_after=None
[2024-10-05T02:46:38.440+0000] {processor.py:208} INFO - Processing /home/airflow/.local/lib/python3.12/site-packages/airflow/example_dags/example_setup_teardown_taskflow.py took 0.044 seconds
[2024-10-05T02:47:08.534+0000] {processor.py:186} INFO - Started process (PID=353) to work on /home/airflow/.local/lib/python3.12/site-packages/airflow/example_dags/example_setup_teardown_taskflow.py
[2024-10-05T02:47:08.534+0000] {processor.py:914} INFO - Processing file /home/airflow/.local/lib/python3.12/site-packages/airflow/example_dags/example_setup_teardown_taskflow.py for tasks to queue
[2024-10-05T02:47:08.536+0000] {logging_mixin.py:190} INFO - [2024-10-05T02:47:08.535+0000] {dagbag.py:588} INFO - Filling up the DagBag from /home/airflow/.local/lib/python3.12/site-packages/airflow/example_dags/example_setup_teardown_taskflow.py
[2024-10-05T02:47:08.542+0000] {processor.py:925} INFO - DAG(s) 'example_setup_teardown_taskflow' retrieved from /home/airflow/.local/lib/python3.12/site-packages/airflow/example_dags/example_setup_teardown_taskflow.py
[2024-10-05T02:47:08.554+0000] {logging_mixin.py:190} INFO - [2024-10-05T02:47:08.554+0000] {dag.py:3239} INFO - Sync 1 DAGs
[2024-10-05T02:47:08.561+0000] {logging_mixin.py:190} INFO - [2024-10-05T02:47:08.561+0000] {dag.py:4180} INFO - Setting next_dagrun for example_setup_teardown_taskflow to None, run_after=None
[2024-10-05T02:47:08.571+0000] {processor.py:208} INFO - Processing /home/airflow/.local/lib/python3.12/site-packages/airflow/example_dags/example_setup_teardown_taskflow.py took 0.041 seconds
[2024-10-05T02:47:39.202+0000] {processor.py:186} INFO - Started process (PID=415) to work on /home/airflow/.local/lib/python3.12/site-packages/airflow/example_dags/example_setup_teardown_taskflow.py
[2024-10-05T02:47:39.202+0000] {processor.py:914} INFO - Processing file /home/airflow/.local/lib/python3.12/site-packages/airflow/example_dags/example_setup_teardown_taskflow.py for tasks to queue
[2024-10-05T02:47:39.204+0000] {logging_mixin.py:190} INFO - [2024-10-05T02:47:39.204+0000] {dagbag.py:588} INFO - Filling up the DagBag from /home/airflow/.local/lib/python3.12/site-packages/airflow/example_dags/example_setup_teardown_taskflow.py
[2024-10-05T02:47:39.210+0000] {processor.py:925} INFO - DAG(s) 'example_setup_teardown_taskflow' retrieved from /home/airflow/.local/lib/python3.12/site-packages/airflow/example_dags/example_setup_teardown_taskflow.py
[2024-10-05T02:47:39.223+0000] {logging_mixin.py:190} INFO - [2024-10-05T02:47:39.223+0000] {dag.py:3239} INFO - Sync 1 DAGs
[2024-10-05T02:47:39.231+0000] {logging_mixin.py:190} INFO - [2024-10-05T02:47:39.231+0000] {dag.py:4180} INFO - Setting next_dagrun for example_setup_teardown_taskflow to None, run_after=None
[2024-10-05T02:47:39.243+0000] {processor.py:208} INFO - Processing /home/airflow/.local/lib/python3.12/site-packages/airflow/example_dags/example_setup_teardown_taskflow.py took 0.045 seconds
[2024-10-05T02:48:09.492+0000] {processor.py:186} INFO - Started process (PID=477) to work on /home/airflow/.local/lib/python3.12/site-packages/airflow/example_dags/example_setup_teardown_taskflow.py
[2024-10-05T02:48:09.493+0000] {processor.py:914} INFO - Processing file /home/airflow/.local/lib/python3.12/site-packages/airflow/example_dags/example_setup_teardown_taskflow.py for tasks to queue
[2024-10-05T02:48:09.494+0000] {logging_mixin.py:190} INFO - [2024-10-05T02:48:09.494+0000] {dagbag.py:588} INFO - Filling up the DagBag from /home/airflow/.local/lib/python3.12/site-packages/airflow/example_dags/example_setup_teardown_taskflow.py
[2024-10-05T02:48:09.501+0000] {processor.py:925} INFO - DAG(s) 'example_setup_teardown_taskflow' retrieved from /home/airflow/.local/lib/python3.12/site-packages/airflow/example_dags/example_setup_teardown_taskflow.py
[2024-10-05T02:48:09.515+0000] {logging_mixin.py:190} INFO - [2024-10-05T02:48:09.514+0000] {dag.py:3239} INFO - Sync 1 DAGs
[2024-10-05T02:48:09.524+0000] {logging_mixin.py:190} INFO - [2024-10-05T02:48:09.524+0000] {dag.py:4180} INFO - Setting next_dagrun for example_setup_teardown_taskflow to None, run_after=None
[2024-10-05T02:48:09.536+0000] {processor.py:208} INFO - Processing /home/airflow/.local/lib/python3.12/site-packages/airflow/example_dags/example_setup_teardown_taskflow.py took 0.048 seconds
[2024-10-05T02:48:40.590+0000] {processor.py:186} INFO - Started process (PID=539) to work on /home/airflow/.local/lib/python3.12/site-packages/airflow/example_dags/example_setup_teardown_taskflow.py
[2024-10-05T02:48:40.591+0000] {processor.py:914} INFO - Processing file /home/airflow/.local/lib/python3.12/site-packages/airflow/example_dags/example_setup_teardown_taskflow.py for tasks to queue
[2024-10-05T02:48:40.592+0000] {logging_mixin.py:190} INFO - [2024-10-05T02:48:40.592+0000] {dagbag.py:588} INFO - Filling up the DagBag from /home/airflow/.local/lib/python3.12/site-packages/airflow/example_dags/example_setup_teardown_taskflow.py
[2024-10-05T02:48:40.598+0000] {processor.py:925} INFO - DAG(s) 'example_setup_teardown_taskflow' retrieved from /home/airflow/.local/lib/python3.12/site-packages/airflow/example_dags/example_setup_teardown_taskflow.py
[2024-10-05T02:48:40.610+0000] {logging_mixin.py:190} INFO - [2024-10-05T02:48:40.610+0000] {dag.py:3239} INFO - Sync 1 DAGs
[2024-10-05T02:48:40.618+0000] {logging_mixin.py:190} INFO - [2024-10-05T02:48:40.618+0000] {dag.py:4180} INFO - Setting next_dagrun for example_setup_teardown_taskflow to None, run_after=None
[2024-10-05T02:48:40.629+0000] {processor.py:208} INFO - Processing /home/airflow/.local/lib/python3.12/site-packages/airflow/example_dags/example_setup_teardown_taskflow.py took 0.042 seconds
[2024-10-05T02:49:11.545+0000] {processor.py:186} INFO - Started process (PID=601) to work on /home/airflow/.local/lib/python3.12/site-packages/airflow/example_dags/example_setup_teardown_taskflow.py
[2024-10-05T02:49:11.546+0000] {processor.py:914} INFO - Processing file /home/airflow/.local/lib/python3.12/site-packages/airflow/example_dags/example_setup_teardown_taskflow.py for tasks to queue
[2024-10-05T02:49:11.547+0000] {logging_mixin.py:190} INFO - [2024-10-05T02:49:11.547+0000] {dagbag.py:588} INFO - Filling up the DagBag from /home/airflow/.local/lib/python3.12/site-packages/airflow/example_dags/example_setup_teardown_taskflow.py
[2024-10-05T02:49:11.553+0000] {processor.py:925} INFO - DAG(s) 'example_setup_teardown_taskflow' retrieved from /home/airflow/.local/lib/python3.12/site-packages/airflow/example_dags/example_setup_teardown_taskflow.py
[2024-10-05T02:49:11.564+0000] {logging_mixin.py:190} INFO - [2024-10-05T02:49:11.564+0000] {dag.py:3239} INFO - Sync 1 DAGs
[2024-10-05T02:49:11.572+0000] {logging_mixin.py:190} INFO - [2024-10-05T02:49:11.572+0000] {dag.py:4180} INFO - Setting next_dagrun for example_setup_teardown_taskflow to None, run_after=None
[2024-10-05T02:49:11.581+0000] {processor.py:208} INFO - Processing /home/airflow/.local/lib/python3.12/site-packages/airflow/example_dags/example_setup_teardown_taskflow.py took 0.040 seconds
[2024-10-05T02:49:42.051+0000] {processor.py:186} INFO - Started process (PID=669) to work on /home/airflow/.local/lib/python3.12/site-packages/airflow/example_dags/example_setup_teardown_taskflow.py
[2024-10-05T02:49:42.052+0000] {processor.py:914} INFO - Processing file /home/airflow/.local/lib/python3.12/site-packages/airflow/example_dags/example_setup_teardown_taskflow.py for tasks to queue
[2024-10-05T02:49:42.053+0000] {logging_mixin.py:190} INFO - [2024-10-05T02:49:42.053+0000] {dagbag.py:588} INFO - Filling up the DagBag from /home/airflow/.local/lib/python3.12/site-packages/airflow/example_dags/example_setup_teardown_taskflow.py
[2024-10-05T02:49:42.059+0000] {processor.py:925} INFO - DAG(s) 'example_setup_teardown_taskflow' retrieved from /home/airflow/.local/lib/python3.12/site-packages/airflow/example_dags/example_setup_teardown_taskflow.py
[2024-10-05T02:49:42.070+0000] {logging_mixin.py:190} INFO - [2024-10-05T02:49:42.070+0000] {dag.py:3239} INFO - Sync 1 DAGs
[2024-10-05T02:49:42.078+0000] {logging_mixin.py:190} INFO - [2024-10-05T02:49:42.078+0000] {dag.py:4180} INFO - Setting next_dagrun for example_setup_teardown_taskflow to None, run_after=None
[2024-10-05T02:49:42.088+0000] {processor.py:208} INFO - Processing /home/airflow/.local/lib/python3.12/site-packages/airflow/example_dags/example_setup_teardown_taskflow.py took 0.040 seconds
[2024-10-05T02:50:12.658+0000] {processor.py:186} INFO - Started process (PID=752) to work on /home/airflow/.local/lib/python3.12/site-packages/airflow/example_dags/example_setup_teardown_taskflow.py
[2024-10-05T02:50:12.659+0000] {processor.py:914} INFO - Processing file /home/airflow/.local/lib/python3.12/site-packages/airflow/example_dags/example_setup_teardown_taskflow.py for tasks to queue
[2024-10-05T02:50:12.660+0000] {logging_mixin.py:190} INFO - [2024-10-05T02:50:12.660+0000] {dagbag.py:588} INFO - Filling up the DagBag from /home/airflow/.local/lib/python3.12/site-packages/airflow/example_dags/example_setup_teardown_taskflow.py
[2024-10-05T02:50:12.666+0000] {processor.py:925} INFO - DAG(s) 'example_setup_teardown_taskflow' retrieved from /home/airflow/.local/lib/python3.12/site-packages/airflow/example_dags/example_setup_teardown_taskflow.py
[2024-10-05T02:50:12.677+0000] {logging_mixin.py:190} INFO - [2024-10-05T02:50:12.677+0000] {dag.py:3239} INFO - Sync 1 DAGs
[2024-10-05T02:50:12.685+0000] {logging_mixin.py:190} INFO - [2024-10-05T02:50:12.685+0000] {dag.py:4180} INFO - Setting next_dagrun for example_setup_teardown_taskflow to None, run_after=None
[2024-10-05T02:50:12.695+0000] {processor.py:208} INFO - Processing /home/airflow/.local/lib/python3.12/site-packages/airflow/example_dags/example_setup_teardown_taskflow.py took 0.040 seconds
[2024-10-05T02:50:43.172+0000] {processor.py:186} INFO - Started process (PID=814) to work on /home/airflow/.local/lib/python3.12/site-packages/airflow/example_dags/example_setup_teardown_taskflow.py
[2024-10-05T02:50:43.172+0000] {processor.py:914} INFO - Processing file /home/airflow/.local/lib/python3.12/site-packages/airflow/example_dags/example_setup_teardown_taskflow.py for tasks to queue
[2024-10-05T02:50:43.174+0000] {logging_mixin.py:190} INFO - [2024-10-05T02:50:43.173+0000] {dagbag.py:588} INFO - Filling up the DagBag from /home/airflow/.local/lib/python3.12/site-packages/airflow/example_dags/example_setup_teardown_taskflow.py
[2024-10-05T02:50:43.180+0000] {processor.py:925} INFO - DAG(s) 'example_setup_teardown_taskflow' retrieved from /home/airflow/.local/lib/python3.12/site-packages/airflow/example_dags/example_setup_teardown_taskflow.py
[2024-10-05T02:50:43.192+0000] {logging_mixin.py:190} INFO - [2024-10-05T02:50:43.192+0000] {dag.py:3239} INFO - Sync 1 DAGs
[2024-10-05T02:50:43.200+0000] {logging_mixin.py:190} INFO - [2024-10-05T02:50:43.200+0000] {dag.py:4180} INFO - Setting next_dagrun for example_setup_teardown_taskflow to None, run_after=None
[2024-10-05T02:50:43.210+0000] {processor.py:208} INFO - Processing /home/airflow/.local/lib/python3.12/site-packages/airflow/example_dags/example_setup_teardown_taskflow.py took 0.041 seconds
[2024-10-05T02:51:13.650+0000] {processor.py:186} INFO - Started process (PID=876) to work on /home/airflow/.local/lib/python3.12/site-packages/airflow/example_dags/example_setup_teardown_taskflow.py
[2024-10-05T02:51:13.651+0000] {processor.py:914} INFO - Processing file /home/airflow/.local/lib/python3.12/site-packages/airflow/example_dags/example_setup_teardown_taskflow.py for tasks to queue
[2024-10-05T02:51:13.652+0000] {logging_mixin.py:190} INFO - [2024-10-05T02:51:13.652+0000] {dagbag.py:588} INFO - Filling up the DagBag from /home/airflow/.local/lib/python3.12/site-packages/airflow/example_dags/example_setup_teardown_taskflow.py
[2024-10-05T02:51:13.657+0000] {processor.py:925} INFO - DAG(s) 'example_setup_teardown_taskflow' retrieved from /home/airflow/.local/lib/python3.12/site-packages/airflow/example_dags/example_setup_teardown_taskflow.py
[2024-10-05T02:51:13.669+0000] {logging_mixin.py:190} INFO - [2024-10-05T02:51:13.669+0000] {dag.py:3239} INFO - Sync 1 DAGs
[2024-10-05T02:51:13.677+0000] {logging_mixin.py:190} INFO - [2024-10-05T02:51:13.677+0000] {dag.py:4180} INFO - Setting next_dagrun for example_setup_teardown_taskflow to None, run_after=None
[2024-10-05T02:51:13.686+0000] {processor.py:208} INFO - Processing /home/airflow/.local/lib/python3.12/site-packages/airflow/example_dags/example_setup_teardown_taskflow.py took 0.040 seconds
[2024-10-05T02:51:44.086+0000] {processor.py:186} INFO - Started process (PID=938) to work on /home/airflow/.local/lib/python3.12/site-packages/airflow/example_dags/example_setup_teardown_taskflow.py
[2024-10-05T02:51:44.086+0000] {processor.py:914} INFO - Processing file /home/airflow/.local/lib/python3.12/site-packages/airflow/example_dags/example_setup_teardown_taskflow.py for tasks to queue
[2024-10-05T02:51:44.087+0000] {logging_mixin.py:190} INFO - [2024-10-05T02:51:44.087+0000] {dagbag.py:588} INFO - Filling up the DagBag from /home/airflow/.local/lib/python3.12/site-packages/airflow/example_dags/example_setup_teardown_taskflow.py
[2024-10-05T02:51:44.093+0000] {processor.py:925} INFO - DAG(s) 'example_setup_teardown_taskflow' retrieved from /home/airflow/.local/lib/python3.12/site-packages/airflow/example_dags/example_setup_teardown_taskflow.py
[2024-10-05T02:51:44.104+0000] {logging_mixin.py:190} INFO - [2024-10-05T02:51:44.104+0000] {dag.py:3239} INFO - Sync 1 DAGs
[2024-10-05T02:51:44.112+0000] {logging_mixin.py:190} INFO - [2024-10-05T02:51:44.112+0000] {dag.py:4180} INFO - Setting next_dagrun for example_setup_teardown_taskflow to None, run_after=None
[2024-10-05T02:51:44.122+0000] {processor.py:208} INFO - Processing /home/airflow/.local/lib/python3.12/site-packages/airflow/example_dags/example_setup_teardown_taskflow.py took 0.040 seconds
[2024-10-05T02:52:14.718+0000] {processor.py:186} INFO - Started process (PID=1000) to work on /home/airflow/.local/lib/python3.12/site-packages/airflow/example_dags/example_setup_teardown_taskflow.py
[2024-10-05T02:52:14.718+0000] {processor.py:914} INFO - Processing file /home/airflow/.local/lib/python3.12/site-packages/airflow/example_dags/example_setup_teardown_taskflow.py for tasks to queue
[2024-10-05T02:52:14.720+0000] {logging_mixin.py:190} INFO - [2024-10-05T02:52:14.720+0000] {dagbag.py:588} INFO - Filling up the DagBag from /home/airflow/.local/lib/python3.12/site-packages/airflow/example_dags/example_setup_teardown_taskflow.py
[2024-10-05T02:52:14.725+0000] {processor.py:925} INFO - DAG(s) 'example_setup_teardown_taskflow' retrieved from /home/airflow/.local/lib/python3.12/site-packages/airflow/example_dags/example_setup_teardown_taskflow.py
[2024-10-05T02:52:14.737+0000] {logging_mixin.py:190} INFO - [2024-10-05T02:52:14.737+0000] {dag.py:3239} INFO - Sync 1 DAGs
[2024-10-05T02:52:14.745+0000] {logging_mixin.py:190} INFO - [2024-10-05T02:52:14.745+0000] {dag.py:4180} INFO - Setting next_dagrun for example_setup_teardown_taskflow to None, run_after=None
[2024-10-05T02:52:14.755+0000] {processor.py:208} INFO - Processing /home/airflow/.local/lib/python3.12/site-packages/airflow/example_dags/example_setup_teardown_taskflow.py took 0.040 seconds
[2024-10-05T02:52:45.541+0000] {processor.py:186} INFO - Started process (PID=1062) to work on /home/airflow/.local/lib/python3.12/site-packages/airflow/example_dags/example_setup_teardown_taskflow.py
[2024-10-05T02:52:45.542+0000] {processor.py:914} INFO - Processing file /home/airflow/.local/lib/python3.12/site-packages/airflow/example_dags/example_setup_teardown_taskflow.py for tasks to queue
[2024-10-05T02:52:45.543+0000] {logging_mixin.py:190} INFO - [2024-10-05T02:52:45.543+0000] {dagbag.py:588} INFO - Filling up the DagBag from /home/airflow/.local/lib/python3.12/site-packages/airflow/example_dags/example_setup_teardown_taskflow.py
[2024-10-05T02:52:45.548+0000] {processor.py:925} INFO - DAG(s) 'example_setup_teardown_taskflow' retrieved from /home/airflow/.local/lib/python3.12/site-packages/airflow/example_dags/example_setup_teardown_taskflow.py
[2024-10-05T02:52:45.560+0000] {logging_mixin.py:190} INFO - [2024-10-05T02:52:45.560+0000] {dag.py:3239} INFO - Sync 1 DAGs
[2024-10-05T02:52:45.568+0000] {logging_mixin.py:190} INFO - [2024-10-05T02:52:45.567+0000] {dag.py:4180} INFO - Setting next_dagrun for example_setup_teardown_taskflow to None, run_after=None
[2024-10-05T02:52:45.577+0000] {processor.py:208} INFO - Processing /home/airflow/.local/lib/python3.12/site-packages/airflow/example_dags/example_setup_teardown_taskflow.py took 0.039 seconds
[2024-10-05T02:53:16.408+0000] {processor.py:186} INFO - Started process (PID=1124) to work on /home/airflow/.local/lib/python3.12/site-packages/airflow/example_dags/example_setup_teardown_taskflow.py
[2024-10-05T02:53:16.409+0000] {processor.py:914} INFO - Processing file /home/airflow/.local/lib/python3.12/site-packages/airflow/example_dags/example_setup_teardown_taskflow.py for tasks to queue
[2024-10-05T02:53:16.410+0000] {logging_mixin.py:190} INFO - [2024-10-05T02:53:16.410+0000] {dagbag.py:588} INFO - Filling up the DagBag from /home/airflow/.local/lib/python3.12/site-packages/airflow/example_dags/example_setup_teardown_taskflow.py
[2024-10-05T02:53:16.416+0000] {processor.py:925} INFO - DAG(s) 'example_setup_teardown_taskflow' retrieved from /home/airflow/.local/lib/python3.12/site-packages/airflow/example_dags/example_setup_teardown_taskflow.py
[2024-10-05T02:53:16.429+0000] {logging_mixin.py:190} INFO - [2024-10-05T02:53:16.429+0000] {dag.py:3239} INFO - Sync 1 DAGs
[2024-10-05T02:53:16.437+0000] {logging_mixin.py:190} INFO - [2024-10-05T02:53:16.437+0000] {dag.py:4180} INFO - Setting next_dagrun for example_setup_teardown_taskflow to None, run_after=None
[2024-10-05T02:53:16.448+0000] {processor.py:208} INFO - Processing /home/airflow/.local/lib/python3.12/site-packages/airflow/example_dags/example_setup_teardown_taskflow.py took 0.043 seconds
[2024-10-05T02:53:47.148+0000] {processor.py:186} INFO - Started process (PID=1186) to work on /home/airflow/.local/lib/python3.12/site-packages/airflow/example_dags/example_setup_teardown_taskflow.py
[2024-10-05T02:53:47.148+0000] {processor.py:914} INFO - Processing file /home/airflow/.local/lib/python3.12/site-packages/airflow/example_dags/example_setup_teardown_taskflow.py for tasks to queue
[2024-10-05T02:53:47.149+0000] {logging_mixin.py:190} INFO - [2024-10-05T02:53:47.149+0000] {dagbag.py:588} INFO - Filling up the DagBag from /home/airflow/.local/lib/python3.12/site-packages/airflow/example_dags/example_setup_teardown_taskflow.py
[2024-10-05T02:53:47.155+0000] {processor.py:925} INFO - DAG(s) 'example_setup_teardown_taskflow' retrieved from /home/airflow/.local/lib/python3.12/site-packages/airflow/example_dags/example_setup_teardown_taskflow.py
[2024-10-05T02:53:47.166+0000] {logging_mixin.py:190} INFO - [2024-10-05T02:53:47.166+0000] {dag.py:3239} INFO - Sync 1 DAGs
[2024-10-05T02:53:47.174+0000] {logging_mixin.py:190} INFO - [2024-10-05T02:53:47.174+0000] {dag.py:4180} INFO - Setting next_dagrun for example_setup_teardown_taskflow to None, run_after=None
[2024-10-05T02:53:47.183+0000] {processor.py:208} INFO - Processing /home/airflow/.local/lib/python3.12/site-packages/airflow/example_dags/example_setup_teardown_taskflow.py took 0.039 seconds
[2024-10-05T02:54:18.204+0000] {processor.py:186} INFO - Started process (PID=1249) to work on /home/airflow/.local/lib/python3.12/site-packages/airflow/example_dags/example_setup_teardown_taskflow.py
[2024-10-05T02:54:18.204+0000] {processor.py:914} INFO - Processing file /home/airflow/.local/lib/python3.12/site-packages/airflow/example_dags/example_setup_teardown_taskflow.py for tasks to queue
[2024-10-05T02:54:18.205+0000] {logging_mixin.py:190} INFO - [2024-10-05T02:54:18.205+0000] {dagbag.py:588} INFO - Filling up the DagBag from /home/airflow/.local/lib/python3.12/site-packages/airflow/example_dags/example_setup_teardown_taskflow.py
[2024-10-05T02:54:18.211+0000] {processor.py:925} INFO - DAG(s) 'example_setup_teardown_taskflow' retrieved from /home/airflow/.local/lib/python3.12/site-packages/airflow/example_dags/example_setup_teardown_taskflow.py
[2024-10-05T02:54:18.223+0000] {logging_mixin.py:190} INFO - [2024-10-05T02:54:18.222+0000] {dag.py:3239} INFO - Sync 1 DAGs
[2024-10-05T02:54:18.230+0000] {logging_mixin.py:190} INFO - [2024-10-05T02:54:18.230+0000] {dag.py:4180} INFO - Setting next_dagrun for example_setup_teardown_taskflow to None, run_after=None
[2024-10-05T02:54:18.239+0000] {processor.py:208} INFO - Processing /home/airflow/.local/lib/python3.12/site-packages/airflow/example_dags/example_setup_teardown_taskflow.py took 0.039 seconds
[2024-10-05T02:54:48.482+0000] {processor.py:186} INFO - Started process (PID=1311) to work on /home/airflow/.local/lib/python3.12/site-packages/airflow/example_dags/example_setup_teardown_taskflow.py
[2024-10-05T02:54:48.482+0000] {processor.py:914} INFO - Processing file /home/airflow/.local/lib/python3.12/site-packages/airflow/example_dags/example_setup_teardown_taskflow.py for tasks to queue
[2024-10-05T02:54:48.483+0000] {logging_mixin.py:190} INFO - [2024-10-05T02:54:48.483+0000] {dagbag.py:588} INFO - Filling up the DagBag from /home/airflow/.local/lib/python3.12/site-packages/airflow/example_dags/example_setup_teardown_taskflow.py
[2024-10-05T02:54:48.490+0000] {processor.py:925} INFO - DAG(s) 'example_setup_teardown_taskflow' retrieved from /home/airflow/.local/lib/python3.12/site-packages/airflow/example_dags/example_setup_teardown_taskflow.py
[2024-10-05T02:54:48.501+0000] {logging_mixin.py:190} INFO - [2024-10-05T02:54:48.501+0000] {dag.py:3239} INFO - Sync 1 DAGs
[2024-10-05T02:54:48.508+0000] {logging_mixin.py:190} INFO - [2024-10-05T02:54:48.508+0000] {dag.py:4180} INFO - Setting next_dagrun for example_setup_teardown_taskflow to None, run_after=None
[2024-10-05T02:54:48.518+0000] {processor.py:208} INFO - Processing /home/airflow/.local/lib/python3.12/site-packages/airflow/example_dags/example_setup_teardown_taskflow.py took 0.040 seconds
[2024-10-05T02:55:19.004+0000] {processor.py:186} INFO - Started process (PID=1379) to work on /home/airflow/.local/lib/python3.12/site-packages/airflow/example_dags/example_setup_teardown_taskflow.py
[2024-10-05T02:55:19.004+0000] {processor.py:914} INFO - Processing file /home/airflow/.local/lib/python3.12/site-packages/airflow/example_dags/example_setup_teardown_taskflow.py for tasks to queue
[2024-10-05T02:55:19.005+0000] {logging_mixin.py:190} INFO - [2024-10-05T02:55:19.005+0000] {dagbag.py:588} INFO - Filling up the DagBag from /home/airflow/.local/lib/python3.12/site-packages/airflow/example_dags/example_setup_teardown_taskflow.py
[2024-10-05T02:55:19.012+0000] {processor.py:925} INFO - DAG(s) 'example_setup_teardown_taskflow' retrieved from /home/airflow/.local/lib/python3.12/site-packages/airflow/example_dags/example_setup_teardown_taskflow.py
[2024-10-05T02:55:19.023+0000] {logging_mixin.py:190} INFO - [2024-10-05T02:55:19.023+0000] {dag.py:3239} INFO - Sync 1 DAGs
[2024-10-05T02:55:19.031+0000] {logging_mixin.py:190} INFO - [2024-10-05T02:55:19.031+0000] {dag.py:4180} INFO - Setting next_dagrun for example_setup_teardown_taskflow to None, run_after=None
[2024-10-05T02:55:19.041+0000] {processor.py:208} INFO - Processing /home/airflow/.local/lib/python3.12/site-packages/airflow/example_dags/example_setup_teardown_taskflow.py took 0.040 seconds
[2024-10-05T02:55:50.046+0000] {processor.py:186} INFO - Started process (PID=1441) to work on /home/airflow/.local/lib/python3.12/site-packages/airflow/example_dags/example_setup_teardown_taskflow.py
[2024-10-05T02:55:50.047+0000] {processor.py:914} INFO - Processing file /home/airflow/.local/lib/python3.12/site-packages/airflow/example_dags/example_setup_teardown_taskflow.py for tasks to queue
[2024-10-05T02:55:50.048+0000] {logging_mixin.py:190} INFO - [2024-10-05T02:55:50.048+0000] {dagbag.py:588} INFO - Filling up the DagBag from /home/airflow/.local/lib/python3.12/site-packages/airflow/example_dags/example_setup_teardown_taskflow.py
[2024-10-05T02:55:50.054+0000] {processor.py:925} INFO - DAG(s) 'example_setup_teardown_taskflow' retrieved from /home/airflow/.local/lib/python3.12/site-packages/airflow/example_dags/example_setup_teardown_taskflow.py
[2024-10-05T02:55:50.065+0000] {logging_mixin.py:190} INFO - [2024-10-05T02:55:50.065+0000] {dag.py:3239} INFO - Sync 1 DAGs
[2024-10-05T02:55:50.073+0000] {logging_mixin.py:190} INFO - [2024-10-05T02:55:50.073+0000] {dag.py:4180} INFO - Setting next_dagrun for example_setup_teardown_taskflow to None, run_after=None
[2024-10-05T02:55:50.082+0000] {processor.py:208} INFO - Processing /home/airflow/.local/lib/python3.12/site-packages/airflow/example_dags/example_setup_teardown_taskflow.py took 0.039 seconds
[2024-10-05T02:56:20.305+0000] {processor.py:186} INFO - Started process (PID=1503) to work on /home/airflow/.local/lib/python3.12/site-packages/airflow/example_dags/example_setup_teardown_taskflow.py
[2024-10-05T02:56:20.306+0000] {processor.py:914} INFO - Processing file /home/airflow/.local/lib/python3.12/site-packages/airflow/example_dags/example_setup_teardown_taskflow.py for tasks to queue
[2024-10-05T02:56:20.307+0000] {logging_mixin.py:190} INFO - [2024-10-05T02:56:20.307+0000] {dagbag.py:588} INFO - Filling up the DagBag from /home/airflow/.local/lib/python3.12/site-packages/airflow/example_dags/example_setup_teardown_taskflow.py
[2024-10-05T02:56:20.313+0000] {processor.py:925} INFO - DAG(s) 'example_setup_teardown_taskflow' retrieved from /home/airflow/.local/lib/python3.12/site-packages/airflow/example_dags/example_setup_teardown_taskflow.py
[2024-10-05T02:56:20.324+0000] {logging_mixin.py:190} INFO - [2024-10-05T02:56:20.324+0000] {dag.py:3239} INFO - Sync 1 DAGs
[2024-10-05T02:56:20.332+0000] {logging_mixin.py:190} INFO - [2024-10-05T02:56:20.332+0000] {dag.py:4180} INFO - Setting next_dagrun for example_setup_teardown_taskflow to None, run_after=None
[2024-10-05T02:56:20.342+0000] {processor.py:208} INFO - Processing /home/airflow/.local/lib/python3.12/site-packages/airflow/example_dags/example_setup_teardown_taskflow.py took 0.040 seconds
[2024-10-05T02:56:50.721+0000] {processor.py:186} INFO - Started process (PID=1565) to work on /home/airflow/.local/lib/python3.12/site-packages/airflow/example_dags/example_setup_teardown_taskflow.py
[2024-10-05T02:56:50.722+0000] {processor.py:914} INFO - Processing file /home/airflow/.local/lib/python3.12/site-packages/airflow/example_dags/example_setup_teardown_taskflow.py for tasks to queue
[2024-10-05T02:56:50.724+0000] {logging_mixin.py:190} INFO - [2024-10-05T02:56:50.724+0000] {dagbag.py:588} INFO - Filling up the DagBag from /home/airflow/.local/lib/python3.12/site-packages/airflow/example_dags/example_setup_teardown_taskflow.py
[2024-10-05T02:56:50.730+0000] {processor.py:925} INFO - DAG(s) 'example_setup_teardown_taskflow' retrieved from /home/airflow/.local/lib/python3.12/site-packages/airflow/example_dags/example_setup_teardown_taskflow.py
[2024-10-05T02:56:50.742+0000] {logging_mixin.py:190} INFO - [2024-10-05T02:56:50.742+0000] {dag.py:3239} INFO - Sync 1 DAGs
[2024-10-05T02:56:50.751+0000] {logging_mixin.py:190} INFO - [2024-10-05T02:56:50.750+0000] {dag.py:4180} INFO - Setting next_dagrun for example_setup_teardown_taskflow to None, run_after=None
[2024-10-05T02:56:50.760+0000] {processor.py:208} INFO - Processing /home/airflow/.local/lib/python3.12/site-packages/airflow/example_dags/example_setup_teardown_taskflow.py took 0.043 seconds
