[2024-10-05T02:15:06.280+0000] {processor.py:186} INFO - Started process (PID=97) to work on /home/airflow/.local/lib/python3.12/site-packages/airflow/example_dags/example_xcomargs.py
[2024-10-05T02:15:06.280+0000] {processor.py:914} INFO - Processing file /home/airflow/.local/lib/python3.12/site-packages/airflow/example_dags/example_xcomargs.py for tasks to queue
[2024-10-05T02:15:06.281+0000] {logging_mixin.py:190} INFO - [2024-10-05T02:15:06.281+0000] {dagbag.py:588} INFO - Filling up the DagBag from /home/airflow/.local/lib/python3.12/site-packages/airflow/example_dags/example_xcomargs.py
[2024-10-05T02:15:06.287+0000] {processor.py:925} INFO - DAG(s) 'example_xcom_args', 'example_xcom_args_with_operators' retrieved from /home/airflow/.local/lib/python3.12/site-packages/airflow/example_dags/example_xcomargs.py
[2024-10-05T02:15:06.300+0000] {logging_mixin.py:190} INFO - [2024-10-05T02:15:06.300+0000] {dag.py:3239} INFO - Sync 2 DAGs
[2024-10-05T02:15:06.309+0000] {logging_mixin.py:190} INFO - [2024-10-05T02:15:06.309+0000] {dag.py:4180} INFO - Setting next_dagrun for example_xcom_args to None, run_after=None
[2024-10-05T02:15:06.311+0000] {logging_mixin.py:190} INFO - [2024-10-05T02:15:06.311+0000] {dag.py:4180} INFO - Setting next_dagrun for example_xcom_args_with_operators to None, run_after=None
[2024-10-05T02:15:06.320+0000] {processor.py:208} INFO - Processing /home/airflow/.local/lib/python3.12/site-packages/airflow/example_dags/example_xcomargs.py took 0.043 seconds
[2024-10-05T02:15:36.702+0000] {processor.py:186} INFO - Started process (PID=165) to work on /home/airflow/.local/lib/python3.12/site-packages/airflow/example_dags/example_xcomargs.py
[2024-10-05T02:15:36.702+0000] {processor.py:914} INFO - Processing file /home/airflow/.local/lib/python3.12/site-packages/airflow/example_dags/example_xcomargs.py for tasks to queue
[2024-10-05T02:15:36.704+0000] {logging_mixin.py:190} INFO - [2024-10-05T02:15:36.704+0000] {dagbag.py:588} INFO - Filling up the DagBag from /home/airflow/.local/lib/python3.12/site-packages/airflow/example_dags/example_xcomargs.py
[2024-10-05T02:15:36.710+0000] {processor.py:925} INFO - DAG(s) 'example_xcom_args', 'example_xcom_args_with_operators' retrieved from /home/airflow/.local/lib/python3.12/site-packages/airflow/example_dags/example_xcomargs.py
[2024-10-05T02:15:36.723+0000] {logging_mixin.py:190} INFO - [2024-10-05T02:15:36.723+0000] {dag.py:3239} INFO - Sync 2 DAGs
[2024-10-05T02:15:36.732+0000] {logging_mixin.py:190} INFO - [2024-10-05T02:15:36.732+0000] {dag.py:4180} INFO - Setting next_dagrun for example_xcom_args to None, run_after=None
[2024-10-05T02:15:36.735+0000] {logging_mixin.py:190} INFO - [2024-10-05T02:15:36.735+0000] {dag.py:4180} INFO - Setting next_dagrun for example_xcom_args_with_operators to None, run_after=None
[2024-10-05T02:15:36.744+0000] {processor.py:208} INFO - Processing /home/airflow/.local/lib/python3.12/site-packages/airflow/example_dags/example_xcomargs.py took 0.046 seconds
[2024-10-05T02:16:07.558+0000] {processor.py:186} INFO - Started process (PID=227) to work on /home/airflow/.local/lib/python3.12/site-packages/airflow/example_dags/example_xcomargs.py
[2024-10-05T02:16:07.559+0000] {processor.py:914} INFO - Processing file /home/airflow/.local/lib/python3.12/site-packages/airflow/example_dags/example_xcomargs.py for tasks to queue
[2024-10-05T02:16:07.560+0000] {logging_mixin.py:190} INFO - [2024-10-05T02:16:07.560+0000] {dagbag.py:588} INFO - Filling up the DagBag from /home/airflow/.local/lib/python3.12/site-packages/airflow/example_dags/example_xcomargs.py
[2024-10-05T02:16:07.566+0000] {processor.py:925} INFO - DAG(s) 'example_xcom_args', 'example_xcom_args_with_operators' retrieved from /home/airflow/.local/lib/python3.12/site-packages/airflow/example_dags/example_xcomargs.py
[2024-10-05T02:16:07.579+0000] {logging_mixin.py:190} INFO - [2024-10-05T02:16:07.579+0000] {dag.py:3239} INFO - Sync 2 DAGs
[2024-10-05T02:16:07.587+0000] {logging_mixin.py:190} INFO - [2024-10-05T02:16:07.587+0000] {dag.py:4180} INFO - Setting next_dagrun for example_xcom_args to None, run_after=None
[2024-10-05T02:16:07.589+0000] {logging_mixin.py:190} INFO - [2024-10-05T02:16:07.589+0000] {dag.py:4180} INFO - Setting next_dagrun for example_xcom_args_with_operators to None, run_after=None
[2024-10-05T02:16:07.598+0000] {processor.py:208} INFO - Processing /home/airflow/.local/lib/python3.12/site-packages/airflow/example_dags/example_xcomargs.py took 0.044 seconds
[2024-10-05T02:16:37.917+0000] {processor.py:186} INFO - Started process (PID=289) to work on /home/airflow/.local/lib/python3.12/site-packages/airflow/example_dags/example_xcomargs.py
[2024-10-05T02:16:37.917+0000] {processor.py:914} INFO - Processing file /home/airflow/.local/lib/python3.12/site-packages/airflow/example_dags/example_xcomargs.py for tasks to queue
[2024-10-05T02:16:37.919+0000] {logging_mixin.py:190} INFO - [2024-10-05T02:16:37.919+0000] {dagbag.py:588} INFO - Filling up the DagBag from /home/airflow/.local/lib/python3.12/site-packages/airflow/example_dags/example_xcomargs.py
[2024-10-05T02:16:37.925+0000] {processor.py:925} INFO - DAG(s) 'example_xcom_args_with_operators', 'example_xcom_args' retrieved from /home/airflow/.local/lib/python3.12/site-packages/airflow/example_dags/example_xcomargs.py
[2024-10-05T02:16:37.937+0000] {logging_mixin.py:190} INFO - [2024-10-05T02:16:37.937+0000] {dag.py:3239} INFO - Sync 2 DAGs
[2024-10-05T02:16:37.945+0000] {logging_mixin.py:190} INFO - [2024-10-05T02:16:37.945+0000] {dag.py:4180} INFO - Setting next_dagrun for example_xcom_args to None, run_after=None
[2024-10-05T02:16:37.947+0000] {logging_mixin.py:190} INFO - [2024-10-05T02:16:37.947+0000] {dag.py:4180} INFO - Setting next_dagrun for example_xcom_args_with_operators to None, run_after=None
[2024-10-05T02:16:37.956+0000] {processor.py:208} INFO - Processing /home/airflow/.local/lib/python3.12/site-packages/airflow/example_dags/example_xcomargs.py took 0.043 seconds
[2024-10-05T02:17:08.998+0000] {processor.py:186} INFO - Started process (PID=351) to work on /home/airflow/.local/lib/python3.12/site-packages/airflow/example_dags/example_xcomargs.py
[2024-10-05T02:17:08.999+0000] {processor.py:914} INFO - Processing file /home/airflow/.local/lib/python3.12/site-packages/airflow/example_dags/example_xcomargs.py for tasks to queue
[2024-10-05T02:17:09.000+0000] {logging_mixin.py:190} INFO - [2024-10-05T02:17:09.000+0000] {dagbag.py:588} INFO - Filling up the DagBag from /home/airflow/.local/lib/python3.12/site-packages/airflow/example_dags/example_xcomargs.py
[2024-10-05T02:17:09.006+0000] {processor.py:925} INFO - DAG(s) 'example_xcom_args', 'example_xcom_args_with_operators' retrieved from /home/airflow/.local/lib/python3.12/site-packages/airflow/example_dags/example_xcomargs.py
[2024-10-05T02:17:09.018+0000] {logging_mixin.py:190} INFO - [2024-10-05T02:17:09.018+0000] {dag.py:3239} INFO - Sync 2 DAGs
[2024-10-05T02:17:09.027+0000] {logging_mixin.py:190} INFO - [2024-10-05T02:17:09.027+0000] {dag.py:4180} INFO - Setting next_dagrun for example_xcom_args to None, run_after=None
[2024-10-05T02:17:09.029+0000] {logging_mixin.py:190} INFO - [2024-10-05T02:17:09.029+0000] {dag.py:4180} INFO - Setting next_dagrun for example_xcom_args_with_operators to None, run_after=None
[2024-10-05T02:17:09.037+0000] {processor.py:208} INFO - Processing /home/airflow/.local/lib/python3.12/site-packages/airflow/example_dags/example_xcomargs.py took 0.042 seconds
[2024-10-05T02:17:39.866+0000] {processor.py:186} INFO - Started process (PID=413) to work on /home/airflow/.local/lib/python3.12/site-packages/airflow/example_dags/example_xcomargs.py
[2024-10-05T02:17:39.866+0000] {processor.py:914} INFO - Processing file /home/airflow/.local/lib/python3.12/site-packages/airflow/example_dags/example_xcomargs.py for tasks to queue
[2024-10-05T02:17:39.868+0000] {logging_mixin.py:190} INFO - [2024-10-05T02:17:39.867+0000] {dagbag.py:588} INFO - Filling up the DagBag from /home/airflow/.local/lib/python3.12/site-packages/airflow/example_dags/example_xcomargs.py
[2024-10-05T02:17:39.873+0000] {processor.py:925} INFO - DAG(s) 'example_xcom_args', 'example_xcom_args_with_operators' retrieved from /home/airflow/.local/lib/python3.12/site-packages/airflow/example_dags/example_xcomargs.py
[2024-10-05T02:17:39.886+0000] {logging_mixin.py:190} INFO - [2024-10-05T02:17:39.886+0000] {dag.py:3239} INFO - Sync 2 DAGs
[2024-10-05T02:17:39.894+0000] {logging_mixin.py:190} INFO - [2024-10-05T02:17:39.894+0000] {dag.py:4180} INFO - Setting next_dagrun for example_xcom_args to None, run_after=None
[2024-10-05T02:17:39.896+0000] {logging_mixin.py:190} INFO - [2024-10-05T02:17:39.896+0000] {dag.py:4180} INFO - Setting next_dagrun for example_xcom_args_with_operators to None, run_after=None
[2024-10-05T02:17:39.904+0000] {processor.py:208} INFO - Processing /home/airflow/.local/lib/python3.12/site-packages/airflow/example_dags/example_xcomargs.py took 0.042 seconds
[2024-10-05T02:18:10.296+0000] {processor.py:186} INFO - Started process (PID=475) to work on /home/airflow/.local/lib/python3.12/site-packages/airflow/example_dags/example_xcomargs.py
[2024-10-05T02:18:10.296+0000] {processor.py:914} INFO - Processing file /home/airflow/.local/lib/python3.12/site-packages/airflow/example_dags/example_xcomargs.py for tasks to queue
[2024-10-05T02:18:10.297+0000] {logging_mixin.py:190} INFO - [2024-10-05T02:18:10.297+0000] {dagbag.py:588} INFO - Filling up the DagBag from /home/airflow/.local/lib/python3.12/site-packages/airflow/example_dags/example_xcomargs.py
[2024-10-05T02:18:10.303+0000] {processor.py:925} INFO - DAG(s) 'example_xcom_args_with_operators', 'example_xcom_args' retrieved from /home/airflow/.local/lib/python3.12/site-packages/airflow/example_dags/example_xcomargs.py
[2024-10-05T02:18:10.315+0000] {logging_mixin.py:190} INFO - [2024-10-05T02:18:10.315+0000] {dag.py:3239} INFO - Sync 2 DAGs
[2024-10-05T02:18:10.323+0000] {logging_mixin.py:190} INFO - [2024-10-05T02:18:10.323+0000] {dag.py:4180} INFO - Setting next_dagrun for example_xcom_args to None, run_after=None
[2024-10-05T02:18:10.325+0000] {logging_mixin.py:190} INFO - [2024-10-05T02:18:10.325+0000] {dag.py:4180} INFO - Setting next_dagrun for example_xcom_args_with_operators to None, run_after=None
[2024-10-05T02:18:10.334+0000] {processor.py:208} INFO - Processing /home/airflow/.local/lib/python3.12/site-packages/airflow/example_dags/example_xcomargs.py took 0.041 seconds
[2024-10-05T02:18:40.648+0000] {processor.py:186} INFO - Started process (PID=537) to work on /home/airflow/.local/lib/python3.12/site-packages/airflow/example_dags/example_xcomargs.py
[2024-10-05T02:18:40.648+0000] {processor.py:914} INFO - Processing file /home/airflow/.local/lib/python3.12/site-packages/airflow/example_dags/example_xcomargs.py for tasks to queue
[2024-10-05T02:18:40.650+0000] {logging_mixin.py:190} INFO - [2024-10-05T02:18:40.649+0000] {dagbag.py:588} INFO - Filling up the DagBag from /home/airflow/.local/lib/python3.12/site-packages/airflow/example_dags/example_xcomargs.py
[2024-10-05T02:18:40.656+0000] {processor.py:925} INFO - DAG(s) 'example_xcom_args', 'example_xcom_args_with_operators' retrieved from /home/airflow/.local/lib/python3.12/site-packages/airflow/example_dags/example_xcomargs.py
[2024-10-05T02:18:40.669+0000] {logging_mixin.py:190} INFO - [2024-10-05T02:18:40.668+0000] {dag.py:3239} INFO - Sync 2 DAGs
[2024-10-05T02:18:40.678+0000] {logging_mixin.py:190} INFO - [2024-10-05T02:18:40.678+0000] {dag.py:4180} INFO - Setting next_dagrun for example_xcom_args to None, run_after=None
[2024-10-05T02:18:40.680+0000] {logging_mixin.py:190} INFO - [2024-10-05T02:18:40.680+0000] {dag.py:4180} INFO - Setting next_dagrun for example_xcom_args_with_operators to None, run_after=None
[2024-10-05T02:18:40.689+0000] {processor.py:208} INFO - Processing /home/airflow/.local/lib/python3.12/site-packages/airflow/example_dags/example_xcomargs.py took 0.045 seconds
[2024-10-05T02:45:06.587+0000] {processor.py:186} INFO - Started process (PID=96) to work on /home/airflow/.local/lib/python3.12/site-packages/airflow/example_dags/example_xcomargs.py
[2024-10-05T02:45:06.588+0000] {processor.py:914} INFO - Processing file /home/airflow/.local/lib/python3.12/site-packages/airflow/example_dags/example_xcomargs.py for tasks to queue
[2024-10-05T02:45:06.589+0000] {logging_mixin.py:190} INFO - [2024-10-05T02:45:06.589+0000] {dagbag.py:588} INFO - Filling up the DagBag from /home/airflow/.local/lib/python3.12/site-packages/airflow/example_dags/example_xcomargs.py
[2024-10-05T02:45:06.594+0000] {processor.py:925} INFO - DAG(s) 'example_xcom_args_with_operators', 'example_xcom_args' retrieved from /home/airflow/.local/lib/python3.12/site-packages/airflow/example_dags/example_xcomargs.py
[2024-10-05T02:45:06.607+0000] {logging_mixin.py:190} INFO - [2024-10-05T02:45:06.607+0000] {dag.py:3239} INFO - Sync 2 DAGs
[2024-10-05T02:45:06.615+0000] {logging_mixin.py:190} INFO - [2024-10-05T02:45:06.615+0000] {dag.py:4180} INFO - Setting next_dagrun for example_xcom_args to None, run_after=None
[2024-10-05T02:45:06.617+0000] {logging_mixin.py:190} INFO - [2024-10-05T02:45:06.617+0000] {dag.py:4180} INFO - Setting next_dagrun for example_xcom_args_with_operators to None, run_after=None
[2024-10-05T02:45:06.625+0000] {processor.py:208} INFO - Processing /home/airflow/.local/lib/python3.12/site-packages/airflow/example_dags/example_xcomargs.py took 0.042 seconds
[2024-10-05T02:45:36.827+0000] {processor.py:186} INFO - Started process (PID=159) to work on /home/airflow/.local/lib/python3.12/site-packages/airflow/example_dags/example_xcomargs.py
[2024-10-05T02:45:36.827+0000] {processor.py:914} INFO - Processing file /home/airflow/.local/lib/python3.12/site-packages/airflow/example_dags/example_xcomargs.py for tasks to queue
[2024-10-05T02:45:36.829+0000] {logging_mixin.py:190} INFO - [2024-10-05T02:45:36.828+0000] {dagbag.py:588} INFO - Filling up the DagBag from /home/airflow/.local/lib/python3.12/site-packages/airflow/example_dags/example_xcomargs.py
[2024-10-05T02:45:36.834+0000] {processor.py:925} INFO - DAG(s) 'example_xcom_args', 'example_xcom_args_with_operators' retrieved from /home/airflow/.local/lib/python3.12/site-packages/airflow/example_dags/example_xcomargs.py
[2024-10-05T02:45:36.847+0000] {logging_mixin.py:190} INFO - [2024-10-05T02:45:36.847+0000] {dag.py:3239} INFO - Sync 2 DAGs
[2024-10-05T02:45:36.855+0000] {logging_mixin.py:190} INFO - [2024-10-05T02:45:36.855+0000] {dag.py:4180} INFO - Setting next_dagrun for example_xcom_args to None, run_after=None
[2024-10-05T02:45:36.857+0000] {logging_mixin.py:190} INFO - [2024-10-05T02:45:36.857+0000] {dag.py:4180} INFO - Setting next_dagrun for example_xcom_args_with_operators to None, run_after=None
[2024-10-05T02:45:36.866+0000] {processor.py:208} INFO - Processing /home/airflow/.local/lib/python3.12/site-packages/airflow/example_dags/example_xcomargs.py took 0.042 seconds
[2024-10-05T02:46:07.790+0000] {processor.py:186} INFO - Started process (PID=221) to work on /home/airflow/.local/lib/python3.12/site-packages/airflow/example_dags/example_xcomargs.py
[2024-10-05T02:46:07.791+0000] {processor.py:914} INFO - Processing file /home/airflow/.local/lib/python3.12/site-packages/airflow/example_dags/example_xcomargs.py for tasks to queue
[2024-10-05T02:46:07.792+0000] {logging_mixin.py:190} INFO - [2024-10-05T02:46:07.792+0000] {dagbag.py:588} INFO - Filling up the DagBag from /home/airflow/.local/lib/python3.12/site-packages/airflow/example_dags/example_xcomargs.py
[2024-10-05T02:46:07.797+0000] {processor.py:925} INFO - DAG(s) 'example_xcom_args', 'example_xcom_args_with_operators' retrieved from /home/airflow/.local/lib/python3.12/site-packages/airflow/example_dags/example_xcomargs.py
[2024-10-05T02:46:07.809+0000] {logging_mixin.py:190} INFO - [2024-10-05T02:46:07.809+0000] {dag.py:3239} INFO - Sync 2 DAGs
[2024-10-05T02:46:07.816+0000] {logging_mixin.py:190} INFO - [2024-10-05T02:46:07.816+0000] {dag.py:4180} INFO - Setting next_dagrun for example_xcom_args to None, run_after=None
[2024-10-05T02:46:07.818+0000] {logging_mixin.py:190} INFO - [2024-10-05T02:46:07.818+0000] {dag.py:4180} INFO - Setting next_dagrun for example_xcom_args_with_operators to None, run_after=None
[2024-10-05T02:46:07.826+0000] {processor.py:208} INFO - Processing /home/airflow/.local/lib/python3.12/site-packages/airflow/example_dags/example_xcomargs.py took 0.039 seconds
[2024-10-05T02:46:38.111+0000] {processor.py:186} INFO - Started process (PID=283) to work on /home/airflow/.local/lib/python3.12/site-packages/airflow/example_dags/example_xcomargs.py
[2024-10-05T02:46:38.112+0000] {processor.py:914} INFO - Processing file /home/airflow/.local/lib/python3.12/site-packages/airflow/example_dags/example_xcomargs.py for tasks to queue
[2024-10-05T02:46:38.113+0000] {logging_mixin.py:190} INFO - [2024-10-05T02:46:38.113+0000] {dagbag.py:588} INFO - Filling up the DagBag from /home/airflow/.local/lib/python3.12/site-packages/airflow/example_dags/example_xcomargs.py
[2024-10-05T02:46:38.119+0000] {processor.py:925} INFO - DAG(s) 'example_xcom_args_with_operators', 'example_xcom_args' retrieved from /home/airflow/.local/lib/python3.12/site-packages/airflow/example_dags/example_xcomargs.py
[2024-10-05T02:46:38.133+0000] {logging_mixin.py:190} INFO - [2024-10-05T02:46:38.133+0000] {dag.py:3239} INFO - Sync 2 DAGs
[2024-10-05T02:46:38.141+0000] {logging_mixin.py:190} INFO - [2024-10-05T02:46:38.141+0000] {dag.py:4180} INFO - Setting next_dagrun for example_xcom_args to None, run_after=None
[2024-10-05T02:46:38.144+0000] {logging_mixin.py:190} INFO - [2024-10-05T02:46:38.144+0000] {dag.py:4180} INFO - Setting next_dagrun for example_xcom_args_with_operators to None, run_after=None
[2024-10-05T02:46:38.153+0000] {processor.py:208} INFO - Processing /home/airflow/.local/lib/python3.12/site-packages/airflow/example_dags/example_xcomargs.py took 0.046 seconds
[2024-10-05T02:47:08.167+0000] {processor.py:186} INFO - Started process (PID=345) to work on /home/airflow/.local/lib/python3.12/site-packages/airflow/example_dags/example_xcomargs.py
[2024-10-05T02:47:08.168+0000] {processor.py:914} INFO - Processing file /home/airflow/.local/lib/python3.12/site-packages/airflow/example_dags/example_xcomargs.py for tasks to queue
[2024-10-05T02:47:08.169+0000] {logging_mixin.py:190} INFO - [2024-10-05T02:47:08.169+0000] {dagbag.py:588} INFO - Filling up the DagBag from /home/airflow/.local/lib/python3.12/site-packages/airflow/example_dags/example_xcomargs.py
[2024-10-05T02:47:08.175+0000] {processor.py:925} INFO - DAG(s) 'example_xcom_args_with_operators', 'example_xcom_args' retrieved from /home/airflow/.local/lib/python3.12/site-packages/airflow/example_dags/example_xcomargs.py
[2024-10-05T02:47:08.189+0000] {logging_mixin.py:190} INFO - [2024-10-05T02:47:08.189+0000] {dag.py:3239} INFO - Sync 2 DAGs
[2024-10-05T02:47:08.201+0000] {logging_mixin.py:190} INFO - [2024-10-05T02:47:08.201+0000] {dag.py:4180} INFO - Setting next_dagrun for example_xcom_args to None, run_after=None
[2024-10-05T02:47:08.204+0000] {logging_mixin.py:190} INFO - [2024-10-05T02:47:08.204+0000] {dag.py:4180} INFO - Setting next_dagrun for example_xcom_args_with_operators to None, run_after=None
[2024-10-05T02:47:08.213+0000] {processor.py:208} INFO - Processing /home/airflow/.local/lib/python3.12/site-packages/airflow/example_dags/example_xcomargs.py took 0.050 seconds
[2024-10-05T02:47:38.913+0000] {processor.py:186} INFO - Started process (PID=407) to work on /home/airflow/.local/lib/python3.12/site-packages/airflow/example_dags/example_xcomargs.py
[2024-10-05T02:47:38.914+0000] {processor.py:914} INFO - Processing file /home/airflow/.local/lib/python3.12/site-packages/airflow/example_dags/example_xcomargs.py for tasks to queue
[2024-10-05T02:47:38.915+0000] {logging_mixin.py:190} INFO - [2024-10-05T02:47:38.915+0000] {dagbag.py:588} INFO - Filling up the DagBag from /home/airflow/.local/lib/python3.12/site-packages/airflow/example_dags/example_xcomargs.py
[2024-10-05T02:47:38.921+0000] {processor.py:925} INFO - DAG(s) 'example_xcom_args_with_operators', 'example_xcom_args' retrieved from /home/airflow/.local/lib/python3.12/site-packages/airflow/example_dags/example_xcomargs.py
[2024-10-05T02:47:38.934+0000] {logging_mixin.py:190} INFO - [2024-10-05T02:47:38.934+0000] {dag.py:3239} INFO - Sync 2 DAGs
[2024-10-05T02:47:38.944+0000] {logging_mixin.py:190} INFO - [2024-10-05T02:47:38.944+0000] {dag.py:4180} INFO - Setting next_dagrun for example_xcom_args to None, run_after=None
[2024-10-05T02:47:38.946+0000] {logging_mixin.py:190} INFO - [2024-10-05T02:47:38.946+0000] {dag.py:4180} INFO - Setting next_dagrun for example_xcom_args_with_operators to None, run_after=None
[2024-10-05T02:47:38.955+0000] {processor.py:208} INFO - Processing /home/airflow/.local/lib/python3.12/site-packages/airflow/example_dags/example_xcomargs.py took 0.047 seconds
[2024-10-05T02:48:09.201+0000] {processor.py:186} INFO - Started process (PID=469) to work on /home/airflow/.local/lib/python3.12/site-packages/airflow/example_dags/example_xcomargs.py
[2024-10-05T02:48:09.201+0000] {processor.py:914} INFO - Processing file /home/airflow/.local/lib/python3.12/site-packages/airflow/example_dags/example_xcomargs.py for tasks to queue
[2024-10-05T02:48:09.203+0000] {logging_mixin.py:190} INFO - [2024-10-05T02:48:09.203+0000] {dagbag.py:588} INFO - Filling up the DagBag from /home/airflow/.local/lib/python3.12/site-packages/airflow/example_dags/example_xcomargs.py
[2024-10-05T02:48:09.208+0000] {processor.py:925} INFO - DAG(s) 'example_xcom_args', 'example_xcom_args_with_operators' retrieved from /home/airflow/.local/lib/python3.12/site-packages/airflow/example_dags/example_xcomargs.py
[2024-10-05T02:48:09.223+0000] {logging_mixin.py:190} INFO - [2024-10-05T02:48:09.223+0000] {dag.py:3239} INFO - Sync 2 DAGs
[2024-10-05T02:48:09.232+0000] {logging_mixin.py:190} INFO - [2024-10-05T02:48:09.232+0000] {dag.py:4180} INFO - Setting next_dagrun for example_xcom_args to None, run_after=None
[2024-10-05T02:48:09.235+0000] {logging_mixin.py:190} INFO - [2024-10-05T02:48:09.234+0000] {dag.py:4180} INFO - Setting next_dagrun for example_xcom_args_with_operators to None, run_after=None
[2024-10-05T02:48:09.245+0000] {processor.py:208} INFO - Processing /home/airflow/.local/lib/python3.12/site-packages/airflow/example_dags/example_xcomargs.py took 0.048 seconds
[2024-10-05T02:48:40.314+0000] {processor.py:186} INFO - Started process (PID=531) to work on /home/airflow/.local/lib/python3.12/site-packages/airflow/example_dags/example_xcomargs.py
[2024-10-05T02:48:40.315+0000] {processor.py:914} INFO - Processing file /home/airflow/.local/lib/python3.12/site-packages/airflow/example_dags/example_xcomargs.py for tasks to queue
[2024-10-05T02:48:40.316+0000] {logging_mixin.py:190} INFO - [2024-10-05T02:48:40.316+0000] {dagbag.py:588} INFO - Filling up the DagBag from /home/airflow/.local/lib/python3.12/site-packages/airflow/example_dags/example_xcomargs.py
[2024-10-05T02:48:40.322+0000] {processor.py:925} INFO - DAG(s) 'example_xcom_args_with_operators', 'example_xcom_args' retrieved from /home/airflow/.local/lib/python3.12/site-packages/airflow/example_dags/example_xcomargs.py
[2024-10-05T02:48:40.335+0000] {logging_mixin.py:190} INFO - [2024-10-05T02:48:40.335+0000] {dag.py:3239} INFO - Sync 2 DAGs
[2024-10-05T02:48:40.343+0000] {logging_mixin.py:190} INFO - [2024-10-05T02:48:40.343+0000] {dag.py:4180} INFO - Setting next_dagrun for example_xcom_args to None, run_after=None
[2024-10-05T02:48:40.345+0000] {logging_mixin.py:190} INFO - [2024-10-05T02:48:40.345+0000] {dag.py:4180} INFO - Setting next_dagrun for example_xcom_args_with_operators to None, run_after=None
[2024-10-05T02:48:40.355+0000] {processor.py:208} INFO - Processing /home/airflow/.local/lib/python3.12/site-packages/airflow/example_dags/example_xcomargs.py took 0.044 seconds
[2024-10-05T02:49:11.245+0000] {processor.py:186} INFO - Started process (PID=593) to work on /home/airflow/.local/lib/python3.12/site-packages/airflow/example_dags/example_xcomargs.py
[2024-10-05T02:49:11.246+0000] {processor.py:914} INFO - Processing file /home/airflow/.local/lib/python3.12/site-packages/airflow/example_dags/example_xcomargs.py for tasks to queue
[2024-10-05T02:49:11.247+0000] {logging_mixin.py:190} INFO - [2024-10-05T02:49:11.247+0000] {dagbag.py:588} INFO - Filling up the DagBag from /home/airflow/.local/lib/python3.12/site-packages/airflow/example_dags/example_xcomargs.py
[2024-10-05T02:49:11.253+0000] {processor.py:925} INFO - DAG(s) 'example_xcom_args', 'example_xcom_args_with_operators' retrieved from /home/airflow/.local/lib/python3.12/site-packages/airflow/example_dags/example_xcomargs.py
[2024-10-05T02:49:11.264+0000] {logging_mixin.py:190} INFO - [2024-10-05T02:49:11.264+0000] {dag.py:3239} INFO - Sync 2 DAGs
[2024-10-05T02:49:11.272+0000] {logging_mixin.py:190} INFO - [2024-10-05T02:49:11.272+0000] {dag.py:4180} INFO - Setting next_dagrun for example_xcom_args to None, run_after=None
[2024-10-05T02:49:11.274+0000] {logging_mixin.py:190} INFO - [2024-10-05T02:49:11.274+0000] {dag.py:4180} INFO - Setting next_dagrun for example_xcom_args_with_operators to None, run_after=None
[2024-10-05T02:49:11.283+0000] {processor.py:208} INFO - Processing /home/airflow/.local/lib/python3.12/site-packages/airflow/example_dags/example_xcomargs.py took 0.041 seconds
[2024-10-05T02:49:41.793+0000] {processor.py:186} INFO - Started process (PID=661) to work on /home/airflow/.local/lib/python3.12/site-packages/airflow/example_dags/example_xcomargs.py
[2024-10-05T02:49:41.794+0000] {processor.py:914} INFO - Processing file /home/airflow/.local/lib/python3.12/site-packages/airflow/example_dags/example_xcomargs.py for tasks to queue
[2024-10-05T02:49:41.795+0000] {logging_mixin.py:190} INFO - [2024-10-05T02:49:41.795+0000] {dagbag.py:588} INFO - Filling up the DagBag from /home/airflow/.local/lib/python3.12/site-packages/airflow/example_dags/example_xcomargs.py
[2024-10-05T02:49:41.800+0000] {processor.py:925} INFO - DAG(s) 'example_xcom_args_with_operators', 'example_xcom_args' retrieved from /home/airflow/.local/lib/python3.12/site-packages/airflow/example_dags/example_xcomargs.py
[2024-10-05T02:49:41.812+0000] {logging_mixin.py:190} INFO - [2024-10-05T02:49:41.812+0000] {dag.py:3239} INFO - Sync 2 DAGs
[2024-10-05T02:49:41.820+0000] {logging_mixin.py:190} INFO - [2024-10-05T02:49:41.820+0000] {dag.py:4180} INFO - Setting next_dagrun for example_xcom_args to None, run_after=None
[2024-10-05T02:49:41.822+0000] {logging_mixin.py:190} INFO - [2024-10-05T02:49:41.822+0000] {dag.py:4180} INFO - Setting next_dagrun for example_xcom_args_with_operators to None, run_after=None
[2024-10-05T02:49:41.831+0000] {processor.py:208} INFO - Processing /home/airflow/.local/lib/python3.12/site-packages/airflow/example_dags/example_xcomargs.py took 0.040 seconds
[2024-10-05T02:50:12.399+0000] {processor.py:186} INFO - Started process (PID=744) to work on /home/airflow/.local/lib/python3.12/site-packages/airflow/example_dags/example_xcomargs.py
[2024-10-05T02:50:12.399+0000] {processor.py:914} INFO - Processing file /home/airflow/.local/lib/python3.12/site-packages/airflow/example_dags/example_xcomargs.py for tasks to queue
[2024-10-05T02:50:12.400+0000] {logging_mixin.py:190} INFO - [2024-10-05T02:50:12.400+0000] {dagbag.py:588} INFO - Filling up the DagBag from /home/airflow/.local/lib/python3.12/site-packages/airflow/example_dags/example_xcomargs.py
[2024-10-05T02:50:12.406+0000] {processor.py:925} INFO - DAG(s) 'example_xcom_args_with_operators', 'example_xcom_args' retrieved from /home/airflow/.local/lib/python3.12/site-packages/airflow/example_dags/example_xcomargs.py
[2024-10-05T02:50:12.418+0000] {logging_mixin.py:190} INFO - [2024-10-05T02:50:12.418+0000] {dag.py:3239} INFO - Sync 2 DAGs
[2024-10-05T02:50:12.427+0000] {logging_mixin.py:190} INFO - [2024-10-05T02:50:12.427+0000] {dag.py:4180} INFO - Setting next_dagrun for example_xcom_args to None, run_after=None
[2024-10-05T02:50:12.429+0000] {logging_mixin.py:190} INFO - [2024-10-05T02:50:12.429+0000] {dag.py:4180} INFO - Setting next_dagrun for example_xcom_args_with_operators to None, run_after=None
[2024-10-05T02:50:12.437+0000] {processor.py:208} INFO - Processing /home/airflow/.local/lib/python3.12/site-packages/airflow/example_dags/example_xcomargs.py took 0.042 seconds
[2024-10-05T02:50:42.848+0000] {processor.py:186} INFO - Started process (PID=806) to work on /home/airflow/.local/lib/python3.12/site-packages/airflow/example_dags/example_xcomargs.py
[2024-10-05T02:50:42.848+0000] {processor.py:914} INFO - Processing file /home/airflow/.local/lib/python3.12/site-packages/airflow/example_dags/example_xcomargs.py for tasks to queue
[2024-10-05T02:50:42.850+0000] {logging_mixin.py:190} INFO - [2024-10-05T02:50:42.849+0000] {dagbag.py:588} INFO - Filling up the DagBag from /home/airflow/.local/lib/python3.12/site-packages/airflow/example_dags/example_xcomargs.py
[2024-10-05T02:50:42.855+0000] {processor.py:925} INFO - DAG(s) 'example_xcom_args', 'example_xcom_args_with_operators' retrieved from /home/airflow/.local/lib/python3.12/site-packages/airflow/example_dags/example_xcomargs.py
[2024-10-05T02:50:42.867+0000] {logging_mixin.py:190} INFO - [2024-10-05T02:50:42.866+0000] {dag.py:3239} INFO - Sync 2 DAGs
[2024-10-05T02:50:42.874+0000] {logging_mixin.py:190} INFO - [2024-10-05T02:50:42.874+0000] {dag.py:4180} INFO - Setting next_dagrun for example_xcom_args to None, run_after=None
[2024-10-05T02:50:42.876+0000] {logging_mixin.py:190} INFO - [2024-10-05T02:50:42.876+0000] {dag.py:4180} INFO - Setting next_dagrun for example_xcom_args_with_operators to None, run_after=None
[2024-10-05T02:50:42.885+0000] {processor.py:208} INFO - Processing /home/airflow/.local/lib/python3.12/site-packages/airflow/example_dags/example_xcomargs.py took 0.041 seconds
[2024-10-05T02:51:13.389+0000] {processor.py:186} INFO - Started process (PID=868) to work on /home/airflow/.local/lib/python3.12/site-packages/airflow/example_dags/example_xcomargs.py
[2024-10-05T02:51:13.390+0000] {processor.py:914} INFO - Processing file /home/airflow/.local/lib/python3.12/site-packages/airflow/example_dags/example_xcomargs.py for tasks to queue
[2024-10-05T02:51:13.391+0000] {logging_mixin.py:190} INFO - [2024-10-05T02:51:13.391+0000] {dagbag.py:588} INFO - Filling up the DagBag from /home/airflow/.local/lib/python3.12/site-packages/airflow/example_dags/example_xcomargs.py
[2024-10-05T02:51:13.397+0000] {processor.py:925} INFO - DAG(s) 'example_xcom_args_with_operators', 'example_xcom_args' retrieved from /home/airflow/.local/lib/python3.12/site-packages/airflow/example_dags/example_xcomargs.py
[2024-10-05T02:51:13.410+0000] {logging_mixin.py:190} INFO - [2024-10-05T02:51:13.410+0000] {dag.py:3239} INFO - Sync 2 DAGs
[2024-10-05T02:51:13.419+0000] {logging_mixin.py:190} INFO - [2024-10-05T02:51:13.419+0000] {dag.py:4180} INFO - Setting next_dagrun for example_xcom_args to None, run_after=None
[2024-10-05T02:51:13.421+0000] {logging_mixin.py:190} INFO - [2024-10-05T02:51:13.421+0000] {dag.py:4180} INFO - Setting next_dagrun for example_xcom_args_with_operators to None, run_after=None
[2024-10-05T02:51:13.429+0000] {processor.py:208} INFO - Processing /home/airflow/.local/lib/python3.12/site-packages/airflow/example_dags/example_xcomargs.py took 0.043 seconds
[2024-10-05T02:51:43.825+0000] {processor.py:186} INFO - Started process (PID=930) to work on /home/airflow/.local/lib/python3.12/site-packages/airflow/example_dags/example_xcomargs.py
[2024-10-05T02:51:43.826+0000] {processor.py:914} INFO - Processing file /home/airflow/.local/lib/python3.12/site-packages/airflow/example_dags/example_xcomargs.py for tasks to queue
[2024-10-05T02:51:43.827+0000] {logging_mixin.py:190} INFO - [2024-10-05T02:51:43.827+0000] {dagbag.py:588} INFO - Filling up the DagBag from /home/airflow/.local/lib/python3.12/site-packages/airflow/example_dags/example_xcomargs.py
[2024-10-05T02:51:43.833+0000] {processor.py:925} INFO - DAG(s) 'example_xcom_args_with_operators', 'example_xcom_args' retrieved from /home/airflow/.local/lib/python3.12/site-packages/airflow/example_dags/example_xcomargs.py
[2024-10-05T02:51:43.845+0000] {logging_mixin.py:190} INFO - [2024-10-05T02:51:43.845+0000] {dag.py:3239} INFO - Sync 2 DAGs
[2024-10-05T02:51:43.853+0000] {logging_mixin.py:190} INFO - [2024-10-05T02:51:43.853+0000] {dag.py:4180} INFO - Setting next_dagrun for example_xcom_args to None, run_after=None
[2024-10-05T02:51:43.855+0000] {logging_mixin.py:190} INFO - [2024-10-05T02:51:43.855+0000] {dag.py:4180} INFO - Setting next_dagrun for example_xcom_args_with_operators to None, run_after=None
[2024-10-05T02:51:43.864+0000] {processor.py:208} INFO - Processing /home/airflow/.local/lib/python3.12/site-packages/airflow/example_dags/example_xcomargs.py took 0.042 seconds
[2024-10-05T02:52:14.461+0000] {processor.py:186} INFO - Started process (PID=992) to work on /home/airflow/.local/lib/python3.12/site-packages/airflow/example_dags/example_xcomargs.py
[2024-10-05T02:52:14.462+0000] {processor.py:914} INFO - Processing file /home/airflow/.local/lib/python3.12/site-packages/airflow/example_dags/example_xcomargs.py for tasks to queue
[2024-10-05T02:52:14.463+0000] {logging_mixin.py:190} INFO - [2024-10-05T02:52:14.463+0000] {dagbag.py:588} INFO - Filling up the DagBag from /home/airflow/.local/lib/python3.12/site-packages/airflow/example_dags/example_xcomargs.py
[2024-10-05T02:52:14.468+0000] {processor.py:925} INFO - DAG(s) 'example_xcom_args', 'example_xcom_args_with_operators' retrieved from /home/airflow/.local/lib/python3.12/site-packages/airflow/example_dags/example_xcomargs.py
[2024-10-05T02:52:14.480+0000] {logging_mixin.py:190} INFO - [2024-10-05T02:52:14.480+0000] {dag.py:3239} INFO - Sync 2 DAGs
[2024-10-05T02:52:14.489+0000] {logging_mixin.py:190} INFO - [2024-10-05T02:52:14.489+0000] {dag.py:4180} INFO - Setting next_dagrun for example_xcom_args to None, run_after=None
[2024-10-05T02:52:14.491+0000] {logging_mixin.py:190} INFO - [2024-10-05T02:52:14.491+0000] {dag.py:4180} INFO - Setting next_dagrun for example_xcom_args_with_operators to None, run_after=None
[2024-10-05T02:52:14.500+0000] {processor.py:208} INFO - Processing /home/airflow/.local/lib/python3.12/site-packages/airflow/example_dags/example_xcomargs.py took 0.042 seconds
[2024-10-05T02:52:45.284+0000] {processor.py:186} INFO - Started process (PID=1054) to work on /home/airflow/.local/lib/python3.12/site-packages/airflow/example_dags/example_xcomargs.py
[2024-10-05T02:52:45.285+0000] {processor.py:914} INFO - Processing file /home/airflow/.local/lib/python3.12/site-packages/airflow/example_dags/example_xcomargs.py for tasks to queue
[2024-10-05T02:52:45.286+0000] {logging_mixin.py:190} INFO - [2024-10-05T02:52:45.286+0000] {dagbag.py:588} INFO - Filling up the DagBag from /home/airflow/.local/lib/python3.12/site-packages/airflow/example_dags/example_xcomargs.py
[2024-10-05T02:52:45.291+0000] {processor.py:925} INFO - DAG(s) 'example_xcom_args', 'example_xcom_args_with_operators' retrieved from /home/airflow/.local/lib/python3.12/site-packages/airflow/example_dags/example_xcomargs.py
[2024-10-05T02:52:45.303+0000] {logging_mixin.py:190} INFO - [2024-10-05T02:52:45.303+0000] {dag.py:3239} INFO - Sync 2 DAGs
[2024-10-05T02:52:45.311+0000] {logging_mixin.py:190} INFO - [2024-10-05T02:52:45.311+0000] {dag.py:4180} INFO - Setting next_dagrun for example_xcom_args to None, run_after=None
[2024-10-05T02:52:45.313+0000] {logging_mixin.py:190} INFO - [2024-10-05T02:52:45.313+0000] {dag.py:4180} INFO - Setting next_dagrun for example_xcom_args_with_operators to None, run_after=None
[2024-10-05T02:52:45.322+0000] {processor.py:208} INFO - Processing /home/airflow/.local/lib/python3.12/site-packages/airflow/example_dags/example_xcomargs.py took 0.041 seconds
[2024-10-05T02:53:16.144+0000] {processor.py:186} INFO - Started process (PID=1116) to work on /home/airflow/.local/lib/python3.12/site-packages/airflow/example_dags/example_xcomargs.py
[2024-10-05T02:53:16.145+0000] {processor.py:914} INFO - Processing file /home/airflow/.local/lib/python3.12/site-packages/airflow/example_dags/example_xcomargs.py for tasks to queue
[2024-10-05T02:53:16.146+0000] {logging_mixin.py:190} INFO - [2024-10-05T02:53:16.146+0000] {dagbag.py:588} INFO - Filling up the DagBag from /home/airflow/.local/lib/python3.12/site-packages/airflow/example_dags/example_xcomargs.py
[2024-10-05T02:53:16.151+0000] {processor.py:925} INFO - DAG(s) 'example_xcom_args', 'example_xcom_args_with_operators' retrieved from /home/airflow/.local/lib/python3.12/site-packages/airflow/example_dags/example_xcomargs.py
[2024-10-05T02:53:16.163+0000] {logging_mixin.py:190} INFO - [2024-10-05T02:53:16.163+0000] {dag.py:3239} INFO - Sync 2 DAGs
[2024-10-05T02:53:16.172+0000] {logging_mixin.py:190} INFO - [2024-10-05T02:53:16.171+0000] {dag.py:4180} INFO - Setting next_dagrun for example_xcom_args to None, run_after=None
[2024-10-05T02:53:16.174+0000] {logging_mixin.py:190} INFO - [2024-10-05T02:53:16.174+0000] {dag.py:4180} INFO - Setting next_dagrun for example_xcom_args_with_operators to None, run_after=None
[2024-10-05T02:53:16.182+0000] {processor.py:208} INFO - Processing /home/airflow/.local/lib/python3.12/site-packages/airflow/example_dags/example_xcomargs.py took 0.041 seconds
[2024-10-05T02:53:46.888+0000] {processor.py:186} INFO - Started process (PID=1178) to work on /home/airflow/.local/lib/python3.12/site-packages/airflow/example_dags/example_xcomargs.py
[2024-10-05T02:53:46.888+0000] {processor.py:914} INFO - Processing file /home/airflow/.local/lib/python3.12/site-packages/airflow/example_dags/example_xcomargs.py for tasks to queue
[2024-10-05T02:53:46.889+0000] {logging_mixin.py:190} INFO - [2024-10-05T02:53:46.889+0000] {dagbag.py:588} INFO - Filling up the DagBag from /home/airflow/.local/lib/python3.12/site-packages/airflow/example_dags/example_xcomargs.py
[2024-10-05T02:53:46.896+0000] {processor.py:925} INFO - DAG(s) 'example_xcom_args', 'example_xcom_args_with_operators' retrieved from /home/airflow/.local/lib/python3.12/site-packages/airflow/example_dags/example_xcomargs.py
[2024-10-05T02:53:46.910+0000] {logging_mixin.py:190} INFO - [2024-10-05T02:53:46.910+0000] {dag.py:3239} INFO - Sync 2 DAGs
[2024-10-05T02:53:46.918+0000] {logging_mixin.py:190} INFO - [2024-10-05T02:53:46.918+0000] {dag.py:4180} INFO - Setting next_dagrun for example_xcom_args to None, run_after=None
[2024-10-05T02:53:46.920+0000] {logging_mixin.py:190} INFO - [2024-10-05T02:53:46.920+0000] {dag.py:4180} INFO - Setting next_dagrun for example_xcom_args_with_operators to None, run_after=None
[2024-10-05T02:53:46.928+0000] {processor.py:208} INFO - Processing /home/airflow/.local/lib/python3.12/site-packages/airflow/example_dags/example_xcomargs.py took 0.044 seconds
[2024-10-05T02:54:17.961+0000] {processor.py:186} INFO - Started process (PID=1241) to work on /home/airflow/.local/lib/python3.12/site-packages/airflow/example_dags/example_xcomargs.py
[2024-10-05T02:54:17.962+0000] {processor.py:914} INFO - Processing file /home/airflow/.local/lib/python3.12/site-packages/airflow/example_dags/example_xcomargs.py for tasks to queue
[2024-10-05T02:54:17.963+0000] {logging_mixin.py:190} INFO - [2024-10-05T02:54:17.963+0000] {dagbag.py:588} INFO - Filling up the DagBag from /home/airflow/.local/lib/python3.12/site-packages/airflow/example_dags/example_xcomargs.py
[2024-10-05T02:54:17.968+0000] {processor.py:925} INFO - DAG(s) 'example_xcom_args', 'example_xcom_args_with_operators' retrieved from /home/airflow/.local/lib/python3.12/site-packages/airflow/example_dags/example_xcomargs.py
[2024-10-05T02:54:17.980+0000] {logging_mixin.py:190} INFO - [2024-10-05T02:54:17.980+0000] {dag.py:3239} INFO - Sync 2 DAGs
[2024-10-05T02:54:17.988+0000] {logging_mixin.py:190} INFO - [2024-10-05T02:54:17.988+0000] {dag.py:4180} INFO - Setting next_dagrun for example_xcom_args to None, run_after=None
[2024-10-05T02:54:17.990+0000] {logging_mixin.py:190} INFO - [2024-10-05T02:54:17.990+0000] {dag.py:4180} INFO - Setting next_dagrun for example_xcom_args_with_operators to None, run_after=None
[2024-10-05T02:54:17.998+0000] {processor.py:208} INFO - Processing /home/airflow/.local/lib/python3.12/site-packages/airflow/example_dags/example_xcomargs.py took 0.040 seconds
[2024-10-05T02:54:48.222+0000] {processor.py:186} INFO - Started process (PID=1303) to work on /home/airflow/.local/lib/python3.12/site-packages/airflow/example_dags/example_xcomargs.py
[2024-10-05T02:54:48.222+0000] {processor.py:914} INFO - Processing file /home/airflow/.local/lib/python3.12/site-packages/airflow/example_dags/example_xcomargs.py for tasks to queue
[2024-10-05T02:54:48.223+0000] {logging_mixin.py:190} INFO - [2024-10-05T02:54:48.223+0000] {dagbag.py:588} INFO - Filling up the DagBag from /home/airflow/.local/lib/python3.12/site-packages/airflow/example_dags/example_xcomargs.py
[2024-10-05T02:54:48.229+0000] {processor.py:925} INFO - DAG(s) 'example_xcom_args_with_operators', 'example_xcom_args' retrieved from /home/airflow/.local/lib/python3.12/site-packages/airflow/example_dags/example_xcomargs.py
[2024-10-05T02:54:48.241+0000] {logging_mixin.py:190} INFO - [2024-10-05T02:54:48.241+0000] {dag.py:3239} INFO - Sync 2 DAGs
[2024-10-05T02:54:48.249+0000] {logging_mixin.py:190} INFO - [2024-10-05T02:54:48.249+0000] {dag.py:4180} INFO - Setting next_dagrun for example_xcom_args to None, run_after=None
[2024-10-05T02:54:48.251+0000] {logging_mixin.py:190} INFO - [2024-10-05T02:54:48.251+0000] {dag.py:4180} INFO - Setting next_dagrun for example_xcom_args_with_operators to None, run_after=None
[2024-10-05T02:54:48.260+0000] {processor.py:208} INFO - Processing /home/airflow/.local/lib/python3.12/site-packages/airflow/example_dags/example_xcomargs.py took 0.041 seconds
[2024-10-05T02:55:18.758+0000] {processor.py:186} INFO - Started process (PID=1371) to work on /home/airflow/.local/lib/python3.12/site-packages/airflow/example_dags/example_xcomargs.py
[2024-10-05T02:55:18.758+0000] {processor.py:914} INFO - Processing file /home/airflow/.local/lib/python3.12/site-packages/airflow/example_dags/example_xcomargs.py for tasks to queue
[2024-10-05T02:55:18.760+0000] {logging_mixin.py:190} INFO - [2024-10-05T02:55:18.759+0000] {dagbag.py:588} INFO - Filling up the DagBag from /home/airflow/.local/lib/python3.12/site-packages/airflow/example_dags/example_xcomargs.py
[2024-10-05T02:55:18.765+0000] {processor.py:925} INFO - DAG(s) 'example_xcom_args', 'example_xcom_args_with_operators' retrieved from /home/airflow/.local/lib/python3.12/site-packages/airflow/example_dags/example_xcomargs.py
[2024-10-05T02:55:18.778+0000] {logging_mixin.py:190} INFO - [2024-10-05T02:55:18.778+0000] {dag.py:3239} INFO - Sync 2 DAGs
[2024-10-05T02:55:18.786+0000] {logging_mixin.py:190} INFO - [2024-10-05T02:55:18.786+0000] {dag.py:4180} INFO - Setting next_dagrun for example_xcom_args to None, run_after=None
[2024-10-05T02:55:18.788+0000] {logging_mixin.py:190} INFO - [2024-10-05T02:55:18.788+0000] {dag.py:4180} INFO - Setting next_dagrun for example_xcom_args_with_operators to None, run_after=None
[2024-10-05T02:55:18.796+0000] {processor.py:208} INFO - Processing /home/airflow/.local/lib/python3.12/site-packages/airflow/example_dags/example_xcomargs.py took 0.042 seconds
[2024-10-05T02:55:49.755+0000] {processor.py:186} INFO - Started process (PID=1433) to work on /home/airflow/.local/lib/python3.12/site-packages/airflow/example_dags/example_xcomargs.py
[2024-10-05T02:55:49.756+0000] {processor.py:914} INFO - Processing file /home/airflow/.local/lib/python3.12/site-packages/airflow/example_dags/example_xcomargs.py for tasks to queue
[2024-10-05T02:55:49.757+0000] {logging_mixin.py:190} INFO - [2024-10-05T02:55:49.757+0000] {dagbag.py:588} INFO - Filling up the DagBag from /home/airflow/.local/lib/python3.12/site-packages/airflow/example_dags/example_xcomargs.py
[2024-10-05T02:55:49.762+0000] {processor.py:925} INFO - DAG(s) 'example_xcom_args_with_operators', 'example_xcom_args' retrieved from /home/airflow/.local/lib/python3.12/site-packages/airflow/example_dags/example_xcomargs.py
[2024-10-05T02:55:49.774+0000] {logging_mixin.py:190} INFO - [2024-10-05T02:55:49.774+0000] {dag.py:3239} INFO - Sync 2 DAGs
[2024-10-05T02:55:49.782+0000] {logging_mixin.py:190} INFO - [2024-10-05T02:55:49.782+0000] {dag.py:4180} INFO - Setting next_dagrun for example_xcom_args to None, run_after=None
[2024-10-05T02:55:49.784+0000] {logging_mixin.py:190} INFO - [2024-10-05T02:55:49.784+0000] {dag.py:4180} INFO - Setting next_dagrun for example_xcom_args_with_operators to None, run_after=None
[2024-10-05T02:55:49.792+0000] {processor.py:208} INFO - Processing /home/airflow/.local/lib/python3.12/site-packages/airflow/example_dags/example_xcomargs.py took 0.040 seconds
[2024-10-05T02:56:20.045+0000] {processor.py:186} INFO - Started process (PID=1495) to work on /home/airflow/.local/lib/python3.12/site-packages/airflow/example_dags/example_xcomargs.py
[2024-10-05T02:56:20.046+0000] {processor.py:914} INFO - Processing file /home/airflow/.local/lib/python3.12/site-packages/airflow/example_dags/example_xcomargs.py for tasks to queue
[2024-10-05T02:56:20.047+0000] {logging_mixin.py:190} INFO - [2024-10-05T02:56:20.047+0000] {dagbag.py:588} INFO - Filling up the DagBag from /home/airflow/.local/lib/python3.12/site-packages/airflow/example_dags/example_xcomargs.py
[2024-10-05T02:56:20.052+0000] {processor.py:925} INFO - DAG(s) 'example_xcom_args_with_operators', 'example_xcom_args' retrieved from /home/airflow/.local/lib/python3.12/site-packages/airflow/example_dags/example_xcomargs.py
[2024-10-05T02:56:20.064+0000] {logging_mixin.py:190} INFO - [2024-10-05T02:56:20.064+0000] {dag.py:3239} INFO - Sync 2 DAGs
[2024-10-05T02:56:20.073+0000] {logging_mixin.py:190} INFO - [2024-10-05T02:56:20.073+0000] {dag.py:4180} INFO - Setting next_dagrun for example_xcom_args to None, run_after=None
[2024-10-05T02:56:20.075+0000] {logging_mixin.py:190} INFO - [2024-10-05T02:56:20.075+0000] {dag.py:4180} INFO - Setting next_dagrun for example_xcom_args_with_operators to None, run_after=None
[2024-10-05T02:56:20.083+0000] {processor.py:208} INFO - Processing /home/airflow/.local/lib/python3.12/site-packages/airflow/example_dags/example_xcomargs.py took 0.042 seconds
[2024-10-05T02:56:50.422+0000] {processor.py:186} INFO - Started process (PID=1557) to work on /home/airflow/.local/lib/python3.12/site-packages/airflow/example_dags/example_xcomargs.py
[2024-10-05T02:56:50.423+0000] {processor.py:914} INFO - Processing file /home/airflow/.local/lib/python3.12/site-packages/airflow/example_dags/example_xcomargs.py for tasks to queue
[2024-10-05T02:56:50.424+0000] {logging_mixin.py:190} INFO - [2024-10-05T02:56:50.424+0000] {dagbag.py:588} INFO - Filling up the DagBag from /home/airflow/.local/lib/python3.12/site-packages/airflow/example_dags/example_xcomargs.py
[2024-10-05T02:56:50.430+0000] {processor.py:925} INFO - DAG(s) 'example_xcom_args', 'example_xcom_args_with_operators' retrieved from /home/airflow/.local/lib/python3.12/site-packages/airflow/example_dags/example_xcomargs.py
[2024-10-05T02:56:50.443+0000] {logging_mixin.py:190} INFO - [2024-10-05T02:56:50.443+0000] {dag.py:3239} INFO - Sync 2 DAGs
[2024-10-05T02:56:50.452+0000] {logging_mixin.py:190} INFO - [2024-10-05T02:56:50.452+0000] {dag.py:4180} INFO - Setting next_dagrun for example_xcom_args to None, run_after=None
[2024-10-05T02:56:50.455+0000] {logging_mixin.py:190} INFO - [2024-10-05T02:56:50.455+0000] {dag.py:4180} INFO - Setting next_dagrun for example_xcom_args_with_operators to None, run_after=None
[2024-10-05T02:56:50.464+0000] {processor.py:208} INFO - Processing /home/airflow/.local/lib/python3.12/site-packages/airflow/example_dags/example_xcomargs.py took 0.045 seconds
