[2024-10-05T02:15:06.838+0000] {processor.py:186} INFO - Started process (PID=110) to work on /home/airflow/.local/lib/python3.12/site-packages/airflow/example_dags/example_skip_dag.py
[2024-10-05T02:15:06.838+0000] {processor.py:914} INFO - Processing file /home/airflow/.local/lib/python3.12/site-packages/airflow/example_dags/example_skip_dag.py for tasks to queue
[2024-10-05T02:15:06.840+0000] {logging_mixin.py:190} INFO - [2024-10-05T02:15:06.840+0000] {dagbag.py:588} INFO - Filling up the DagBag from /home/airflow/.local/lib/python3.12/site-packages/airflow/example_dags/example_skip_dag.py
[2024-10-05T02:15:06.845+0000] {processor.py:925} INFO - DAG(s) 'example_skip_dag' retrieved from /home/airflow/.local/lib/python3.12/site-packages/airflow/example_dags/example_skip_dag.py
[2024-10-05T02:15:06.858+0000] {logging_mixin.py:190} INFO - [2024-10-05T02:15:06.858+0000] {dag.py:3239} INFO - Sync 1 DAGs
[2024-10-05T02:15:06.875+0000] {logging_mixin.py:190} INFO - [2024-10-05T02:15:06.875+0000] {dag.py:4180} INFO - Setting next_dagrun for example_skip_dag to 2024-10-04 00:00:00+00:00, run_after=2024-10-05 00:00:00+00:00
[2024-10-05T02:15:06.885+0000] {processor.py:208} INFO - Processing /home/airflow/.local/lib/python3.12/site-packages/airflow/example_dags/example_skip_dag.py took 0.051 seconds
[2024-10-05T02:15:37.127+0000] {processor.py:186} INFO - Started process (PID=178) to work on /home/airflow/.local/lib/python3.12/site-packages/airflow/example_dags/example_skip_dag.py
[2024-10-05T02:15:37.128+0000] {processor.py:914} INFO - Processing file /home/airflow/.local/lib/python3.12/site-packages/airflow/example_dags/example_skip_dag.py for tasks to queue
[2024-10-05T02:15:37.129+0000] {logging_mixin.py:190} INFO - [2024-10-05T02:15:37.129+0000] {dagbag.py:588} INFO - Filling up the DagBag from /home/airflow/.local/lib/python3.12/site-packages/airflow/example_dags/example_skip_dag.py
[2024-10-05T02:15:37.134+0000] {processor.py:925} INFO - DAG(s) 'example_skip_dag' retrieved from /home/airflow/.local/lib/python3.12/site-packages/airflow/example_dags/example_skip_dag.py
[2024-10-05T02:15:37.147+0000] {logging_mixin.py:190} INFO - [2024-10-05T02:15:37.147+0000] {dag.py:3239} INFO - Sync 1 DAGs
[2024-10-05T02:15:37.164+0000] {logging_mixin.py:190} INFO - [2024-10-05T02:15:37.164+0000] {dag.py:4180} INFO - Setting next_dagrun for example_skip_dag to 2024-10-04 00:00:00+00:00, run_after=2024-10-05 00:00:00+00:00
[2024-10-05T02:15:37.174+0000] {processor.py:208} INFO - Processing /home/airflow/.local/lib/python3.12/site-packages/airflow/example_dags/example_skip_dag.py took 0.051 seconds
[2024-10-05T02:16:07.967+0000] {processor.py:186} INFO - Started process (PID=240) to work on /home/airflow/.local/lib/python3.12/site-packages/airflow/example_dags/example_skip_dag.py
[2024-10-05T02:16:07.968+0000] {processor.py:914} INFO - Processing file /home/airflow/.local/lib/python3.12/site-packages/airflow/example_dags/example_skip_dag.py for tasks to queue
[2024-10-05T02:16:07.969+0000] {logging_mixin.py:190} INFO - [2024-10-05T02:16:07.969+0000] {dagbag.py:588} INFO - Filling up the DagBag from /home/airflow/.local/lib/python3.12/site-packages/airflow/example_dags/example_skip_dag.py
[2024-10-05T02:16:07.973+0000] {processor.py:925} INFO - DAG(s) 'example_skip_dag' retrieved from /home/airflow/.local/lib/python3.12/site-packages/airflow/example_dags/example_skip_dag.py
[2024-10-05T02:16:07.985+0000] {logging_mixin.py:190} INFO - [2024-10-05T02:16:07.985+0000] {dag.py:3239} INFO - Sync 1 DAGs
[2024-10-05T02:16:07.999+0000] {logging_mixin.py:190} INFO - [2024-10-05T02:16:07.999+0000] {dag.py:4180} INFO - Setting next_dagrun for example_skip_dag to 2024-10-04 00:00:00+00:00, run_after=2024-10-05 00:00:00+00:00
[2024-10-05T02:16:08.009+0000] {processor.py:208} INFO - Processing /home/airflow/.local/lib/python3.12/site-packages/airflow/example_dags/example_skip_dag.py took 0.046 seconds
[2024-10-05T02:16:38.318+0000] {processor.py:186} INFO - Started process (PID=302) to work on /home/airflow/.local/lib/python3.12/site-packages/airflow/example_dags/example_skip_dag.py
[2024-10-05T02:16:38.318+0000] {processor.py:914} INFO - Processing file /home/airflow/.local/lib/python3.12/site-packages/airflow/example_dags/example_skip_dag.py for tasks to queue
[2024-10-05T02:16:38.320+0000] {logging_mixin.py:190} INFO - [2024-10-05T02:16:38.320+0000] {dagbag.py:588} INFO - Filling up the DagBag from /home/airflow/.local/lib/python3.12/site-packages/airflow/example_dags/example_skip_dag.py
[2024-10-05T02:16:38.324+0000] {processor.py:925} INFO - DAG(s) 'example_skip_dag' retrieved from /home/airflow/.local/lib/python3.12/site-packages/airflow/example_dags/example_skip_dag.py
[2024-10-05T02:16:38.336+0000] {logging_mixin.py:190} INFO - [2024-10-05T02:16:38.335+0000] {dag.py:3239} INFO - Sync 1 DAGs
[2024-10-05T02:16:38.348+0000] {logging_mixin.py:190} INFO - [2024-10-05T02:16:38.348+0000] {dag.py:4180} INFO - Setting next_dagrun for example_skip_dag to 2024-10-04 00:00:00+00:00, run_after=2024-10-05 00:00:00+00:00
[2024-10-05T02:16:38.357+0000] {processor.py:208} INFO - Processing /home/airflow/.local/lib/python3.12/site-packages/airflow/example_dags/example_skip_dag.py took 0.043 seconds
[2024-10-05T02:17:09.408+0000] {processor.py:186} INFO - Started process (PID=364) to work on /home/airflow/.local/lib/python3.12/site-packages/airflow/example_dags/example_skip_dag.py
[2024-10-05T02:17:09.408+0000] {processor.py:914} INFO - Processing file /home/airflow/.local/lib/python3.12/site-packages/airflow/example_dags/example_skip_dag.py for tasks to queue
[2024-10-05T02:17:09.409+0000] {logging_mixin.py:190} INFO - [2024-10-05T02:17:09.409+0000] {dagbag.py:588} INFO - Filling up the DagBag from /home/airflow/.local/lib/python3.12/site-packages/airflow/example_dags/example_skip_dag.py
[2024-10-05T02:17:09.414+0000] {processor.py:925} INFO - DAG(s) 'example_skip_dag' retrieved from /home/airflow/.local/lib/python3.12/site-packages/airflow/example_dags/example_skip_dag.py
[2024-10-05T02:17:09.425+0000] {logging_mixin.py:190} INFO - [2024-10-05T02:17:09.425+0000] {dag.py:3239} INFO - Sync 1 DAGs
[2024-10-05T02:17:09.438+0000] {logging_mixin.py:190} INFO - [2024-10-05T02:17:09.438+0000] {dag.py:4180} INFO - Setting next_dagrun for example_skip_dag to 2024-10-04 00:00:00+00:00, run_after=2024-10-05 00:00:00+00:00
[2024-10-05T02:17:09.449+0000] {processor.py:208} INFO - Processing /home/airflow/.local/lib/python3.12/site-packages/airflow/example_dags/example_skip_dag.py took 0.044 seconds
[2024-10-05T02:17:40.254+0000] {processor.py:186} INFO - Started process (PID=426) to work on /home/airflow/.local/lib/python3.12/site-packages/airflow/example_dags/example_skip_dag.py
[2024-10-05T02:17:40.255+0000] {processor.py:914} INFO - Processing file /home/airflow/.local/lib/python3.12/site-packages/airflow/example_dags/example_skip_dag.py for tasks to queue
[2024-10-05T02:17:40.256+0000] {logging_mixin.py:190} INFO - [2024-10-05T02:17:40.256+0000] {dagbag.py:588} INFO - Filling up the DagBag from /home/airflow/.local/lib/python3.12/site-packages/airflow/example_dags/example_skip_dag.py
[2024-10-05T02:17:40.261+0000] {processor.py:925} INFO - DAG(s) 'example_skip_dag' retrieved from /home/airflow/.local/lib/python3.12/site-packages/airflow/example_dags/example_skip_dag.py
[2024-10-05T02:17:40.272+0000] {logging_mixin.py:190} INFO - [2024-10-05T02:17:40.272+0000] {dag.py:3239} INFO - Sync 1 DAGs
[2024-10-05T02:17:40.284+0000] {logging_mixin.py:190} INFO - [2024-10-05T02:17:40.284+0000] {dag.py:4180} INFO - Setting next_dagrun for example_skip_dag to 2024-10-04 00:00:00+00:00, run_after=2024-10-05 00:00:00+00:00
[2024-10-05T02:17:40.293+0000] {processor.py:208} INFO - Processing /home/airflow/.local/lib/python3.12/site-packages/airflow/example_dags/example_skip_dag.py took 0.043 seconds
[2024-10-05T02:18:10.681+0000] {processor.py:186} INFO - Started process (PID=488) to work on /home/airflow/.local/lib/python3.12/site-packages/airflow/example_dags/example_skip_dag.py
[2024-10-05T02:18:10.682+0000] {processor.py:914} INFO - Processing file /home/airflow/.local/lib/python3.12/site-packages/airflow/example_dags/example_skip_dag.py for tasks to queue
[2024-10-05T02:18:10.683+0000] {logging_mixin.py:190} INFO - [2024-10-05T02:18:10.683+0000] {dagbag.py:588} INFO - Filling up the DagBag from /home/airflow/.local/lib/python3.12/site-packages/airflow/example_dags/example_skip_dag.py
[2024-10-05T02:18:10.688+0000] {processor.py:925} INFO - DAG(s) 'example_skip_dag' retrieved from /home/airflow/.local/lib/python3.12/site-packages/airflow/example_dags/example_skip_dag.py
[2024-10-05T02:18:10.699+0000] {logging_mixin.py:190} INFO - [2024-10-05T02:18:10.699+0000] {dag.py:3239} INFO - Sync 1 DAGs
[2024-10-05T02:18:10.712+0000] {logging_mixin.py:190} INFO - [2024-10-05T02:18:10.712+0000] {dag.py:4180} INFO - Setting next_dagrun for example_skip_dag to 2024-10-04 00:00:00+00:00, run_after=2024-10-05 00:00:00+00:00
[2024-10-05T02:18:10.721+0000] {processor.py:208} INFO - Processing /home/airflow/.local/lib/python3.12/site-packages/airflow/example_dags/example_skip_dag.py took 0.043 seconds
[2024-10-05T02:18:41.064+0000] {processor.py:186} INFO - Started process (PID=550) to work on /home/airflow/.local/lib/python3.12/site-packages/airflow/example_dags/example_skip_dag.py
[2024-10-05T02:18:41.065+0000] {processor.py:914} INFO - Processing file /home/airflow/.local/lib/python3.12/site-packages/airflow/example_dags/example_skip_dag.py for tasks to queue
[2024-10-05T02:18:41.067+0000] {logging_mixin.py:190} INFO - [2024-10-05T02:18:41.066+0000] {dagbag.py:588} INFO - Filling up the DagBag from /home/airflow/.local/lib/python3.12/site-packages/airflow/example_dags/example_skip_dag.py
[2024-10-05T02:18:41.071+0000] {processor.py:925} INFO - DAG(s) 'example_skip_dag' retrieved from /home/airflow/.local/lib/python3.12/site-packages/airflow/example_dags/example_skip_dag.py
[2024-10-05T02:18:41.084+0000] {logging_mixin.py:190} INFO - [2024-10-05T02:18:41.084+0000] {dag.py:3239} INFO - Sync 1 DAGs
[2024-10-05T02:18:41.098+0000] {logging_mixin.py:190} INFO - [2024-10-05T02:18:41.098+0000] {dag.py:4180} INFO - Setting next_dagrun for example_skip_dag to 2024-10-04 00:00:00+00:00, run_after=2024-10-05 00:00:00+00:00
[2024-10-05T02:18:41.108+0000] {processor.py:208} INFO - Processing /home/airflow/.local/lib/python3.12/site-packages/airflow/example_dags/example_skip_dag.py took 0.047 seconds
[2024-10-05T02:45:07.009+0000] {processor.py:186} INFO - Started process (PID=109) to work on /home/airflow/.local/lib/python3.12/site-packages/airflow/example_dags/example_skip_dag.py
[2024-10-05T02:45:07.009+0000] {processor.py:914} INFO - Processing file /home/airflow/.local/lib/python3.12/site-packages/airflow/example_dags/example_skip_dag.py for tasks to queue
[2024-10-05T02:45:07.011+0000] {logging_mixin.py:190} INFO - [2024-10-05T02:45:07.010+0000] {dagbag.py:588} INFO - Filling up the DagBag from /home/airflow/.local/lib/python3.12/site-packages/airflow/example_dags/example_skip_dag.py
[2024-10-05T02:45:07.015+0000] {processor.py:925} INFO - DAG(s) 'example_skip_dag' retrieved from /home/airflow/.local/lib/python3.12/site-packages/airflow/example_dags/example_skip_dag.py
[2024-10-05T02:45:07.025+0000] {logging_mixin.py:190} INFO - [2024-10-05T02:45:07.025+0000] {dag.py:3239} INFO - Sync 1 DAGs
[2024-10-05T02:45:07.038+0000] {logging_mixin.py:190} INFO - [2024-10-05T02:45:07.038+0000] {dag.py:4180} INFO - Setting next_dagrun for example_skip_dag to 2024-10-04 00:00:00+00:00, run_after=2024-10-05 00:00:00+00:00
[2024-10-05T02:45:07.048+0000] {processor.py:208} INFO - Processing /home/airflow/.local/lib/python3.12/site-packages/airflow/example_dags/example_skip_dag.py took 0.043 seconds
[2024-10-05T02:45:37.305+0000] {processor.py:186} INFO - Started process (PID=172) to work on /home/airflow/.local/lib/python3.12/site-packages/airflow/example_dags/example_skip_dag.py
[2024-10-05T02:45:37.306+0000] {processor.py:914} INFO - Processing file /home/airflow/.local/lib/python3.12/site-packages/airflow/example_dags/example_skip_dag.py for tasks to queue
[2024-10-05T02:45:37.307+0000] {logging_mixin.py:190} INFO - [2024-10-05T02:45:37.307+0000] {dagbag.py:588} INFO - Filling up the DagBag from /home/airflow/.local/lib/python3.12/site-packages/airflow/example_dags/example_skip_dag.py
[2024-10-05T02:45:37.311+0000] {processor.py:925} INFO - DAG(s) 'example_skip_dag' retrieved from /home/airflow/.local/lib/python3.12/site-packages/airflow/example_dags/example_skip_dag.py
[2024-10-05T02:45:37.323+0000] {logging_mixin.py:190} INFO - [2024-10-05T02:45:37.323+0000] {dag.py:3239} INFO - Sync 1 DAGs
[2024-10-05T02:45:37.336+0000] {logging_mixin.py:190} INFO - [2024-10-05T02:45:37.335+0000] {dag.py:4180} INFO - Setting next_dagrun for example_skip_dag to 2024-10-04 00:00:00+00:00, run_after=2024-10-05 00:00:00+00:00
[2024-10-05T02:45:37.345+0000] {processor.py:208} INFO - Processing /home/airflow/.local/lib/python3.12/site-packages/airflow/example_dags/example_skip_dag.py took 0.043 seconds
[2024-10-05T02:46:08.179+0000] {processor.py:186} INFO - Started process (PID=234) to work on /home/airflow/.local/lib/python3.12/site-packages/airflow/example_dags/example_skip_dag.py
[2024-10-05T02:46:08.179+0000] {processor.py:914} INFO - Processing file /home/airflow/.local/lib/python3.12/site-packages/airflow/example_dags/example_skip_dag.py for tasks to queue
[2024-10-05T02:46:08.181+0000] {logging_mixin.py:190} INFO - [2024-10-05T02:46:08.180+0000] {dagbag.py:588} INFO - Filling up the DagBag from /home/airflow/.local/lib/python3.12/site-packages/airflow/example_dags/example_skip_dag.py
[2024-10-05T02:46:08.185+0000] {processor.py:925} INFO - DAG(s) 'example_skip_dag' retrieved from /home/airflow/.local/lib/python3.12/site-packages/airflow/example_dags/example_skip_dag.py
[2024-10-05T02:46:08.196+0000] {logging_mixin.py:190} INFO - [2024-10-05T02:46:08.196+0000] {dag.py:3239} INFO - Sync 1 DAGs
[2024-10-05T02:46:08.209+0000] {logging_mixin.py:190} INFO - [2024-10-05T02:46:08.209+0000] {dag.py:4180} INFO - Setting next_dagrun for example_skip_dag to 2024-10-04 00:00:00+00:00, run_after=2024-10-05 00:00:00+00:00
[2024-10-05T02:46:08.218+0000] {processor.py:208} INFO - Processing /home/airflow/.local/lib/python3.12/site-packages/airflow/example_dags/example_skip_dag.py took 0.042 seconds
[2024-10-05T02:46:38.564+0000] {processor.py:186} INFO - Started process (PID=296) to work on /home/airflow/.local/lib/python3.12/site-packages/airflow/example_dags/example_skip_dag.py
[2024-10-05T02:46:38.565+0000] {processor.py:914} INFO - Processing file /home/airflow/.local/lib/python3.12/site-packages/airflow/example_dags/example_skip_dag.py for tasks to queue
[2024-10-05T02:46:38.566+0000] {logging_mixin.py:190} INFO - [2024-10-05T02:46:38.566+0000] {dagbag.py:588} INFO - Filling up the DagBag from /home/airflow/.local/lib/python3.12/site-packages/airflow/example_dags/example_skip_dag.py
[2024-10-05T02:46:38.571+0000] {processor.py:925} INFO - DAG(s) 'example_skip_dag' retrieved from /home/airflow/.local/lib/python3.12/site-packages/airflow/example_dags/example_skip_dag.py
[2024-10-05T02:46:38.583+0000] {logging_mixin.py:190} INFO - [2024-10-05T02:46:38.583+0000] {dag.py:3239} INFO - Sync 1 DAGs
[2024-10-05T02:46:38.598+0000] {logging_mixin.py:190} INFO - [2024-10-05T02:46:38.597+0000] {dag.py:4180} INFO - Setting next_dagrun for example_skip_dag to 2024-10-04 00:00:00+00:00, run_after=2024-10-05 00:00:00+00:00
[2024-10-05T02:46:38.609+0000] {processor.py:208} INFO - Processing /home/airflow/.local/lib/python3.12/site-packages/airflow/example_dags/example_skip_dag.py took 0.049 seconds
[2024-10-05T02:47:08.734+0000] {processor.py:186} INFO - Started process (PID=358) to work on /home/airflow/.local/lib/python3.12/site-packages/airflow/example_dags/example_skip_dag.py
[2024-10-05T02:47:08.734+0000] {processor.py:914} INFO - Processing file /home/airflow/.local/lib/python3.12/site-packages/airflow/example_dags/example_skip_dag.py for tasks to queue
[2024-10-05T02:47:08.736+0000] {logging_mixin.py:190} INFO - [2024-10-05T02:47:08.735+0000] {dagbag.py:588} INFO - Filling up the DagBag from /home/airflow/.local/lib/python3.12/site-packages/airflow/example_dags/example_skip_dag.py
[2024-10-05T02:47:08.740+0000] {processor.py:925} INFO - DAG(s) 'example_skip_dag' retrieved from /home/airflow/.local/lib/python3.12/site-packages/airflow/example_dags/example_skip_dag.py
[2024-10-05T02:47:08.751+0000] {logging_mixin.py:190} INFO - [2024-10-05T02:47:08.751+0000] {dag.py:3239} INFO - Sync 1 DAGs
[2024-10-05T02:47:08.763+0000] {logging_mixin.py:190} INFO - [2024-10-05T02:47:08.763+0000] {dag.py:4180} INFO - Setting next_dagrun for example_skip_dag to 2024-10-04 00:00:00+00:00, run_after=2024-10-05 00:00:00+00:00
[2024-10-05T02:47:08.773+0000] {processor.py:208} INFO - Processing /home/airflow/.local/lib/python3.12/site-packages/airflow/example_dags/example_skip_dag.py took 0.042 seconds
[2024-10-05T02:47:39.369+0000] {processor.py:186} INFO - Started process (PID=420) to work on /home/airflow/.local/lib/python3.12/site-packages/airflow/example_dags/example_skip_dag.py
[2024-10-05T02:47:39.370+0000] {processor.py:914} INFO - Processing file /home/airflow/.local/lib/python3.12/site-packages/airflow/example_dags/example_skip_dag.py for tasks to queue
[2024-10-05T02:47:39.371+0000] {logging_mixin.py:190} INFO - [2024-10-05T02:47:39.371+0000] {dagbag.py:588} INFO - Filling up the DagBag from /home/airflow/.local/lib/python3.12/site-packages/airflow/example_dags/example_skip_dag.py
[2024-10-05T02:47:39.376+0000] {processor.py:925} INFO - DAG(s) 'example_skip_dag' retrieved from /home/airflow/.local/lib/python3.12/site-packages/airflow/example_dags/example_skip_dag.py
[2024-10-05T02:47:39.389+0000] {logging_mixin.py:190} INFO - [2024-10-05T02:47:39.389+0000] {dag.py:3239} INFO - Sync 1 DAGs
[2024-10-05T02:47:39.404+0000] {logging_mixin.py:190} INFO - [2024-10-05T02:47:39.403+0000] {dag.py:4180} INFO - Setting next_dagrun for example_skip_dag to 2024-10-04 00:00:00+00:00, run_after=2024-10-05 00:00:00+00:00
[2024-10-05T02:47:39.414+0000] {processor.py:208} INFO - Processing /home/airflow/.local/lib/python3.12/site-packages/airflow/example_dags/example_skip_dag.py took 0.048 seconds
[2024-10-05T02:48:09.638+0000] {processor.py:186} INFO - Started process (PID=482) to work on /home/airflow/.local/lib/python3.12/site-packages/airflow/example_dags/example_skip_dag.py
[2024-10-05T02:48:09.639+0000] {processor.py:914} INFO - Processing file /home/airflow/.local/lib/python3.12/site-packages/airflow/example_dags/example_skip_dag.py for tasks to queue
[2024-10-05T02:48:09.640+0000] {logging_mixin.py:190} INFO - [2024-10-05T02:48:09.640+0000] {dagbag.py:588} INFO - Filling up the DagBag from /home/airflow/.local/lib/python3.12/site-packages/airflow/example_dags/example_skip_dag.py
[2024-10-05T02:48:09.645+0000] {processor.py:925} INFO - DAG(s) 'example_skip_dag' retrieved from /home/airflow/.local/lib/python3.12/site-packages/airflow/example_dags/example_skip_dag.py
[2024-10-05T02:48:09.658+0000] {logging_mixin.py:190} INFO - [2024-10-05T02:48:09.658+0000] {dag.py:3239} INFO - Sync 1 DAGs
[2024-10-05T02:48:09.672+0000] {logging_mixin.py:190} INFO - [2024-10-05T02:48:09.672+0000] {dag.py:4180} INFO - Setting next_dagrun for example_skip_dag to 2024-10-04 00:00:00+00:00, run_after=2024-10-05 00:00:00+00:00
[2024-10-05T02:48:09.684+0000] {processor.py:208} INFO - Processing /home/airflow/.local/lib/python3.12/site-packages/airflow/example_dags/example_skip_dag.py took 0.050 seconds
[2024-10-05T02:48:40.450+0000] {processor.py:186} INFO - Started process (PID=544) to work on /home/airflow/.local/lib/python3.12/site-packages/airflow/example_dags/example_skip_dag.py
[2024-10-05T02:48:40.450+0000] {processor.py:914} INFO - Processing file /home/airflow/.local/lib/python3.12/site-packages/airflow/example_dags/example_skip_dag.py for tasks to queue
[2024-10-05T02:48:40.452+0000] {logging_mixin.py:190} INFO - [2024-10-05T02:48:40.451+0000] {dagbag.py:588} INFO - Filling up the DagBag from /home/airflow/.local/lib/python3.12/site-packages/airflow/example_dags/example_skip_dag.py
[2024-10-05T02:48:40.456+0000] {processor.py:925} INFO - DAG(s) 'example_skip_dag' retrieved from /home/airflow/.local/lib/python3.12/site-packages/airflow/example_dags/example_skip_dag.py
[2024-10-05T02:48:40.468+0000] {logging_mixin.py:190} INFO - [2024-10-05T02:48:40.468+0000] {dag.py:3239} INFO - Sync 1 DAGs
[2024-10-05T02:48:40.481+0000] {logging_mixin.py:190} INFO - [2024-10-05T02:48:40.481+0000] {dag.py:4180} INFO - Setting next_dagrun for example_skip_dag to 2024-10-04 00:00:00+00:00, run_after=2024-10-05 00:00:00+00:00
[2024-10-05T02:48:40.492+0000] {processor.py:208} INFO - Processing /home/airflow/.local/lib/python3.12/site-packages/airflow/example_dags/example_skip_dag.py took 0.045 seconds
[2024-10-05T02:49:11.692+0000] {processor.py:186} INFO - Started process (PID=606) to work on /home/airflow/.local/lib/python3.12/site-packages/airflow/example_dags/example_skip_dag.py
[2024-10-05T02:49:11.693+0000] {processor.py:914} INFO - Processing file /home/airflow/.local/lib/python3.12/site-packages/airflow/example_dags/example_skip_dag.py for tasks to queue
[2024-10-05T02:49:11.694+0000] {logging_mixin.py:190} INFO - [2024-10-05T02:49:11.694+0000] {dagbag.py:588} INFO - Filling up the DagBag from /home/airflow/.local/lib/python3.12/site-packages/airflow/example_dags/example_skip_dag.py
[2024-10-05T02:49:11.699+0000] {processor.py:925} INFO - DAG(s) 'example_skip_dag' retrieved from /home/airflow/.local/lib/python3.12/site-packages/airflow/example_dags/example_skip_dag.py
[2024-10-05T02:49:11.710+0000] {logging_mixin.py:190} INFO - [2024-10-05T02:49:11.710+0000] {dag.py:3239} INFO - Sync 1 DAGs
[2024-10-05T02:49:11.723+0000] {logging_mixin.py:190} INFO - [2024-10-05T02:49:11.722+0000] {dag.py:4180} INFO - Setting next_dagrun for example_skip_dag to 2024-10-04 00:00:00+00:00, run_after=2024-10-05 00:00:00+00:00
[2024-10-05T02:49:11.733+0000] {processor.py:208} INFO - Processing /home/airflow/.local/lib/python3.12/site-packages/airflow/example_dags/example_skip_dag.py took 0.044 seconds
[2024-10-05T02:49:42.172+0000] {processor.py:186} INFO - Started process (PID=674) to work on /home/airflow/.local/lib/python3.12/site-packages/airflow/example_dags/example_skip_dag.py
[2024-10-05T02:49:42.173+0000] {processor.py:914} INFO - Processing file /home/airflow/.local/lib/python3.12/site-packages/airflow/example_dags/example_skip_dag.py for tasks to queue
[2024-10-05T02:49:42.174+0000] {logging_mixin.py:190} INFO - [2024-10-05T02:49:42.174+0000] {dagbag.py:588} INFO - Filling up the DagBag from /home/airflow/.local/lib/python3.12/site-packages/airflow/example_dags/example_skip_dag.py
[2024-10-05T02:49:42.178+0000] {processor.py:925} INFO - DAG(s) 'example_skip_dag' retrieved from /home/airflow/.local/lib/python3.12/site-packages/airflow/example_dags/example_skip_dag.py
[2024-10-05T02:49:42.189+0000] {logging_mixin.py:190} INFO - [2024-10-05T02:49:42.189+0000] {dag.py:3239} INFO - Sync 1 DAGs
[2024-10-05T02:49:42.202+0000] {logging_mixin.py:190} INFO - [2024-10-05T02:49:42.202+0000] {dag.py:4180} INFO - Setting next_dagrun for example_skip_dag to 2024-10-04 00:00:00+00:00, run_after=2024-10-05 00:00:00+00:00
[2024-10-05T02:49:42.211+0000] {processor.py:208} INFO - Processing /home/airflow/.local/lib/python3.12/site-packages/airflow/example_dags/example_skip_dag.py took 0.043 seconds
[2024-10-05T02:50:12.777+0000] {processor.py:186} INFO - Started process (PID=757) to work on /home/airflow/.local/lib/python3.12/site-packages/airflow/example_dags/example_skip_dag.py
[2024-10-05T02:50:12.777+0000] {processor.py:914} INFO - Processing file /home/airflow/.local/lib/python3.12/site-packages/airflow/example_dags/example_skip_dag.py for tasks to queue
[2024-10-05T02:50:12.778+0000] {logging_mixin.py:190} INFO - [2024-10-05T02:50:12.778+0000] {dagbag.py:588} INFO - Filling up the DagBag from /home/airflow/.local/lib/python3.12/site-packages/airflow/example_dags/example_skip_dag.py
[2024-10-05T02:50:12.783+0000] {processor.py:925} INFO - DAG(s) 'example_skip_dag' retrieved from /home/airflow/.local/lib/python3.12/site-packages/airflow/example_dags/example_skip_dag.py
[2024-10-05T02:50:12.794+0000] {logging_mixin.py:190} INFO - [2024-10-05T02:50:12.794+0000] {dag.py:3239} INFO - Sync 1 DAGs
[2024-10-05T02:50:12.806+0000] {logging_mixin.py:190} INFO - [2024-10-05T02:50:12.806+0000] {dag.py:4180} INFO - Setting next_dagrun for example_skip_dag to 2024-10-04 00:00:00+00:00, run_after=2024-10-05 00:00:00+00:00
[2024-10-05T02:50:12.816+0000] {processor.py:208} INFO - Processing /home/airflow/.local/lib/python3.12/site-packages/airflow/example_dags/example_skip_dag.py took 0.042 seconds
[2024-10-05T02:50:43.321+0000] {processor.py:186} INFO - Started process (PID=819) to work on /home/airflow/.local/lib/python3.12/site-packages/airflow/example_dags/example_skip_dag.py
[2024-10-05T02:50:43.321+0000] {processor.py:914} INFO - Processing file /home/airflow/.local/lib/python3.12/site-packages/airflow/example_dags/example_skip_dag.py for tasks to queue
[2024-10-05T02:50:43.322+0000] {logging_mixin.py:190} INFO - [2024-10-05T02:50:43.322+0000] {dagbag.py:588} INFO - Filling up the DagBag from /home/airflow/.local/lib/python3.12/site-packages/airflow/example_dags/example_skip_dag.py
[2024-10-05T02:50:43.326+0000] {processor.py:925} INFO - DAG(s) 'example_skip_dag' retrieved from /home/airflow/.local/lib/python3.12/site-packages/airflow/example_dags/example_skip_dag.py
[2024-10-05T02:50:43.338+0000] {logging_mixin.py:190} INFO - [2024-10-05T02:50:43.338+0000] {dag.py:3239} INFO - Sync 1 DAGs
[2024-10-05T02:50:43.351+0000] {logging_mixin.py:190} INFO - [2024-10-05T02:50:43.351+0000] {dag.py:4180} INFO - Setting next_dagrun for example_skip_dag to 2024-10-04 00:00:00+00:00, run_after=2024-10-05 00:00:00+00:00
[2024-10-05T02:50:43.360+0000] {processor.py:208} INFO - Processing /home/airflow/.local/lib/python3.12/site-packages/airflow/example_dags/example_skip_dag.py took 0.043 seconds
[2024-10-05T02:51:13.782+0000] {processor.py:186} INFO - Started process (PID=881) to work on /home/airflow/.local/lib/python3.12/site-packages/airflow/example_dags/example_skip_dag.py
[2024-10-05T02:51:13.783+0000] {processor.py:914} INFO - Processing file /home/airflow/.local/lib/python3.12/site-packages/airflow/example_dags/example_skip_dag.py for tasks to queue
[2024-10-05T02:51:13.784+0000] {logging_mixin.py:190} INFO - [2024-10-05T02:51:13.784+0000] {dagbag.py:588} INFO - Filling up the DagBag from /home/airflow/.local/lib/python3.12/site-packages/airflow/example_dags/example_skip_dag.py
[2024-10-05T02:51:13.788+0000] {processor.py:925} INFO - DAG(s) 'example_skip_dag' retrieved from /home/airflow/.local/lib/python3.12/site-packages/airflow/example_dags/example_skip_dag.py
[2024-10-05T02:51:13.799+0000] {logging_mixin.py:190} INFO - [2024-10-05T02:51:13.799+0000] {dag.py:3239} INFO - Sync 1 DAGs
[2024-10-05T02:51:13.813+0000] {logging_mixin.py:190} INFO - [2024-10-05T02:51:13.812+0000] {dag.py:4180} INFO - Setting next_dagrun for example_skip_dag to 2024-10-04 00:00:00+00:00, run_after=2024-10-05 00:00:00+00:00
[2024-10-05T02:51:13.823+0000] {processor.py:208} INFO - Processing /home/airflow/.local/lib/python3.12/site-packages/airflow/example_dags/example_skip_dag.py took 0.044 seconds
[2024-10-05T02:51:44.217+0000] {processor.py:186} INFO - Started process (PID=943) to work on /home/airflow/.local/lib/python3.12/site-packages/airflow/example_dags/example_skip_dag.py
[2024-10-05T02:51:44.218+0000] {processor.py:914} INFO - Processing file /home/airflow/.local/lib/python3.12/site-packages/airflow/example_dags/example_skip_dag.py for tasks to queue
[2024-10-05T02:51:44.219+0000] {logging_mixin.py:190} INFO - [2024-10-05T02:51:44.219+0000] {dagbag.py:588} INFO - Filling up the DagBag from /home/airflow/.local/lib/python3.12/site-packages/airflow/example_dags/example_skip_dag.py
[2024-10-05T02:51:44.223+0000] {processor.py:925} INFO - DAG(s) 'example_skip_dag' retrieved from /home/airflow/.local/lib/python3.12/site-packages/airflow/example_dags/example_skip_dag.py
[2024-10-05T02:51:44.234+0000] {logging_mixin.py:190} INFO - [2024-10-05T02:51:44.234+0000] {dag.py:3239} INFO - Sync 1 DAGs
[2024-10-05T02:51:44.247+0000] {logging_mixin.py:190} INFO - [2024-10-05T02:51:44.246+0000] {dag.py:4180} INFO - Setting next_dagrun for example_skip_dag to 2024-10-04 00:00:00+00:00, run_after=2024-10-05 00:00:00+00:00
[2024-10-05T02:51:44.256+0000] {processor.py:208} INFO - Processing /home/airflow/.local/lib/python3.12/site-packages/airflow/example_dags/example_skip_dag.py took 0.042 seconds
[2024-10-05T02:52:14.846+0000] {processor.py:186} INFO - Started process (PID=1005) to work on /home/airflow/.local/lib/python3.12/site-packages/airflow/example_dags/example_skip_dag.py
[2024-10-05T02:52:14.846+0000] {processor.py:914} INFO - Processing file /home/airflow/.local/lib/python3.12/site-packages/airflow/example_dags/example_skip_dag.py for tasks to queue
[2024-10-05T02:52:14.847+0000] {logging_mixin.py:190} INFO - [2024-10-05T02:52:14.847+0000] {dagbag.py:588} INFO - Filling up the DagBag from /home/airflow/.local/lib/python3.12/site-packages/airflow/example_dags/example_skip_dag.py
[2024-10-05T02:52:14.852+0000] {processor.py:925} INFO - DAG(s) 'example_skip_dag' retrieved from /home/airflow/.local/lib/python3.12/site-packages/airflow/example_dags/example_skip_dag.py
[2024-10-05T02:52:14.863+0000] {logging_mixin.py:190} INFO - [2024-10-05T02:52:14.863+0000] {dag.py:3239} INFO - Sync 1 DAGs
[2024-10-05T02:52:14.876+0000] {logging_mixin.py:190} INFO - [2024-10-05T02:52:14.876+0000] {dag.py:4180} INFO - Setting next_dagrun for example_skip_dag to 2024-10-04 00:00:00+00:00, run_after=2024-10-05 00:00:00+00:00
[2024-10-05T02:52:14.885+0000] {processor.py:208} INFO - Processing /home/airflow/.local/lib/python3.12/site-packages/airflow/example_dags/example_skip_dag.py took 0.043 seconds
[2024-10-05T02:52:45.662+0000] {processor.py:186} INFO - Started process (PID=1067) to work on /home/airflow/.local/lib/python3.12/site-packages/airflow/example_dags/example_skip_dag.py
[2024-10-05T02:52:45.663+0000] {processor.py:914} INFO - Processing file /home/airflow/.local/lib/python3.12/site-packages/airflow/example_dags/example_skip_dag.py for tasks to queue
[2024-10-05T02:52:45.664+0000] {logging_mixin.py:190} INFO - [2024-10-05T02:52:45.664+0000] {dagbag.py:588} INFO - Filling up the DagBag from /home/airflow/.local/lib/python3.12/site-packages/airflow/example_dags/example_skip_dag.py
[2024-10-05T02:52:45.668+0000] {processor.py:925} INFO - DAG(s) 'example_skip_dag' retrieved from /home/airflow/.local/lib/python3.12/site-packages/airflow/example_dags/example_skip_dag.py
[2024-10-05T02:52:45.680+0000] {logging_mixin.py:190} INFO - [2024-10-05T02:52:45.679+0000] {dag.py:3239} INFO - Sync 1 DAGs
[2024-10-05T02:52:45.692+0000] {logging_mixin.py:190} INFO - [2024-10-05T02:52:45.692+0000] {dag.py:4180} INFO - Setting next_dagrun for example_skip_dag to 2024-10-04 00:00:00+00:00, run_after=2024-10-05 00:00:00+00:00
[2024-10-05T02:52:45.702+0000] {processor.py:208} INFO - Processing /home/airflow/.local/lib/python3.12/site-packages/airflow/example_dags/example_skip_dag.py took 0.043 seconds
[2024-10-05T02:53:16.530+0000] {processor.py:186} INFO - Started process (PID=1129) to work on /home/airflow/.local/lib/python3.12/site-packages/airflow/example_dags/example_skip_dag.py
[2024-10-05T02:53:16.531+0000] {processor.py:914} INFO - Processing file /home/airflow/.local/lib/python3.12/site-packages/airflow/example_dags/example_skip_dag.py for tasks to queue
[2024-10-05T02:53:16.532+0000] {logging_mixin.py:190} INFO - [2024-10-05T02:53:16.532+0000] {dagbag.py:588} INFO - Filling up the DagBag from /home/airflow/.local/lib/python3.12/site-packages/airflow/example_dags/example_skip_dag.py
[2024-10-05T02:53:16.536+0000] {processor.py:925} INFO - DAG(s) 'example_skip_dag' retrieved from /home/airflow/.local/lib/python3.12/site-packages/airflow/example_dags/example_skip_dag.py
[2024-10-05T02:53:16.547+0000] {logging_mixin.py:190} INFO - [2024-10-05T02:53:16.547+0000] {dag.py:3239} INFO - Sync 1 DAGs
[2024-10-05T02:53:16.559+0000] {logging_mixin.py:190} INFO - [2024-10-05T02:53:16.559+0000] {dag.py:4180} INFO - Setting next_dagrun for example_skip_dag to 2024-10-04 00:00:00+00:00, run_after=2024-10-05 00:00:00+00:00
[2024-10-05T02:53:16.568+0000] {processor.py:208} INFO - Processing /home/airflow/.local/lib/python3.12/site-packages/airflow/example_dags/example_skip_dag.py took 0.041 seconds
[2024-10-05T02:53:47.280+0000] {processor.py:186} INFO - Started process (PID=1191) to work on /home/airflow/.local/lib/python3.12/site-packages/airflow/example_dags/example_skip_dag.py
[2024-10-05T02:53:47.280+0000] {processor.py:914} INFO - Processing file /home/airflow/.local/lib/python3.12/site-packages/airflow/example_dags/example_skip_dag.py for tasks to queue
[2024-10-05T02:53:47.281+0000] {logging_mixin.py:190} INFO - [2024-10-05T02:53:47.281+0000] {dagbag.py:588} INFO - Filling up the DagBag from /home/airflow/.local/lib/python3.12/site-packages/airflow/example_dags/example_skip_dag.py
[2024-10-05T02:53:47.286+0000] {processor.py:925} INFO - DAG(s) 'example_skip_dag' retrieved from /home/airflow/.local/lib/python3.12/site-packages/airflow/example_dags/example_skip_dag.py
[2024-10-05T02:53:47.297+0000] {logging_mixin.py:190} INFO - [2024-10-05T02:53:47.297+0000] {dag.py:3239} INFO - Sync 1 DAGs
[2024-10-05T02:53:47.310+0000] {logging_mixin.py:190} INFO - [2024-10-05T02:53:47.309+0000] {dag.py:4180} INFO - Setting next_dagrun for example_skip_dag to 2024-10-04 00:00:00+00:00, run_after=2024-10-05 00:00:00+00:00
[2024-10-05T02:53:47.319+0000] {processor.py:208} INFO - Processing /home/airflow/.local/lib/python3.12/site-packages/airflow/example_dags/example_skip_dag.py took 0.043 seconds
[2024-10-05T02:54:18.349+0000] {processor.py:186} INFO - Started process (PID=1254) to work on /home/airflow/.local/lib/python3.12/site-packages/airflow/example_dags/example_skip_dag.py
[2024-10-05T02:54:18.350+0000] {processor.py:914} INFO - Processing file /home/airflow/.local/lib/python3.12/site-packages/airflow/example_dags/example_skip_dag.py for tasks to queue
[2024-10-05T02:54:18.351+0000] {logging_mixin.py:190} INFO - [2024-10-05T02:54:18.351+0000] {dagbag.py:588} INFO - Filling up the DagBag from /home/airflow/.local/lib/python3.12/site-packages/airflow/example_dags/example_skip_dag.py
[2024-10-05T02:54:18.356+0000] {processor.py:925} INFO - DAG(s) 'example_skip_dag' retrieved from /home/airflow/.local/lib/python3.12/site-packages/airflow/example_dags/example_skip_dag.py
[2024-10-05T02:54:18.367+0000] {logging_mixin.py:190} INFO - [2024-10-05T02:54:18.366+0000] {dag.py:3239} INFO - Sync 1 DAGs
[2024-10-05T02:54:18.379+0000] {logging_mixin.py:190} INFO - [2024-10-05T02:54:18.379+0000] {dag.py:4180} INFO - Setting next_dagrun for example_skip_dag to 2024-10-04 00:00:00+00:00, run_after=2024-10-05 00:00:00+00:00
[2024-10-05T02:54:18.389+0000] {processor.py:208} INFO - Processing /home/airflow/.local/lib/python3.12/site-packages/airflow/example_dags/example_skip_dag.py took 0.043 seconds
[2024-10-05T02:54:48.612+0000] {processor.py:186} INFO - Started process (PID=1316) to work on /home/airflow/.local/lib/python3.12/site-packages/airflow/example_dags/example_skip_dag.py
[2024-10-05T02:54:48.612+0000] {processor.py:914} INFO - Processing file /home/airflow/.local/lib/python3.12/site-packages/airflow/example_dags/example_skip_dag.py for tasks to queue
[2024-10-05T02:54:48.613+0000] {logging_mixin.py:190} INFO - [2024-10-05T02:54:48.613+0000] {dagbag.py:588} INFO - Filling up the DagBag from /home/airflow/.local/lib/python3.12/site-packages/airflow/example_dags/example_skip_dag.py
[2024-10-05T02:54:48.618+0000] {processor.py:925} INFO - DAG(s) 'example_skip_dag' retrieved from /home/airflow/.local/lib/python3.12/site-packages/airflow/example_dags/example_skip_dag.py
[2024-10-05T02:54:48.629+0000] {logging_mixin.py:190} INFO - [2024-10-05T02:54:48.629+0000] {dag.py:3239} INFO - Sync 1 DAGs
[2024-10-05T02:54:48.641+0000] {logging_mixin.py:190} INFO - [2024-10-05T02:54:48.641+0000] {dag.py:4180} INFO - Setting next_dagrun for example_skip_dag to 2024-10-04 00:00:00+00:00, run_after=2024-10-05 00:00:00+00:00
[2024-10-05T02:54:48.651+0000] {processor.py:208} INFO - Processing /home/airflow/.local/lib/python3.12/site-packages/airflow/example_dags/example_skip_dag.py took 0.042 seconds
[2024-10-05T02:55:19.150+0000] {processor.py:186} INFO - Started process (PID=1384) to work on /home/airflow/.local/lib/python3.12/site-packages/airflow/example_dags/example_skip_dag.py
[2024-10-05T02:55:19.151+0000] {processor.py:914} INFO - Processing file /home/airflow/.local/lib/python3.12/site-packages/airflow/example_dags/example_skip_dag.py for tasks to queue
[2024-10-05T02:55:19.152+0000] {logging_mixin.py:190} INFO - [2024-10-05T02:55:19.152+0000] {dagbag.py:588} INFO - Filling up the DagBag from /home/airflow/.local/lib/python3.12/site-packages/airflow/example_dags/example_skip_dag.py
[2024-10-05T02:55:19.157+0000] {processor.py:925} INFO - DAG(s) 'example_skip_dag' retrieved from /home/airflow/.local/lib/python3.12/site-packages/airflow/example_dags/example_skip_dag.py
[2024-10-05T02:55:19.168+0000] {logging_mixin.py:190} INFO - [2024-10-05T02:55:19.168+0000] {dag.py:3239} INFO - Sync 1 DAGs
[2024-10-05T02:55:19.180+0000] {logging_mixin.py:190} INFO - [2024-10-05T02:55:19.180+0000] {dag.py:4180} INFO - Setting next_dagrun for example_skip_dag to 2024-10-04 00:00:00+00:00, run_after=2024-10-05 00:00:00+00:00
[2024-10-05T02:55:19.190+0000] {processor.py:208} INFO - Processing /home/airflow/.local/lib/python3.12/site-packages/airflow/example_dags/example_skip_dag.py took 0.043 seconds
[2024-10-05T02:55:50.193+0000] {processor.py:186} INFO - Started process (PID=1446) to work on /home/airflow/.local/lib/python3.12/site-packages/airflow/example_dags/example_skip_dag.py
[2024-10-05T02:55:50.194+0000] {processor.py:914} INFO - Processing file /home/airflow/.local/lib/python3.12/site-packages/airflow/example_dags/example_skip_dag.py for tasks to queue
[2024-10-05T02:55:50.195+0000] {logging_mixin.py:190} INFO - [2024-10-05T02:55:50.195+0000] {dagbag.py:588} INFO - Filling up the DagBag from /home/airflow/.local/lib/python3.12/site-packages/airflow/example_dags/example_skip_dag.py
[2024-10-05T02:55:50.200+0000] {processor.py:925} INFO - DAG(s) 'example_skip_dag' retrieved from /home/airflow/.local/lib/python3.12/site-packages/airflow/example_dags/example_skip_dag.py
[2024-10-05T02:55:50.211+0000] {logging_mixin.py:190} INFO - [2024-10-05T02:55:50.211+0000] {dag.py:3239} INFO - Sync 1 DAGs
[2024-10-05T02:55:50.223+0000] {logging_mixin.py:190} INFO - [2024-10-05T02:55:50.223+0000] {dag.py:4180} INFO - Setting next_dagrun for example_skip_dag to 2024-10-04 00:00:00+00:00, run_after=2024-10-05 00:00:00+00:00
[2024-10-05T02:55:50.232+0000] {processor.py:208} INFO - Processing /home/airflow/.local/lib/python3.12/site-packages/airflow/example_dags/example_skip_dag.py took 0.042 seconds
[2024-10-05T02:56:20.422+0000] {processor.py:186} INFO - Started process (PID=1508) to work on /home/airflow/.local/lib/python3.12/site-packages/airflow/example_dags/example_skip_dag.py
[2024-10-05T02:56:20.422+0000] {processor.py:914} INFO - Processing file /home/airflow/.local/lib/python3.12/site-packages/airflow/example_dags/example_skip_dag.py for tasks to queue
[2024-10-05T02:56:20.423+0000] {logging_mixin.py:190} INFO - [2024-10-05T02:56:20.423+0000] {dagbag.py:588} INFO - Filling up the DagBag from /home/airflow/.local/lib/python3.12/site-packages/airflow/example_dags/example_skip_dag.py
[2024-10-05T02:56:20.428+0000] {processor.py:925} INFO - DAG(s) 'example_skip_dag' retrieved from /home/airflow/.local/lib/python3.12/site-packages/airflow/example_dags/example_skip_dag.py
[2024-10-05T02:56:20.439+0000] {logging_mixin.py:190} INFO - [2024-10-05T02:56:20.439+0000] {dag.py:3239} INFO - Sync 1 DAGs
[2024-10-05T02:56:20.452+0000] {logging_mixin.py:190} INFO - [2024-10-05T02:56:20.452+0000] {dag.py:4180} INFO - Setting next_dagrun for example_skip_dag to 2024-10-04 00:00:00+00:00, run_after=2024-10-05 00:00:00+00:00
[2024-10-05T02:56:20.462+0000] {processor.py:208} INFO - Processing /home/airflow/.local/lib/python3.12/site-packages/airflow/example_dags/example_skip_dag.py took 0.044 seconds
[2024-10-05T02:56:50.859+0000] {processor.py:186} INFO - Started process (PID=1570) to work on /home/airflow/.local/lib/python3.12/site-packages/airflow/example_dags/example_skip_dag.py
[2024-10-05T02:56:50.859+0000] {processor.py:914} INFO - Processing file /home/airflow/.local/lib/python3.12/site-packages/airflow/example_dags/example_skip_dag.py for tasks to queue
[2024-10-05T02:56:50.861+0000] {logging_mixin.py:190} INFO - [2024-10-05T02:56:50.861+0000] {dagbag.py:588} INFO - Filling up the DagBag from /home/airflow/.local/lib/python3.12/site-packages/airflow/example_dags/example_skip_dag.py
[2024-10-05T02:56:50.865+0000] {processor.py:925} INFO - DAG(s) 'example_skip_dag' retrieved from /home/airflow/.local/lib/python3.12/site-packages/airflow/example_dags/example_skip_dag.py
[2024-10-05T02:56:50.877+0000] {logging_mixin.py:190} INFO - [2024-10-05T02:56:50.877+0000] {dag.py:3239} INFO - Sync 1 DAGs
[2024-10-05T02:56:50.891+0000] {logging_mixin.py:190} INFO - [2024-10-05T02:56:50.891+0000] {dag.py:4180} INFO - Setting next_dagrun for example_skip_dag to 2024-10-04 00:00:00+00:00, run_after=2024-10-05 00:00:00+00:00
[2024-10-05T02:56:50.902+0000] {processor.py:208} INFO - Processing /home/airflow/.local/lib/python3.12/site-packages/airflow/example_dags/example_skip_dag.py took 0.047 seconds
