[2024-10-05T02:15:06.227+0000] {processor.py:186} INFO - Started process (PID=95) to work on /home/airflow/.local/lib/python3.12/site-packages/airflow/example_dags/example_python_operator.py
[2024-10-05T02:15:06.227+0000] {processor.py:914} INFO - Processing file /home/airflow/.local/lib/python3.12/site-packages/airflow/example_dags/example_python_operator.py for tasks to queue
[2024-10-05T02:15:06.229+0000] {logging_mixin.py:190} INFO - [2024-10-05T02:15:06.228+0000] {dagbag.py:588} INFO - Filling up the DagBag from /home/airflow/.local/lib/python3.12/site-packages/airflow/example_dags/example_python_operator.py
[2024-10-05T02:15:06.236+0000] {processor.py:925} INFO - DAG(s) 'example_python_operator' retrieved from /home/airflow/.local/lib/python3.12/site-packages/airflow/example_dags/example_python_operator.py
[2024-10-05T02:15:06.298+0000] {logging_mixin.py:190} INFO - [2024-10-05T02:15:06.297+0000] {dag.py:3239} INFO - Sync 1 DAGs
[2024-10-05T02:15:06.305+0000] {logging_mixin.py:190} INFO - [2024-10-05T02:15:06.305+0000] {dag.py:4180} INFO - Setting next_dagrun for example_python_operator to None, run_after=None
[2024-10-05T02:15:06.315+0000] {processor.py:208} INFO - Processing /home/airflow/.local/lib/python3.12/site-packages/airflow/example_dags/example_python_operator.py took 0.092 seconds
[2024-10-05T02:15:36.644+0000] {processor.py:186} INFO - Started process (PID=163) to work on /home/airflow/.local/lib/python3.12/site-packages/airflow/example_dags/example_python_operator.py
[2024-10-05T02:15:36.644+0000] {processor.py:914} INFO - Processing file /home/airflow/.local/lib/python3.12/site-packages/airflow/example_dags/example_python_operator.py for tasks to queue
[2024-10-05T02:15:36.646+0000] {logging_mixin.py:190} INFO - [2024-10-05T02:15:36.645+0000] {dagbag.py:588} INFO - Filling up the DagBag from /home/airflow/.local/lib/python3.12/site-packages/airflow/example_dags/example_python_operator.py
[2024-10-05T02:15:36.653+0000] {processor.py:925} INFO - DAG(s) 'example_python_operator' retrieved from /home/airflow/.local/lib/python3.12/site-packages/airflow/example_dags/example_python_operator.py
[2024-10-05T02:15:36.666+0000] {logging_mixin.py:190} INFO - [2024-10-05T02:15:36.666+0000] {dag.py:3239} INFO - Sync 1 DAGs
[2024-10-05T02:15:36.675+0000] {logging_mixin.py:190} INFO - [2024-10-05T02:15:36.675+0000] {dag.py:4180} INFO - Setting next_dagrun for example_python_operator to None, run_after=None
[2024-10-05T02:15:36.686+0000] {processor.py:208} INFO - Processing /home/airflow/.local/lib/python3.12/site-packages/airflow/example_dags/example_python_operator.py took 0.046 seconds
[2024-10-05T02:16:07.503+0000] {processor.py:186} INFO - Started process (PID=225) to work on /home/airflow/.local/lib/python3.12/site-packages/airflow/example_dags/example_python_operator.py
[2024-10-05T02:16:07.503+0000] {processor.py:914} INFO - Processing file /home/airflow/.local/lib/python3.12/site-packages/airflow/example_dags/example_python_operator.py for tasks to queue
[2024-10-05T02:16:07.505+0000] {logging_mixin.py:190} INFO - [2024-10-05T02:16:07.504+0000] {dagbag.py:588} INFO - Filling up the DagBag from /home/airflow/.local/lib/python3.12/site-packages/airflow/example_dags/example_python_operator.py
[2024-10-05T02:16:07.512+0000] {processor.py:925} INFO - DAG(s) 'example_python_operator' retrieved from /home/airflow/.local/lib/python3.12/site-packages/airflow/example_dags/example_python_operator.py
[2024-10-05T02:16:07.524+0000] {logging_mixin.py:190} INFO - [2024-10-05T02:16:07.524+0000] {dag.py:3239} INFO - Sync 1 DAGs
[2024-10-05T02:16:07.533+0000] {logging_mixin.py:190} INFO - [2024-10-05T02:16:07.532+0000] {dag.py:4180} INFO - Setting next_dagrun for example_python_operator to None, run_after=None
[2024-10-05T02:16:07.543+0000] {processor.py:208} INFO - Processing /home/airflow/.local/lib/python3.12/site-packages/airflow/example_dags/example_python_operator.py took 0.044 seconds
[2024-10-05T02:16:37.863+0000] {processor.py:186} INFO - Started process (PID=287) to work on /home/airflow/.local/lib/python3.12/site-packages/airflow/example_dags/example_python_operator.py
[2024-10-05T02:16:37.864+0000] {processor.py:914} INFO - Processing file /home/airflow/.local/lib/python3.12/site-packages/airflow/example_dags/example_python_operator.py for tasks to queue
[2024-10-05T02:16:37.865+0000] {logging_mixin.py:190} INFO - [2024-10-05T02:16:37.865+0000] {dagbag.py:588} INFO - Filling up the DagBag from /home/airflow/.local/lib/python3.12/site-packages/airflow/example_dags/example_python_operator.py
[2024-10-05T02:16:37.872+0000] {processor.py:925} INFO - DAG(s) 'example_python_operator' retrieved from /home/airflow/.local/lib/python3.12/site-packages/airflow/example_dags/example_python_operator.py
[2024-10-05T02:16:37.884+0000] {logging_mixin.py:190} INFO - [2024-10-05T02:16:37.884+0000] {dag.py:3239} INFO - Sync 1 DAGs
[2024-10-05T02:16:37.892+0000] {logging_mixin.py:190} INFO - [2024-10-05T02:16:37.892+0000] {dag.py:4180} INFO - Setting next_dagrun for example_python_operator to None, run_after=None
[2024-10-05T02:16:37.902+0000] {processor.py:208} INFO - Processing /home/airflow/.local/lib/python3.12/site-packages/airflow/example_dags/example_python_operator.py took 0.042 seconds
[2024-10-05T02:17:08.946+0000] {processor.py:186} INFO - Started process (PID=349) to work on /home/airflow/.local/lib/python3.12/site-packages/airflow/example_dags/example_python_operator.py
[2024-10-05T02:17:08.947+0000] {processor.py:914} INFO - Processing file /home/airflow/.local/lib/python3.12/site-packages/airflow/example_dags/example_python_operator.py for tasks to queue
[2024-10-05T02:17:08.948+0000] {logging_mixin.py:190} INFO - [2024-10-05T02:17:08.948+0000] {dagbag.py:588} INFO - Filling up the DagBag from /home/airflow/.local/lib/python3.12/site-packages/airflow/example_dags/example_python_operator.py
[2024-10-05T02:17:08.955+0000] {processor.py:925} INFO - DAG(s) 'example_python_operator' retrieved from /home/airflow/.local/lib/python3.12/site-packages/airflow/example_dags/example_python_operator.py
[2024-10-05T02:17:08.967+0000] {logging_mixin.py:190} INFO - [2024-10-05T02:17:08.966+0000] {dag.py:3239} INFO - Sync 1 DAGs
[2024-10-05T02:17:08.975+0000] {logging_mixin.py:190} INFO - [2024-10-05T02:17:08.975+0000] {dag.py:4180} INFO - Setting next_dagrun for example_python_operator to None, run_after=None
[2024-10-05T02:17:08.984+0000] {processor.py:208} INFO - Processing /home/airflow/.local/lib/python3.12/site-packages/airflow/example_dags/example_python_operator.py took 0.042 seconds
[2024-10-05T02:17:39.814+0000] {processor.py:186} INFO - Started process (PID=411) to work on /home/airflow/.local/lib/python3.12/site-packages/airflow/example_dags/example_python_operator.py
[2024-10-05T02:17:39.814+0000] {processor.py:914} INFO - Processing file /home/airflow/.local/lib/python3.12/site-packages/airflow/example_dags/example_python_operator.py for tasks to queue
[2024-10-05T02:17:39.815+0000] {logging_mixin.py:190} INFO - [2024-10-05T02:17:39.815+0000] {dagbag.py:588} INFO - Filling up the DagBag from /home/airflow/.local/lib/python3.12/site-packages/airflow/example_dags/example_python_operator.py
[2024-10-05T02:17:39.822+0000] {processor.py:925} INFO - DAG(s) 'example_python_operator' retrieved from /home/airflow/.local/lib/python3.12/site-packages/airflow/example_dags/example_python_operator.py
[2024-10-05T02:17:39.834+0000] {logging_mixin.py:190} INFO - [2024-10-05T02:17:39.834+0000] {dag.py:3239} INFO - Sync 1 DAGs
[2024-10-05T02:17:39.842+0000] {logging_mixin.py:190} INFO - [2024-10-05T02:17:39.842+0000] {dag.py:4180} INFO - Setting next_dagrun for example_python_operator to None, run_after=None
[2024-10-05T02:17:39.852+0000] {processor.py:208} INFO - Processing /home/airflow/.local/lib/python3.12/site-packages/airflow/example_dags/example_python_operator.py took 0.042 seconds
[2024-10-05T02:18:10.244+0000] {processor.py:186} INFO - Started process (PID=473) to work on /home/airflow/.local/lib/python3.12/site-packages/airflow/example_dags/example_python_operator.py
[2024-10-05T02:18:10.245+0000] {processor.py:914} INFO - Processing file /home/airflow/.local/lib/python3.12/site-packages/airflow/example_dags/example_python_operator.py for tasks to queue
[2024-10-05T02:18:10.246+0000] {logging_mixin.py:190} INFO - [2024-10-05T02:18:10.246+0000] {dagbag.py:588} INFO - Filling up the DagBag from /home/airflow/.local/lib/python3.12/site-packages/airflow/example_dags/example_python_operator.py
[2024-10-05T02:18:10.253+0000] {processor.py:925} INFO - DAG(s) 'example_python_operator' retrieved from /home/airflow/.local/lib/python3.12/site-packages/airflow/example_dags/example_python_operator.py
[2024-10-05T02:18:10.264+0000] {logging_mixin.py:190} INFO - [2024-10-05T02:18:10.264+0000] {dag.py:3239} INFO - Sync 1 DAGs
[2024-10-05T02:18:10.272+0000] {logging_mixin.py:190} INFO - [2024-10-05T02:18:10.272+0000] {dag.py:4180} INFO - Setting next_dagrun for example_python_operator to None, run_after=None
[2024-10-05T02:18:10.282+0000] {processor.py:208} INFO - Processing /home/airflow/.local/lib/python3.12/site-packages/airflow/example_dags/example_python_operator.py took 0.041 seconds
[2024-10-05T02:18:40.596+0000] {processor.py:186} INFO - Started process (PID=535) to work on /home/airflow/.local/lib/python3.12/site-packages/airflow/example_dags/example_python_operator.py
[2024-10-05T02:18:40.597+0000] {processor.py:914} INFO - Processing file /home/airflow/.local/lib/python3.12/site-packages/airflow/example_dags/example_python_operator.py for tasks to queue
[2024-10-05T02:18:40.598+0000] {logging_mixin.py:190} INFO - [2024-10-05T02:18:40.598+0000] {dagbag.py:588} INFO - Filling up the DagBag from /home/airflow/.local/lib/python3.12/site-packages/airflow/example_dags/example_python_operator.py
[2024-10-05T02:18:40.605+0000] {processor.py:925} INFO - DAG(s) 'example_python_operator' retrieved from /home/airflow/.local/lib/python3.12/site-packages/airflow/example_dags/example_python_operator.py
[2024-10-05T02:18:40.616+0000] {logging_mixin.py:190} INFO - [2024-10-05T02:18:40.616+0000] {dag.py:3239} INFO - Sync 1 DAGs
[2024-10-05T02:18:40.624+0000] {logging_mixin.py:190} INFO - [2024-10-05T02:18:40.624+0000] {dag.py:4180} INFO - Setting next_dagrun for example_python_operator to None, run_after=None
[2024-10-05T02:18:40.634+0000] {processor.py:208} INFO - Processing /home/airflow/.local/lib/python3.12/site-packages/airflow/example_dags/example_python_operator.py took 0.041 seconds
[2024-10-05T02:45:06.508+0000] {processor.py:186} INFO - Started process (PID=94) to work on /home/airflow/.local/lib/python3.12/site-packages/airflow/example_dags/example_python_operator.py
[2024-10-05T02:45:06.508+0000] {processor.py:914} INFO - Processing file /home/airflow/.local/lib/python3.12/site-packages/airflow/example_dags/example_python_operator.py for tasks to queue
[2024-10-05T02:45:06.509+0000] {logging_mixin.py:190} INFO - [2024-10-05T02:45:06.509+0000] {dagbag.py:588} INFO - Filling up the DagBag from /home/airflow/.local/lib/python3.12/site-packages/airflow/example_dags/example_python_operator.py
[2024-10-05T02:45:06.517+0000] {processor.py:925} INFO - DAG(s) 'example_python_operator' retrieved from /home/airflow/.local/lib/python3.12/site-packages/airflow/example_dags/example_python_operator.py
[2024-10-05T02:45:06.578+0000] {logging_mixin.py:190} INFO - [2024-10-05T02:45:06.578+0000] {dag.py:3239} INFO - Sync 1 DAGs
[2024-10-05T02:45:06.586+0000] {logging_mixin.py:190} INFO - [2024-10-05T02:45:06.586+0000] {dag.py:4180} INFO - Setting next_dagrun for example_python_operator to None, run_after=None
[2024-10-05T02:45:06.597+0000] {processor.py:208} INFO - Processing /home/airflow/.local/lib/python3.12/site-packages/airflow/example_dags/example_python_operator.py took 0.093 seconds
[2024-10-05T02:45:36.776+0000] {processor.py:186} INFO - Started process (PID=157) to work on /home/airflow/.local/lib/python3.12/site-packages/airflow/example_dags/example_python_operator.py
[2024-10-05T02:45:36.777+0000] {processor.py:914} INFO - Processing file /home/airflow/.local/lib/python3.12/site-packages/airflow/example_dags/example_python_operator.py for tasks to queue
[2024-10-05T02:45:36.778+0000] {logging_mixin.py:190} INFO - [2024-10-05T02:45:36.778+0000] {dagbag.py:588} INFO - Filling up the DagBag from /home/airflow/.local/lib/python3.12/site-packages/airflow/example_dags/example_python_operator.py
[2024-10-05T02:45:36.785+0000] {processor.py:925} INFO - DAG(s) 'example_python_operator' retrieved from /home/airflow/.local/lib/python3.12/site-packages/airflow/example_dags/example_python_operator.py
[2024-10-05T02:45:36.798+0000] {logging_mixin.py:190} INFO - [2024-10-05T02:45:36.797+0000] {dag.py:3239} INFO - Sync 1 DAGs
[2024-10-05T02:45:36.805+0000] {logging_mixin.py:190} INFO - [2024-10-05T02:45:36.805+0000] {dag.py:4180} INFO - Setting next_dagrun for example_python_operator to None, run_after=None
[2024-10-05T02:45:36.815+0000] {processor.py:208} INFO - Processing /home/airflow/.local/lib/python3.12/site-packages/airflow/example_dags/example_python_operator.py took 0.042 seconds
[2024-10-05T02:46:07.732+0000] {processor.py:186} INFO - Started process (PID=219) to work on /home/airflow/.local/lib/python3.12/site-packages/airflow/example_dags/example_python_operator.py
[2024-10-05T02:46:07.733+0000] {processor.py:914} INFO - Processing file /home/airflow/.local/lib/python3.12/site-packages/airflow/example_dags/example_python_operator.py for tasks to queue
[2024-10-05T02:46:07.734+0000] {logging_mixin.py:190} INFO - [2024-10-05T02:46:07.734+0000] {dagbag.py:588} INFO - Filling up the DagBag from /home/airflow/.local/lib/python3.12/site-packages/airflow/example_dags/example_python_operator.py
[2024-10-05T02:46:07.741+0000] {processor.py:925} INFO - DAG(s) 'example_python_operator' retrieved from /home/airflow/.local/lib/python3.12/site-packages/airflow/example_dags/example_python_operator.py
[2024-10-05T02:46:07.753+0000] {logging_mixin.py:190} INFO - [2024-10-05T02:46:07.752+0000] {dag.py:3239} INFO - Sync 1 DAGs
[2024-10-05T02:46:07.760+0000] {logging_mixin.py:190} INFO - [2024-10-05T02:46:07.760+0000] {dag.py:4180} INFO - Setting next_dagrun for example_python_operator to None, run_after=None
[2024-10-05T02:46:07.773+0000] {processor.py:208} INFO - Processing /home/airflow/.local/lib/python3.12/site-packages/airflow/example_dags/example_python_operator.py took 0.044 seconds
[2024-10-05T02:46:38.053+0000] {processor.py:186} INFO - Started process (PID=281) to work on /home/airflow/.local/lib/python3.12/site-packages/airflow/example_dags/example_python_operator.py
[2024-10-05T02:46:38.054+0000] {processor.py:914} INFO - Processing file /home/airflow/.local/lib/python3.12/site-packages/airflow/example_dags/example_python_operator.py for tasks to queue
[2024-10-05T02:46:38.055+0000] {logging_mixin.py:190} INFO - [2024-10-05T02:46:38.055+0000] {dagbag.py:588} INFO - Filling up the DagBag from /home/airflow/.local/lib/python3.12/site-packages/airflow/example_dags/example_python_operator.py
[2024-10-05T02:46:38.063+0000] {processor.py:925} INFO - DAG(s) 'example_python_operator' retrieved from /home/airflow/.local/lib/python3.12/site-packages/airflow/example_dags/example_python_operator.py
[2024-10-05T02:46:38.077+0000] {logging_mixin.py:190} INFO - [2024-10-05T02:46:38.077+0000] {dag.py:3239} INFO - Sync 1 DAGs
[2024-10-05T02:46:38.085+0000] {logging_mixin.py:190} INFO - [2024-10-05T02:46:38.085+0000] {dag.py:4180} INFO - Setting next_dagrun for example_python_operator to None, run_after=None
[2024-10-05T02:46:38.096+0000] {processor.py:208} INFO - Processing /home/airflow/.local/lib/python3.12/site-packages/airflow/example_dags/example_python_operator.py took 0.047 seconds
[2024-10-05T02:47:08.117+0000] {processor.py:186} INFO - Started process (PID=343) to work on /home/airflow/.local/lib/python3.12/site-packages/airflow/example_dags/example_python_operator.py
[2024-10-05T02:47:08.118+0000] {processor.py:914} INFO - Processing file /home/airflow/.local/lib/python3.12/site-packages/airflow/example_dags/example_python_operator.py for tasks to queue
[2024-10-05T02:47:08.119+0000] {logging_mixin.py:190} INFO - [2024-10-05T02:47:08.119+0000] {dagbag.py:588} INFO - Filling up the DagBag from /home/airflow/.local/lib/python3.12/site-packages/airflow/example_dags/example_python_operator.py
[2024-10-05T02:47:08.126+0000] {processor.py:925} INFO - DAG(s) 'example_python_operator' retrieved from /home/airflow/.local/lib/python3.12/site-packages/airflow/example_dags/example_python_operator.py
[2024-10-05T02:47:08.138+0000] {logging_mixin.py:190} INFO - [2024-10-05T02:47:08.137+0000] {dag.py:3239} INFO - Sync 1 DAGs
[2024-10-05T02:47:08.146+0000] {logging_mixin.py:190} INFO - [2024-10-05T02:47:08.146+0000] {dag.py:4180} INFO - Setting next_dagrun for example_python_operator to None, run_after=None
[2024-10-05T02:47:08.155+0000] {processor.py:208} INFO - Processing /home/airflow/.local/lib/python3.12/site-packages/airflow/example_dags/example_python_operator.py took 0.041 seconds
[2024-10-05T02:47:38.853+0000] {processor.py:186} INFO - Started process (PID=405) to work on /home/airflow/.local/lib/python3.12/site-packages/airflow/example_dags/example_python_operator.py
[2024-10-05T02:47:38.853+0000] {processor.py:914} INFO - Processing file /home/airflow/.local/lib/python3.12/site-packages/airflow/example_dags/example_python_operator.py for tasks to queue
[2024-10-05T02:47:38.855+0000] {logging_mixin.py:190} INFO - [2024-10-05T02:47:38.854+0000] {dagbag.py:588} INFO - Filling up the DagBag from /home/airflow/.local/lib/python3.12/site-packages/airflow/example_dags/example_python_operator.py
[2024-10-05T02:47:38.863+0000] {processor.py:925} INFO - DAG(s) 'example_python_operator' retrieved from /home/airflow/.local/lib/python3.12/site-packages/airflow/example_dags/example_python_operator.py
[2024-10-05T02:47:38.876+0000] {logging_mixin.py:190} INFO - [2024-10-05T02:47:38.875+0000] {dag.py:3239} INFO - Sync 1 DAGs
[2024-10-05T02:47:38.885+0000] {logging_mixin.py:190} INFO - [2024-10-05T02:47:38.885+0000] {dag.py:4180} INFO - Setting next_dagrun for example_python_operator to None, run_after=None
[2024-10-05T02:47:38.897+0000] {processor.py:208} INFO - Processing /home/airflow/.local/lib/python3.12/site-packages/airflow/example_dags/example_python_operator.py took 0.048 seconds
[2024-10-05T02:48:09.140+0000] {processor.py:186} INFO - Started process (PID=467) to work on /home/airflow/.local/lib/python3.12/site-packages/airflow/example_dags/example_python_operator.py
[2024-10-05T02:48:09.141+0000] {processor.py:914} INFO - Processing file /home/airflow/.local/lib/python3.12/site-packages/airflow/example_dags/example_python_operator.py for tasks to queue
[2024-10-05T02:48:09.142+0000] {logging_mixin.py:190} INFO - [2024-10-05T02:48:09.142+0000] {dagbag.py:588} INFO - Filling up the DagBag from /home/airflow/.local/lib/python3.12/site-packages/airflow/example_dags/example_python_operator.py
[2024-10-05T02:48:09.150+0000] {processor.py:925} INFO - DAG(s) 'example_python_operator' retrieved from /home/airflow/.local/lib/python3.12/site-packages/airflow/example_dags/example_python_operator.py
[2024-10-05T02:48:09.165+0000] {logging_mixin.py:190} INFO - [2024-10-05T02:48:09.164+0000] {dag.py:3239} INFO - Sync 1 DAGs
[2024-10-05T02:48:09.173+0000] {logging_mixin.py:190} INFO - [2024-10-05T02:48:09.173+0000] {dag.py:4180} INFO - Setting next_dagrun for example_python_operator to None, run_after=None
[2024-10-05T02:48:09.185+0000] {processor.py:208} INFO - Processing /home/airflow/.local/lib/python3.12/site-packages/airflow/example_dags/example_python_operator.py took 0.050 seconds
[2024-10-05T02:48:40.257+0000] {processor.py:186} INFO - Started process (PID=529) to work on /home/airflow/.local/lib/python3.12/site-packages/airflow/example_dags/example_python_operator.py
[2024-10-05T02:48:40.257+0000] {processor.py:914} INFO - Processing file /home/airflow/.local/lib/python3.12/site-packages/airflow/example_dags/example_python_operator.py for tasks to queue
[2024-10-05T02:48:40.259+0000] {logging_mixin.py:190} INFO - [2024-10-05T02:48:40.259+0000] {dagbag.py:588} INFO - Filling up the DagBag from /home/airflow/.local/lib/python3.12/site-packages/airflow/example_dags/example_python_operator.py
[2024-10-05T02:48:40.266+0000] {processor.py:925} INFO - DAG(s) 'example_python_operator' retrieved from /home/airflow/.local/lib/python3.12/site-packages/airflow/example_dags/example_python_operator.py
[2024-10-05T02:48:40.278+0000] {logging_mixin.py:190} INFO - [2024-10-05T02:48:40.278+0000] {dag.py:3239} INFO - Sync 1 DAGs
[2024-10-05T02:48:40.287+0000] {logging_mixin.py:190} INFO - [2024-10-05T02:48:40.287+0000] {dag.py:4180} INFO - Setting next_dagrun for example_python_operator to None, run_after=None
[2024-10-05T02:48:40.297+0000] {processor.py:208} INFO - Processing /home/airflow/.local/lib/python3.12/site-packages/airflow/example_dags/example_python_operator.py took 0.044 seconds
[2024-10-05T02:49:11.191+0000] {processor.py:186} INFO - Started process (PID=591) to work on /home/airflow/.local/lib/python3.12/site-packages/airflow/example_dags/example_python_operator.py
[2024-10-05T02:49:11.191+0000] {processor.py:914} INFO - Processing file /home/airflow/.local/lib/python3.12/site-packages/airflow/example_dags/example_python_operator.py for tasks to queue
[2024-10-05T02:49:11.193+0000] {logging_mixin.py:190} INFO - [2024-10-05T02:49:11.192+0000] {dagbag.py:588} INFO - Filling up the DagBag from /home/airflow/.local/lib/python3.12/site-packages/airflow/example_dags/example_python_operator.py
[2024-10-05T02:49:11.200+0000] {processor.py:925} INFO - DAG(s) 'example_python_operator' retrieved from /home/airflow/.local/lib/python3.12/site-packages/airflow/example_dags/example_python_operator.py
[2024-10-05T02:49:11.211+0000] {logging_mixin.py:190} INFO - [2024-10-05T02:49:11.211+0000] {dag.py:3239} INFO - Sync 1 DAGs
[2024-10-05T02:49:11.220+0000] {logging_mixin.py:190} INFO - [2024-10-05T02:49:11.219+0000] {dag.py:4180} INFO - Setting next_dagrun for example_python_operator to None, run_after=None
[2024-10-05T02:49:11.230+0000] {processor.py:208} INFO - Processing /home/airflow/.local/lib/python3.12/site-packages/airflow/example_dags/example_python_operator.py took 0.042 seconds
[2024-10-05T02:49:41.744+0000] {processor.py:186} INFO - Started process (PID=659) to work on /home/airflow/.local/lib/python3.12/site-packages/airflow/example_dags/example_python_operator.py
[2024-10-05T02:49:41.744+0000] {processor.py:914} INFO - Processing file /home/airflow/.local/lib/python3.12/site-packages/airflow/example_dags/example_python_operator.py for tasks to queue
[2024-10-05T02:49:41.746+0000] {logging_mixin.py:190} INFO - [2024-10-05T02:49:41.745+0000] {dagbag.py:588} INFO - Filling up the DagBag from /home/airflow/.local/lib/python3.12/site-packages/airflow/example_dags/example_python_operator.py
[2024-10-05T02:49:41.752+0000] {processor.py:925} INFO - DAG(s) 'example_python_operator' retrieved from /home/airflow/.local/lib/python3.12/site-packages/airflow/example_dags/example_python_operator.py
[2024-10-05T02:49:41.763+0000] {logging_mixin.py:190} INFO - [2024-10-05T02:49:41.763+0000] {dag.py:3239} INFO - Sync 1 DAGs
[2024-10-05T02:49:41.771+0000] {logging_mixin.py:190} INFO - [2024-10-05T02:49:41.771+0000] {dag.py:4180} INFO - Setting next_dagrun for example_python_operator to None, run_after=None
[2024-10-05T02:49:41.780+0000] {processor.py:208} INFO - Processing /home/airflow/.local/lib/python3.12/site-packages/airflow/example_dags/example_python_operator.py took 0.040 seconds
[2024-10-05T02:50:12.347+0000] {processor.py:186} INFO - Started process (PID=742) to work on /home/airflow/.local/lib/python3.12/site-packages/airflow/example_dags/example_python_operator.py
[2024-10-05T02:50:12.347+0000] {processor.py:914} INFO - Processing file /home/airflow/.local/lib/python3.12/site-packages/airflow/example_dags/example_python_operator.py for tasks to queue
[2024-10-05T02:50:12.349+0000] {logging_mixin.py:190} INFO - [2024-10-05T02:50:12.348+0000] {dagbag.py:588} INFO - Filling up the DagBag from /home/airflow/.local/lib/python3.12/site-packages/airflow/example_dags/example_python_operator.py
[2024-10-05T02:50:12.355+0000] {processor.py:925} INFO - DAG(s) 'example_python_operator' retrieved from /home/airflow/.local/lib/python3.12/site-packages/airflow/example_dags/example_python_operator.py
[2024-10-05T02:50:12.367+0000] {logging_mixin.py:190} INFO - [2024-10-05T02:50:12.366+0000] {dag.py:3239} INFO - Sync 1 DAGs
[2024-10-05T02:50:12.375+0000] {logging_mixin.py:190} INFO - [2024-10-05T02:50:12.374+0000] {dag.py:4180} INFO - Setting next_dagrun for example_python_operator to None, run_after=None
[2024-10-05T02:50:12.385+0000] {processor.py:208} INFO - Processing /home/airflow/.local/lib/python3.12/site-packages/airflow/example_dags/example_python_operator.py took 0.041 seconds
[2024-10-05T02:50:42.793+0000] {processor.py:186} INFO - Started process (PID=804) to work on /home/airflow/.local/lib/python3.12/site-packages/airflow/example_dags/example_python_operator.py
[2024-10-05T02:50:42.794+0000] {processor.py:914} INFO - Processing file /home/airflow/.local/lib/python3.12/site-packages/airflow/example_dags/example_python_operator.py for tasks to queue
[2024-10-05T02:50:42.795+0000] {logging_mixin.py:190} INFO - [2024-10-05T02:50:42.795+0000] {dagbag.py:588} INFO - Filling up the DagBag from /home/airflow/.local/lib/python3.12/site-packages/airflow/example_dags/example_python_operator.py
[2024-10-05T02:50:42.802+0000] {processor.py:925} INFO - DAG(s) 'example_python_operator' retrieved from /home/airflow/.local/lib/python3.12/site-packages/airflow/example_dags/example_python_operator.py
[2024-10-05T02:50:42.814+0000] {logging_mixin.py:190} INFO - [2024-10-05T02:50:42.814+0000] {dag.py:3239} INFO - Sync 1 DAGs
[2024-10-05T02:50:42.822+0000] {logging_mixin.py:190} INFO - [2024-10-05T02:50:42.822+0000] {dag.py:4180} INFO - Setting next_dagrun for example_python_operator to None, run_after=None
[2024-10-05T02:50:42.832+0000] {processor.py:208} INFO - Processing /home/airflow/.local/lib/python3.12/site-packages/airflow/example_dags/example_python_operator.py took 0.042 seconds
[2024-10-05T02:51:13.297+0000] {processor.py:186} INFO - Started process (PID=866) to work on /home/airflow/.local/lib/python3.12/site-packages/airflow/example_dags/example_python_operator.py
[2024-10-05T02:51:13.297+0000] {processor.py:914} INFO - Processing file /home/airflow/.local/lib/python3.12/site-packages/airflow/example_dags/example_python_operator.py for tasks to queue
[2024-10-05T02:51:13.299+0000] {logging_mixin.py:190} INFO - [2024-10-05T02:51:13.298+0000] {dagbag.py:588} INFO - Filling up the DagBag from /home/airflow/.local/lib/python3.12/site-packages/airflow/example_dags/example_python_operator.py
[2024-10-05T02:51:13.305+0000] {processor.py:925} INFO - DAG(s) 'example_python_operator' retrieved from /home/airflow/.local/lib/python3.12/site-packages/airflow/example_dags/example_python_operator.py
[2024-10-05T02:51:13.316+0000] {logging_mixin.py:190} INFO - [2024-10-05T02:51:13.316+0000] {dag.py:3239} INFO - Sync 1 DAGs
[2024-10-05T02:51:13.324+0000] {logging_mixin.py:190} INFO - [2024-10-05T02:51:13.324+0000] {dag.py:4180} INFO - Setting next_dagrun for example_python_operator to None, run_after=None
[2024-10-05T02:51:13.333+0000] {processor.py:208} INFO - Processing /home/airflow/.local/lib/python3.12/site-packages/airflow/example_dags/example_python_operator.py took 0.040 seconds
[2024-10-05T02:51:43.775+0000] {processor.py:186} INFO - Started process (PID=928) to work on /home/airflow/.local/lib/python3.12/site-packages/airflow/example_dags/example_python_operator.py
[2024-10-05T02:51:43.775+0000] {processor.py:914} INFO - Processing file /home/airflow/.local/lib/python3.12/site-packages/airflow/example_dags/example_python_operator.py for tasks to queue
[2024-10-05T02:51:43.776+0000] {logging_mixin.py:190} INFO - [2024-10-05T02:51:43.776+0000] {dagbag.py:588} INFO - Filling up the DagBag from /home/airflow/.local/lib/python3.12/site-packages/airflow/example_dags/example_python_operator.py
[2024-10-05T02:51:43.783+0000] {processor.py:925} INFO - DAG(s) 'example_python_operator' retrieved from /home/airflow/.local/lib/python3.12/site-packages/airflow/example_dags/example_python_operator.py
[2024-10-05T02:51:43.795+0000] {logging_mixin.py:190} INFO - [2024-10-05T02:51:43.794+0000] {dag.py:3239} INFO - Sync 1 DAGs
[2024-10-05T02:51:43.802+0000] {logging_mixin.py:190} INFO - [2024-10-05T02:51:43.802+0000] {dag.py:4180} INFO - Setting next_dagrun for example_python_operator to None, run_after=None
[2024-10-05T02:51:43.812+0000] {processor.py:208} INFO - Processing /home/airflow/.local/lib/python3.12/site-packages/airflow/example_dags/example_python_operator.py took 0.041 seconds
[2024-10-05T02:52:14.411+0000] {processor.py:186} INFO - Started process (PID=990) to work on /home/airflow/.local/lib/python3.12/site-packages/airflow/example_dags/example_python_operator.py
[2024-10-05T02:52:14.412+0000] {processor.py:914} INFO - Processing file /home/airflow/.local/lib/python3.12/site-packages/airflow/example_dags/example_python_operator.py for tasks to queue
[2024-10-05T02:52:14.413+0000] {logging_mixin.py:190} INFO - [2024-10-05T02:52:14.413+0000] {dagbag.py:588} INFO - Filling up the DagBag from /home/airflow/.local/lib/python3.12/site-packages/airflow/example_dags/example_python_operator.py
[2024-10-05T02:52:14.419+0000] {processor.py:925} INFO - DAG(s) 'example_python_operator' retrieved from /home/airflow/.local/lib/python3.12/site-packages/airflow/example_dags/example_python_operator.py
[2024-10-05T02:52:14.430+0000] {logging_mixin.py:190} INFO - [2024-10-05T02:52:14.430+0000] {dag.py:3239} INFO - Sync 1 DAGs
[2024-10-05T02:52:14.437+0000] {logging_mixin.py:190} INFO - [2024-10-05T02:52:14.437+0000] {dag.py:4180} INFO - Setting next_dagrun for example_python_operator to None, run_after=None
[2024-10-05T02:52:14.446+0000] {processor.py:208} INFO - Processing /home/airflow/.local/lib/python3.12/site-packages/airflow/example_dags/example_python_operator.py took 0.039 seconds
[2024-10-05T02:52:45.234+0000] {processor.py:186} INFO - Started process (PID=1052) to work on /home/airflow/.local/lib/python3.12/site-packages/airflow/example_dags/example_python_operator.py
[2024-10-05T02:52:45.235+0000] {processor.py:914} INFO - Processing file /home/airflow/.local/lib/python3.12/site-packages/airflow/example_dags/example_python_operator.py for tasks to queue
[2024-10-05T02:52:45.236+0000] {logging_mixin.py:190} INFO - [2024-10-05T02:52:45.236+0000] {dagbag.py:588} INFO - Filling up the DagBag from /home/airflow/.local/lib/python3.12/site-packages/airflow/example_dags/example_python_operator.py
[2024-10-05T02:52:45.243+0000] {processor.py:925} INFO - DAG(s) 'example_python_operator' retrieved from /home/airflow/.local/lib/python3.12/site-packages/airflow/example_dags/example_python_operator.py
[2024-10-05T02:52:45.254+0000] {logging_mixin.py:190} INFO - [2024-10-05T02:52:45.254+0000] {dag.py:3239} INFO - Sync 1 DAGs
[2024-10-05T02:52:45.261+0000] {logging_mixin.py:190} INFO - [2024-10-05T02:52:45.261+0000] {dag.py:4180} INFO - Setting next_dagrun for example_python_operator to None, run_after=None
[2024-10-05T02:52:45.270+0000] {processor.py:208} INFO - Processing /home/airflow/.local/lib/python3.12/site-packages/airflow/example_dags/example_python_operator.py took 0.040 seconds
[2024-10-05T02:53:16.095+0000] {processor.py:186} INFO - Started process (PID=1114) to work on /home/airflow/.local/lib/python3.12/site-packages/airflow/example_dags/example_python_operator.py
[2024-10-05T02:53:16.095+0000] {processor.py:914} INFO - Processing file /home/airflow/.local/lib/python3.12/site-packages/airflow/example_dags/example_python_operator.py for tasks to queue
[2024-10-05T02:53:16.096+0000] {logging_mixin.py:190} INFO - [2024-10-05T02:53:16.096+0000] {dagbag.py:588} INFO - Filling up the DagBag from /home/airflow/.local/lib/python3.12/site-packages/airflow/example_dags/example_python_operator.py
[2024-10-05T02:53:16.103+0000] {processor.py:925} INFO - DAG(s) 'example_python_operator' retrieved from /home/airflow/.local/lib/python3.12/site-packages/airflow/example_dags/example_python_operator.py
[2024-10-05T02:53:16.114+0000] {logging_mixin.py:190} INFO - [2024-10-05T02:53:16.114+0000] {dag.py:3239} INFO - Sync 1 DAGs
[2024-10-05T02:53:16.122+0000] {logging_mixin.py:190} INFO - [2024-10-05T02:53:16.122+0000] {dag.py:4180} INFO - Setting next_dagrun for example_python_operator to None, run_after=None
[2024-10-05T02:53:16.131+0000] {processor.py:208} INFO - Processing /home/airflow/.local/lib/python3.12/site-packages/airflow/example_dags/example_python_operator.py took 0.040 seconds
[2024-10-05T02:53:46.795+0000] {processor.py:186} INFO - Started process (PID=1176) to work on /home/airflow/.local/lib/python3.12/site-packages/airflow/example_dags/example_python_operator.py
[2024-10-05T02:53:46.795+0000] {processor.py:914} INFO - Processing file /home/airflow/.local/lib/python3.12/site-packages/airflow/example_dags/example_python_operator.py for tasks to queue
[2024-10-05T02:53:46.796+0000] {logging_mixin.py:190} INFO - [2024-10-05T02:53:46.796+0000] {dagbag.py:588} INFO - Filling up the DagBag from /home/airflow/.local/lib/python3.12/site-packages/airflow/example_dags/example_python_operator.py
[2024-10-05T02:53:46.803+0000] {processor.py:925} INFO - DAG(s) 'example_python_operator' retrieved from /home/airflow/.local/lib/python3.12/site-packages/airflow/example_dags/example_python_operator.py
[2024-10-05T02:53:46.814+0000] {logging_mixin.py:190} INFO - [2024-10-05T02:53:46.814+0000] {dag.py:3239} INFO - Sync 1 DAGs
[2024-10-05T02:53:46.821+0000] {logging_mixin.py:190} INFO - [2024-10-05T02:53:46.821+0000] {dag.py:4180} INFO - Setting next_dagrun for example_python_operator to None, run_after=None
[2024-10-05T02:53:46.830+0000] {processor.py:208} INFO - Processing /home/airflow/.local/lib/python3.12/site-packages/airflow/example_dags/example_python_operator.py took 0.039 seconds
[2024-10-05T02:54:17.910+0000] {processor.py:186} INFO - Started process (PID=1239) to work on /home/airflow/.local/lib/python3.12/site-packages/airflow/example_dags/example_python_operator.py
[2024-10-05T02:54:17.911+0000] {processor.py:914} INFO - Processing file /home/airflow/.local/lib/python3.12/site-packages/airflow/example_dags/example_python_operator.py for tasks to queue
[2024-10-05T02:54:17.912+0000] {logging_mixin.py:190} INFO - [2024-10-05T02:54:17.912+0000] {dagbag.py:588} INFO - Filling up the DagBag from /home/airflow/.local/lib/python3.12/site-packages/airflow/example_dags/example_python_operator.py
[2024-10-05T02:54:17.919+0000] {processor.py:925} INFO - DAG(s) 'example_python_operator' retrieved from /home/airflow/.local/lib/python3.12/site-packages/airflow/example_dags/example_python_operator.py
[2024-10-05T02:54:17.931+0000] {logging_mixin.py:190} INFO - [2024-10-05T02:54:17.930+0000] {dag.py:3239} INFO - Sync 1 DAGs
[2024-10-05T02:54:17.938+0000] {logging_mixin.py:190} INFO - [2024-10-05T02:54:17.938+0000] {dag.py:4180} INFO - Setting next_dagrun for example_python_operator to None, run_after=None
[2024-10-05T02:54:17.948+0000] {processor.py:208} INFO - Processing /home/airflow/.local/lib/python3.12/site-packages/airflow/example_dags/example_python_operator.py took 0.041 seconds
[2024-10-05T02:54:48.166+0000] {processor.py:186} INFO - Started process (PID=1301) to work on /home/airflow/.local/lib/python3.12/site-packages/airflow/example_dags/example_python_operator.py
[2024-10-05T02:54:48.167+0000] {processor.py:914} INFO - Processing file /home/airflow/.local/lib/python3.12/site-packages/airflow/example_dags/example_python_operator.py for tasks to queue
[2024-10-05T02:54:48.168+0000] {logging_mixin.py:190} INFO - [2024-10-05T02:54:48.168+0000] {dagbag.py:588} INFO - Filling up the DagBag from /home/airflow/.local/lib/python3.12/site-packages/airflow/example_dags/example_python_operator.py
[2024-10-05T02:54:48.174+0000] {processor.py:925} INFO - DAG(s) 'example_python_operator' retrieved from /home/airflow/.local/lib/python3.12/site-packages/airflow/example_dags/example_python_operator.py
[2024-10-05T02:54:48.186+0000] {logging_mixin.py:190} INFO - [2024-10-05T02:54:48.186+0000] {dag.py:3239} INFO - Sync 1 DAGs
[2024-10-05T02:54:48.194+0000] {logging_mixin.py:190} INFO - [2024-10-05T02:54:48.194+0000] {dag.py:4180} INFO - Setting next_dagrun for example_python_operator to None, run_after=None
[2024-10-05T02:54:48.204+0000] {processor.py:208} INFO - Processing /home/airflow/.local/lib/python3.12/site-packages/airflow/example_dags/example_python_operator.py took 0.041 seconds
[2024-10-05T02:55:18.707+0000] {processor.py:186} INFO - Started process (PID=1369) to work on /home/airflow/.local/lib/python3.12/site-packages/airflow/example_dags/example_python_operator.py
[2024-10-05T02:55:18.708+0000] {processor.py:914} INFO - Processing file /home/airflow/.local/lib/python3.12/site-packages/airflow/example_dags/example_python_operator.py for tasks to queue
[2024-10-05T02:55:18.709+0000] {logging_mixin.py:190} INFO - [2024-10-05T02:55:18.709+0000] {dagbag.py:588} INFO - Filling up the DagBag from /home/airflow/.local/lib/python3.12/site-packages/airflow/example_dags/example_python_operator.py
[2024-10-05T02:55:18.716+0000] {processor.py:925} INFO - DAG(s) 'example_python_operator' retrieved from /home/airflow/.local/lib/python3.12/site-packages/airflow/example_dags/example_python_operator.py
[2024-10-05T02:55:18.727+0000] {logging_mixin.py:190} INFO - [2024-10-05T02:55:18.727+0000] {dag.py:3239} INFO - Sync 1 DAGs
[2024-10-05T02:55:18.735+0000] {logging_mixin.py:190} INFO - [2024-10-05T02:55:18.735+0000] {dag.py:4180} INFO - Setting next_dagrun for example_python_operator to None, run_after=None
[2024-10-05T02:55:18.744+0000] {processor.py:208} INFO - Processing /home/airflow/.local/lib/python3.12/site-packages/airflow/example_dags/example_python_operator.py took 0.041 seconds
[2024-10-05T02:55:49.703+0000] {processor.py:186} INFO - Started process (PID=1431) to work on /home/airflow/.local/lib/python3.12/site-packages/airflow/example_dags/example_python_operator.py
[2024-10-05T02:55:49.703+0000] {processor.py:914} INFO - Processing file /home/airflow/.local/lib/python3.12/site-packages/airflow/example_dags/example_python_operator.py for tasks to queue
[2024-10-05T02:55:49.705+0000] {logging_mixin.py:190} INFO - [2024-10-05T02:55:49.704+0000] {dagbag.py:588} INFO - Filling up the DagBag from /home/airflow/.local/lib/python3.12/site-packages/airflow/example_dags/example_python_operator.py
[2024-10-05T02:55:49.711+0000] {processor.py:925} INFO - DAG(s) 'example_python_operator' retrieved from /home/airflow/.local/lib/python3.12/site-packages/airflow/example_dags/example_python_operator.py
[2024-10-05T02:55:49.723+0000] {logging_mixin.py:190} INFO - [2024-10-05T02:55:49.723+0000] {dag.py:3239} INFO - Sync 1 DAGs
[2024-10-05T02:55:49.730+0000] {logging_mixin.py:190} INFO - [2024-10-05T02:55:49.730+0000] {dag.py:4180} INFO - Setting next_dagrun for example_python_operator to None, run_after=None
[2024-10-05T02:55:49.740+0000] {processor.py:208} INFO - Processing /home/airflow/.local/lib/python3.12/site-packages/airflow/example_dags/example_python_operator.py took 0.040 seconds
[2024-10-05T02:56:19.994+0000] {processor.py:186} INFO - Started process (PID=1493) to work on /home/airflow/.local/lib/python3.12/site-packages/airflow/example_dags/example_python_operator.py
[2024-10-05T02:56:19.995+0000] {processor.py:914} INFO - Processing file /home/airflow/.local/lib/python3.12/site-packages/airflow/example_dags/example_python_operator.py for tasks to queue
[2024-10-05T02:56:19.996+0000] {logging_mixin.py:190} INFO - [2024-10-05T02:56:19.996+0000] {dagbag.py:588} INFO - Filling up the DagBag from /home/airflow/.local/lib/python3.12/site-packages/airflow/example_dags/example_python_operator.py
[2024-10-05T02:56:20.002+0000] {processor.py:925} INFO - DAG(s) 'example_python_operator' retrieved from /home/airflow/.local/lib/python3.12/site-packages/airflow/example_dags/example_python_operator.py
[2024-10-05T02:56:20.014+0000] {logging_mixin.py:190} INFO - [2024-10-05T02:56:20.014+0000] {dag.py:3239} INFO - Sync 1 DAGs
[2024-10-05T02:56:20.022+0000] {logging_mixin.py:190} INFO - [2024-10-05T02:56:20.022+0000] {dag.py:4180} INFO - Setting next_dagrun for example_python_operator to None, run_after=None
[2024-10-05T02:56:20.031+0000] {processor.py:208} INFO - Processing /home/airflow/.local/lib/python3.12/site-packages/airflow/example_dags/example_python_operator.py took 0.040 seconds
[2024-10-05T02:56:50.369+0000] {processor.py:186} INFO - Started process (PID=1555) to work on /home/airflow/.local/lib/python3.12/site-packages/airflow/example_dags/example_python_operator.py
[2024-10-05T02:56:50.370+0000] {processor.py:914} INFO - Processing file /home/airflow/.local/lib/python3.12/site-packages/airflow/example_dags/example_python_operator.py for tasks to queue
[2024-10-05T02:56:50.371+0000] {logging_mixin.py:190} INFO - [2024-10-05T02:56:50.371+0000] {dagbag.py:588} INFO - Filling up the DagBag from /home/airflow/.local/lib/python3.12/site-packages/airflow/example_dags/example_python_operator.py
[2024-10-05T02:56:50.378+0000] {processor.py:925} INFO - DAG(s) 'example_python_operator' retrieved from /home/airflow/.local/lib/python3.12/site-packages/airflow/example_dags/example_python_operator.py
[2024-10-05T02:56:50.390+0000] {logging_mixin.py:190} INFO - [2024-10-05T02:56:50.389+0000] {dag.py:3239} INFO - Sync 1 DAGs
[2024-10-05T02:56:50.398+0000] {logging_mixin.py:190} INFO - [2024-10-05T02:56:50.398+0000] {dag.py:4180} INFO - Setting next_dagrun for example_python_operator to None, run_after=None
[2024-10-05T02:56:50.408+0000] {processor.py:208} INFO - Processing /home/airflow/.local/lib/python3.12/site-packages/airflow/example_dags/example_python_operator.py took 0.042 seconds
