[2024-10-05T02:15:06.786+0000] {processor.py:186} INFO - Started process (PID=109) to work on /home/airflow/.local/lib/python3.12/site-packages/airflow/example_dags/example_display_name.py
[2024-10-05T02:15:06.786+0000] {processor.py:914} INFO - Processing file /home/airflow/.local/lib/python3.12/site-packages/airflow/example_dags/example_display_name.py for tasks to queue
[2024-10-05T02:15:06.788+0000] {logging_mixin.py:190} INFO - [2024-10-05T02:15:06.788+0000] {dagbag.py:588} INFO - Filling up the DagBag from /home/airflow/.local/lib/python3.12/site-packages/airflow/example_dags/example_display_name.py
[2024-10-05T02:15:06.793+0000] {processor.py:925} INFO - DAG(s) 'example_display_name' retrieved from /home/airflow/.local/lib/python3.12/site-packages/airflow/example_dags/example_display_name.py
[2024-10-05T02:15:06.804+0000] {logging_mixin.py:190} INFO - [2024-10-05T02:15:06.804+0000] {dag.py:3239} INFO - Sync 1 DAGs
[2024-10-05T02:15:06.814+0000] {logging_mixin.py:190} INFO - [2024-10-05T02:15:06.814+0000] {dag.py:4180} INFO - Setting next_dagrun for example_display_name to None, run_after=None
[2024-10-05T02:15:06.824+0000] {processor.py:208} INFO - Processing /home/airflow/.local/lib/python3.12/site-packages/airflow/example_dags/example_display_name.py took 0.042 seconds
[2024-10-05T02:15:37.112+0000] {processor.py:186} INFO - Started process (PID=177) to work on /home/airflow/.local/lib/python3.12/site-packages/airflow/example_dags/example_display_name.py
[2024-10-05T02:15:37.113+0000] {processor.py:914} INFO - Processing file /home/airflow/.local/lib/python3.12/site-packages/airflow/example_dags/example_display_name.py for tasks to queue
[2024-10-05T02:15:37.114+0000] {logging_mixin.py:190} INFO - [2024-10-05T02:15:37.114+0000] {dagbag.py:588} INFO - Filling up the DagBag from /home/airflow/.local/lib/python3.12/site-packages/airflow/example_dags/example_display_name.py
[2024-10-05T02:15:37.119+0000] {processor.py:925} INFO - DAG(s) 'example_display_name' retrieved from /home/airflow/.local/lib/python3.12/site-packages/airflow/example_dags/example_display_name.py
[2024-10-05T02:15:37.130+0000] {logging_mixin.py:190} INFO - [2024-10-05T02:15:37.130+0000] {dag.py:3239} INFO - Sync 1 DAGs
[2024-10-05T02:15:37.139+0000] {logging_mixin.py:190} INFO - [2024-10-05T02:15:37.139+0000] {dag.py:4180} INFO - Setting next_dagrun for example_display_name to None, run_after=None
[2024-10-05T02:15:37.150+0000] {processor.py:208} INFO - Processing /home/airflow/.local/lib/python3.12/site-packages/airflow/example_dags/example_display_name.py took 0.042 seconds
[2024-10-05T02:16:07.950+0000] {processor.py:186} INFO - Started process (PID=239) to work on /home/airflow/.local/lib/python3.12/site-packages/airflow/example_dags/example_display_name.py
[2024-10-05T02:16:07.951+0000] {processor.py:914} INFO - Processing file /home/airflow/.local/lib/python3.12/site-packages/airflow/example_dags/example_display_name.py for tasks to queue
[2024-10-05T02:16:07.952+0000] {logging_mixin.py:190} INFO - [2024-10-05T02:16:07.952+0000] {dagbag.py:588} INFO - Filling up the DagBag from /home/airflow/.local/lib/python3.12/site-packages/airflow/example_dags/example_display_name.py
[2024-10-05T02:16:07.957+0000] {processor.py:925} INFO - DAG(s) 'example_display_name' retrieved from /home/airflow/.local/lib/python3.12/site-packages/airflow/example_dags/example_display_name.py
[2024-10-05T02:16:07.967+0000] {logging_mixin.py:190} INFO - [2024-10-05T02:16:07.967+0000] {dag.py:3239} INFO - Sync 1 DAGs
[2024-10-05T02:16:07.975+0000] {logging_mixin.py:190} INFO - [2024-10-05T02:16:07.975+0000] {dag.py:4180} INFO - Setting next_dagrun for example_display_name to None, run_after=None
[2024-10-05T02:16:07.986+0000] {processor.py:208} INFO - Processing /home/airflow/.local/lib/python3.12/site-packages/airflow/example_dags/example_display_name.py took 0.039 seconds
[2024-10-05T02:16:38.297+0000] {processor.py:186} INFO - Started process (PID=301) to work on /home/airflow/.local/lib/python3.12/site-packages/airflow/example_dags/example_display_name.py
[2024-10-05T02:16:38.297+0000] {processor.py:914} INFO - Processing file /home/airflow/.local/lib/python3.12/site-packages/airflow/example_dags/example_display_name.py for tasks to queue
[2024-10-05T02:16:38.299+0000] {logging_mixin.py:190} INFO - [2024-10-05T02:16:38.298+0000] {dagbag.py:588} INFO - Filling up the DagBag from /home/airflow/.local/lib/python3.12/site-packages/airflow/example_dags/example_display_name.py
[2024-10-05T02:16:38.303+0000] {processor.py:925} INFO - DAG(s) 'example_display_name' retrieved from /home/airflow/.local/lib/python3.12/site-packages/airflow/example_dags/example_display_name.py
[2024-10-05T02:16:38.314+0000] {logging_mixin.py:190} INFO - [2024-10-05T02:16:38.314+0000] {dag.py:3239} INFO - Sync 1 DAGs
[2024-10-05T02:16:38.322+0000] {logging_mixin.py:190} INFO - [2024-10-05T02:16:38.322+0000] {dag.py:4180} INFO - Setting next_dagrun for example_display_name to None, run_after=None
[2024-10-05T02:16:38.332+0000] {processor.py:208} INFO - Processing /home/airflow/.local/lib/python3.12/site-packages/airflow/example_dags/example_display_name.py took 0.039 seconds
[2024-10-05T02:17:09.376+0000] {processor.py:186} INFO - Started process (PID=363) to work on /home/airflow/.local/lib/python3.12/site-packages/airflow/example_dags/example_display_name.py
[2024-10-05T02:17:09.377+0000] {processor.py:914} INFO - Processing file /home/airflow/.local/lib/python3.12/site-packages/airflow/example_dags/example_display_name.py for tasks to queue
[2024-10-05T02:17:09.378+0000] {logging_mixin.py:190} INFO - [2024-10-05T02:17:09.378+0000] {dagbag.py:588} INFO - Filling up the DagBag from /home/airflow/.local/lib/python3.12/site-packages/airflow/example_dags/example_display_name.py
[2024-10-05T02:17:09.382+0000] {processor.py:925} INFO - DAG(s) 'example_display_name' retrieved from /home/airflow/.local/lib/python3.12/site-packages/airflow/example_dags/example_display_name.py
[2024-10-05T02:17:09.392+0000] {logging_mixin.py:190} INFO - [2024-10-05T02:17:09.392+0000] {dag.py:3239} INFO - Sync 1 DAGs
[2024-10-05T02:17:09.399+0000] {logging_mixin.py:190} INFO - [2024-10-05T02:17:09.399+0000] {dag.py:4180} INFO - Setting next_dagrun for example_display_name to None, run_after=None
[2024-10-05T02:17:09.409+0000] {processor.py:208} INFO - Processing /home/airflow/.local/lib/python3.12/site-packages/airflow/example_dags/example_display_name.py took 0.036 seconds
[2024-10-05T02:17:40.232+0000] {processor.py:186} INFO - Started process (PID=425) to work on /home/airflow/.local/lib/python3.12/site-packages/airflow/example_dags/example_display_name.py
[2024-10-05T02:17:40.233+0000] {processor.py:914} INFO - Processing file /home/airflow/.local/lib/python3.12/site-packages/airflow/example_dags/example_display_name.py for tasks to queue
[2024-10-05T02:17:40.234+0000] {logging_mixin.py:190} INFO - [2024-10-05T02:17:40.234+0000] {dagbag.py:588} INFO - Filling up the DagBag from /home/airflow/.local/lib/python3.12/site-packages/airflow/example_dags/example_display_name.py
[2024-10-05T02:17:40.238+0000] {processor.py:925} INFO - DAG(s) 'example_display_name' retrieved from /home/airflow/.local/lib/python3.12/site-packages/airflow/example_dags/example_display_name.py
[2024-10-05T02:17:40.251+0000] {logging_mixin.py:190} INFO - [2024-10-05T02:17:40.251+0000] {dag.py:3239} INFO - Sync 1 DAGs
[2024-10-05T02:17:40.260+0000] {logging_mixin.py:190} INFO - [2024-10-05T02:17:40.260+0000] {dag.py:4180} INFO - Setting next_dagrun for example_display_name to None, run_after=None
[2024-10-05T02:17:40.270+0000] {processor.py:208} INFO - Processing /home/airflow/.local/lib/python3.12/site-packages/airflow/example_dags/example_display_name.py took 0.041 seconds
[2024-10-05T02:18:10.663+0000] {processor.py:186} INFO - Started process (PID=487) to work on /home/airflow/.local/lib/python3.12/site-packages/airflow/example_dags/example_display_name.py
[2024-10-05T02:18:10.664+0000] {processor.py:914} INFO - Processing file /home/airflow/.local/lib/python3.12/site-packages/airflow/example_dags/example_display_name.py for tasks to queue
[2024-10-05T02:18:10.665+0000] {logging_mixin.py:190} INFO - [2024-10-05T02:18:10.665+0000] {dagbag.py:588} INFO - Filling up the DagBag from /home/airflow/.local/lib/python3.12/site-packages/airflow/example_dags/example_display_name.py
[2024-10-05T02:18:10.669+0000] {processor.py:925} INFO - DAG(s) 'example_display_name' retrieved from /home/airflow/.local/lib/python3.12/site-packages/airflow/example_dags/example_display_name.py
[2024-10-05T02:18:10.679+0000] {logging_mixin.py:190} INFO - [2024-10-05T02:18:10.679+0000] {dag.py:3239} INFO - Sync 1 DAGs
[2024-10-05T02:18:10.687+0000] {logging_mixin.py:190} INFO - [2024-10-05T02:18:10.687+0000] {dag.py:4180} INFO - Setting next_dagrun for example_display_name to None, run_after=None
[2024-10-05T02:18:10.696+0000] {processor.py:208} INFO - Processing /home/airflow/.local/lib/python3.12/site-packages/airflow/example_dags/example_display_name.py took 0.037 seconds
[2024-10-05T02:18:41.032+0000] {processor.py:186} INFO - Started process (PID=549) to work on /home/airflow/.local/lib/python3.12/site-packages/airflow/example_dags/example_display_name.py
[2024-10-05T02:18:41.033+0000] {processor.py:914} INFO - Processing file /home/airflow/.local/lib/python3.12/site-packages/airflow/example_dags/example_display_name.py for tasks to queue
[2024-10-05T02:18:41.034+0000] {logging_mixin.py:190} INFO - [2024-10-05T02:18:41.034+0000] {dagbag.py:588} INFO - Filling up the DagBag from /home/airflow/.local/lib/python3.12/site-packages/airflow/example_dags/example_display_name.py
[2024-10-05T02:18:41.038+0000] {processor.py:925} INFO - DAG(s) 'example_display_name' retrieved from /home/airflow/.local/lib/python3.12/site-packages/airflow/example_dags/example_display_name.py
[2024-10-05T02:18:41.048+0000] {logging_mixin.py:190} INFO - [2024-10-05T02:18:41.048+0000] {dag.py:3239} INFO - Sync 1 DAGs
[2024-10-05T02:18:41.056+0000] {logging_mixin.py:190} INFO - [2024-10-05T02:18:41.056+0000] {dag.py:4180} INFO - Setting next_dagrun for example_display_name to None, run_after=None
[2024-10-05T02:18:41.065+0000] {processor.py:208} INFO - Processing /home/airflow/.local/lib/python3.12/site-packages/airflow/example_dags/example_display_name.py took 0.036 seconds
[2024-10-05T02:45:06.996+0000] {processor.py:186} INFO - Started process (PID=108) to work on /home/airflow/.local/lib/python3.12/site-packages/airflow/example_dags/example_display_name.py
[2024-10-05T02:45:06.996+0000] {processor.py:914} INFO - Processing file /home/airflow/.local/lib/python3.12/site-packages/airflow/example_dags/example_display_name.py for tasks to queue
[2024-10-05T02:45:06.998+0000] {logging_mixin.py:190} INFO - [2024-10-05T02:45:06.997+0000] {dagbag.py:588} INFO - Filling up the DagBag from /home/airflow/.local/lib/python3.12/site-packages/airflow/example_dags/example_display_name.py
[2024-10-05T02:45:07.001+0000] {processor.py:925} INFO - DAG(s) 'example_display_name' retrieved from /home/airflow/.local/lib/python3.12/site-packages/airflow/example_dags/example_display_name.py
[2024-10-05T02:45:07.011+0000] {logging_mixin.py:190} INFO - [2024-10-05T02:45:07.010+0000] {dag.py:3239} INFO - Sync 1 DAGs
[2024-10-05T02:45:07.019+0000] {logging_mixin.py:190} INFO - [2024-10-05T02:45:07.019+0000] {dag.py:4180} INFO - Setting next_dagrun for example_display_name to None, run_after=None
[2024-10-05T02:45:07.028+0000] {processor.py:208} INFO - Processing /home/airflow/.local/lib/python3.12/site-packages/airflow/example_dags/example_display_name.py took 0.035 seconds
[2024-10-05T02:45:37.258+0000] {processor.py:186} INFO - Started process (PID=171) to work on /home/airflow/.local/lib/python3.12/site-packages/airflow/example_dags/example_display_name.py
[2024-10-05T02:45:37.259+0000] {processor.py:914} INFO - Processing file /home/airflow/.local/lib/python3.12/site-packages/airflow/example_dags/example_display_name.py for tasks to queue
[2024-10-05T02:45:37.260+0000] {logging_mixin.py:190} INFO - [2024-10-05T02:45:37.260+0000] {dagbag.py:588} INFO - Filling up the DagBag from /home/airflow/.local/lib/python3.12/site-packages/airflow/example_dags/example_display_name.py
[2024-10-05T02:45:37.264+0000] {processor.py:925} INFO - DAG(s) 'example_display_name' retrieved from /home/airflow/.local/lib/python3.12/site-packages/airflow/example_dags/example_display_name.py
[2024-10-05T02:45:37.275+0000] {logging_mixin.py:190} INFO - [2024-10-05T02:45:37.275+0000] {dag.py:3239} INFO - Sync 1 DAGs
[2024-10-05T02:45:37.283+0000] {logging_mixin.py:190} INFO - [2024-10-05T02:45:37.283+0000] {dag.py:4180} INFO - Setting next_dagrun for example_display_name to None, run_after=None
[2024-10-05T02:45:37.292+0000] {processor.py:208} INFO - Processing /home/airflow/.local/lib/python3.12/site-packages/airflow/example_dags/example_display_name.py took 0.037 seconds
[2024-10-05T02:46:08.153+0000] {processor.py:186} INFO - Started process (PID=233) to work on /home/airflow/.local/lib/python3.12/site-packages/airflow/example_dags/example_display_name.py
[2024-10-05T02:46:08.154+0000] {processor.py:914} INFO - Processing file /home/airflow/.local/lib/python3.12/site-packages/airflow/example_dags/example_display_name.py for tasks to queue
[2024-10-05T02:46:08.155+0000] {logging_mixin.py:190} INFO - [2024-10-05T02:46:08.155+0000] {dagbag.py:588} INFO - Filling up the DagBag from /home/airflow/.local/lib/python3.12/site-packages/airflow/example_dags/example_display_name.py
[2024-10-05T02:46:08.159+0000] {processor.py:925} INFO - DAG(s) 'example_display_name' retrieved from /home/airflow/.local/lib/python3.12/site-packages/airflow/example_dags/example_display_name.py
[2024-10-05T02:46:08.169+0000] {logging_mixin.py:190} INFO - [2024-10-05T02:46:08.169+0000] {dag.py:3239} INFO - Sync 1 DAGs
[2024-10-05T02:46:08.177+0000] {logging_mixin.py:190} INFO - [2024-10-05T02:46:08.177+0000] {dag.py:4180} INFO - Setting next_dagrun for example_display_name to None, run_after=None
[2024-10-05T02:46:08.187+0000] {processor.py:208} INFO - Processing /home/airflow/.local/lib/python3.12/site-packages/airflow/example_dags/example_display_name.py took 0.037 seconds
[2024-10-05T02:46:38.525+0000] {processor.py:186} INFO - Started process (PID=295) to work on /home/airflow/.local/lib/python3.12/site-packages/airflow/example_dags/example_display_name.py
[2024-10-05T02:46:38.526+0000] {processor.py:914} INFO - Processing file /home/airflow/.local/lib/python3.12/site-packages/airflow/example_dags/example_display_name.py for tasks to queue
[2024-10-05T02:46:38.527+0000] {logging_mixin.py:190} INFO - [2024-10-05T02:46:38.527+0000] {dagbag.py:588} INFO - Filling up the DagBag from /home/airflow/.local/lib/python3.12/site-packages/airflow/example_dags/example_display_name.py
[2024-10-05T02:46:38.531+0000] {processor.py:925} INFO - DAG(s) 'example_display_name' retrieved from /home/airflow/.local/lib/python3.12/site-packages/airflow/example_dags/example_display_name.py
[2024-10-05T02:46:38.542+0000] {logging_mixin.py:190} INFO - [2024-10-05T02:46:38.542+0000] {dag.py:3239} INFO - Sync 1 DAGs
[2024-10-05T02:46:38.550+0000] {logging_mixin.py:190} INFO - [2024-10-05T02:46:38.550+0000] {dag.py:4180} INFO - Setting next_dagrun for example_display_name to None, run_after=None
[2024-10-05T02:46:38.560+0000] {processor.py:208} INFO - Processing /home/airflow/.local/lib/python3.12/site-packages/airflow/example_dags/example_display_name.py took 0.039 seconds
[2024-10-05T02:47:08.687+0000] {processor.py:186} INFO - Started process (PID=357) to work on /home/airflow/.local/lib/python3.12/site-packages/airflow/example_dags/example_display_name.py
[2024-10-05T02:47:08.688+0000] {processor.py:914} INFO - Processing file /home/airflow/.local/lib/python3.12/site-packages/airflow/example_dags/example_display_name.py for tasks to queue
[2024-10-05T02:47:08.689+0000] {logging_mixin.py:190} INFO - [2024-10-05T02:47:08.689+0000] {dagbag.py:588} INFO - Filling up the DagBag from /home/airflow/.local/lib/python3.12/site-packages/airflow/example_dags/example_display_name.py
[2024-10-05T02:47:08.693+0000] {processor.py:925} INFO - DAG(s) 'example_display_name' retrieved from /home/airflow/.local/lib/python3.12/site-packages/airflow/example_dags/example_display_name.py
[2024-10-05T02:47:08.703+0000] {logging_mixin.py:190} INFO - [2024-10-05T02:47:08.703+0000] {dag.py:3239} INFO - Sync 1 DAGs
[2024-10-05T02:47:08.711+0000] {logging_mixin.py:190} INFO - [2024-10-05T02:47:08.711+0000] {dag.py:4180} INFO - Setting next_dagrun for example_display_name to None, run_after=None
[2024-10-05T02:47:08.720+0000] {processor.py:208} INFO - Processing /home/airflow/.local/lib/python3.12/site-packages/airflow/example_dags/example_display_name.py took 0.037 seconds
[2024-10-05T02:47:39.317+0000] {processor.py:186} INFO - Started process (PID=419) to work on /home/airflow/.local/lib/python3.12/site-packages/airflow/example_dags/example_display_name.py
[2024-10-05T02:47:39.318+0000] {processor.py:914} INFO - Processing file /home/airflow/.local/lib/python3.12/site-packages/airflow/example_dags/example_display_name.py for tasks to queue
[2024-10-05T02:47:39.320+0000] {logging_mixin.py:190} INFO - [2024-10-05T02:47:39.319+0000] {dagbag.py:588} INFO - Filling up the DagBag from /home/airflow/.local/lib/python3.12/site-packages/airflow/example_dags/example_display_name.py
[2024-10-05T02:47:39.324+0000] {processor.py:925} INFO - DAG(s) 'example_display_name' retrieved from /home/airflow/.local/lib/python3.12/site-packages/airflow/example_dags/example_display_name.py
[2024-10-05T02:47:39.335+0000] {logging_mixin.py:190} INFO - [2024-10-05T02:47:39.335+0000] {dag.py:3239} INFO - Sync 1 DAGs
[2024-10-05T02:47:39.343+0000] {logging_mixin.py:190} INFO - [2024-10-05T02:47:39.343+0000] {dag.py:4180} INFO - Setting next_dagrun for example_display_name to None, run_after=None
[2024-10-05T02:47:39.354+0000] {processor.py:208} INFO - Processing /home/airflow/.local/lib/python3.12/site-packages/airflow/example_dags/example_display_name.py took 0.041 seconds
[2024-10-05T02:48:09.615+0000] {processor.py:186} INFO - Started process (PID=481) to work on /home/airflow/.local/lib/python3.12/site-packages/airflow/example_dags/example_display_name.py
[2024-10-05T02:48:09.616+0000] {processor.py:914} INFO - Processing file /home/airflow/.local/lib/python3.12/site-packages/airflow/example_dags/example_display_name.py for tasks to queue
[2024-10-05T02:48:09.617+0000] {logging_mixin.py:190} INFO - [2024-10-05T02:48:09.617+0000] {dagbag.py:588} INFO - Filling up the DagBag from /home/airflow/.local/lib/python3.12/site-packages/airflow/example_dags/example_display_name.py
[2024-10-05T02:48:09.622+0000] {processor.py:925} INFO - DAG(s) 'example_display_name' retrieved from /home/airflow/.local/lib/python3.12/site-packages/airflow/example_dags/example_display_name.py
[2024-10-05T02:48:09.634+0000] {logging_mixin.py:190} INFO - [2024-10-05T02:48:09.634+0000] {dag.py:3239} INFO - Sync 1 DAGs
[2024-10-05T02:48:09.642+0000] {logging_mixin.py:190} INFO - [2024-10-05T02:48:09.642+0000] {dag.py:4180} INFO - Setting next_dagrun for example_display_name to None, run_after=None
[2024-10-05T02:48:09.654+0000] {processor.py:208} INFO - Processing /home/airflow/.local/lib/python3.12/site-packages/airflow/example_dags/example_display_name.py took 0.042 seconds
[2024-10-05T02:48:40.700+0000] {processor.py:186} INFO - Started process (PID=543) to work on /home/airflow/.local/lib/python3.12/site-packages/airflow/example_dags/example_display_name.py
[2024-10-05T02:48:40.701+0000] {processor.py:914} INFO - Processing file /home/airflow/.local/lib/python3.12/site-packages/airflow/example_dags/example_display_name.py for tasks to queue
[2024-10-05T02:48:40.702+0000] {logging_mixin.py:190} INFO - [2024-10-05T02:48:40.702+0000] {dagbag.py:588} INFO - Filling up the DagBag from /home/airflow/.local/lib/python3.12/site-packages/airflow/example_dags/example_display_name.py
[2024-10-05T02:48:40.706+0000] {processor.py:925} INFO - DAG(s) 'example_display_name' retrieved from /home/airflow/.local/lib/python3.12/site-packages/airflow/example_dags/example_display_name.py
[2024-10-05T02:48:40.436+0000] {logging_mixin.py:190} INFO - [2024-10-05T02:48:40.436+0000] {dag.py:3239} INFO - Sync 1 DAGs
[2024-10-05T02:48:40.445+0000] {logging_mixin.py:190} INFO - [2024-10-05T02:48:40.444+0000] {dag.py:4180} INFO - Setting next_dagrun for example_display_name to None, run_after=None
[2024-10-05T02:48:40.455+0000] {processor.py:208} INFO - Processing /home/airflow/.local/lib/python3.12/site-packages/airflow/example_dags/example_display_name.py took 0.040 seconds
[2024-10-05T02:49:11.659+0000] {processor.py:186} INFO - Started process (PID=605) to work on /home/airflow/.local/lib/python3.12/site-packages/airflow/example_dags/example_display_name.py
[2024-10-05T02:49:11.659+0000] {processor.py:914} INFO - Processing file /home/airflow/.local/lib/python3.12/site-packages/airflow/example_dags/example_display_name.py for tasks to queue
[2024-10-05T02:49:11.661+0000] {logging_mixin.py:190} INFO - [2024-10-05T02:49:11.660+0000] {dagbag.py:588} INFO - Filling up the DagBag from /home/airflow/.local/lib/python3.12/site-packages/airflow/example_dags/example_display_name.py
[2024-10-05T02:49:11.665+0000] {processor.py:925} INFO - DAG(s) 'example_display_name' retrieved from /home/airflow/.local/lib/python3.12/site-packages/airflow/example_dags/example_display_name.py
[2024-10-05T02:49:11.675+0000] {logging_mixin.py:190} INFO - [2024-10-05T02:49:11.675+0000] {dag.py:3239} INFO - Sync 1 DAGs
[2024-10-05T02:49:11.683+0000] {logging_mixin.py:190} INFO - [2024-10-05T02:49:11.683+0000] {dag.py:4180} INFO - Setting next_dagrun for example_display_name to None, run_after=None
[2024-10-05T02:49:11.693+0000] {processor.py:208} INFO - Processing /home/airflow/.local/lib/python3.12/site-packages/airflow/example_dags/example_display_name.py took 0.037 seconds
[2024-10-05T02:49:42.153+0000] {processor.py:186} INFO - Started process (PID=673) to work on /home/airflow/.local/lib/python3.12/site-packages/airflow/example_dags/example_display_name.py
[2024-10-05T02:49:42.154+0000] {processor.py:914} INFO - Processing file /home/airflow/.local/lib/python3.12/site-packages/airflow/example_dags/example_display_name.py for tasks to queue
[2024-10-05T02:49:42.155+0000] {logging_mixin.py:190} INFO - [2024-10-05T02:49:42.155+0000] {dagbag.py:588} INFO - Filling up the DagBag from /home/airflow/.local/lib/python3.12/site-packages/airflow/example_dags/example_display_name.py
[2024-10-05T02:49:42.159+0000] {processor.py:925} INFO - DAG(s) 'example_display_name' retrieved from /home/airflow/.local/lib/python3.12/site-packages/airflow/example_dags/example_display_name.py
[2024-10-05T02:49:42.169+0000] {logging_mixin.py:190} INFO - [2024-10-05T02:49:42.169+0000] {dag.py:3239} INFO - Sync 1 DAGs
[2024-10-05T02:49:42.177+0000] {logging_mixin.py:190} INFO - [2024-10-05T02:49:42.177+0000] {dag.py:4180} INFO - Setting next_dagrun for example_display_name to None, run_after=None
[2024-10-05T02:49:42.186+0000] {processor.py:208} INFO - Processing /home/airflow/.local/lib/python3.12/site-packages/airflow/example_dags/example_display_name.py took 0.037 seconds
[2024-10-05T02:50:12.760+0000] {processor.py:186} INFO - Started process (PID=756) to work on /home/airflow/.local/lib/python3.12/site-packages/airflow/example_dags/example_display_name.py
[2024-10-05T02:50:12.761+0000] {processor.py:914} INFO - Processing file /home/airflow/.local/lib/python3.12/site-packages/airflow/example_dags/example_display_name.py for tasks to queue
[2024-10-05T02:50:12.762+0000] {logging_mixin.py:190} INFO - [2024-10-05T02:50:12.762+0000] {dagbag.py:588} INFO - Filling up the DagBag from /home/airflow/.local/lib/python3.12/site-packages/airflow/example_dags/example_display_name.py
[2024-10-05T02:50:12.766+0000] {processor.py:925} INFO - DAG(s) 'example_display_name' retrieved from /home/airflow/.local/lib/python3.12/site-packages/airflow/example_dags/example_display_name.py
[2024-10-05T02:50:12.776+0000] {logging_mixin.py:190} INFO - [2024-10-05T02:50:12.776+0000] {dag.py:3239} INFO - Sync 1 DAGs
[2024-10-05T02:50:12.784+0000] {logging_mixin.py:190} INFO - [2024-10-05T02:50:12.784+0000] {dag.py:4180} INFO - Setting next_dagrun for example_display_name to None, run_after=None
[2024-10-05T02:50:12.794+0000] {processor.py:208} INFO - Processing /home/airflow/.local/lib/python3.12/site-packages/airflow/example_dags/example_display_name.py took 0.037 seconds
[2024-10-05T02:50:43.290+0000] {processor.py:186} INFO - Started process (PID=818) to work on /home/airflow/.local/lib/python3.12/site-packages/airflow/example_dags/example_display_name.py
[2024-10-05T02:50:43.291+0000] {processor.py:914} INFO - Processing file /home/airflow/.local/lib/python3.12/site-packages/airflow/example_dags/example_display_name.py for tasks to queue
[2024-10-05T02:50:43.292+0000] {logging_mixin.py:190} INFO - [2024-10-05T02:50:43.292+0000] {dagbag.py:588} INFO - Filling up the DagBag from /home/airflow/.local/lib/python3.12/site-packages/airflow/example_dags/example_display_name.py
[2024-10-05T02:50:43.296+0000] {processor.py:925} INFO - DAG(s) 'example_display_name' retrieved from /home/airflow/.local/lib/python3.12/site-packages/airflow/example_dags/example_display_name.py
[2024-10-05T02:50:43.306+0000] {logging_mixin.py:190} INFO - [2024-10-05T02:50:43.306+0000] {dag.py:3239} INFO - Sync 1 DAGs
[2024-10-05T02:50:43.314+0000] {logging_mixin.py:190} INFO - [2024-10-05T02:50:43.314+0000] {dag.py:4180} INFO - Setting next_dagrun for example_display_name to None, run_after=None
[2024-10-05T02:50:43.324+0000] {processor.py:208} INFO - Processing /home/airflow/.local/lib/python3.12/site-packages/airflow/example_dags/example_display_name.py took 0.037 seconds
[2024-10-05T02:51:13.752+0000] {processor.py:186} INFO - Started process (PID=880) to work on /home/airflow/.local/lib/python3.12/site-packages/airflow/example_dags/example_display_name.py
[2024-10-05T02:51:13.752+0000] {processor.py:914} INFO - Processing file /home/airflow/.local/lib/python3.12/site-packages/airflow/example_dags/example_display_name.py for tasks to queue
[2024-10-05T02:51:13.753+0000] {logging_mixin.py:190} INFO - [2024-10-05T02:51:13.753+0000] {dagbag.py:588} INFO - Filling up the DagBag from /home/airflow/.local/lib/python3.12/site-packages/airflow/example_dags/example_display_name.py
[2024-10-05T02:51:13.757+0000] {processor.py:925} INFO - DAG(s) 'example_display_name' retrieved from /home/airflow/.local/lib/python3.12/site-packages/airflow/example_dags/example_display_name.py
[2024-10-05T02:51:13.767+0000] {logging_mixin.py:190} INFO - [2024-10-05T02:51:13.767+0000] {dag.py:3239} INFO - Sync 1 DAGs
[2024-10-05T02:51:13.775+0000] {logging_mixin.py:190} INFO - [2024-10-05T02:51:13.775+0000] {dag.py:4180} INFO - Setting next_dagrun for example_display_name to None, run_after=None
[2024-10-05T02:51:13.785+0000] {processor.py:208} INFO - Processing /home/airflow/.local/lib/python3.12/site-packages/airflow/example_dags/example_display_name.py took 0.036 seconds
[2024-10-05T02:51:44.187+0000] {processor.py:186} INFO - Started process (PID=942) to work on /home/airflow/.local/lib/python3.12/site-packages/airflow/example_dags/example_display_name.py
[2024-10-05T02:51:44.187+0000] {processor.py:914} INFO - Processing file /home/airflow/.local/lib/python3.12/site-packages/airflow/example_dags/example_display_name.py for tasks to queue
[2024-10-05T02:51:44.188+0000] {logging_mixin.py:190} INFO - [2024-10-05T02:51:44.188+0000] {dagbag.py:588} INFO - Filling up the DagBag from /home/airflow/.local/lib/python3.12/site-packages/airflow/example_dags/example_display_name.py
[2024-10-05T02:51:44.193+0000] {processor.py:925} INFO - DAG(s) 'example_display_name' retrieved from /home/airflow/.local/lib/python3.12/site-packages/airflow/example_dags/example_display_name.py
[2024-10-05T02:51:44.202+0000] {logging_mixin.py:190} INFO - [2024-10-05T02:51:44.202+0000] {dag.py:3239} INFO - Sync 1 DAGs
[2024-10-05T02:51:44.210+0000] {logging_mixin.py:190} INFO - [2024-10-05T02:51:44.210+0000] {dag.py:4180} INFO - Setting next_dagrun for example_display_name to None, run_after=None
[2024-10-05T02:51:44.219+0000] {processor.py:208} INFO - Processing /home/airflow/.local/lib/python3.12/site-packages/airflow/example_dags/example_display_name.py took 0.036 seconds
[2024-10-05T02:52:14.821+0000] {processor.py:186} INFO - Started process (PID=1004) to work on /home/airflow/.local/lib/python3.12/site-packages/airflow/example_dags/example_display_name.py
[2024-10-05T02:52:14.822+0000] {processor.py:914} INFO - Processing file /home/airflow/.local/lib/python3.12/site-packages/airflow/example_dags/example_display_name.py for tasks to queue
[2024-10-05T02:52:14.823+0000] {logging_mixin.py:190} INFO - [2024-10-05T02:52:14.823+0000] {dagbag.py:588} INFO - Filling up the DagBag from /home/airflow/.local/lib/python3.12/site-packages/airflow/example_dags/example_display_name.py
[2024-10-05T02:52:14.827+0000] {processor.py:925} INFO - DAG(s) 'example_display_name' retrieved from /home/airflow/.local/lib/python3.12/site-packages/airflow/example_dags/example_display_name.py
[2024-10-05T02:52:14.836+0000] {logging_mixin.py:190} INFO - [2024-10-05T02:52:14.836+0000] {dag.py:3239} INFO - Sync 1 DAGs
[2024-10-05T02:52:14.844+0000] {logging_mixin.py:190} INFO - [2024-10-05T02:52:14.844+0000] {dag.py:4180} INFO - Setting next_dagrun for example_display_name to None, run_after=None
[2024-10-05T02:52:14.854+0000] {processor.py:208} INFO - Processing /home/airflow/.local/lib/python3.12/site-packages/airflow/example_dags/example_display_name.py took 0.036 seconds
[2024-10-05T02:52:45.643+0000] {processor.py:186} INFO - Started process (PID=1066) to work on /home/airflow/.local/lib/python3.12/site-packages/airflow/example_dags/example_display_name.py
[2024-10-05T02:52:45.643+0000] {processor.py:914} INFO - Processing file /home/airflow/.local/lib/python3.12/site-packages/airflow/example_dags/example_display_name.py for tasks to queue
[2024-10-05T02:52:45.645+0000] {logging_mixin.py:190} INFO - [2024-10-05T02:52:45.644+0000] {dagbag.py:588} INFO - Filling up the DagBag from /home/airflow/.local/lib/python3.12/site-packages/airflow/example_dags/example_display_name.py
[2024-10-05T02:52:45.649+0000] {processor.py:925} INFO - DAG(s) 'example_display_name' retrieved from /home/airflow/.local/lib/python3.12/site-packages/airflow/example_dags/example_display_name.py
[2024-10-05T02:52:45.658+0000] {logging_mixin.py:190} INFO - [2024-10-05T02:52:45.658+0000] {dag.py:3239} INFO - Sync 1 DAGs
[2024-10-05T02:52:45.666+0000] {logging_mixin.py:190} INFO - [2024-10-05T02:52:45.666+0000] {dag.py:4180} INFO - Setting next_dagrun for example_display_name to None, run_after=None
[2024-10-05T02:52:45.676+0000] {processor.py:208} INFO - Processing /home/airflow/.local/lib/python3.12/site-packages/airflow/example_dags/example_display_name.py took 0.036 seconds
[2024-10-05T02:53:16.516+0000] {processor.py:186} INFO - Started process (PID=1128) to work on /home/airflow/.local/lib/python3.12/site-packages/airflow/example_dags/example_display_name.py
[2024-10-05T02:53:16.516+0000] {processor.py:914} INFO - Processing file /home/airflow/.local/lib/python3.12/site-packages/airflow/example_dags/example_display_name.py for tasks to queue
[2024-10-05T02:53:16.518+0000] {logging_mixin.py:190} INFO - [2024-10-05T02:53:16.517+0000] {dagbag.py:588} INFO - Filling up the DagBag from /home/airflow/.local/lib/python3.12/site-packages/airflow/example_dags/example_display_name.py
[2024-10-05T02:53:16.522+0000] {processor.py:925} INFO - DAG(s) 'example_display_name' retrieved from /home/airflow/.local/lib/python3.12/site-packages/airflow/example_dags/example_display_name.py
[2024-10-05T02:53:16.532+0000] {logging_mixin.py:190} INFO - [2024-10-05T02:53:16.532+0000] {dag.py:3239} INFO - Sync 1 DAGs
[2024-10-05T02:53:16.539+0000] {logging_mixin.py:190} INFO - [2024-10-05T02:53:16.539+0000] {dag.py:4180} INFO - Setting next_dagrun for example_display_name to None, run_after=None
[2024-10-05T02:53:16.548+0000] {processor.py:208} INFO - Processing /home/airflow/.local/lib/python3.12/site-packages/airflow/example_dags/example_display_name.py took 0.036 seconds
[2024-10-05T02:53:47.249+0000] {processor.py:186} INFO - Started process (PID=1190) to work on /home/airflow/.local/lib/python3.12/site-packages/airflow/example_dags/example_display_name.py
[2024-10-05T02:53:47.249+0000] {processor.py:914} INFO - Processing file /home/airflow/.local/lib/python3.12/site-packages/airflow/example_dags/example_display_name.py for tasks to queue
[2024-10-05T02:53:47.251+0000] {logging_mixin.py:190} INFO - [2024-10-05T02:53:47.251+0000] {dagbag.py:588} INFO - Filling up the DagBag from /home/airflow/.local/lib/python3.12/site-packages/airflow/example_dags/example_display_name.py
[2024-10-05T02:53:47.255+0000] {processor.py:925} INFO - DAG(s) 'example_display_name' retrieved from /home/airflow/.local/lib/python3.12/site-packages/airflow/example_dags/example_display_name.py
[2024-10-05T02:53:47.265+0000] {logging_mixin.py:190} INFO - [2024-10-05T02:53:47.265+0000] {dag.py:3239} INFO - Sync 1 DAGs
[2024-10-05T02:53:47.272+0000] {logging_mixin.py:190} INFO - [2024-10-05T02:53:47.272+0000] {dag.py:4180} INFO - Setting next_dagrun for example_display_name to None, run_after=None
[2024-10-05T02:53:47.282+0000] {processor.py:208} INFO - Processing /home/airflow/.local/lib/python3.12/site-packages/airflow/example_dags/example_display_name.py took 0.036 seconds
[2024-10-05T02:54:18.311+0000] {processor.py:186} INFO - Started process (PID=1253) to work on /home/airflow/.local/lib/python3.12/site-packages/airflow/example_dags/example_display_name.py
[2024-10-05T02:54:18.312+0000] {processor.py:914} INFO - Processing file /home/airflow/.local/lib/python3.12/site-packages/airflow/example_dags/example_display_name.py for tasks to queue
[2024-10-05T02:54:18.313+0000] {logging_mixin.py:190} INFO - [2024-10-05T02:54:18.313+0000] {dagbag.py:588} INFO - Filling up the DagBag from /home/airflow/.local/lib/python3.12/site-packages/airflow/example_dags/example_display_name.py
[2024-10-05T02:54:18.317+0000] {processor.py:925} INFO - DAG(s) 'example_display_name' retrieved from /home/airflow/.local/lib/python3.12/site-packages/airflow/example_dags/example_display_name.py
[2024-10-05T02:54:18.327+0000] {logging_mixin.py:190} INFO - [2024-10-05T02:54:18.327+0000] {dag.py:3239} INFO - Sync 1 DAGs
[2024-10-05T02:54:18.335+0000] {logging_mixin.py:190} INFO - [2024-10-05T02:54:18.335+0000] {dag.py:4180} INFO - Setting next_dagrun for example_display_name to None, run_after=None
[2024-10-05T02:54:18.344+0000] {processor.py:208} INFO - Processing /home/airflow/.local/lib/python3.12/site-packages/airflow/example_dags/example_display_name.py took 0.036 seconds
[2024-10-05T02:54:48.585+0000] {processor.py:186} INFO - Started process (PID=1315) to work on /home/airflow/.local/lib/python3.12/site-packages/airflow/example_dags/example_display_name.py
[2024-10-05T02:54:48.586+0000] {processor.py:914} INFO - Processing file /home/airflow/.local/lib/python3.12/site-packages/airflow/example_dags/example_display_name.py for tasks to queue
[2024-10-05T02:54:48.587+0000] {logging_mixin.py:190} INFO - [2024-10-05T02:54:48.587+0000] {dagbag.py:588} INFO - Filling up the DagBag from /home/airflow/.local/lib/python3.12/site-packages/airflow/example_dags/example_display_name.py
[2024-10-05T02:54:48.591+0000] {processor.py:925} INFO - DAG(s) 'example_display_name' retrieved from /home/airflow/.local/lib/python3.12/site-packages/airflow/example_dags/example_display_name.py
[2024-10-05T02:54:48.600+0000] {logging_mixin.py:190} INFO - [2024-10-05T02:54:48.600+0000] {dag.py:3239} INFO - Sync 1 DAGs
[2024-10-05T02:54:48.608+0000] {logging_mixin.py:190} INFO - [2024-10-05T02:54:48.608+0000] {dag.py:4180} INFO - Setting next_dagrun for example_display_name to None, run_after=None
[2024-10-05T02:54:48.618+0000] {processor.py:208} INFO - Processing /home/airflow/.local/lib/python3.12/site-packages/airflow/example_dags/example_display_name.py took 0.036 seconds
[2024-10-05T02:55:19.111+0000] {processor.py:186} INFO - Started process (PID=1383) to work on /home/airflow/.local/lib/python3.12/site-packages/airflow/example_dags/example_display_name.py
[2024-10-05T02:55:19.112+0000] {processor.py:914} INFO - Processing file /home/airflow/.local/lib/python3.12/site-packages/airflow/example_dags/example_display_name.py for tasks to queue
[2024-10-05T02:55:19.113+0000] {logging_mixin.py:190} INFO - [2024-10-05T02:55:19.113+0000] {dagbag.py:588} INFO - Filling up the DagBag from /home/airflow/.local/lib/python3.12/site-packages/airflow/example_dags/example_display_name.py
[2024-10-05T02:55:19.117+0000] {processor.py:925} INFO - DAG(s) 'example_display_name' retrieved from /home/airflow/.local/lib/python3.12/site-packages/airflow/example_dags/example_display_name.py
[2024-10-05T02:55:19.127+0000] {logging_mixin.py:190} INFO - [2024-10-05T02:55:19.127+0000] {dag.py:3239} INFO - Sync 1 DAGs
[2024-10-05T02:55:19.134+0000] {logging_mixin.py:190} INFO - [2024-10-05T02:55:19.134+0000] {dag.py:4180} INFO - Setting next_dagrun for example_display_name to None, run_after=None
[2024-10-05T02:55:19.144+0000] {processor.py:208} INFO - Processing /home/airflow/.local/lib/python3.12/site-packages/airflow/example_dags/example_display_name.py took 0.036 seconds
[2024-10-05T02:55:50.149+0000] {processor.py:186} INFO - Started process (PID=1445) to work on /home/airflow/.local/lib/python3.12/site-packages/airflow/example_dags/example_display_name.py
[2024-10-05T02:55:50.149+0000] {processor.py:914} INFO - Processing file /home/airflow/.local/lib/python3.12/site-packages/airflow/example_dags/example_display_name.py for tasks to queue
[2024-10-05T02:55:50.150+0000] {logging_mixin.py:190} INFO - [2024-10-05T02:55:50.150+0000] {dagbag.py:588} INFO - Filling up the DagBag from /home/airflow/.local/lib/python3.12/site-packages/airflow/example_dags/example_display_name.py
[2024-10-05T02:55:50.155+0000] {processor.py:925} INFO - DAG(s) 'example_display_name' retrieved from /home/airflow/.local/lib/python3.12/site-packages/airflow/example_dags/example_display_name.py
[2024-10-05T02:55:50.164+0000] {logging_mixin.py:190} INFO - [2024-10-05T02:55:50.164+0000] {dag.py:3239} INFO - Sync 1 DAGs
[2024-10-05T02:55:50.172+0000] {logging_mixin.py:190} INFO - [2024-10-05T02:55:50.172+0000] {dag.py:4180} INFO - Setting next_dagrun for example_display_name to None, run_after=None
[2024-10-05T02:55:50.181+0000] {processor.py:208} INFO - Processing /home/airflow/.local/lib/python3.12/site-packages/airflow/example_dags/example_display_name.py took 0.035 seconds
[2024-10-05T02:56:20.411+0000] {processor.py:186} INFO - Started process (PID=1507) to work on /home/airflow/.local/lib/python3.12/site-packages/airflow/example_dags/example_display_name.py
[2024-10-05T02:56:20.412+0000] {processor.py:914} INFO - Processing file /home/airflow/.local/lib/python3.12/site-packages/airflow/example_dags/example_display_name.py for tasks to queue
[2024-10-05T02:56:20.413+0000] {logging_mixin.py:190} INFO - [2024-10-05T02:56:20.413+0000] {dagbag.py:588} INFO - Filling up the DagBag from /home/airflow/.local/lib/python3.12/site-packages/airflow/example_dags/example_display_name.py
[2024-10-05T02:56:20.417+0000] {processor.py:925} INFO - DAG(s) 'example_display_name' retrieved from /home/airflow/.local/lib/python3.12/site-packages/airflow/example_dags/example_display_name.py
[2024-10-05T02:56:20.427+0000] {logging_mixin.py:190} INFO - [2024-10-05T02:56:20.427+0000] {dag.py:3239} INFO - Sync 1 DAGs
[2024-10-05T02:56:20.435+0000] {logging_mixin.py:190} INFO - [2024-10-05T02:56:20.435+0000] {dag.py:4180} INFO - Setting next_dagrun for example_display_name to None, run_after=None
[2024-10-05T02:56:20.444+0000] {processor.py:208} INFO - Processing /home/airflow/.local/lib/python3.12/site-packages/airflow/example_dags/example_display_name.py took 0.036 seconds
[2024-10-05T02:56:50.832+0000] {processor.py:186} INFO - Started process (PID=1569) to work on /home/airflow/.local/lib/python3.12/site-packages/airflow/example_dags/example_display_name.py
[2024-10-05T02:56:50.833+0000] {processor.py:914} INFO - Processing file /home/airflow/.local/lib/python3.12/site-packages/airflow/example_dags/example_display_name.py for tasks to queue
[2024-10-05T02:56:50.834+0000] {logging_mixin.py:190} INFO - [2024-10-05T02:56:50.834+0000] {dagbag.py:588} INFO - Filling up the DagBag from /home/airflow/.local/lib/python3.12/site-packages/airflow/example_dags/example_display_name.py
[2024-10-05T02:56:50.839+0000] {processor.py:925} INFO - DAG(s) 'example_display_name' retrieved from /home/airflow/.local/lib/python3.12/site-packages/airflow/example_dags/example_display_name.py
[2024-10-05T02:56:50.851+0000] {logging_mixin.py:190} INFO - [2024-10-05T02:56:50.850+0000] {dag.py:3239} INFO - Sync 1 DAGs
[2024-10-05T02:56:50.860+0000] {logging_mixin.py:190} INFO - [2024-10-05T02:56:50.860+0000] {dag.py:4180} INFO - Setting next_dagrun for example_display_name to None, run_after=None
[2024-10-05T02:56:50.871+0000] {processor.py:208} INFO - Processing /home/airflow/.local/lib/python3.12/site-packages/airflow/example_dags/example_display_name.py took 0.043 seconds
