[2024-10-05T02:15:06.540+0000] {processor.py:186} INFO - Started process (PID=104) to work on /home/airflow/.local/lib/python3.12/site-packages/airflow/example_dags/example_subdag_operator.py
[2024-10-05T02:15:06.541+0000] {processor.py:914} INFO - Processing file /home/airflow/.local/lib/python3.12/site-packages/airflow/example_dags/example_subdag_operator.py for tasks to queue
[2024-10-05T02:15:06.542+0000] {logging_mixin.py:190} INFO - [2024-10-05T02:15:06.542+0000] {dagbag.py:588} INFO - Filling up the DagBag from /home/airflow/.local/lib/python3.12/site-packages/airflow/example_dags/example_subdag_operator.py
[2024-10-05T02:15:06.559+0000] {processor.py:925} INFO - DAG(s) 'example_subdag_operator.section-1', 'example_subdag_operator.section-2', 'example_subdag_operator' retrieved from /home/airflow/.local/lib/python3.12/site-packages/airflow/example_dags/example_subdag_operator.py
[2024-10-05T02:15:06.569+0000] {logging_mixin.py:190} INFO - [2024-10-05T02:15:06.569+0000] {dag.py:3239} INFO - Sync 3 DAGs
[2024-10-05T02:15:06.585+0000] {logging_mixin.py:190} INFO - [2024-10-05T02:15:06.585+0000] {dag.py:4180} INFO - Setting next_dagrun for example_subdag_operator to 2022-01-01 00:00:00+00:00, run_after=2022-01-01 00:00:00+00:00
[2024-10-05T02:15:06.588+0000] {logging_mixin.py:190} INFO - [2024-10-05T02:15:06.587+0000] {dag.py:4180} INFO - Setting next_dagrun for example_subdag_operator.section-1 to None, run_after=None
[2024-10-05T02:15:06.588+0000] {logging_mixin.py:190} INFO - [2024-10-05T02:15:06.588+0000] {dag.py:4180} INFO - Setting next_dagrun for example_subdag_operator.section-2 to None, run_after=None
[2024-10-05T02:15:06.593+0000] {logging_mixin.py:190} INFO - [2024-10-05T02:15:06.592+0000] {dag.py:3239} INFO - Sync 2 DAGs
[2024-10-05T02:15:06.596+0000] {logging_mixin.py:190} INFO - [2024-10-05T02:15:06.596+0000] {dag.py:4180} INFO - Setting next_dagrun for example_subdag_operator.section-1 to None, run_after=None
[2024-10-05T02:15:06.596+0000] {logging_mixin.py:190} INFO - [2024-10-05T02:15:06.596+0000] {dag.py:4180} INFO - Setting next_dagrun for example_subdag_operator.section-2 to None, run_after=None
[2024-10-05T02:15:06.602+0000] {processor.py:208} INFO - Processing /home/airflow/.local/lib/python3.12/site-packages/airflow/example_dags/example_subdag_operator.py took 0.066 seconds
[2024-10-05T02:15:36.942+0000] {processor.py:186} INFO - Started process (PID=172) to work on /home/airflow/.local/lib/python3.12/site-packages/airflow/example_dags/example_subdag_operator.py
[2024-10-05T02:15:36.942+0000] {processor.py:914} INFO - Processing file /home/airflow/.local/lib/python3.12/site-packages/airflow/example_dags/example_subdag_operator.py for tasks to queue
[2024-10-05T02:15:36.944+0000] {logging_mixin.py:190} INFO - [2024-10-05T02:15:36.943+0000] {dagbag.py:588} INFO - Filling up the DagBag from /home/airflow/.local/lib/python3.12/site-packages/airflow/example_dags/example_subdag_operator.py
[2024-10-05T02:15:36.958+0000] {processor.py:925} INFO - DAG(s) 'example_subdag_operator.section-1', 'example_subdag_operator.section-2', 'example_subdag_operator' retrieved from /home/airflow/.local/lib/python3.12/site-packages/airflow/example_dags/example_subdag_operator.py
[2024-10-05T02:15:36.968+0000] {logging_mixin.py:190} INFO - [2024-10-05T02:15:36.968+0000] {dag.py:3239} INFO - Sync 3 DAGs
[2024-10-05T02:15:36.983+0000] {logging_mixin.py:190} INFO - [2024-10-05T02:15:36.983+0000] {dag.py:4180} INFO - Setting next_dagrun for example_subdag_operator to 2022-01-01 00:00:00+00:00, run_after=2022-01-01 00:00:00+00:00
[2024-10-05T02:15:36.986+0000] {logging_mixin.py:190} INFO - [2024-10-05T02:15:36.985+0000] {dag.py:4180} INFO - Setting next_dagrun for example_subdag_operator.section-1 to None, run_after=None
[2024-10-05T02:15:36.986+0000] {logging_mixin.py:190} INFO - [2024-10-05T02:15:36.986+0000] {dag.py:4180} INFO - Setting next_dagrun for example_subdag_operator.section-2 to None, run_after=None
[2024-10-05T02:15:36.991+0000] {logging_mixin.py:190} INFO - [2024-10-05T02:15:36.990+0000] {dag.py:3239} INFO - Sync 2 DAGs
[2024-10-05T02:15:36.994+0000] {logging_mixin.py:190} INFO - [2024-10-05T02:15:36.994+0000] {dag.py:4180} INFO - Setting next_dagrun for example_subdag_operator.section-1 to None, run_after=None
[2024-10-05T02:15:36.994+0000] {logging_mixin.py:190} INFO - [2024-10-05T02:15:36.994+0000] {dag.py:4180} INFO - Setting next_dagrun for example_subdag_operator.section-2 to None, run_after=None
[2024-10-05T02:15:37.001+0000] {processor.py:208} INFO - Processing /home/airflow/.local/lib/python3.12/site-packages/airflow/example_dags/example_subdag_operator.py took 0.063 seconds
[2024-10-05T02:16:07.791+0000] {processor.py:186} INFO - Started process (PID=234) to work on /home/airflow/.local/lib/python3.12/site-packages/airflow/example_dags/example_subdag_operator.py
[2024-10-05T02:16:07.791+0000] {processor.py:914} INFO - Processing file /home/airflow/.local/lib/python3.12/site-packages/airflow/example_dags/example_subdag_operator.py for tasks to queue
[2024-10-05T02:16:07.792+0000] {logging_mixin.py:190} INFO - [2024-10-05T02:16:07.792+0000] {dagbag.py:588} INFO - Filling up the DagBag from /home/airflow/.local/lib/python3.12/site-packages/airflow/example_dags/example_subdag_operator.py
[2024-10-05T02:16:07.807+0000] {processor.py:925} INFO - DAG(s) 'example_subdag_operator.section-1', 'example_subdag_operator.section-2', 'example_subdag_operator' retrieved from /home/airflow/.local/lib/python3.12/site-packages/airflow/example_dags/example_subdag_operator.py
[2024-10-05T02:16:07.816+0000] {logging_mixin.py:190} INFO - [2024-10-05T02:16:07.816+0000] {dag.py:3239} INFO - Sync 3 DAGs
[2024-10-05T02:16:07.829+0000] {logging_mixin.py:190} INFO - [2024-10-05T02:16:07.829+0000] {dag.py:4180} INFO - Setting next_dagrun for example_subdag_operator to 2022-01-01 00:00:00+00:00, run_after=2022-01-01 00:00:00+00:00
[2024-10-05T02:16:07.831+0000] {logging_mixin.py:190} INFO - [2024-10-05T02:16:07.831+0000] {dag.py:4180} INFO - Setting next_dagrun for example_subdag_operator.section-1 to None, run_after=None
[2024-10-05T02:16:07.832+0000] {logging_mixin.py:190} INFO - [2024-10-05T02:16:07.832+0000] {dag.py:4180} INFO - Setting next_dagrun for example_subdag_operator.section-2 to None, run_after=None
[2024-10-05T02:16:07.836+0000] {logging_mixin.py:190} INFO - [2024-10-05T02:16:07.836+0000] {dag.py:3239} INFO - Sync 2 DAGs
[2024-10-05T02:16:07.839+0000] {logging_mixin.py:190} INFO - [2024-10-05T02:16:07.839+0000] {dag.py:4180} INFO - Setting next_dagrun for example_subdag_operator.section-1 to None, run_after=None
[2024-10-05T02:16:07.839+0000] {logging_mixin.py:190} INFO - [2024-10-05T02:16:07.839+0000] {dag.py:4180} INFO - Setting next_dagrun for example_subdag_operator.section-2 to None, run_after=None
[2024-10-05T02:16:07.845+0000] {processor.py:208} INFO - Processing /home/airflow/.local/lib/python3.12/site-packages/airflow/example_dags/example_subdag_operator.py took 0.058 seconds
[2024-10-05T02:16:38.145+0000] {processor.py:186} INFO - Started process (PID=296) to work on /home/airflow/.local/lib/python3.12/site-packages/airflow/example_dags/example_subdag_operator.py
[2024-10-05T02:16:38.145+0000] {processor.py:914} INFO - Processing file /home/airflow/.local/lib/python3.12/site-packages/airflow/example_dags/example_subdag_operator.py for tasks to queue
[2024-10-05T02:16:38.147+0000] {logging_mixin.py:190} INFO - [2024-10-05T02:16:38.146+0000] {dagbag.py:588} INFO - Filling up the DagBag from /home/airflow/.local/lib/python3.12/site-packages/airflow/example_dags/example_subdag_operator.py
[2024-10-05T02:16:38.161+0000] {processor.py:925} INFO - DAG(s) 'example_subdag_operator.section-1', 'example_subdag_operator.section-2', 'example_subdag_operator' retrieved from /home/airflow/.local/lib/python3.12/site-packages/airflow/example_dags/example_subdag_operator.py
[2024-10-05T02:16:38.169+0000] {logging_mixin.py:190} INFO - [2024-10-05T02:16:38.169+0000] {dag.py:3239} INFO - Sync 3 DAGs
[2024-10-05T02:16:38.183+0000] {logging_mixin.py:190} INFO - [2024-10-05T02:16:38.183+0000] {dag.py:4180} INFO - Setting next_dagrun for example_subdag_operator to 2022-01-01 00:00:00+00:00, run_after=2022-01-01 00:00:00+00:00
[2024-10-05T02:16:38.185+0000] {logging_mixin.py:190} INFO - [2024-10-05T02:16:38.185+0000] {dag.py:4180} INFO - Setting next_dagrun for example_subdag_operator.section-1 to None, run_after=None
[2024-10-05T02:16:38.186+0000] {logging_mixin.py:190} INFO - [2024-10-05T02:16:38.185+0000] {dag.py:4180} INFO - Setting next_dagrun for example_subdag_operator.section-2 to None, run_after=None
[2024-10-05T02:16:38.190+0000] {logging_mixin.py:190} INFO - [2024-10-05T02:16:38.189+0000] {dag.py:3239} INFO - Sync 2 DAGs
[2024-10-05T02:16:38.192+0000] {logging_mixin.py:190} INFO - [2024-10-05T02:16:38.192+0000] {dag.py:4180} INFO - Setting next_dagrun for example_subdag_operator.section-1 to None, run_after=None
[2024-10-05T02:16:38.193+0000] {logging_mixin.py:190} INFO - [2024-10-05T02:16:38.193+0000] {dag.py:4180} INFO - Setting next_dagrun for example_subdag_operator.section-2 to None, run_after=None
[2024-10-05T02:16:38.198+0000] {processor.py:208} INFO - Processing /home/airflow/.local/lib/python3.12/site-packages/airflow/example_dags/example_subdag_operator.py took 0.057 seconds
[2024-10-05T02:17:09.258+0000] {processor.py:186} INFO - Started process (PID=358) to work on /home/airflow/.local/lib/python3.12/site-packages/airflow/example_dags/example_subdag_operator.py
[2024-10-05T02:17:09.258+0000] {processor.py:914} INFO - Processing file /home/airflow/.local/lib/python3.12/site-packages/airflow/example_dags/example_subdag_operator.py for tasks to queue
[2024-10-05T02:17:09.260+0000] {logging_mixin.py:190} INFO - [2024-10-05T02:17:09.259+0000] {dagbag.py:588} INFO - Filling up the DagBag from /home/airflow/.local/lib/python3.12/site-packages/airflow/example_dags/example_subdag_operator.py
[2024-10-05T02:17:09.274+0000] {processor.py:925} INFO - DAG(s) 'example_subdag_operator.section-1', 'example_subdag_operator.section-2', 'example_subdag_operator' retrieved from /home/airflow/.local/lib/python3.12/site-packages/airflow/example_dags/example_subdag_operator.py
[2024-10-05T02:17:09.282+0000] {logging_mixin.py:190} INFO - [2024-10-05T02:17:09.282+0000] {dag.py:3239} INFO - Sync 3 DAGs
[2024-10-05T02:17:09.295+0000] {logging_mixin.py:190} INFO - [2024-10-05T02:17:09.294+0000] {dag.py:4180} INFO - Setting next_dagrun for example_subdag_operator to 2022-01-01 00:00:00+00:00, run_after=2022-01-01 00:00:00+00:00
[2024-10-05T02:17:09.296+0000] {logging_mixin.py:190} INFO - [2024-10-05T02:17:09.296+0000] {dag.py:4180} INFO - Setting next_dagrun for example_subdag_operator.section-1 to None, run_after=None
[2024-10-05T02:17:09.297+0000] {logging_mixin.py:190} INFO - [2024-10-05T02:17:09.297+0000] {dag.py:4180} INFO - Setting next_dagrun for example_subdag_operator.section-2 to None, run_after=None
[2024-10-05T02:17:09.301+0000] {logging_mixin.py:190} INFO - [2024-10-05T02:17:09.301+0000] {dag.py:3239} INFO - Sync 2 DAGs
[2024-10-05T02:17:09.304+0000] {logging_mixin.py:190} INFO - [2024-10-05T02:17:09.304+0000] {dag.py:4180} INFO - Setting next_dagrun for example_subdag_operator.section-1 to None, run_after=None
[2024-10-05T02:17:09.304+0000] {logging_mixin.py:190} INFO - [2024-10-05T02:17:09.304+0000] {dag.py:4180} INFO - Setting next_dagrun for example_subdag_operator.section-2 to None, run_after=None
[2024-10-05T02:17:09.310+0000] {processor.py:208} INFO - Processing /home/airflow/.local/lib/python3.12/site-packages/airflow/example_dags/example_subdag_operator.py took 0.055 seconds
[2024-10-05T02:17:40.085+0000] {processor.py:186} INFO - Started process (PID=420) to work on /home/airflow/.local/lib/python3.12/site-packages/airflow/example_dags/example_subdag_operator.py
[2024-10-05T02:17:40.085+0000] {processor.py:914} INFO - Processing file /home/airflow/.local/lib/python3.12/site-packages/airflow/example_dags/example_subdag_operator.py for tasks to queue
[2024-10-05T02:17:40.087+0000] {logging_mixin.py:190} INFO - [2024-10-05T02:17:40.086+0000] {dagbag.py:588} INFO - Filling up the DagBag from /home/airflow/.local/lib/python3.12/site-packages/airflow/example_dags/example_subdag_operator.py
[2024-10-05T02:17:40.100+0000] {processor.py:925} INFO - DAG(s) 'example_subdag_operator.section-1', 'example_subdag_operator.section-2', 'example_subdag_operator' retrieved from /home/airflow/.local/lib/python3.12/site-packages/airflow/example_dags/example_subdag_operator.py
[2024-10-05T02:17:40.109+0000] {logging_mixin.py:190} INFO - [2024-10-05T02:17:40.109+0000] {dag.py:3239} INFO - Sync 3 DAGs
[2024-10-05T02:17:40.122+0000] {logging_mixin.py:190} INFO - [2024-10-05T02:17:40.122+0000] {dag.py:4180} INFO - Setting next_dagrun for example_subdag_operator to 2022-01-01 00:00:00+00:00, run_after=2022-01-01 00:00:00+00:00
[2024-10-05T02:17:40.124+0000] {logging_mixin.py:190} INFO - [2024-10-05T02:17:40.124+0000] {dag.py:4180} INFO - Setting next_dagrun for example_subdag_operator.section-1 to None, run_after=None
[2024-10-05T02:17:40.125+0000] {logging_mixin.py:190} INFO - [2024-10-05T02:17:40.124+0000] {dag.py:4180} INFO - Setting next_dagrun for example_subdag_operator.section-2 to None, run_after=None
[2024-10-05T02:17:40.128+0000] {logging_mixin.py:190} INFO - [2024-10-05T02:17:40.128+0000] {dag.py:3239} INFO - Sync 2 DAGs
[2024-10-05T02:17:40.132+0000] {logging_mixin.py:190} INFO - [2024-10-05T02:17:40.131+0000] {dag.py:4180} INFO - Setting next_dagrun for example_subdag_operator.section-1 to None, run_after=None
[2024-10-05T02:17:40.132+0000] {logging_mixin.py:190} INFO - [2024-10-05T02:17:40.132+0000] {dag.py:4180} INFO - Setting next_dagrun for example_subdag_operator.section-2 to None, run_after=None
[2024-10-05T02:17:40.137+0000] {processor.py:208} INFO - Processing /home/airflow/.local/lib/python3.12/site-packages/airflow/example_dags/example_subdag_operator.py took 0.056 seconds
[2024-10-05T02:18:10.516+0000] {processor.py:186} INFO - Started process (PID=482) to work on /home/airflow/.local/lib/python3.12/site-packages/airflow/example_dags/example_subdag_operator.py
[2024-10-05T02:18:10.516+0000] {processor.py:914} INFO - Processing file /home/airflow/.local/lib/python3.12/site-packages/airflow/example_dags/example_subdag_operator.py for tasks to queue
[2024-10-05T02:18:10.518+0000] {logging_mixin.py:190} INFO - [2024-10-05T02:18:10.517+0000] {dagbag.py:588} INFO - Filling up the DagBag from /home/airflow/.local/lib/python3.12/site-packages/airflow/example_dags/example_subdag_operator.py
[2024-10-05T02:18:10.532+0000] {processor.py:925} INFO - DAG(s) 'example_subdag_operator.section-1', 'example_subdag_operator.section-2', 'example_subdag_operator' retrieved from /home/airflow/.local/lib/python3.12/site-packages/airflow/example_dags/example_subdag_operator.py
[2024-10-05T02:18:10.540+0000] {logging_mixin.py:190} INFO - [2024-10-05T02:18:10.540+0000] {dag.py:3239} INFO - Sync 3 DAGs
[2024-10-05T02:18:10.553+0000] {logging_mixin.py:190} INFO - [2024-10-05T02:18:10.553+0000] {dag.py:4180} INFO - Setting next_dagrun for example_subdag_operator to 2022-01-01 00:00:00+00:00, run_after=2022-01-01 00:00:00+00:00
[2024-10-05T02:18:10.556+0000] {logging_mixin.py:190} INFO - [2024-10-05T02:18:10.556+0000] {dag.py:4180} INFO - Setting next_dagrun for example_subdag_operator.section-1 to None, run_after=None
[2024-10-05T02:18:10.557+0000] {logging_mixin.py:190} INFO - [2024-10-05T02:18:10.557+0000] {dag.py:4180} INFO - Setting next_dagrun for example_subdag_operator.section-2 to None, run_after=None
[2024-10-05T02:18:10.561+0000] {logging_mixin.py:190} INFO - [2024-10-05T02:18:10.561+0000] {dag.py:3239} INFO - Sync 2 DAGs
[2024-10-05T02:18:10.564+0000] {logging_mixin.py:190} INFO - [2024-10-05T02:18:10.564+0000] {dag.py:4180} INFO - Setting next_dagrun for example_subdag_operator.section-1 to None, run_after=None
[2024-10-05T02:18:10.564+0000] {logging_mixin.py:190} INFO - [2024-10-05T02:18:10.564+0000] {dag.py:4180} INFO - Setting next_dagrun for example_subdag_operator.section-2 to None, run_after=None
[2024-10-05T02:18:10.570+0000] {processor.py:208} INFO - Processing /home/airflow/.local/lib/python3.12/site-packages/airflow/example_dags/example_subdag_operator.py took 0.058 seconds
[2024-10-05T02:18:40.912+0000] {processor.py:186} INFO - Started process (PID=544) to work on /home/airflow/.local/lib/python3.12/site-packages/airflow/example_dags/example_subdag_operator.py
[2024-10-05T02:18:40.913+0000] {processor.py:914} INFO - Processing file /home/airflow/.local/lib/python3.12/site-packages/airflow/example_dags/example_subdag_operator.py for tasks to queue
[2024-10-05T02:18:40.914+0000] {logging_mixin.py:190} INFO - [2024-10-05T02:18:40.914+0000] {dagbag.py:588} INFO - Filling up the DagBag from /home/airflow/.local/lib/python3.12/site-packages/airflow/example_dags/example_subdag_operator.py
[2024-10-05T02:18:40.928+0000] {processor.py:925} INFO - DAG(s) 'example_subdag_operator.section-1', 'example_subdag_operator.section-2', 'example_subdag_operator' retrieved from /home/airflow/.local/lib/python3.12/site-packages/airflow/example_dags/example_subdag_operator.py
[2024-10-05T02:18:40.936+0000] {logging_mixin.py:190} INFO - [2024-10-05T02:18:40.936+0000] {dag.py:3239} INFO - Sync 3 DAGs
[2024-10-05T02:18:40.949+0000] {logging_mixin.py:190} INFO - [2024-10-05T02:18:40.949+0000] {dag.py:4180} INFO - Setting next_dagrun for example_subdag_operator to 2022-01-01 00:00:00+00:00, run_after=2022-01-01 00:00:00+00:00
[2024-10-05T02:18:40.951+0000] {logging_mixin.py:190} INFO - [2024-10-05T02:18:40.951+0000] {dag.py:4180} INFO - Setting next_dagrun for example_subdag_operator.section-1 to None, run_after=None
[2024-10-05T02:18:40.952+0000] {logging_mixin.py:190} INFO - [2024-10-05T02:18:40.951+0000] {dag.py:4180} INFO - Setting next_dagrun for example_subdag_operator.section-2 to None, run_after=None
[2024-10-05T02:18:40.955+0000] {logging_mixin.py:190} INFO - [2024-10-05T02:18:40.955+0000] {dag.py:3239} INFO - Sync 2 DAGs
[2024-10-05T02:18:40.958+0000] {logging_mixin.py:190} INFO - [2024-10-05T02:18:40.958+0000] {dag.py:4180} INFO - Setting next_dagrun for example_subdag_operator.section-1 to None, run_after=None
[2024-10-05T02:18:40.958+0000] {logging_mixin.py:190} INFO - [2024-10-05T02:18:40.958+0000] {dag.py:4180} INFO - Setting next_dagrun for example_subdag_operator.section-2 to None, run_after=None
[2024-10-05T02:18:40.965+0000] {processor.py:208} INFO - Processing /home/airflow/.local/lib/python3.12/site-packages/airflow/example_dags/example_subdag_operator.py took 0.056 seconds
[2024-10-05T02:45:06.798+0000] {processor.py:186} INFO - Started process (PID=103) to work on /home/airflow/.local/lib/python3.12/site-packages/airflow/example_dags/example_subdag_operator.py
[2024-10-05T02:45:06.798+0000] {processor.py:914} INFO - Processing file /home/airflow/.local/lib/python3.12/site-packages/airflow/example_dags/example_subdag_operator.py for tasks to queue
[2024-10-05T02:45:06.800+0000] {logging_mixin.py:190} INFO - [2024-10-05T02:45:06.800+0000] {dagbag.py:588} INFO - Filling up the DagBag from /home/airflow/.local/lib/python3.12/site-packages/airflow/example_dags/example_subdag_operator.py
[2024-10-05T02:45:06.814+0000] {processor.py:925} INFO - DAG(s) 'example_subdag_operator.section-1', 'example_subdag_operator.section-2', 'example_subdag_operator' retrieved from /home/airflow/.local/lib/python3.12/site-packages/airflow/example_dags/example_subdag_operator.py
[2024-10-05T02:45:06.822+0000] {logging_mixin.py:190} INFO - [2024-10-05T02:45:06.822+0000] {dag.py:3239} INFO - Sync 3 DAGs
[2024-10-05T02:45:06.835+0000] {logging_mixin.py:190} INFO - [2024-10-05T02:45:06.834+0000] {dag.py:4180} INFO - Setting next_dagrun for example_subdag_operator to 2022-01-01 00:00:00+00:00, run_after=2022-01-01 00:00:00+00:00
[2024-10-05T02:45:06.837+0000] {logging_mixin.py:190} INFO - [2024-10-05T02:45:06.836+0000] {dag.py:4180} INFO - Setting next_dagrun for example_subdag_operator.section-1 to None, run_after=None
[2024-10-05T02:45:06.837+0000] {logging_mixin.py:190} INFO - [2024-10-05T02:45:06.837+0000] {dag.py:4180} INFO - Setting next_dagrun for example_subdag_operator.section-2 to None, run_after=None
[2024-10-05T02:45:06.841+0000] {logging_mixin.py:190} INFO - [2024-10-05T02:45:06.841+0000] {dag.py:3239} INFO - Sync 2 DAGs
[2024-10-05T02:45:06.843+0000] {logging_mixin.py:190} INFO - [2024-10-05T02:45:06.843+0000] {dag.py:4180} INFO - Setting next_dagrun for example_subdag_operator.section-1 to None, run_after=None
[2024-10-05T02:45:06.844+0000] {logging_mixin.py:190} INFO - [2024-10-05T02:45:06.843+0000] {dag.py:4180} INFO - Setting next_dagrun for example_subdag_operator.section-2 to None, run_after=None
[2024-10-05T02:45:06.849+0000] {processor.py:208} INFO - Processing /home/airflow/.local/lib/python3.12/site-packages/airflow/example_dags/example_subdag_operator.py took 0.055 seconds
[2024-10-05T02:45:37.098+0000] {processor.py:186} INFO - Started process (PID=166) to work on /home/airflow/.local/lib/python3.12/site-packages/airflow/example_dags/example_subdag_operator.py
[2024-10-05T02:45:37.099+0000] {processor.py:914} INFO - Processing file /home/airflow/.local/lib/python3.12/site-packages/airflow/example_dags/example_subdag_operator.py for tasks to queue
[2024-10-05T02:45:37.100+0000] {logging_mixin.py:190} INFO - [2024-10-05T02:45:37.100+0000] {dagbag.py:588} INFO - Filling up the DagBag from /home/airflow/.local/lib/python3.12/site-packages/airflow/example_dags/example_subdag_operator.py
[2024-10-05T02:45:37.113+0000] {processor.py:925} INFO - DAG(s) 'example_subdag_operator.section-1', 'example_subdag_operator.section-2', 'example_subdag_operator' retrieved from /home/airflow/.local/lib/python3.12/site-packages/airflow/example_dags/example_subdag_operator.py
[2024-10-05T02:45:37.120+0000] {logging_mixin.py:190} INFO - [2024-10-05T02:45:37.120+0000] {dag.py:3239} INFO - Sync 3 DAGs
[2024-10-05T02:45:37.133+0000] {logging_mixin.py:190} INFO - [2024-10-05T02:45:37.132+0000] {dag.py:4180} INFO - Setting next_dagrun for example_subdag_operator to 2022-01-01 00:00:00+00:00, run_after=2022-01-01 00:00:00+00:00
[2024-10-05T02:45:37.134+0000] {logging_mixin.py:190} INFO - [2024-10-05T02:45:37.134+0000] {dag.py:4180} INFO - Setting next_dagrun for example_subdag_operator.section-1 to None, run_after=None
[2024-10-05T02:45:37.135+0000] {logging_mixin.py:190} INFO - [2024-10-05T02:45:37.135+0000] {dag.py:4180} INFO - Setting next_dagrun for example_subdag_operator.section-2 to None, run_after=None
[2024-10-05T02:45:37.139+0000] {logging_mixin.py:190} INFO - [2024-10-05T02:45:37.138+0000] {dag.py:3239} INFO - Sync 2 DAGs
[2024-10-05T02:45:37.141+0000] {logging_mixin.py:190} INFO - [2024-10-05T02:45:37.141+0000] {dag.py:4180} INFO - Setting next_dagrun for example_subdag_operator.section-1 to None, run_after=None
[2024-10-05T02:45:37.141+0000] {logging_mixin.py:190} INFO - [2024-10-05T02:45:37.141+0000] {dag.py:4180} INFO - Setting next_dagrun for example_subdag_operator.section-2 to None, run_after=None
[2024-10-05T02:45:37.147+0000] {processor.py:208} INFO - Processing /home/airflow/.local/lib/python3.12/site-packages/airflow/example_dags/example_subdag_operator.py took 0.052 seconds
[2024-10-05T02:46:08.015+0000] {processor.py:186} INFO - Started process (PID=228) to work on /home/airflow/.local/lib/python3.12/site-packages/airflow/example_dags/example_subdag_operator.py
[2024-10-05T02:46:08.015+0000] {processor.py:914} INFO - Processing file /home/airflow/.local/lib/python3.12/site-packages/airflow/example_dags/example_subdag_operator.py for tasks to queue
[2024-10-05T02:46:08.016+0000] {logging_mixin.py:190} INFO - [2024-10-05T02:46:08.016+0000] {dagbag.py:588} INFO - Filling up the DagBag from /home/airflow/.local/lib/python3.12/site-packages/airflow/example_dags/example_subdag_operator.py
[2024-10-05T02:46:08.030+0000] {processor.py:925} INFO - DAG(s) 'example_subdag_operator.section-1', 'example_subdag_operator.section-2', 'example_subdag_operator' retrieved from /home/airflow/.local/lib/python3.12/site-packages/airflow/example_dags/example_subdag_operator.py
[2024-10-05T02:46:08.038+0000] {logging_mixin.py:190} INFO - [2024-10-05T02:46:08.038+0000] {dag.py:3239} INFO - Sync 3 DAGs
[2024-10-05T02:46:08.051+0000] {logging_mixin.py:190} INFO - [2024-10-05T02:46:08.051+0000] {dag.py:4180} INFO - Setting next_dagrun for example_subdag_operator to 2022-01-01 00:00:00+00:00, run_after=2022-01-01 00:00:00+00:00
[2024-10-05T02:46:08.053+0000] {logging_mixin.py:190} INFO - [2024-10-05T02:46:08.053+0000] {dag.py:4180} INFO - Setting next_dagrun for example_subdag_operator.section-1 to None, run_after=None
[2024-10-05T02:46:08.054+0000] {logging_mixin.py:190} INFO - [2024-10-05T02:46:08.054+0000] {dag.py:4180} INFO - Setting next_dagrun for example_subdag_operator.section-2 to None, run_after=None
[2024-10-05T02:46:08.058+0000] {logging_mixin.py:190} INFO - [2024-10-05T02:46:08.058+0000] {dag.py:3239} INFO - Sync 2 DAGs
[2024-10-05T02:46:08.061+0000] {logging_mixin.py:190} INFO - [2024-10-05T02:46:08.061+0000] {dag.py:4180} INFO - Setting next_dagrun for example_subdag_operator.section-1 to None, run_after=None
[2024-10-05T02:46:08.061+0000] {logging_mixin.py:190} INFO - [2024-10-05T02:46:08.061+0000] {dag.py:4180} INFO - Setting next_dagrun for example_subdag_operator.section-2 to None, run_after=None
[2024-10-05T02:46:08.067+0000] {processor.py:208} INFO - Processing /home/airflow/.local/lib/python3.12/site-packages/airflow/example_dags/example_subdag_operator.py took 0.055 seconds
[2024-10-05T02:46:38.396+0000] {processor.py:186} INFO - Started process (PID=290) to work on /home/airflow/.local/lib/python3.12/site-packages/airflow/example_dags/example_subdag_operator.py
[2024-10-05T02:46:38.397+0000] {processor.py:914} INFO - Processing file /home/airflow/.local/lib/python3.12/site-packages/airflow/example_dags/example_subdag_operator.py for tasks to queue
[2024-10-05T02:46:38.398+0000] {logging_mixin.py:190} INFO - [2024-10-05T02:46:38.398+0000] {dagbag.py:588} INFO - Filling up the DagBag from /home/airflow/.local/lib/python3.12/site-packages/airflow/example_dags/example_subdag_operator.py
[2024-10-05T02:46:38.413+0000] {processor.py:925} INFO - DAG(s) 'example_subdag_operator.section-1', 'example_subdag_operator.section-2', 'example_subdag_operator' retrieved from /home/airflow/.local/lib/python3.12/site-packages/airflow/example_dags/example_subdag_operator.py
[2024-10-05T02:46:38.422+0000] {logging_mixin.py:190} INFO - [2024-10-05T02:46:38.422+0000] {dag.py:3239} INFO - Sync 3 DAGs
[2024-10-05T02:46:38.435+0000] {logging_mixin.py:190} INFO - [2024-10-05T02:46:38.435+0000] {dag.py:4180} INFO - Setting next_dagrun for example_subdag_operator to 2022-01-01 00:00:00+00:00, run_after=2022-01-01 00:00:00+00:00
[2024-10-05T02:46:38.437+0000] {logging_mixin.py:190} INFO - [2024-10-05T02:46:38.437+0000] {dag.py:4180} INFO - Setting next_dagrun for example_subdag_operator.section-1 to None, run_after=None
[2024-10-05T02:46:38.439+0000] {logging_mixin.py:190} INFO - [2024-10-05T02:46:38.439+0000] {dag.py:4180} INFO - Setting next_dagrun for example_subdag_operator.section-2 to None, run_after=None
[2024-10-05T02:46:38.442+0000] {logging_mixin.py:190} INFO - [2024-10-05T02:46:38.442+0000] {dag.py:3239} INFO - Sync 2 DAGs
[2024-10-05T02:46:38.445+0000] {logging_mixin.py:190} INFO - [2024-10-05T02:46:38.445+0000] {dag.py:4180} INFO - Setting next_dagrun for example_subdag_operator.section-1 to None, run_after=None
[2024-10-05T02:46:38.446+0000] {logging_mixin.py:190} INFO - [2024-10-05T02:46:38.446+0000] {dag.py:4180} INFO - Setting next_dagrun for example_subdag_operator.section-2 to None, run_after=None
[2024-10-05T02:46:38.452+0000] {processor.py:208} INFO - Processing /home/airflow/.local/lib/python3.12/site-packages/airflow/example_dags/example_subdag_operator.py took 0.059 seconds
[2024-10-05T02:47:08.519+0000] {processor.py:186} INFO - Started process (PID=352) to work on /home/airflow/.local/lib/python3.12/site-packages/airflow/example_dags/example_subdag_operator.py
[2024-10-05T02:47:08.519+0000] {processor.py:914} INFO - Processing file /home/airflow/.local/lib/python3.12/site-packages/airflow/example_dags/example_subdag_operator.py for tasks to queue
[2024-10-05T02:47:08.521+0000] {logging_mixin.py:190} INFO - [2024-10-05T02:47:08.520+0000] {dagbag.py:588} INFO - Filling up the DagBag from /home/airflow/.local/lib/python3.12/site-packages/airflow/example_dags/example_subdag_operator.py
[2024-10-05T02:47:08.535+0000] {processor.py:925} INFO - DAG(s) 'example_subdag_operator.section-1', 'example_subdag_operator.section-2', 'example_subdag_operator' retrieved from /home/airflow/.local/lib/python3.12/site-packages/airflow/example_dags/example_subdag_operator.py
[2024-10-05T02:47:08.543+0000] {logging_mixin.py:190} INFO - [2024-10-05T02:47:08.543+0000] {dag.py:3239} INFO - Sync 3 DAGs
[2024-10-05T02:47:08.556+0000] {logging_mixin.py:190} INFO - [2024-10-05T02:47:08.556+0000] {dag.py:4180} INFO - Setting next_dagrun for example_subdag_operator to 2022-01-01 00:00:00+00:00, run_after=2022-01-01 00:00:00+00:00
[2024-10-05T02:47:08.558+0000] {logging_mixin.py:190} INFO - [2024-10-05T02:47:08.558+0000] {dag.py:4180} INFO - Setting next_dagrun for example_subdag_operator.section-1 to None, run_after=None
[2024-10-05T02:47:08.559+0000] {logging_mixin.py:190} INFO - [2024-10-05T02:47:08.559+0000] {dag.py:4180} INFO - Setting next_dagrun for example_subdag_operator.section-2 to None, run_after=None
[2024-10-05T02:47:08.563+0000] {logging_mixin.py:190} INFO - [2024-10-05T02:47:08.563+0000] {dag.py:3239} INFO - Sync 2 DAGs
[2024-10-05T02:47:08.566+0000] {logging_mixin.py:190} INFO - [2024-10-05T02:47:08.566+0000] {dag.py:4180} INFO - Setting next_dagrun for example_subdag_operator.section-1 to None, run_after=None
[2024-10-05T02:47:08.566+0000] {logging_mixin.py:190} INFO - [2024-10-05T02:47:08.566+0000] {dag.py:4180} INFO - Setting next_dagrun for example_subdag_operator.section-2 to None, run_after=None
[2024-10-05T02:47:08.572+0000] {processor.py:208} INFO - Processing /home/airflow/.local/lib/python3.12/site-packages/airflow/example_dags/example_subdag_operator.py took 0.056 seconds
[2024-10-05T02:47:39.141+0000] {processor.py:186} INFO - Started process (PID=414) to work on /home/airflow/.local/lib/python3.12/site-packages/airflow/example_dags/example_subdag_operator.py
[2024-10-05T02:47:39.142+0000] {processor.py:914} INFO - Processing file /home/airflow/.local/lib/python3.12/site-packages/airflow/example_dags/example_subdag_operator.py for tasks to queue
[2024-10-05T02:47:39.143+0000] {logging_mixin.py:190} INFO - [2024-10-05T02:47:39.143+0000] {dagbag.py:588} INFO - Filling up the DagBag from /home/airflow/.local/lib/python3.12/site-packages/airflow/example_dags/example_subdag_operator.py
[2024-10-05T02:47:39.158+0000] {processor.py:925} INFO - DAG(s) 'example_subdag_operator.section-1', 'example_subdag_operator.section-2', 'example_subdag_operator' retrieved from /home/airflow/.local/lib/python3.12/site-packages/airflow/example_dags/example_subdag_operator.py
[2024-10-05T02:47:39.167+0000] {logging_mixin.py:190} INFO - [2024-10-05T02:47:39.167+0000] {dag.py:3239} INFO - Sync 3 DAGs
[2024-10-05T02:47:39.181+0000] {logging_mixin.py:190} INFO - [2024-10-05T02:47:39.180+0000] {dag.py:4180} INFO - Setting next_dagrun for example_subdag_operator to 2022-01-01 00:00:00+00:00, run_after=2022-01-01 00:00:00+00:00
[2024-10-05T02:47:39.183+0000] {logging_mixin.py:190} INFO - [2024-10-05T02:47:39.183+0000] {dag.py:4180} INFO - Setting next_dagrun for example_subdag_operator.section-1 to None, run_after=None
[2024-10-05T02:47:39.184+0000] {logging_mixin.py:190} INFO - [2024-10-05T02:47:39.183+0000] {dag.py:4180} INFO - Setting next_dagrun for example_subdag_operator.section-2 to None, run_after=None
[2024-10-05T02:47:39.188+0000] {logging_mixin.py:190} INFO - [2024-10-05T02:47:39.188+0000] {dag.py:3239} INFO - Sync 2 DAGs
[2024-10-05T02:47:39.191+0000] {logging_mixin.py:190} INFO - [2024-10-05T02:47:39.191+0000] {dag.py:4180} INFO - Setting next_dagrun for example_subdag_operator.section-1 to None, run_after=None
[2024-10-05T02:47:39.191+0000] {logging_mixin.py:190} INFO - [2024-10-05T02:47:39.191+0000] {dag.py:4180} INFO - Setting next_dagrun for example_subdag_operator.section-2 to None, run_after=None
[2024-10-05T02:47:39.197+0000] {processor.py:208} INFO - Processing /home/airflow/.local/lib/python3.12/site-packages/airflow/example_dags/example_subdag_operator.py took 0.060 seconds
[2024-10-05T02:48:09.439+0000] {processor.py:186} INFO - Started process (PID=476) to work on /home/airflow/.local/lib/python3.12/site-packages/airflow/example_dags/example_subdag_operator.py
[2024-10-05T02:48:09.440+0000] {processor.py:914} INFO - Processing file /home/airflow/.local/lib/python3.12/site-packages/airflow/example_dags/example_subdag_operator.py for tasks to queue
[2024-10-05T02:48:09.441+0000] {logging_mixin.py:190} INFO - [2024-10-05T02:48:09.441+0000] {dagbag.py:588} INFO - Filling up the DagBag from /home/airflow/.local/lib/python3.12/site-packages/airflow/example_dags/example_subdag_operator.py
[2024-10-05T02:48:09.456+0000] {processor.py:925} INFO - DAG(s) 'example_subdag_operator.section-1', 'example_subdag_operator.section-2', 'example_subdag_operator' retrieved from /home/airflow/.local/lib/python3.12/site-packages/airflow/example_dags/example_subdag_operator.py
[2024-10-05T02:48:09.465+0000] {logging_mixin.py:190} INFO - [2024-10-05T02:48:09.465+0000] {dag.py:3239} INFO - Sync 3 DAGs
[2024-10-05T02:48:09.479+0000] {logging_mixin.py:190} INFO - [2024-10-05T02:48:09.479+0000] {dag.py:4180} INFO - Setting next_dagrun for example_subdag_operator to 2022-01-01 00:00:00+00:00, run_after=2022-01-01 00:00:00+00:00
[2024-10-05T02:48:09.481+0000] {logging_mixin.py:190} INFO - [2024-10-05T02:48:09.481+0000] {dag.py:4180} INFO - Setting next_dagrun for example_subdag_operator.section-1 to None, run_after=None
[2024-10-05T02:48:09.482+0000] {logging_mixin.py:190} INFO - [2024-10-05T02:48:09.482+0000] {dag.py:4180} INFO - Setting next_dagrun for example_subdag_operator.section-2 to None, run_after=None
[2024-10-05T02:48:09.486+0000] {logging_mixin.py:190} INFO - [2024-10-05T02:48:09.486+0000] {dag.py:3239} INFO - Sync 2 DAGs
[2024-10-05T02:48:09.490+0000] {logging_mixin.py:190} INFO - [2024-10-05T02:48:09.489+0000] {dag.py:4180} INFO - Setting next_dagrun for example_subdag_operator.section-1 to None, run_after=None
[2024-10-05T02:48:09.490+0000] {logging_mixin.py:190} INFO - [2024-10-05T02:48:09.490+0000] {dag.py:4180} INFO - Setting next_dagrun for example_subdag_operator.section-2 to None, run_after=None
[2024-10-05T02:48:09.497+0000] {processor.py:208} INFO - Processing /home/airflow/.local/lib/python3.12/site-packages/airflow/example_dags/example_subdag_operator.py took 0.061 seconds
[2024-10-05T02:48:40.555+0000] {processor.py:186} INFO - Started process (PID=538) to work on /home/airflow/.local/lib/python3.12/site-packages/airflow/example_dags/example_subdag_operator.py
[2024-10-05T02:48:40.555+0000] {processor.py:914} INFO - Processing file /home/airflow/.local/lib/python3.12/site-packages/airflow/example_dags/example_subdag_operator.py for tasks to queue
[2024-10-05T02:48:40.557+0000] {logging_mixin.py:190} INFO - [2024-10-05T02:48:40.556+0000] {dagbag.py:588} INFO - Filling up the DagBag from /home/airflow/.local/lib/python3.12/site-packages/airflow/example_dags/example_subdag_operator.py
[2024-10-05T02:48:40.571+0000] {processor.py:925} INFO - DAG(s) 'example_subdag_operator.section-1', 'example_subdag_operator.section-2', 'example_subdag_operator' retrieved from /home/airflow/.local/lib/python3.12/site-packages/airflow/example_dags/example_subdag_operator.py
[2024-10-05T02:48:40.580+0000] {logging_mixin.py:190} INFO - [2024-10-05T02:48:40.580+0000] {dag.py:3239} INFO - Sync 3 DAGs
[2024-10-05T02:48:40.594+0000] {logging_mixin.py:190} INFO - [2024-10-05T02:48:40.594+0000] {dag.py:4180} INFO - Setting next_dagrun for example_subdag_operator to 2022-01-01 00:00:00+00:00, run_after=2022-01-01 00:00:00+00:00
[2024-10-05T02:48:40.596+0000] {logging_mixin.py:190} INFO - [2024-10-05T02:48:40.596+0000] {dag.py:4180} INFO - Setting next_dagrun for example_subdag_operator.section-1 to None, run_after=None
[2024-10-05T02:48:40.597+0000] {logging_mixin.py:190} INFO - [2024-10-05T02:48:40.597+0000] {dag.py:4180} INFO - Setting next_dagrun for example_subdag_operator.section-2 to None, run_after=None
[2024-10-05T02:48:40.601+0000] {logging_mixin.py:190} INFO - [2024-10-05T02:48:40.601+0000] {dag.py:3239} INFO - Sync 2 DAGs
[2024-10-05T02:48:40.604+0000] {logging_mixin.py:190} INFO - [2024-10-05T02:48:40.604+0000] {dag.py:4180} INFO - Setting next_dagrun for example_subdag_operator.section-1 to None, run_after=None
[2024-10-05T02:48:40.604+0000] {logging_mixin.py:190} INFO - [2024-10-05T02:48:40.604+0000] {dag.py:4180} INFO - Setting next_dagrun for example_subdag_operator.section-2 to None, run_after=None
[2024-10-05T02:48:40.610+0000] {processor.py:208} INFO - Processing /home/airflow/.local/lib/python3.12/site-packages/airflow/example_dags/example_subdag_operator.py took 0.059 seconds
[2024-10-05T02:49:11.542+0000] {processor.py:186} INFO - Started process (PID=600) to work on /home/airflow/.local/lib/python3.12/site-packages/airflow/example_dags/example_subdag_operator.py
[2024-10-05T02:49:11.543+0000] {processor.py:914} INFO - Processing file /home/airflow/.local/lib/python3.12/site-packages/airflow/example_dags/example_subdag_operator.py for tasks to queue
[2024-10-05T02:49:11.545+0000] {logging_mixin.py:190} INFO - [2024-10-05T02:49:11.544+0000] {dagbag.py:588} INFO - Filling up the DagBag from /home/airflow/.local/lib/python3.12/site-packages/airflow/example_dags/example_subdag_operator.py
[2024-10-05T02:49:11.558+0000] {processor.py:925} INFO - DAG(s) 'example_subdag_operator.section-1', 'example_subdag_operator.section-2', 'example_subdag_operator' retrieved from /home/airflow/.local/lib/python3.12/site-packages/airflow/example_dags/example_subdag_operator.py
[2024-10-05T02:49:11.566+0000] {logging_mixin.py:190} INFO - [2024-10-05T02:49:11.566+0000] {dag.py:3239} INFO - Sync 3 DAGs
[2024-10-05T02:49:11.578+0000] {logging_mixin.py:190} INFO - [2024-10-05T02:49:11.578+0000] {dag.py:4180} INFO - Setting next_dagrun for example_subdag_operator to 2022-01-01 00:00:00+00:00, run_after=2022-01-01 00:00:00+00:00
[2024-10-05T02:49:11.580+0000] {logging_mixin.py:190} INFO - [2024-10-05T02:49:11.580+0000] {dag.py:4180} INFO - Setting next_dagrun for example_subdag_operator.section-1 to None, run_after=None
[2024-10-05T02:49:11.581+0000] {logging_mixin.py:190} INFO - [2024-10-05T02:49:11.581+0000] {dag.py:4180} INFO - Setting next_dagrun for example_subdag_operator.section-2 to None, run_after=None
[2024-10-05T02:49:11.584+0000] {logging_mixin.py:190} INFO - [2024-10-05T02:49:11.584+0000] {dag.py:3239} INFO - Sync 2 DAGs
[2024-10-05T02:49:11.587+0000] {logging_mixin.py:190} INFO - [2024-10-05T02:49:11.587+0000] {dag.py:4180} INFO - Setting next_dagrun for example_subdag_operator.section-1 to None, run_after=None
[2024-10-05T02:49:11.588+0000] {logging_mixin.py:190} INFO - [2024-10-05T02:49:11.588+0000] {dag.py:4180} INFO - Setting next_dagrun for example_subdag_operator.section-2 to None, run_after=None
[2024-10-05T02:49:11.593+0000] {processor.py:208} INFO - Processing /home/airflow/.local/lib/python3.12/site-packages/airflow/example_dags/example_subdag_operator.py took 0.054 seconds
[2024-10-05T02:49:42.013+0000] {processor.py:186} INFO - Started process (PID=668) to work on /home/airflow/.local/lib/python3.12/site-packages/airflow/example_dags/example_subdag_operator.py
[2024-10-05T02:49:42.014+0000] {processor.py:914} INFO - Processing file /home/airflow/.local/lib/python3.12/site-packages/airflow/example_dags/example_subdag_operator.py for tasks to queue
[2024-10-05T02:49:42.015+0000] {logging_mixin.py:190} INFO - [2024-10-05T02:49:42.015+0000] {dagbag.py:588} INFO - Filling up the DagBag from /home/airflow/.local/lib/python3.12/site-packages/airflow/example_dags/example_subdag_operator.py
[2024-10-05T02:49:42.028+0000] {processor.py:925} INFO - DAG(s) 'example_subdag_operator.section-1', 'example_subdag_operator.section-2', 'example_subdag_operator' retrieved from /home/airflow/.local/lib/python3.12/site-packages/airflow/example_dags/example_subdag_operator.py
[2024-10-05T02:49:42.037+0000] {logging_mixin.py:190} INFO - [2024-10-05T02:49:42.037+0000] {dag.py:3239} INFO - Sync 3 DAGs
[2024-10-05T02:49:42.049+0000] {logging_mixin.py:190} INFO - [2024-10-05T02:49:42.049+0000] {dag.py:4180} INFO - Setting next_dagrun for example_subdag_operator to 2022-01-01 00:00:00+00:00, run_after=2022-01-01 00:00:00+00:00
[2024-10-05T02:49:42.051+0000] {logging_mixin.py:190} INFO - [2024-10-05T02:49:42.050+0000] {dag.py:4180} INFO - Setting next_dagrun for example_subdag_operator.section-1 to None, run_after=None
[2024-10-05T02:49:42.051+0000] {logging_mixin.py:190} INFO - [2024-10-05T02:49:42.051+0000] {dag.py:4180} INFO - Setting next_dagrun for example_subdag_operator.section-2 to None, run_after=None
[2024-10-05T02:49:42.055+0000] {logging_mixin.py:190} INFO - [2024-10-05T02:49:42.055+0000] {dag.py:3239} INFO - Sync 2 DAGs
[2024-10-05T02:49:42.057+0000] {logging_mixin.py:190} INFO - [2024-10-05T02:49:42.057+0000] {dag.py:4180} INFO - Setting next_dagrun for example_subdag_operator.section-1 to None, run_after=None
[2024-10-05T02:49:42.058+0000] {logging_mixin.py:190} INFO - [2024-10-05T02:49:42.058+0000] {dag.py:4180} INFO - Setting next_dagrun for example_subdag_operator.section-2 to None, run_after=None
[2024-10-05T02:49:42.063+0000] {processor.py:208} INFO - Processing /home/airflow/.local/lib/python3.12/site-packages/airflow/example_dags/example_subdag_operator.py took 0.053 seconds
[2024-10-05T02:50:12.613+0000] {processor.py:186} INFO - Started process (PID=751) to work on /home/airflow/.local/lib/python3.12/site-packages/airflow/example_dags/example_subdag_operator.py
[2024-10-05T02:50:12.613+0000] {processor.py:914} INFO - Processing file /home/airflow/.local/lib/python3.12/site-packages/airflow/example_dags/example_subdag_operator.py for tasks to queue
[2024-10-05T02:50:12.615+0000] {logging_mixin.py:190} INFO - [2024-10-05T02:50:12.614+0000] {dagbag.py:588} INFO - Filling up the DagBag from /home/airflow/.local/lib/python3.12/site-packages/airflow/example_dags/example_subdag_operator.py
[2024-10-05T02:50:12.629+0000] {processor.py:925} INFO - DAG(s) 'example_subdag_operator.section-1', 'example_subdag_operator.section-2', 'example_subdag_operator' retrieved from /home/airflow/.local/lib/python3.12/site-packages/airflow/example_dags/example_subdag_operator.py
[2024-10-05T02:50:12.637+0000] {logging_mixin.py:190} INFO - [2024-10-05T02:50:12.637+0000] {dag.py:3239} INFO - Sync 3 DAGs
[2024-10-05T02:50:12.650+0000] {logging_mixin.py:190} INFO - [2024-10-05T02:50:12.650+0000] {dag.py:4180} INFO - Setting next_dagrun for example_subdag_operator to 2022-01-01 00:00:00+00:00, run_after=2022-01-01 00:00:00+00:00
[2024-10-05T02:50:12.652+0000] {logging_mixin.py:190} INFO - [2024-10-05T02:50:12.652+0000] {dag.py:4180} INFO - Setting next_dagrun for example_subdag_operator.section-1 to None, run_after=None
[2024-10-05T02:50:12.652+0000] {logging_mixin.py:190} INFO - [2024-10-05T02:50:12.652+0000] {dag.py:4180} INFO - Setting next_dagrun for example_subdag_operator.section-2 to None, run_after=None
[2024-10-05T02:50:12.656+0000] {logging_mixin.py:190} INFO - [2024-10-05T02:50:12.656+0000] {dag.py:3239} INFO - Sync 2 DAGs
[2024-10-05T02:50:12.659+0000] {logging_mixin.py:190} INFO - [2024-10-05T02:50:12.659+0000] {dag.py:4180} INFO - Setting next_dagrun for example_subdag_operator.section-1 to None, run_after=None
[2024-10-05T02:50:12.659+0000] {logging_mixin.py:190} INFO - [2024-10-05T02:50:12.659+0000] {dag.py:4180} INFO - Setting next_dagrun for example_subdag_operator.section-2 to None, run_after=None
[2024-10-05T02:50:12.664+0000] {processor.py:208} INFO - Processing /home/airflow/.local/lib/python3.12/site-packages/airflow/example_dags/example_subdag_operator.py took 0.055 seconds
[2024-10-05T02:50:43.106+0000] {processor.py:186} INFO - Started process (PID=813) to work on /home/airflow/.local/lib/python3.12/site-packages/airflow/example_dags/example_subdag_operator.py
[2024-10-05T02:50:43.106+0000] {processor.py:914} INFO - Processing file /home/airflow/.local/lib/python3.12/site-packages/airflow/example_dags/example_subdag_operator.py for tasks to queue
[2024-10-05T02:50:43.108+0000] {logging_mixin.py:190} INFO - [2024-10-05T02:50:43.107+0000] {dagbag.py:588} INFO - Filling up the DagBag from /home/airflow/.local/lib/python3.12/site-packages/airflow/example_dags/example_subdag_operator.py
[2024-10-05T02:50:43.121+0000] {processor.py:925} INFO - DAG(s) 'example_subdag_operator.section-1', 'example_subdag_operator.section-2', 'example_subdag_operator' retrieved from /home/airflow/.local/lib/python3.12/site-packages/airflow/example_dags/example_subdag_operator.py
[2024-10-05T02:50:43.129+0000] {logging_mixin.py:190} INFO - [2024-10-05T02:50:43.129+0000] {dag.py:3239} INFO - Sync 3 DAGs
[2024-10-05T02:50:43.142+0000] {logging_mixin.py:190} INFO - [2024-10-05T02:50:43.142+0000] {dag.py:4180} INFO - Setting next_dagrun for example_subdag_operator to 2022-01-01 00:00:00+00:00, run_after=2022-01-01 00:00:00+00:00
[2024-10-05T02:50:43.144+0000] {logging_mixin.py:190} INFO - [2024-10-05T02:50:43.144+0000] {dag.py:4180} INFO - Setting next_dagrun for example_subdag_operator.section-1 to None, run_after=None
[2024-10-05T02:50:43.145+0000] {logging_mixin.py:190} INFO - [2024-10-05T02:50:43.145+0000] {dag.py:4180} INFO - Setting next_dagrun for example_subdag_operator.section-2 to None, run_after=None
[2024-10-05T02:50:43.149+0000] {logging_mixin.py:190} INFO - [2024-10-05T02:50:43.149+0000] {dag.py:3239} INFO - Sync 2 DAGs
[2024-10-05T02:50:43.152+0000] {logging_mixin.py:190} INFO - [2024-10-05T02:50:43.152+0000] {dag.py:4180} INFO - Setting next_dagrun for example_subdag_operator.section-1 to None, run_after=None
[2024-10-05T02:50:43.152+0000] {logging_mixin.py:190} INFO - [2024-10-05T02:50:43.152+0000] {dag.py:4180} INFO - Setting next_dagrun for example_subdag_operator.section-2 to None, run_after=None
[2024-10-05T02:50:43.158+0000] {processor.py:208} INFO - Processing /home/airflow/.local/lib/python3.12/site-packages/airflow/example_dags/example_subdag_operator.py took 0.055 seconds
[2024-10-05T02:51:13.621+0000] {processor.py:186} INFO - Started process (PID=875) to work on /home/airflow/.local/lib/python3.12/site-packages/airflow/example_dags/example_subdag_operator.py
[2024-10-05T02:51:13.621+0000] {processor.py:914} INFO - Processing file /home/airflow/.local/lib/python3.12/site-packages/airflow/example_dags/example_subdag_operator.py for tasks to queue
[2024-10-05T02:51:13.622+0000] {logging_mixin.py:190} INFO - [2024-10-05T02:51:13.622+0000] {dagbag.py:588} INFO - Filling up the DagBag from /home/airflow/.local/lib/python3.12/site-packages/airflow/example_dags/example_subdag_operator.py
[2024-10-05T02:51:13.636+0000] {processor.py:925} INFO - DAG(s) 'example_subdag_operator.section-1', 'example_subdag_operator.section-2', 'example_subdag_operator' retrieved from /home/airflow/.local/lib/python3.12/site-packages/airflow/example_dags/example_subdag_operator.py
[2024-10-05T02:51:13.644+0000] {logging_mixin.py:190} INFO - [2024-10-05T02:51:13.644+0000] {dag.py:3239} INFO - Sync 3 DAGs
[2024-10-05T02:51:13.657+0000] {logging_mixin.py:190} INFO - [2024-10-05T02:51:13.657+0000] {dag.py:4180} INFO - Setting next_dagrun for example_subdag_operator to 2022-01-01 00:00:00+00:00, run_after=2022-01-01 00:00:00+00:00
[2024-10-05T02:51:13.659+0000] {logging_mixin.py:190} INFO - [2024-10-05T02:51:13.659+0000] {dag.py:4180} INFO - Setting next_dagrun for example_subdag_operator.section-1 to None, run_after=None
[2024-10-05T02:51:13.660+0000] {logging_mixin.py:190} INFO - [2024-10-05T02:51:13.660+0000] {dag.py:4180} INFO - Setting next_dagrun for example_subdag_operator.section-2 to None, run_after=None
[2024-10-05T02:51:13.663+0000] {logging_mixin.py:190} INFO - [2024-10-05T02:51:13.663+0000] {dag.py:3239} INFO - Sync 2 DAGs
[2024-10-05T02:51:13.666+0000] {logging_mixin.py:190} INFO - [2024-10-05T02:51:13.666+0000] {dag.py:4180} INFO - Setting next_dagrun for example_subdag_operator.section-1 to None, run_after=None
[2024-10-05T02:51:13.666+0000] {logging_mixin.py:190} INFO - [2024-10-05T02:51:13.666+0000] {dag.py:4180} INFO - Setting next_dagrun for example_subdag_operator.section-2 to None, run_after=None
[2024-10-05T02:51:13.672+0000] {processor.py:208} INFO - Processing /home/airflow/.local/lib/python3.12/site-packages/airflow/example_dags/example_subdag_operator.py took 0.055 seconds
[2024-10-05T02:51:44.058+0000] {processor.py:186} INFO - Started process (PID=937) to work on /home/airflow/.local/lib/python3.12/site-packages/airflow/example_dags/example_subdag_operator.py
[2024-10-05T02:51:44.058+0000] {processor.py:914} INFO - Processing file /home/airflow/.local/lib/python3.12/site-packages/airflow/example_dags/example_subdag_operator.py for tasks to queue
[2024-10-05T02:51:44.059+0000] {logging_mixin.py:190} INFO - [2024-10-05T02:51:44.059+0000] {dagbag.py:588} INFO - Filling up the DagBag from /home/airflow/.local/lib/python3.12/site-packages/airflow/example_dags/example_subdag_operator.py
[2024-10-05T02:51:44.073+0000] {processor.py:925} INFO - DAG(s) 'example_subdag_operator.section-1', 'example_subdag_operator.section-2', 'example_subdag_operator' retrieved from /home/airflow/.local/lib/python3.12/site-packages/airflow/example_dags/example_subdag_operator.py
[2024-10-05T02:51:44.081+0000] {logging_mixin.py:190} INFO - [2024-10-05T02:51:44.081+0000] {dag.py:3239} INFO - Sync 3 DAGs
[2024-10-05T02:51:44.094+0000] {logging_mixin.py:190} INFO - [2024-10-05T02:51:44.094+0000] {dag.py:4180} INFO - Setting next_dagrun for example_subdag_operator to 2022-01-01 00:00:00+00:00, run_after=2022-01-01 00:00:00+00:00
[2024-10-05T02:51:44.096+0000] {logging_mixin.py:190} INFO - [2024-10-05T02:51:44.096+0000] {dag.py:4180} INFO - Setting next_dagrun for example_subdag_operator.section-1 to None, run_after=None
[2024-10-05T02:51:44.097+0000] {logging_mixin.py:190} INFO - [2024-10-05T02:51:44.096+0000] {dag.py:4180} INFO - Setting next_dagrun for example_subdag_operator.section-2 to None, run_after=None
[2024-10-05T02:51:44.100+0000] {logging_mixin.py:190} INFO - [2024-10-05T02:51:44.100+0000] {dag.py:3239} INFO - Sync 2 DAGs
[2024-10-05T02:51:44.103+0000] {logging_mixin.py:190} INFO - [2024-10-05T02:51:44.103+0000] {dag.py:4180} INFO - Setting next_dagrun for example_subdag_operator.section-1 to None, run_after=None
[2024-10-05T02:51:44.103+0000] {logging_mixin.py:190} INFO - [2024-10-05T02:51:44.103+0000] {dag.py:4180} INFO - Setting next_dagrun for example_subdag_operator.section-2 to None, run_after=None
[2024-10-05T02:51:44.108+0000] {processor.py:208} INFO - Processing /home/airflow/.local/lib/python3.12/site-packages/airflow/example_dags/example_subdag_operator.py took 0.054 seconds
[2024-10-05T02:52:14.684+0000] {processor.py:186} INFO - Started process (PID=999) to work on /home/airflow/.local/lib/python3.12/site-packages/airflow/example_dags/example_subdag_operator.py
[2024-10-05T02:52:14.685+0000] {processor.py:914} INFO - Processing file /home/airflow/.local/lib/python3.12/site-packages/airflow/example_dags/example_subdag_operator.py for tasks to queue
[2024-10-05T02:52:14.686+0000] {logging_mixin.py:190} INFO - [2024-10-05T02:52:14.686+0000] {dagbag.py:588} INFO - Filling up the DagBag from /home/airflow/.local/lib/python3.12/site-packages/airflow/example_dags/example_subdag_operator.py
[2024-10-05T02:52:14.699+0000] {processor.py:925} INFO - DAG(s) 'example_subdag_operator.section-1', 'example_subdag_operator.section-2', 'example_subdag_operator' retrieved from /home/airflow/.local/lib/python3.12/site-packages/airflow/example_dags/example_subdag_operator.py
[2024-10-05T02:52:14.708+0000] {logging_mixin.py:190} INFO - [2024-10-05T02:52:14.708+0000] {dag.py:3239} INFO - Sync 3 DAGs
[2024-10-05T02:52:14.721+0000] {logging_mixin.py:190} INFO - [2024-10-05T02:52:14.721+0000] {dag.py:4180} INFO - Setting next_dagrun for example_subdag_operator to 2022-01-01 00:00:00+00:00, run_after=2022-01-01 00:00:00+00:00
[2024-10-05T02:52:14.723+0000] {logging_mixin.py:190} INFO - [2024-10-05T02:52:14.723+0000] {dag.py:4180} INFO - Setting next_dagrun for example_subdag_operator.section-1 to None, run_after=None
[2024-10-05T02:52:14.723+0000] {logging_mixin.py:190} INFO - [2024-10-05T02:52:14.723+0000] {dag.py:4180} INFO - Setting next_dagrun for example_subdag_operator.section-2 to None, run_after=None
[2024-10-05T02:52:14.727+0000] {logging_mixin.py:190} INFO - [2024-10-05T02:52:14.727+0000] {dag.py:3239} INFO - Sync 2 DAGs
[2024-10-05T02:52:14.730+0000] {logging_mixin.py:190} INFO - [2024-10-05T02:52:14.730+0000] {dag.py:4180} INFO - Setting next_dagrun for example_subdag_operator.section-1 to None, run_after=None
[2024-10-05T02:52:14.730+0000] {logging_mixin.py:190} INFO - [2024-10-05T02:52:14.730+0000] {dag.py:4180} INFO - Setting next_dagrun for example_subdag_operator.section-2 to None, run_after=None
[2024-10-05T02:52:14.735+0000] {processor.py:208} INFO - Processing /home/airflow/.local/lib/python3.12/site-packages/airflow/example_dags/example_subdag_operator.py took 0.054 seconds
[2024-10-05T02:52:45.500+0000] {processor.py:186} INFO - Started process (PID=1061) to work on /home/airflow/.local/lib/python3.12/site-packages/airflow/example_dags/example_subdag_operator.py
[2024-10-05T02:52:45.501+0000] {processor.py:914} INFO - Processing file /home/airflow/.local/lib/python3.12/site-packages/airflow/example_dags/example_subdag_operator.py for tasks to queue
[2024-10-05T02:52:45.502+0000] {logging_mixin.py:190} INFO - [2024-10-05T02:52:45.502+0000] {dagbag.py:588} INFO - Filling up the DagBag from /home/airflow/.local/lib/python3.12/site-packages/airflow/example_dags/example_subdag_operator.py
[2024-10-05T02:52:45.515+0000] {processor.py:925} INFO - DAG(s) 'example_subdag_operator.section-1', 'example_subdag_operator.section-2', 'example_subdag_operator' retrieved from /home/airflow/.local/lib/python3.12/site-packages/airflow/example_dags/example_subdag_operator.py
[2024-10-05T02:52:45.524+0000] {logging_mixin.py:190} INFO - [2024-10-05T02:52:45.524+0000] {dag.py:3239} INFO - Sync 3 DAGs
[2024-10-05T02:52:45.536+0000] {logging_mixin.py:190} INFO - [2024-10-05T02:52:45.536+0000] {dag.py:4180} INFO - Setting next_dagrun for example_subdag_operator to 2022-01-01 00:00:00+00:00, run_after=2022-01-01 00:00:00+00:00
[2024-10-05T02:52:45.539+0000] {logging_mixin.py:190} INFO - [2024-10-05T02:52:45.539+0000] {dag.py:4180} INFO - Setting next_dagrun for example_subdag_operator.section-1 to None, run_after=None
[2024-10-05T02:52:45.540+0000] {logging_mixin.py:190} INFO - [2024-10-05T02:52:45.540+0000] {dag.py:4180} INFO - Setting next_dagrun for example_subdag_operator.section-2 to None, run_after=None
[2024-10-05T02:52:45.544+0000] {logging_mixin.py:190} INFO - [2024-10-05T02:52:45.544+0000] {dag.py:3239} INFO - Sync 2 DAGs
[2024-10-05T02:52:45.547+0000] {logging_mixin.py:190} INFO - [2024-10-05T02:52:45.546+0000] {dag.py:4180} INFO - Setting next_dagrun for example_subdag_operator.section-1 to None, run_after=None
[2024-10-05T02:52:45.547+0000] {logging_mixin.py:190} INFO - [2024-10-05T02:52:45.547+0000] {dag.py:4180} INFO - Setting next_dagrun for example_subdag_operator.section-2 to None, run_after=None
[2024-10-05T02:52:45.552+0000] {processor.py:208} INFO - Processing /home/airflow/.local/lib/python3.12/site-packages/airflow/example_dags/example_subdag_operator.py took 0.055 seconds
[2024-10-05T02:53:16.357+0000] {processor.py:186} INFO - Started process (PID=1123) to work on /home/airflow/.local/lib/python3.12/site-packages/airflow/example_dags/example_subdag_operator.py
[2024-10-05T02:53:16.358+0000] {processor.py:914} INFO - Processing file /home/airflow/.local/lib/python3.12/site-packages/airflow/example_dags/example_subdag_operator.py for tasks to queue
[2024-10-05T02:53:16.359+0000] {logging_mixin.py:190} INFO - [2024-10-05T02:53:16.359+0000] {dagbag.py:588} INFO - Filling up the DagBag from /home/airflow/.local/lib/python3.12/site-packages/airflow/example_dags/example_subdag_operator.py
[2024-10-05T02:53:16.375+0000] {processor.py:925} INFO - DAG(s) 'example_subdag_operator.section-1', 'example_subdag_operator.section-2', 'example_subdag_operator' retrieved from /home/airflow/.local/lib/python3.12/site-packages/airflow/example_dags/example_subdag_operator.py
[2024-10-05T02:53:16.384+0000] {logging_mixin.py:190} INFO - [2024-10-05T02:53:16.384+0000] {dag.py:3239} INFO - Sync 3 DAGs
[2024-10-05T02:53:16.397+0000] {logging_mixin.py:190} INFO - [2024-10-05T02:53:16.397+0000] {dag.py:4180} INFO - Setting next_dagrun for example_subdag_operator to 2022-01-01 00:00:00+00:00, run_after=2022-01-01 00:00:00+00:00
[2024-10-05T02:53:16.400+0000] {logging_mixin.py:190} INFO - [2024-10-05T02:53:16.399+0000] {dag.py:4180} INFO - Setting next_dagrun for example_subdag_operator.section-1 to None, run_after=None
[2024-10-05T02:53:16.400+0000] {logging_mixin.py:190} INFO - [2024-10-05T02:53:16.400+0000] {dag.py:4180} INFO - Setting next_dagrun for example_subdag_operator.section-2 to None, run_after=None
[2024-10-05T02:53:16.404+0000] {logging_mixin.py:190} INFO - [2024-10-05T02:53:16.404+0000] {dag.py:3239} INFO - Sync 2 DAGs
[2024-10-05T02:53:16.408+0000] {logging_mixin.py:190} INFO - [2024-10-05T02:53:16.408+0000] {dag.py:4180} INFO - Setting next_dagrun for example_subdag_operator.section-1 to None, run_after=None
[2024-10-05T02:53:16.409+0000] {logging_mixin.py:190} INFO - [2024-10-05T02:53:16.408+0000] {dag.py:4180} INFO - Setting next_dagrun for example_subdag_operator.section-2 to None, run_after=None
[2024-10-05T02:53:16.415+0000] {processor.py:208} INFO - Processing /home/airflow/.local/lib/python3.12/site-packages/airflow/example_dags/example_subdag_operator.py took 0.061 seconds
[2024-10-05T02:53:47.120+0000] {processor.py:186} INFO - Started process (PID=1185) to work on /home/airflow/.local/lib/python3.12/site-packages/airflow/example_dags/example_subdag_operator.py
[2024-10-05T02:53:47.121+0000] {processor.py:914} INFO - Processing file /home/airflow/.local/lib/python3.12/site-packages/airflow/example_dags/example_subdag_operator.py for tasks to queue
[2024-10-05T02:53:47.122+0000] {logging_mixin.py:190} INFO - [2024-10-05T02:53:47.122+0000] {dagbag.py:588} INFO - Filling up the DagBag from /home/airflow/.local/lib/python3.12/site-packages/airflow/example_dags/example_subdag_operator.py
[2024-10-05T02:53:47.135+0000] {processor.py:925} INFO - DAG(s) 'example_subdag_operator.section-1', 'example_subdag_operator.section-2', 'example_subdag_operator' retrieved from /home/airflow/.local/lib/python3.12/site-packages/airflow/example_dags/example_subdag_operator.py
[2024-10-05T02:53:47.144+0000] {logging_mixin.py:190} INFO - [2024-10-05T02:53:47.143+0000] {dag.py:3239} INFO - Sync 3 DAGs
[2024-10-05T02:53:47.156+0000] {logging_mixin.py:190} INFO - [2024-10-05T02:53:47.156+0000] {dag.py:4180} INFO - Setting next_dagrun for example_subdag_operator to 2022-01-01 00:00:00+00:00, run_after=2022-01-01 00:00:00+00:00
[2024-10-05T02:53:47.158+0000] {logging_mixin.py:190} INFO - [2024-10-05T02:53:47.158+0000] {dag.py:4180} INFO - Setting next_dagrun for example_subdag_operator.section-1 to None, run_after=None
[2024-10-05T02:53:47.158+0000] {logging_mixin.py:190} INFO - [2024-10-05T02:53:47.158+0000] {dag.py:4180} INFO - Setting next_dagrun for example_subdag_operator.section-2 to None, run_after=None
[2024-10-05T02:53:47.162+0000] {logging_mixin.py:190} INFO - [2024-10-05T02:53:47.162+0000] {dag.py:3239} INFO - Sync 2 DAGs
[2024-10-05T02:53:47.165+0000] {logging_mixin.py:190} INFO - [2024-10-05T02:53:47.165+0000] {dag.py:4180} INFO - Setting next_dagrun for example_subdag_operator.section-1 to None, run_after=None
[2024-10-05T02:53:47.165+0000] {logging_mixin.py:190} INFO - [2024-10-05T02:53:47.165+0000] {dag.py:4180} INFO - Setting next_dagrun for example_subdag_operator.section-2 to None, run_after=None
[2024-10-05T02:53:47.170+0000] {processor.py:208} INFO - Processing /home/airflow/.local/lib/python3.12/site-packages/airflow/example_dags/example_subdag_operator.py took 0.053 seconds
[2024-10-05T02:54:18.196+0000] {processor.py:186} INFO - Started process (PID=1248) to work on /home/airflow/.local/lib/python3.12/site-packages/airflow/example_dags/example_subdag_operator.py
[2024-10-05T02:54:18.197+0000] {processor.py:914} INFO - Processing file /home/airflow/.local/lib/python3.12/site-packages/airflow/example_dags/example_subdag_operator.py for tasks to queue
[2024-10-05T02:54:18.198+0000] {logging_mixin.py:190} INFO - [2024-10-05T02:54:18.198+0000] {dagbag.py:588} INFO - Filling up the DagBag from /home/airflow/.local/lib/python3.12/site-packages/airflow/example_dags/example_subdag_operator.py
[2024-10-05T02:54:18.212+0000] {processor.py:925} INFO - DAG(s) 'example_subdag_operator.section-1', 'example_subdag_operator.section-2', 'example_subdag_operator' retrieved from /home/airflow/.local/lib/python3.12/site-packages/airflow/example_dags/example_subdag_operator.py
[2024-10-05T02:54:18.220+0000] {logging_mixin.py:190} INFO - [2024-10-05T02:54:18.219+0000] {dag.py:3239} INFO - Sync 3 DAGs
[2024-10-05T02:54:18.232+0000] {logging_mixin.py:190} INFO - [2024-10-05T02:54:18.232+0000] {dag.py:4180} INFO - Setting next_dagrun for example_subdag_operator to 2022-01-01 00:00:00+00:00, run_after=2022-01-01 00:00:00+00:00
[2024-10-05T02:54:18.234+0000] {logging_mixin.py:190} INFO - [2024-10-05T02:54:18.234+0000] {dag.py:4180} INFO - Setting next_dagrun for example_subdag_operator.section-1 to None, run_after=None
[2024-10-05T02:54:18.235+0000] {logging_mixin.py:190} INFO - [2024-10-05T02:54:18.234+0000] {dag.py:4180} INFO - Setting next_dagrun for example_subdag_operator.section-2 to None, run_after=None
[2024-10-05T02:54:18.238+0000] {logging_mixin.py:190} INFO - [2024-10-05T02:54:18.238+0000] {dag.py:3239} INFO - Sync 2 DAGs
[2024-10-05T02:54:18.241+0000] {logging_mixin.py:190} INFO - [2024-10-05T02:54:18.241+0000] {dag.py:4180} INFO - Setting next_dagrun for example_subdag_operator.section-1 to None, run_after=None
[2024-10-05T02:54:18.241+0000] {logging_mixin.py:190} INFO - [2024-10-05T02:54:18.241+0000] {dag.py:4180} INFO - Setting next_dagrun for example_subdag_operator.section-2 to None, run_after=None
[2024-10-05T02:54:18.246+0000] {processor.py:208} INFO - Processing /home/airflow/.local/lib/python3.12/site-packages/airflow/example_dags/example_subdag_operator.py took 0.054 seconds
[2024-10-05T02:54:48.448+0000] {processor.py:186} INFO - Started process (PID=1310) to work on /home/airflow/.local/lib/python3.12/site-packages/airflow/example_dags/example_subdag_operator.py
[2024-10-05T02:54:48.449+0000] {processor.py:914} INFO - Processing file /home/airflow/.local/lib/python3.12/site-packages/airflow/example_dags/example_subdag_operator.py for tasks to queue
[2024-10-05T02:54:48.450+0000] {logging_mixin.py:190} INFO - [2024-10-05T02:54:48.450+0000] {dagbag.py:588} INFO - Filling up the DagBag from /home/airflow/.local/lib/python3.12/site-packages/airflow/example_dags/example_subdag_operator.py
[2024-10-05T02:54:48.465+0000] {processor.py:925} INFO - DAG(s) 'example_subdag_operator.section-1', 'example_subdag_operator.section-2', 'example_subdag_operator' retrieved from /home/airflow/.local/lib/python3.12/site-packages/airflow/example_dags/example_subdag_operator.py
[2024-10-05T02:54:48.473+0000] {logging_mixin.py:190} INFO - [2024-10-05T02:54:48.473+0000] {dag.py:3239} INFO - Sync 3 DAGs
[2024-10-05T02:54:48.486+0000] {logging_mixin.py:190} INFO - [2024-10-05T02:54:48.486+0000] {dag.py:4180} INFO - Setting next_dagrun for example_subdag_operator to 2022-01-01 00:00:00+00:00, run_after=2022-01-01 00:00:00+00:00
[2024-10-05T02:54:48.488+0000] {logging_mixin.py:190} INFO - [2024-10-05T02:54:48.487+0000] {dag.py:4180} INFO - Setting next_dagrun for example_subdag_operator.section-1 to None, run_after=None
[2024-10-05T02:54:48.488+0000] {logging_mixin.py:190} INFO - [2024-10-05T02:54:48.488+0000] {dag.py:4180} INFO - Setting next_dagrun for example_subdag_operator.section-2 to None, run_after=None
[2024-10-05T02:54:48.492+0000] {logging_mixin.py:190} INFO - [2024-10-05T02:54:48.492+0000] {dag.py:3239} INFO - Sync 2 DAGs
[2024-10-05T02:54:48.495+0000] {logging_mixin.py:190} INFO - [2024-10-05T02:54:48.495+0000] {dag.py:4180} INFO - Setting next_dagrun for example_subdag_operator.section-1 to None, run_after=None
[2024-10-05T02:54:48.495+0000] {logging_mixin.py:190} INFO - [2024-10-05T02:54:48.495+0000] {dag.py:4180} INFO - Setting next_dagrun for example_subdag_operator.section-2 to None, run_after=None
[2024-10-05T02:54:48.500+0000] {processor.py:208} INFO - Processing /home/airflow/.local/lib/python3.12/site-packages/airflow/example_dags/example_subdag_operator.py took 0.055 seconds
[2024-10-05T02:55:18.994+0000] {processor.py:186} INFO - Started process (PID=1378) to work on /home/airflow/.local/lib/python3.12/site-packages/airflow/example_dags/example_subdag_operator.py
[2024-10-05T02:55:18.995+0000] {processor.py:914} INFO - Processing file /home/airflow/.local/lib/python3.12/site-packages/airflow/example_dags/example_subdag_operator.py for tasks to queue
[2024-10-05T02:55:18.996+0000] {logging_mixin.py:190} INFO - [2024-10-05T02:55:18.996+0000] {dagbag.py:588} INFO - Filling up the DagBag from /home/airflow/.local/lib/python3.12/site-packages/airflow/example_dags/example_subdag_operator.py
[2024-10-05T02:55:19.010+0000] {processor.py:925} INFO - DAG(s) 'example_subdag_operator.section-1', 'example_subdag_operator.section-2', 'example_subdag_operator' retrieved from /home/airflow/.local/lib/python3.12/site-packages/airflow/example_dags/example_subdag_operator.py
[2024-10-05T02:55:19.018+0000] {logging_mixin.py:190} INFO - [2024-10-05T02:55:19.018+0000] {dag.py:3239} INFO - Sync 3 DAGs
[2024-10-05T02:55:19.031+0000] {logging_mixin.py:190} INFO - [2024-10-05T02:55:19.031+0000] {dag.py:4180} INFO - Setting next_dagrun for example_subdag_operator to 2022-01-01 00:00:00+00:00, run_after=2022-01-01 00:00:00+00:00
[2024-10-05T02:55:19.033+0000] {logging_mixin.py:190} INFO - [2024-10-05T02:55:19.033+0000] {dag.py:4180} INFO - Setting next_dagrun for example_subdag_operator.section-1 to None, run_after=None
[2024-10-05T02:55:19.033+0000] {logging_mixin.py:190} INFO - [2024-10-05T02:55:19.033+0000] {dag.py:4180} INFO - Setting next_dagrun for example_subdag_operator.section-2 to None, run_after=None
[2024-10-05T02:55:19.037+0000] {logging_mixin.py:190} INFO - [2024-10-05T02:55:19.037+0000] {dag.py:3239} INFO - Sync 2 DAGs
[2024-10-05T02:55:19.040+0000] {logging_mixin.py:190} INFO - [2024-10-05T02:55:19.040+0000] {dag.py:4180} INFO - Setting next_dagrun for example_subdag_operator.section-1 to None, run_after=None
[2024-10-05T02:55:19.040+0000] {logging_mixin.py:190} INFO - [2024-10-05T02:55:19.040+0000] {dag.py:4180} INFO - Setting next_dagrun for example_subdag_operator.section-2 to None, run_after=None
[2024-10-05T02:55:19.046+0000] {processor.py:208} INFO - Processing /home/airflow/.local/lib/python3.12/site-packages/airflow/example_dags/example_subdag_operator.py took 0.054 seconds
[2024-10-05T02:55:49.990+0000] {processor.py:186} INFO - Started process (PID=1440) to work on /home/airflow/.local/lib/python3.12/site-packages/airflow/example_dags/example_subdag_operator.py
[2024-10-05T02:55:49.991+0000] {processor.py:914} INFO - Processing file /home/airflow/.local/lib/python3.12/site-packages/airflow/example_dags/example_subdag_operator.py for tasks to queue
[2024-10-05T02:55:49.992+0000] {logging_mixin.py:190} INFO - [2024-10-05T02:55:49.992+0000] {dagbag.py:588} INFO - Filling up the DagBag from /home/airflow/.local/lib/python3.12/site-packages/airflow/example_dags/example_subdag_operator.py
[2024-10-05T02:55:50.005+0000] {processor.py:925} INFO - DAG(s) 'example_subdag_operator.section-1', 'example_subdag_operator.section-2', 'example_subdag_operator' retrieved from /home/airflow/.local/lib/python3.12/site-packages/airflow/example_dags/example_subdag_operator.py
[2024-10-05T02:55:50.013+0000] {logging_mixin.py:190} INFO - [2024-10-05T02:55:50.013+0000] {dag.py:3239} INFO - Sync 3 DAGs
[2024-10-05T02:55:50.025+0000] {logging_mixin.py:190} INFO - [2024-10-05T02:55:50.025+0000] {dag.py:4180} INFO - Setting next_dagrun for example_subdag_operator to 2022-01-01 00:00:00+00:00, run_after=2022-01-01 00:00:00+00:00
[2024-10-05T02:55:50.027+0000] {logging_mixin.py:190} INFO - [2024-10-05T02:55:50.027+0000] {dag.py:4180} INFO - Setting next_dagrun for example_subdag_operator.section-1 to None, run_after=None
[2024-10-05T02:55:50.028+0000] {logging_mixin.py:190} INFO - [2024-10-05T02:55:50.028+0000] {dag.py:4180} INFO - Setting next_dagrun for example_subdag_operator.section-2 to None, run_after=None
[2024-10-05T02:55:50.031+0000] {logging_mixin.py:190} INFO - [2024-10-05T02:55:50.031+0000] {dag.py:3239} INFO - Sync 2 DAGs
[2024-10-05T02:55:50.034+0000] {logging_mixin.py:190} INFO - [2024-10-05T02:55:50.034+0000] {dag.py:4180} INFO - Setting next_dagrun for example_subdag_operator.section-1 to None, run_after=None
[2024-10-05T02:55:50.034+0000] {logging_mixin.py:190} INFO - [2024-10-05T02:55:50.034+0000] {dag.py:4180} INFO - Setting next_dagrun for example_subdag_operator.section-2 to None, run_after=None
[2024-10-05T02:55:50.039+0000] {processor.py:208} INFO - Processing /home/airflow/.local/lib/python3.12/site-packages/airflow/example_dags/example_subdag_operator.py took 0.052 seconds
[2024-10-05T02:56:20.258+0000] {processor.py:186} INFO - Started process (PID=1502) to work on /home/airflow/.local/lib/python3.12/site-packages/airflow/example_dags/example_subdag_operator.py
[2024-10-05T02:56:20.258+0000] {processor.py:914} INFO - Processing file /home/airflow/.local/lib/python3.12/site-packages/airflow/example_dags/example_subdag_operator.py for tasks to queue
[2024-10-05T02:56:20.260+0000] {logging_mixin.py:190} INFO - [2024-10-05T02:56:20.259+0000] {dagbag.py:588} INFO - Filling up the DagBag from /home/airflow/.local/lib/python3.12/site-packages/airflow/example_dags/example_subdag_operator.py
[2024-10-05T02:56:20.273+0000] {processor.py:925} INFO - DAG(s) 'example_subdag_operator.section-1', 'example_subdag_operator.section-2', 'example_subdag_operator' retrieved from /home/airflow/.local/lib/python3.12/site-packages/airflow/example_dags/example_subdag_operator.py
[2024-10-05T02:56:20.281+0000] {logging_mixin.py:190} INFO - [2024-10-05T02:56:20.281+0000] {dag.py:3239} INFO - Sync 3 DAGs
[2024-10-05T02:56:20.293+0000] {logging_mixin.py:190} INFO - [2024-10-05T02:56:20.293+0000] {dag.py:4180} INFO - Setting next_dagrun for example_subdag_operator to 2022-01-01 00:00:00+00:00, run_after=2022-01-01 00:00:00+00:00
[2024-10-05T02:56:20.295+0000] {logging_mixin.py:190} INFO - [2024-10-05T02:56:20.295+0000] {dag.py:4180} INFO - Setting next_dagrun for example_subdag_operator.section-1 to None, run_after=None
[2024-10-05T02:56:20.296+0000] {logging_mixin.py:190} INFO - [2024-10-05T02:56:20.296+0000] {dag.py:4180} INFO - Setting next_dagrun for example_subdag_operator.section-2 to None, run_after=None
[2024-10-05T02:56:20.299+0000] {logging_mixin.py:190} INFO - [2024-10-05T02:56:20.299+0000] {dag.py:3239} INFO - Sync 2 DAGs
[2024-10-05T02:56:20.302+0000] {logging_mixin.py:190} INFO - [2024-10-05T02:56:20.302+0000] {dag.py:4180} INFO - Setting next_dagrun for example_subdag_operator.section-1 to None, run_after=None
[2024-10-05T02:56:20.302+0000] {logging_mixin.py:190} INFO - [2024-10-05T02:56:20.302+0000] {dag.py:4180} INFO - Setting next_dagrun for example_subdag_operator.section-2 to None, run_after=None
[2024-10-05T02:56:20.308+0000] {processor.py:208} INFO - Processing /home/airflow/.local/lib/python3.12/site-packages/airflow/example_dags/example_subdag_operator.py took 0.054 seconds
[2024-10-05T02:56:50.676+0000] {processor.py:186} INFO - Started process (PID=1564) to work on /home/airflow/.local/lib/python3.12/site-packages/airflow/example_dags/example_subdag_operator.py
[2024-10-05T02:56:50.677+0000] {processor.py:914} INFO - Processing file /home/airflow/.local/lib/python3.12/site-packages/airflow/example_dags/example_subdag_operator.py for tasks to queue
[2024-10-05T02:56:50.678+0000] {logging_mixin.py:190} INFO - [2024-10-05T02:56:50.678+0000] {dagbag.py:588} INFO - Filling up the DagBag from /home/airflow/.local/lib/python3.12/site-packages/airflow/example_dags/example_subdag_operator.py
[2024-10-05T02:56:50.695+0000] {processor.py:925} INFO - DAG(s) 'example_subdag_operator.section-1', 'example_subdag_operator.section-2', 'example_subdag_operator' retrieved from /home/airflow/.local/lib/python3.12/site-packages/airflow/example_dags/example_subdag_operator.py
[2024-10-05T02:56:50.704+0000] {logging_mixin.py:190} INFO - [2024-10-05T02:56:50.704+0000] {dag.py:3239} INFO - Sync 3 DAGs
[2024-10-05T02:56:50.718+0000] {logging_mixin.py:190} INFO - [2024-10-05T02:56:50.718+0000] {dag.py:4180} INFO - Setting next_dagrun for example_subdag_operator to 2022-01-01 00:00:00+00:00, run_after=2022-01-01 00:00:00+00:00
[2024-10-05T02:56:50.720+0000] {logging_mixin.py:190} INFO - [2024-10-05T02:56:50.720+0000] {dag.py:4180} INFO - Setting next_dagrun for example_subdag_operator.section-1 to None, run_after=None
[2024-10-05T02:56:50.721+0000] {logging_mixin.py:190} INFO - [2024-10-05T02:56:50.721+0000] {dag.py:4180} INFO - Setting next_dagrun for example_subdag_operator.section-2 to None, run_after=None
[2024-10-05T02:56:50.725+0000] {logging_mixin.py:190} INFO - [2024-10-05T02:56:50.725+0000] {dag.py:3239} INFO - Sync 2 DAGs
[2024-10-05T02:56:50.729+0000] {logging_mixin.py:190} INFO - [2024-10-05T02:56:50.729+0000] {dag.py:4180} INFO - Setting next_dagrun for example_subdag_operator.section-1 to None, run_after=None
[2024-10-05T02:56:50.729+0000] {logging_mixin.py:190} INFO - [2024-10-05T02:56:50.729+0000] {dag.py:4180} INFO - Setting next_dagrun for example_subdag_operator.section-2 to None, run_after=None
[2024-10-05T02:56:50.735+0000] {processor.py:208} INFO - Processing /home/airflow/.local/lib/python3.12/site-packages/airflow/example_dags/example_subdag_operator.py took 0.062 seconds
