[2024-10-05T02:15:06.480+0000] {processor.py:186} INFO - Started process (PID=102) to work on /home/airflow/.local/lib/python3.12/site-packages/airflow/example_dags/example_latest_only.py
[2024-10-05T02:15:06.480+0000] {processor.py:914} INFO - Processing file /home/airflow/.local/lib/python3.12/site-packages/airflow/example_dags/example_latest_only.py for tasks to queue
[2024-10-05T02:15:06.482+0000] {logging_mixin.py:190} INFO - [2024-10-05T02:15:06.482+0000] {dagbag.py:588} INFO - Filling up the DagBag from /home/airflow/.local/lib/python3.12/site-packages/airflow/example_dags/example_latest_only.py
[2024-10-05T02:15:06.486+0000] {processor.py:925} INFO - DAG(s) 'latest_only' retrieved from /home/airflow/.local/lib/python3.12/site-packages/airflow/example_dags/example_latest_only.py
[2024-10-05T02:15:06.497+0000] {logging_mixin.py:190} INFO - [2024-10-05T02:15:06.497+0000] {dag.py:3239} INFO - Sync 1 DAGs
[2024-10-05T02:15:06.512+0000] {logging_mixin.py:190} INFO - [2024-10-05T02:15:06.512+0000] {dag.py:4180} INFO - Setting next_dagrun for latest_only to 2024-10-04 20:00:00+00:00, run_after=2024-10-05 00:00:00+00:00
[2024-10-05T02:15:06.523+0000] {processor.py:208} INFO - Processing /home/airflow/.local/lib/python3.12/site-packages/airflow/example_dags/example_latest_only.py took 0.047 seconds
[2024-10-05T02:15:36.870+0000] {processor.py:186} INFO - Started process (PID=170) to work on /home/airflow/.local/lib/python3.12/site-packages/airflow/example_dags/example_latest_only.py
[2024-10-05T02:15:36.870+0000] {processor.py:914} INFO - Processing file /home/airflow/.local/lib/python3.12/site-packages/airflow/example_dags/example_latest_only.py for tasks to queue
[2024-10-05T02:15:36.872+0000] {logging_mixin.py:190} INFO - [2024-10-05T02:15:36.872+0000] {dagbag.py:588} INFO - Filling up the DagBag from /home/airflow/.local/lib/python3.12/site-packages/airflow/example_dags/example_latest_only.py
[2024-10-05T02:15:36.876+0000] {processor.py:925} INFO - DAG(s) 'latest_only' retrieved from /home/airflow/.local/lib/python3.12/site-packages/airflow/example_dags/example_latest_only.py
[2024-10-05T02:15:36.888+0000] {logging_mixin.py:190} INFO - [2024-10-05T02:15:36.887+0000] {dag.py:3239} INFO - Sync 1 DAGs
[2024-10-05T02:15:36.901+0000] {logging_mixin.py:190} INFO - [2024-10-05T02:15:36.901+0000] {dag.py:4180} INFO - Setting next_dagrun for latest_only to 2024-10-04 20:00:00+00:00, run_after=2024-10-05 00:00:00+00:00
[2024-10-05T02:15:36.912+0000] {processor.py:208} INFO - Processing /home/airflow/.local/lib/python3.12/site-packages/airflow/example_dags/example_latest_only.py took 0.046 seconds
[2024-10-05T02:16:07.716+0000] {processor.py:186} INFO - Started process (PID=232) to work on /home/airflow/.local/lib/python3.12/site-packages/airflow/example_dags/example_latest_only.py
[2024-10-05T02:16:07.717+0000] {processor.py:914} INFO - Processing file /home/airflow/.local/lib/python3.12/site-packages/airflow/example_dags/example_latest_only.py for tasks to queue
[2024-10-05T02:16:07.718+0000] {logging_mixin.py:190} INFO - [2024-10-05T02:16:07.718+0000] {dagbag.py:588} INFO - Filling up the DagBag from /home/airflow/.local/lib/python3.12/site-packages/airflow/example_dags/example_latest_only.py
[2024-10-05T02:16:07.722+0000] {processor.py:925} INFO - DAG(s) 'latest_only' retrieved from /home/airflow/.local/lib/python3.12/site-packages/airflow/example_dags/example_latest_only.py
[2024-10-05T02:16:07.734+0000] {logging_mixin.py:190} INFO - [2024-10-05T02:16:07.733+0000] {dag.py:3239} INFO - Sync 1 DAGs
[2024-10-05T02:16:07.747+0000] {logging_mixin.py:190} INFO - [2024-10-05T02:16:07.747+0000] {dag.py:4180} INFO - Setting next_dagrun for latest_only to 2024-10-04 20:00:00+00:00, run_after=2024-10-05 00:00:00+00:00
[2024-10-05T02:16:07.757+0000] {processor.py:208} INFO - Processing /home/airflow/.local/lib/python3.12/site-packages/airflow/example_dags/example_latest_only.py took 0.045 seconds
[2024-10-05T02:16:38.066+0000] {processor.py:186} INFO - Started process (PID=294) to work on /home/airflow/.local/lib/python3.12/site-packages/airflow/example_dags/example_latest_only.py
[2024-10-05T02:16:38.066+0000] {processor.py:914} INFO - Processing file /home/airflow/.local/lib/python3.12/site-packages/airflow/example_dags/example_latest_only.py for tasks to queue
[2024-10-05T02:16:38.067+0000] {logging_mixin.py:190} INFO - [2024-10-05T02:16:38.067+0000] {dagbag.py:588} INFO - Filling up the DagBag from /home/airflow/.local/lib/python3.12/site-packages/airflow/example_dags/example_latest_only.py
[2024-10-05T02:16:38.071+0000] {processor.py:925} INFO - DAG(s) 'latest_only' retrieved from /home/airflow/.local/lib/python3.12/site-packages/airflow/example_dags/example_latest_only.py
[2024-10-05T02:16:38.082+0000] {logging_mixin.py:190} INFO - [2024-10-05T02:16:38.082+0000] {dag.py:3239} INFO - Sync 1 DAGs
[2024-10-05T02:16:38.095+0000] {logging_mixin.py:190} INFO - [2024-10-05T02:16:38.095+0000] {dag.py:4180} INFO - Setting next_dagrun for latest_only to 2024-10-04 20:00:00+00:00, run_after=2024-10-05 00:00:00+00:00
[2024-10-05T02:16:38.106+0000] {processor.py:208} INFO - Processing /home/airflow/.local/lib/python3.12/site-packages/airflow/example_dags/example_latest_only.py took 0.044 seconds
[2024-10-05T02:17:09.144+0000] {processor.py:186} INFO - Started process (PID=356) to work on /home/airflow/.local/lib/python3.12/site-packages/airflow/example_dags/example_latest_only.py
[2024-10-05T02:17:09.145+0000] {processor.py:914} INFO - Processing file /home/airflow/.local/lib/python3.12/site-packages/airflow/example_dags/example_latest_only.py for tasks to queue
[2024-10-05T02:17:09.146+0000] {logging_mixin.py:190} INFO - [2024-10-05T02:17:09.146+0000] {dagbag.py:588} INFO - Filling up the DagBag from /home/airflow/.local/lib/python3.12/site-packages/airflow/example_dags/example_latest_only.py
[2024-10-05T02:17:09.150+0000] {processor.py:925} INFO - DAG(s) 'latest_only' retrieved from /home/airflow/.local/lib/python3.12/site-packages/airflow/example_dags/example_latest_only.py
[2024-10-05T02:17:09.159+0000] {logging_mixin.py:190} INFO - [2024-10-05T02:17:09.159+0000] {dag.py:3239} INFO - Sync 1 DAGs
[2024-10-05T02:17:09.171+0000] {logging_mixin.py:190} INFO - [2024-10-05T02:17:09.171+0000] {dag.py:4180} INFO - Setting next_dagrun for latest_only to 2024-10-04 20:00:00+00:00, run_after=2024-10-05 00:00:00+00:00
[2024-10-05T02:17:09.180+0000] {processor.py:208} INFO - Processing /home/airflow/.local/lib/python3.12/site-packages/airflow/example_dags/example_latest_only.py took 0.040 seconds
[2024-10-05T02:17:40.011+0000] {processor.py:186} INFO - Started process (PID=418) to work on /home/airflow/.local/lib/python3.12/site-packages/airflow/example_dags/example_latest_only.py
[2024-10-05T02:17:40.012+0000] {processor.py:914} INFO - Processing file /home/airflow/.local/lib/python3.12/site-packages/airflow/example_dags/example_latest_only.py for tasks to queue
[2024-10-05T02:17:40.013+0000] {logging_mixin.py:190} INFO - [2024-10-05T02:17:40.013+0000] {dagbag.py:588} INFO - Filling up the DagBag from /home/airflow/.local/lib/python3.12/site-packages/airflow/example_dags/example_latest_only.py
[2024-10-05T02:17:40.017+0000] {processor.py:925} INFO - DAG(s) 'latest_only' retrieved from /home/airflow/.local/lib/python3.12/site-packages/airflow/example_dags/example_latest_only.py
[2024-10-05T02:17:40.027+0000] {logging_mixin.py:190} INFO - [2024-10-05T02:17:40.027+0000] {dag.py:3239} INFO - Sync 1 DAGs
[2024-10-05T02:17:40.040+0000] {logging_mixin.py:190} INFO - [2024-10-05T02:17:40.040+0000] {dag.py:4180} INFO - Setting next_dagrun for latest_only to 2024-10-04 20:00:00+00:00, run_after=2024-10-05 00:00:00+00:00
[2024-10-05T02:17:40.049+0000] {processor.py:208} INFO - Processing /home/airflow/.local/lib/python3.12/site-packages/airflow/example_dags/example_latest_only.py took 0.041 seconds
[2024-10-05T02:18:10.442+0000] {processor.py:186} INFO - Started process (PID=480) to work on /home/airflow/.local/lib/python3.12/site-packages/airflow/example_dags/example_latest_only.py
[2024-10-05T02:18:10.443+0000] {processor.py:914} INFO - Processing file /home/airflow/.local/lib/python3.12/site-packages/airflow/example_dags/example_latest_only.py for tasks to queue
[2024-10-05T02:18:10.444+0000] {logging_mixin.py:190} INFO - [2024-10-05T02:18:10.444+0000] {dagbag.py:588} INFO - Filling up the DagBag from /home/airflow/.local/lib/python3.12/site-packages/airflow/example_dags/example_latest_only.py
[2024-10-05T02:18:10.448+0000] {processor.py:925} INFO - DAG(s) 'latest_only' retrieved from /home/airflow/.local/lib/python3.12/site-packages/airflow/example_dags/example_latest_only.py
[2024-10-05T02:18:10.458+0000] {logging_mixin.py:190} INFO - [2024-10-05T02:18:10.458+0000] {dag.py:3239} INFO - Sync 1 DAGs
[2024-10-05T02:18:10.470+0000] {logging_mixin.py:190} INFO - [2024-10-05T02:18:10.470+0000] {dag.py:4180} INFO - Setting next_dagrun for latest_only to 2024-10-04 20:00:00+00:00, run_after=2024-10-05 00:00:00+00:00
[2024-10-05T02:18:10.480+0000] {processor.py:208} INFO - Processing /home/airflow/.local/lib/python3.12/site-packages/airflow/example_dags/example_latest_only.py took 0.041 seconds
[2024-10-05T02:18:40.799+0000] {processor.py:186} INFO - Started process (PID=542) to work on /home/airflow/.local/lib/python3.12/site-packages/airflow/example_dags/example_latest_only.py
[2024-10-05T02:18:40.800+0000] {processor.py:914} INFO - Processing file /home/airflow/.local/lib/python3.12/site-packages/airflow/example_dags/example_latest_only.py for tasks to queue
[2024-10-05T02:18:40.801+0000] {logging_mixin.py:190} INFO - [2024-10-05T02:18:40.801+0000] {dagbag.py:588} INFO - Filling up the DagBag from /home/airflow/.local/lib/python3.12/site-packages/airflow/example_dags/example_latest_only.py
[2024-10-05T02:18:40.805+0000] {processor.py:925} INFO - DAG(s) 'latest_only' retrieved from /home/airflow/.local/lib/python3.12/site-packages/airflow/example_dags/example_latest_only.py
[2024-10-05T02:18:40.815+0000] {logging_mixin.py:190} INFO - [2024-10-05T02:18:40.815+0000] {dag.py:3239} INFO - Sync 1 DAGs
[2024-10-05T02:18:40.827+0000] {logging_mixin.py:190} INFO - [2024-10-05T02:18:40.827+0000] {dag.py:4180} INFO - Setting next_dagrun for latest_only to 2024-10-04 20:00:00+00:00, run_after=2024-10-05 00:00:00+00:00
[2024-10-05T02:18:40.836+0000] {processor.py:208} INFO - Processing /home/airflow/.local/lib/python3.12/site-packages/airflow/example_dags/example_latest_only.py took 0.041 seconds
[2024-10-05T02:45:06.734+0000] {processor.py:186} INFO - Started process (PID=101) to work on /home/airflow/.local/lib/python3.12/site-packages/airflow/example_dags/example_latest_only.py
[2024-10-05T02:45:06.735+0000] {processor.py:914} INFO - Processing file /home/airflow/.local/lib/python3.12/site-packages/airflow/example_dags/example_latest_only.py for tasks to queue
[2024-10-05T02:45:06.736+0000] {logging_mixin.py:190} INFO - [2024-10-05T02:45:06.736+0000] {dagbag.py:588} INFO - Filling up the DagBag from /home/airflow/.local/lib/python3.12/site-packages/airflow/example_dags/example_latest_only.py
[2024-10-05T02:45:06.740+0000] {processor.py:925} INFO - DAG(s) 'latest_only' retrieved from /home/airflow/.local/lib/python3.12/site-packages/airflow/example_dags/example_latest_only.py
[2024-10-05T02:45:06.750+0000] {logging_mixin.py:190} INFO - [2024-10-05T02:45:06.750+0000] {dag.py:3239} INFO - Sync 1 DAGs
[2024-10-05T02:45:06.762+0000] {logging_mixin.py:190} INFO - [2024-10-05T02:45:06.762+0000] {dag.py:4180} INFO - Setting next_dagrun for latest_only to 2024-10-04 20:00:00+00:00, run_after=2024-10-05 00:00:00+00:00
[2024-10-05T02:45:06.771+0000] {processor.py:208} INFO - Processing /home/airflow/.local/lib/python3.12/site-packages/airflow/example_dags/example_latest_only.py took 0.041 seconds
[2024-10-05T02:45:36.976+0000] {processor.py:186} INFO - Started process (PID=164) to work on /home/airflow/.local/lib/python3.12/site-packages/airflow/example_dags/example_latest_only.py
[2024-10-05T02:45:36.977+0000] {processor.py:914} INFO - Processing file /home/airflow/.local/lib/python3.12/site-packages/airflow/example_dags/example_latest_only.py for tasks to queue
[2024-10-05T02:45:36.978+0000] {logging_mixin.py:190} INFO - [2024-10-05T02:45:36.978+0000] {dagbag.py:588} INFO - Filling up the DagBag from /home/airflow/.local/lib/python3.12/site-packages/airflow/example_dags/example_latest_only.py
[2024-10-05T02:45:36.982+0000] {processor.py:925} INFO - DAG(s) 'latest_only' retrieved from /home/airflow/.local/lib/python3.12/site-packages/airflow/example_dags/example_latest_only.py
[2024-10-05T02:45:36.993+0000] {logging_mixin.py:190} INFO - [2024-10-05T02:45:36.993+0000] {dag.py:3239} INFO - Sync 1 DAGs
[2024-10-05T02:45:37.006+0000] {logging_mixin.py:190} INFO - [2024-10-05T02:45:37.006+0000] {dag.py:4180} INFO - Setting next_dagrun for latest_only to 2024-10-04 20:00:00+00:00, run_after=2024-10-05 00:00:00+00:00
[2024-10-05T02:45:37.016+0000] {processor.py:208} INFO - Processing /home/airflow/.local/lib/python3.12/site-packages/airflow/example_dags/example_latest_only.py took 0.043 seconds
[2024-10-05T02:46:07.934+0000] {processor.py:186} INFO - Started process (PID=226) to work on /home/airflow/.local/lib/python3.12/site-packages/airflow/example_dags/example_latest_only.py
[2024-10-05T02:46:07.935+0000] {processor.py:914} INFO - Processing file /home/airflow/.local/lib/python3.12/site-packages/airflow/example_dags/example_latest_only.py for tasks to queue
[2024-10-05T02:46:07.936+0000] {logging_mixin.py:190} INFO - [2024-10-05T02:46:07.936+0000] {dagbag.py:588} INFO - Filling up the DagBag from /home/airflow/.local/lib/python3.12/site-packages/airflow/example_dags/example_latest_only.py
[2024-10-05T02:46:07.940+0000] {processor.py:925} INFO - DAG(s) 'latest_only' retrieved from /home/airflow/.local/lib/python3.12/site-packages/airflow/example_dags/example_latest_only.py
[2024-10-05T02:46:07.950+0000] {logging_mixin.py:190} INFO - [2024-10-05T02:46:07.950+0000] {dag.py:3239} INFO - Sync 1 DAGs
[2024-10-05T02:46:07.963+0000] {logging_mixin.py:190} INFO - [2024-10-05T02:46:07.963+0000] {dag.py:4180} INFO - Setting next_dagrun for latest_only to 2024-10-04 20:00:00+00:00, run_after=2024-10-05 00:00:00+00:00
[2024-10-05T02:46:07.973+0000] {processor.py:208} INFO - Processing /home/airflow/.local/lib/python3.12/site-packages/airflow/example_dags/example_latest_only.py took 0.042 seconds
[2024-10-05T02:46:38.273+0000] {processor.py:186} INFO - Started process (PID=288) to work on /home/airflow/.local/lib/python3.12/site-packages/airflow/example_dags/example_latest_only.py
[2024-10-05T02:46:38.273+0000] {processor.py:914} INFO - Processing file /home/airflow/.local/lib/python3.12/site-packages/airflow/example_dags/example_latest_only.py for tasks to queue
[2024-10-05T02:46:38.275+0000] {logging_mixin.py:190} INFO - [2024-10-05T02:46:38.275+0000] {dagbag.py:588} INFO - Filling up the DagBag from /home/airflow/.local/lib/python3.12/site-packages/airflow/example_dags/example_latest_only.py
[2024-10-05T02:46:38.279+0000] {processor.py:925} INFO - DAG(s) 'latest_only' retrieved from /home/airflow/.local/lib/python3.12/site-packages/airflow/example_dags/example_latest_only.py
[2024-10-05T02:46:38.290+0000] {logging_mixin.py:190} INFO - [2024-10-05T02:46:38.290+0000] {dag.py:3239} INFO - Sync 1 DAGs
[2024-10-05T02:46:38.304+0000] {logging_mixin.py:190} INFO - [2024-10-05T02:46:38.304+0000] {dag.py:4180} INFO - Setting next_dagrun for latest_only to 2024-10-04 20:00:00+00:00, run_after=2024-10-05 00:00:00+00:00
[2024-10-05T02:46:38.314+0000] {processor.py:208} INFO - Processing /home/airflow/.local/lib/python3.12/site-packages/airflow/example_dags/example_latest_only.py took 0.045 seconds
[2024-10-05T02:47:08.466+0000] {processor.py:186} INFO - Started process (PID=350) to work on /home/airflow/.local/lib/python3.12/site-packages/airflow/example_dags/example_latest_only.py
[2024-10-05T02:47:08.467+0000] {processor.py:914} INFO - Processing file /home/airflow/.local/lib/python3.12/site-packages/airflow/example_dags/example_latest_only.py for tasks to queue
[2024-10-05T02:47:08.468+0000] {logging_mixin.py:190} INFO - [2024-10-05T02:47:08.468+0000] {dagbag.py:588} INFO - Filling up the DagBag from /home/airflow/.local/lib/python3.12/site-packages/airflow/example_dags/example_latest_only.py
[2024-10-05T02:47:08.472+0000] {processor.py:925} INFO - DAG(s) 'latest_only' retrieved from /home/airflow/.local/lib/python3.12/site-packages/airflow/example_dags/example_latest_only.py
[2024-10-05T02:47:08.483+0000] {logging_mixin.py:190} INFO - [2024-10-05T02:47:08.483+0000] {dag.py:3239} INFO - Sync 1 DAGs
[2024-10-05T02:47:08.496+0000] {logging_mixin.py:190} INFO - [2024-10-05T02:47:08.496+0000] {dag.py:4180} INFO - Setting next_dagrun for latest_only to 2024-10-04 20:00:00+00:00, run_after=2024-10-05 00:00:00+00:00
[2024-10-05T02:47:08.505+0000] {processor.py:208} INFO - Processing /home/airflow/.local/lib/python3.12/site-packages/airflow/example_dags/example_latest_only.py took 0.043 seconds
[2024-10-05T02:47:39.074+0000] {processor.py:186} INFO - Started process (PID=412) to work on /home/airflow/.local/lib/python3.12/site-packages/airflow/example_dags/example_latest_only.py
[2024-10-05T02:47:39.075+0000] {processor.py:914} INFO - Processing file /home/airflow/.local/lib/python3.12/site-packages/airflow/example_dags/example_latest_only.py for tasks to queue
[2024-10-05T02:47:39.077+0000] {logging_mixin.py:190} INFO - [2024-10-05T02:47:39.076+0000] {dagbag.py:588} INFO - Filling up the DagBag from /home/airflow/.local/lib/python3.12/site-packages/airflow/example_dags/example_latest_only.py
[2024-10-05T02:47:39.081+0000] {processor.py:925} INFO - DAG(s) 'latest_only' retrieved from /home/airflow/.local/lib/python3.12/site-packages/airflow/example_dags/example_latest_only.py
[2024-10-05T02:47:39.093+0000] {logging_mixin.py:190} INFO - [2024-10-05T02:47:39.092+0000] {dag.py:3239} INFO - Sync 1 DAGs
[2024-10-05T02:47:39.108+0000] {logging_mixin.py:190} INFO - [2024-10-05T02:47:39.108+0000] {dag.py:4180} INFO - Setting next_dagrun for latest_only to 2024-10-04 20:00:00+00:00, run_after=2024-10-05 00:00:00+00:00
[2024-10-05T02:47:39.119+0000] {processor.py:208} INFO - Processing /home/airflow/.local/lib/python3.12/site-packages/airflow/example_dags/example_latest_only.py took 0.048 seconds
[2024-10-05T02:48:09.376+0000] {processor.py:186} INFO - Started process (PID=474) to work on /home/airflow/.local/lib/python3.12/site-packages/airflow/example_dags/example_latest_only.py
[2024-10-05T02:48:09.376+0000] {processor.py:914} INFO - Processing file /home/airflow/.local/lib/python3.12/site-packages/airflow/example_dags/example_latest_only.py for tasks to queue
[2024-10-05T02:48:09.378+0000] {logging_mixin.py:190} INFO - [2024-10-05T02:48:09.378+0000] {dagbag.py:588} INFO - Filling up the DagBag from /home/airflow/.local/lib/python3.12/site-packages/airflow/example_dags/example_latest_only.py
[2024-10-05T02:48:09.383+0000] {processor.py:925} INFO - DAG(s) 'latest_only' retrieved from /home/airflow/.local/lib/python3.12/site-packages/airflow/example_dags/example_latest_only.py
[2024-10-05T02:48:09.397+0000] {logging_mixin.py:190} INFO - [2024-10-05T02:48:09.396+0000] {dag.py:3239} INFO - Sync 1 DAGs
[2024-10-05T02:48:09.412+0000] {logging_mixin.py:190} INFO - [2024-10-05T02:48:09.412+0000] {dag.py:4180} INFO - Setting next_dagrun for latest_only to 2024-10-04 20:00:00+00:00, run_after=2024-10-05 00:00:00+00:00
[2024-10-05T02:48:09.423+0000] {processor.py:208} INFO - Processing /home/airflow/.local/lib/python3.12/site-packages/airflow/example_dags/example_latest_only.py took 0.052 seconds
[2024-10-05T02:48:40.469+0000] {processor.py:186} INFO - Started process (PID=536) to work on /home/airflow/.local/lib/python3.12/site-packages/airflow/example_dags/example_latest_only.py
[2024-10-05T02:48:40.469+0000] {processor.py:914} INFO - Processing file /home/airflow/.local/lib/python3.12/site-packages/airflow/example_dags/example_latest_only.py for tasks to queue
[2024-10-05T02:48:40.471+0000] {logging_mixin.py:190} INFO - [2024-10-05T02:48:40.471+0000] {dagbag.py:588} INFO - Filling up the DagBag from /home/airflow/.local/lib/python3.12/site-packages/airflow/example_dags/example_latest_only.py
[2024-10-05T02:48:40.475+0000] {processor.py:925} INFO - DAG(s) 'latest_only' retrieved from /home/airflow/.local/lib/python3.12/site-packages/airflow/example_dags/example_latest_only.py
[2024-10-05T02:48:40.486+0000] {logging_mixin.py:190} INFO - [2024-10-05T02:48:40.486+0000] {dag.py:3239} INFO - Sync 1 DAGs
[2024-10-05T02:48:40.499+0000] {logging_mixin.py:190} INFO - [2024-10-05T02:48:40.499+0000] {dag.py:4180} INFO - Setting next_dagrun for latest_only to 2024-10-04 20:00:00+00:00, run_after=2024-10-05 00:00:00+00:00
[2024-10-05T02:48:40.509+0000] {processor.py:208} INFO - Processing /home/airflow/.local/lib/python3.12/site-packages/airflow/example_dags/example_latest_only.py took 0.043 seconds
[2024-10-05T02:49:11.433+0000] {processor.py:186} INFO - Started process (PID=598) to work on /home/airflow/.local/lib/python3.12/site-packages/airflow/example_dags/example_latest_only.py
[2024-10-05T02:49:11.433+0000] {processor.py:914} INFO - Processing file /home/airflow/.local/lib/python3.12/site-packages/airflow/example_dags/example_latest_only.py for tasks to queue
[2024-10-05T02:49:11.435+0000] {logging_mixin.py:190} INFO - [2024-10-05T02:49:11.434+0000] {dagbag.py:588} INFO - Filling up the DagBag from /home/airflow/.local/lib/python3.12/site-packages/airflow/example_dags/example_latest_only.py
[2024-10-05T02:49:11.438+0000] {processor.py:925} INFO - DAG(s) 'latest_only' retrieved from /home/airflow/.local/lib/python3.12/site-packages/airflow/example_dags/example_latest_only.py
[2024-10-05T02:49:11.449+0000] {logging_mixin.py:190} INFO - [2024-10-05T02:49:11.449+0000] {dag.py:3239} INFO - Sync 1 DAGs
[2024-10-05T02:49:11.461+0000] {logging_mixin.py:190} INFO - [2024-10-05T02:49:11.461+0000] {dag.py:4180} INFO - Setting next_dagrun for latest_only to 2024-10-04 20:00:00+00:00, run_after=2024-10-05 00:00:00+00:00
[2024-10-05T02:49:11.470+0000] {processor.py:208} INFO - Processing /home/airflow/.local/lib/python3.12/site-packages/airflow/example_dags/example_latest_only.py took 0.040 seconds
[2024-10-05T02:49:41.936+0000] {processor.py:186} INFO - Started process (PID=666) to work on /home/airflow/.local/lib/python3.12/site-packages/airflow/example_dags/example_latest_only.py
[2024-10-05T02:49:41.936+0000] {processor.py:914} INFO - Processing file /home/airflow/.local/lib/python3.12/site-packages/airflow/example_dags/example_latest_only.py for tasks to queue
[2024-10-05T02:49:41.938+0000] {logging_mixin.py:190} INFO - [2024-10-05T02:49:41.937+0000] {dagbag.py:588} INFO - Filling up the DagBag from /home/airflow/.local/lib/python3.12/site-packages/airflow/example_dags/example_latest_only.py
[2024-10-05T02:49:41.942+0000] {processor.py:925} INFO - DAG(s) 'latest_only' retrieved from /home/airflow/.local/lib/python3.12/site-packages/airflow/example_dags/example_latest_only.py
[2024-10-05T02:49:41.952+0000] {logging_mixin.py:190} INFO - [2024-10-05T02:49:41.952+0000] {dag.py:3239} INFO - Sync 1 DAGs
[2024-10-05T02:49:41.965+0000] {logging_mixin.py:190} INFO - [2024-10-05T02:49:41.965+0000] {dag.py:4180} INFO - Setting next_dagrun for latest_only to 2024-10-04 20:00:00+00:00, run_after=2024-10-05 00:00:00+00:00
[2024-10-05T02:49:41.975+0000] {processor.py:208} INFO - Processing /home/airflow/.local/lib/python3.12/site-packages/airflow/example_dags/example_latest_only.py took 0.042 seconds
[2024-10-05T02:50:12.498+0000] {processor.py:186} INFO - Started process (PID=748) to work on /home/airflow/.local/lib/python3.12/site-packages/airflow/example_dags/example_latest_only.py
[2024-10-05T02:50:12.498+0000] {processor.py:914} INFO - Processing file /home/airflow/.local/lib/python3.12/site-packages/airflow/example_dags/example_latest_only.py for tasks to queue
[2024-10-05T02:50:12.499+0000] {logging_mixin.py:190} INFO - [2024-10-05T02:50:12.499+0000] {dagbag.py:588} INFO - Filling up the DagBag from /home/airflow/.local/lib/python3.12/site-packages/airflow/example_dags/example_latest_only.py
[2024-10-05T02:50:12.503+0000] {processor.py:925} INFO - DAG(s) 'latest_only' retrieved from /home/airflow/.local/lib/python3.12/site-packages/airflow/example_dags/example_latest_only.py
[2024-10-05T02:50:12.514+0000] {logging_mixin.py:190} INFO - [2024-10-05T02:50:12.513+0000] {dag.py:3239} INFO - Sync 1 DAGs
[2024-10-05T02:50:12.527+0000] {logging_mixin.py:190} INFO - [2024-10-05T02:50:12.526+0000] {dag.py:4180} INFO - Setting next_dagrun for latest_only to 2024-10-04 20:00:00+00:00, run_after=2024-10-05 00:00:00+00:00
[2024-10-05T02:50:12.536+0000] {processor.py:208} INFO - Processing /home/airflow/.local/lib/python3.12/site-packages/airflow/example_dags/example_latest_only.py took 0.041 seconds
[2024-10-05T02:50:42.988+0000] {processor.py:186} INFO - Started process (PID=810) to work on /home/airflow/.local/lib/python3.12/site-packages/airflow/example_dags/example_latest_only.py
[2024-10-05T02:50:42.989+0000] {processor.py:914} INFO - Processing file /home/airflow/.local/lib/python3.12/site-packages/airflow/example_dags/example_latest_only.py for tasks to queue
[2024-10-05T02:50:42.990+0000] {logging_mixin.py:190} INFO - [2024-10-05T02:50:42.990+0000] {dagbag.py:588} INFO - Filling up the DagBag from /home/airflow/.local/lib/python3.12/site-packages/airflow/example_dags/example_latest_only.py
[2024-10-05T02:50:42.994+0000] {processor.py:925} INFO - DAG(s) 'latest_only' retrieved from /home/airflow/.local/lib/python3.12/site-packages/airflow/example_dags/example_latest_only.py
[2024-10-05T02:50:43.004+0000] {logging_mixin.py:190} INFO - [2024-10-05T02:50:43.004+0000] {dag.py:3239} INFO - Sync 1 DAGs
[2024-10-05T02:50:43.017+0000] {logging_mixin.py:190} INFO - [2024-10-05T02:50:43.017+0000] {dag.py:4180} INFO - Setting next_dagrun for latest_only to 2024-10-04 20:00:00+00:00, run_after=2024-10-05 00:00:00+00:00
[2024-10-05T02:50:43.026+0000] {processor.py:208} INFO - Processing /home/airflow/.local/lib/python3.12/site-packages/airflow/example_dags/example_latest_only.py took 0.041 seconds
[2024-10-05T02:51:13.535+0000] {processor.py:186} INFO - Started process (PID=873) to work on /home/airflow/.local/lib/python3.12/site-packages/airflow/example_dags/example_latest_only.py
[2024-10-05T02:51:13.535+0000] {processor.py:914} INFO - Processing file /home/airflow/.local/lib/python3.12/site-packages/airflow/example_dags/example_latest_only.py for tasks to queue
[2024-10-05T02:51:13.536+0000] {logging_mixin.py:190} INFO - [2024-10-05T02:51:13.536+0000] {dagbag.py:588} INFO - Filling up the DagBag from /home/airflow/.local/lib/python3.12/site-packages/airflow/example_dags/example_latest_only.py
[2024-10-05T02:51:13.540+0000] {processor.py:925} INFO - DAG(s) 'latest_only' retrieved from /home/airflow/.local/lib/python3.12/site-packages/airflow/example_dags/example_latest_only.py
[2024-10-05T02:51:13.550+0000] {logging_mixin.py:190} INFO - [2024-10-05T02:51:13.550+0000] {dag.py:3239} INFO - Sync 1 DAGs
[2024-10-05T02:51:13.563+0000] {logging_mixin.py:190} INFO - [2024-10-05T02:51:13.563+0000] {dag.py:4180} INFO - Setting next_dagrun for latest_only to 2024-10-04 20:00:00+00:00, run_after=2024-10-05 00:00:00+00:00
[2024-10-05T02:51:13.574+0000] {processor.py:208} INFO - Processing /home/airflow/.local/lib/python3.12/site-packages/airflow/example_dags/example_latest_only.py took 0.042 seconds
[2024-10-05T02:51:43.973+0000] {processor.py:186} INFO - Started process (PID=935) to work on /home/airflow/.local/lib/python3.12/site-packages/airflow/example_dags/example_latest_only.py
[2024-10-05T02:51:43.974+0000] {processor.py:914} INFO - Processing file /home/airflow/.local/lib/python3.12/site-packages/airflow/example_dags/example_latest_only.py for tasks to queue
[2024-10-05T02:51:43.975+0000] {logging_mixin.py:190} INFO - [2024-10-05T02:51:43.975+0000] {dagbag.py:588} INFO - Filling up the DagBag from /home/airflow/.local/lib/python3.12/site-packages/airflow/example_dags/example_latest_only.py
[2024-10-05T02:51:43.978+0000] {processor.py:925} INFO - DAG(s) 'latest_only' retrieved from /home/airflow/.local/lib/python3.12/site-packages/airflow/example_dags/example_latest_only.py
[2024-10-05T02:51:43.988+0000] {logging_mixin.py:190} INFO - [2024-10-05T02:51:43.988+0000] {dag.py:3239} INFO - Sync 1 DAGs
[2024-10-05T02:51:44.001+0000] {logging_mixin.py:190} INFO - [2024-10-05T02:51:44.001+0000] {dag.py:4180} INFO - Setting next_dagrun for latest_only to 2024-10-04 20:00:00+00:00, run_after=2024-10-05 00:00:00+00:00
[2024-10-05T02:51:44.010+0000] {processor.py:208} INFO - Processing /home/airflow/.local/lib/python3.12/site-packages/airflow/example_dags/example_latest_only.py took 0.040 seconds
[2024-10-05T02:52:14.604+0000] {processor.py:186} INFO - Started process (PID=997) to work on /home/airflow/.local/lib/python3.12/site-packages/airflow/example_dags/example_latest_only.py
[2024-10-05T02:52:14.604+0000] {processor.py:914} INFO - Processing file /home/airflow/.local/lib/python3.12/site-packages/airflow/example_dags/example_latest_only.py for tasks to queue
[2024-10-05T02:52:14.606+0000] {logging_mixin.py:190} INFO - [2024-10-05T02:52:14.605+0000] {dagbag.py:588} INFO - Filling up the DagBag from /home/airflow/.local/lib/python3.12/site-packages/airflow/example_dags/example_latest_only.py
[2024-10-05T02:52:14.609+0000] {processor.py:925} INFO - DAG(s) 'latest_only' retrieved from /home/airflow/.local/lib/python3.12/site-packages/airflow/example_dags/example_latest_only.py
[2024-10-05T02:52:14.620+0000] {logging_mixin.py:190} INFO - [2024-10-05T02:52:14.619+0000] {dag.py:3239} INFO - Sync 1 DAGs
[2024-10-05T02:52:14.632+0000] {logging_mixin.py:190} INFO - [2024-10-05T02:52:14.632+0000] {dag.py:4180} INFO - Setting next_dagrun for latest_only to 2024-10-04 20:00:00+00:00, run_after=2024-10-05 00:00:00+00:00
[2024-10-05T02:52:14.642+0000] {processor.py:208} INFO - Processing /home/airflow/.local/lib/python3.12/site-packages/airflow/example_dags/example_latest_only.py took 0.041 seconds
[2024-10-05T02:52:45.427+0000] {processor.py:186} INFO - Started process (PID=1059) to work on /home/airflow/.local/lib/python3.12/site-packages/airflow/example_dags/example_latest_only.py
[2024-10-05T02:52:45.428+0000] {processor.py:914} INFO - Processing file /home/airflow/.local/lib/python3.12/site-packages/airflow/example_dags/example_latest_only.py for tasks to queue
[2024-10-05T02:52:45.429+0000] {logging_mixin.py:190} INFO - [2024-10-05T02:52:45.429+0000] {dagbag.py:588} INFO - Filling up the DagBag from /home/airflow/.local/lib/python3.12/site-packages/airflow/example_dags/example_latest_only.py
[2024-10-05T02:52:45.433+0000] {processor.py:925} INFO - DAG(s) 'latest_only' retrieved from /home/airflow/.local/lib/python3.12/site-packages/airflow/example_dags/example_latest_only.py
[2024-10-05T02:52:45.443+0000] {logging_mixin.py:190} INFO - [2024-10-05T02:52:45.443+0000] {dag.py:3239} INFO - Sync 1 DAGs
[2024-10-05T02:52:45.455+0000] {logging_mixin.py:190} INFO - [2024-10-05T02:52:45.455+0000] {dag.py:4180} INFO - Setting next_dagrun for latest_only to 2024-10-04 20:00:00+00:00, run_after=2024-10-05 00:00:00+00:00
[2024-10-05T02:52:45.465+0000] {processor.py:208} INFO - Processing /home/airflow/.local/lib/python3.12/site-packages/airflow/example_dags/example_latest_only.py took 0.041 seconds
[2024-10-05T02:53:16.288+0000] {processor.py:186} INFO - Started process (PID=1121) to work on /home/airflow/.local/lib/python3.12/site-packages/airflow/example_dags/example_latest_only.py
[2024-10-05T02:53:16.289+0000] {processor.py:914} INFO - Processing file /home/airflow/.local/lib/python3.12/site-packages/airflow/example_dags/example_latest_only.py for tasks to queue
[2024-10-05T02:53:16.290+0000] {logging_mixin.py:190} INFO - [2024-10-05T02:53:16.290+0000] {dagbag.py:588} INFO - Filling up the DagBag from /home/airflow/.local/lib/python3.12/site-packages/airflow/example_dags/example_latest_only.py
[2024-10-05T02:53:16.294+0000] {processor.py:925} INFO - DAG(s) 'latest_only' retrieved from /home/airflow/.local/lib/python3.12/site-packages/airflow/example_dags/example_latest_only.py
[2024-10-05T02:53:16.304+0000] {logging_mixin.py:190} INFO - [2024-10-05T02:53:16.304+0000] {dag.py:3239} INFO - Sync 1 DAGs
[2024-10-05T02:53:16.316+0000] {logging_mixin.py:190} INFO - [2024-10-05T02:53:16.316+0000] {dag.py:4180} INFO - Setting next_dagrun for latest_only to 2024-10-04 20:00:00+00:00, run_after=2024-10-05 00:00:00+00:00
[2024-10-05T02:53:16.325+0000] {processor.py:208} INFO - Processing /home/airflow/.local/lib/python3.12/site-packages/airflow/example_dags/example_latest_only.py took 0.040 seconds
[2024-10-05T02:53:47.034+0000] {processor.py:186} INFO - Started process (PID=1183) to work on /home/airflow/.local/lib/python3.12/site-packages/airflow/example_dags/example_latest_only.py
[2024-10-05T02:53:47.035+0000] {processor.py:914} INFO - Processing file /home/airflow/.local/lib/python3.12/site-packages/airflow/example_dags/example_latest_only.py for tasks to queue
[2024-10-05T02:53:47.036+0000] {logging_mixin.py:190} INFO - [2024-10-05T02:53:47.036+0000] {dagbag.py:588} INFO - Filling up the DagBag from /home/airflow/.local/lib/python3.12/site-packages/airflow/example_dags/example_latest_only.py
[2024-10-05T02:53:47.040+0000] {processor.py:925} INFO - DAG(s) 'latest_only' retrieved from /home/airflow/.local/lib/python3.12/site-packages/airflow/example_dags/example_latest_only.py
[2024-10-05T02:53:47.051+0000] {logging_mixin.py:190} INFO - [2024-10-05T02:53:47.050+0000] {dag.py:3239} INFO - Sync 1 DAGs
[2024-10-05T02:53:47.063+0000] {logging_mixin.py:190} INFO - [2024-10-05T02:53:47.063+0000] {dag.py:4180} INFO - Setting next_dagrun for latest_only to 2024-10-04 20:00:00+00:00, run_after=2024-10-05 00:00:00+00:00
[2024-10-05T02:53:47.072+0000] {processor.py:208} INFO - Processing /home/airflow/.local/lib/python3.12/site-packages/airflow/example_dags/example_latest_only.py took 0.041 seconds
[2024-10-05T02:54:18.089+0000] {processor.py:186} INFO - Started process (PID=1246) to work on /home/airflow/.local/lib/python3.12/site-packages/airflow/example_dags/example_latest_only.py
[2024-10-05T02:54:18.090+0000] {processor.py:914} INFO - Processing file /home/airflow/.local/lib/python3.12/site-packages/airflow/example_dags/example_latest_only.py for tasks to queue
[2024-10-05T02:54:18.091+0000] {logging_mixin.py:190} INFO - [2024-10-05T02:54:18.091+0000] {dagbag.py:588} INFO - Filling up the DagBag from /home/airflow/.local/lib/python3.12/site-packages/airflow/example_dags/example_latest_only.py
[2024-10-05T02:54:18.095+0000] {processor.py:925} INFO - DAG(s) 'latest_only' retrieved from /home/airflow/.local/lib/python3.12/site-packages/airflow/example_dags/example_latest_only.py
[2024-10-05T02:54:18.105+0000] {logging_mixin.py:190} INFO - [2024-10-05T02:54:18.105+0000] {dag.py:3239} INFO - Sync 1 DAGs
[2024-10-05T02:54:18.118+0000] {logging_mixin.py:190} INFO - [2024-10-05T02:54:18.118+0000] {dag.py:4180} INFO - Setting next_dagrun for latest_only to 2024-10-04 20:00:00+00:00, run_after=2024-10-05 00:00:00+00:00
[2024-10-05T02:54:18.127+0000] {processor.py:208} INFO - Processing /home/airflow/.local/lib/python3.12/site-packages/airflow/example_dags/example_latest_only.py took 0.041 seconds
[2024-10-05T02:54:48.364+0000] {processor.py:186} INFO - Started process (PID=1308) to work on /home/airflow/.local/lib/python3.12/site-packages/airflow/example_dags/example_latest_only.py
[2024-10-05T02:54:48.364+0000] {processor.py:914} INFO - Processing file /home/airflow/.local/lib/python3.12/site-packages/airflow/example_dags/example_latest_only.py for tasks to queue
[2024-10-05T02:54:48.366+0000] {logging_mixin.py:190} INFO - [2024-10-05T02:54:48.365+0000] {dagbag.py:588} INFO - Filling up the DagBag from /home/airflow/.local/lib/python3.12/site-packages/airflow/example_dags/example_latest_only.py
[2024-10-05T02:54:48.369+0000] {processor.py:925} INFO - DAG(s) 'latest_only' retrieved from /home/airflow/.local/lib/python3.12/site-packages/airflow/example_dags/example_latest_only.py
[2024-10-05T02:54:48.380+0000] {logging_mixin.py:190} INFO - [2024-10-05T02:54:48.380+0000] {dag.py:3239} INFO - Sync 1 DAGs
[2024-10-05T02:54:48.393+0000] {logging_mixin.py:190} INFO - [2024-10-05T02:54:48.393+0000] {dag.py:4180} INFO - Setting next_dagrun for latest_only to 2024-10-04 20:00:00+00:00, run_after=2024-10-05 00:00:00+00:00
[2024-10-05T02:54:48.403+0000] {processor.py:208} INFO - Processing /home/airflow/.local/lib/python3.12/site-packages/airflow/example_dags/example_latest_only.py took 0.042 seconds
[2024-10-05T02:55:18.888+0000] {processor.py:186} INFO - Started process (PID=1376) to work on /home/airflow/.local/lib/python3.12/site-packages/airflow/example_dags/example_latest_only.py
[2024-10-05T02:55:18.889+0000] {processor.py:914} INFO - Processing file /home/airflow/.local/lib/python3.12/site-packages/airflow/example_dags/example_latest_only.py for tasks to queue
[2024-10-05T02:55:18.890+0000] {logging_mixin.py:190} INFO - [2024-10-05T02:55:18.890+0000] {dagbag.py:588} INFO - Filling up the DagBag from /home/airflow/.local/lib/python3.12/site-packages/airflow/example_dags/example_latest_only.py
[2024-10-05T02:55:18.894+0000] {processor.py:925} INFO - DAG(s) 'latest_only' retrieved from /home/airflow/.local/lib/python3.12/site-packages/airflow/example_dags/example_latest_only.py
[2024-10-05T02:55:18.904+0000] {logging_mixin.py:190} INFO - [2024-10-05T02:55:18.904+0000] {dag.py:3239} INFO - Sync 1 DAGs
[2024-10-05T02:55:18.917+0000] {logging_mixin.py:190} INFO - [2024-10-05T02:55:18.916+0000] {dag.py:4180} INFO - Setting next_dagrun for latest_only to 2024-10-04 20:00:00+00:00, run_after=2024-10-05 00:00:00+00:00
[2024-10-05T02:55:18.926+0000] {processor.py:208} INFO - Processing /home/airflow/.local/lib/python3.12/site-packages/airflow/example_dags/example_latest_only.py took 0.041 seconds
[2024-10-05T02:55:49.940+0000] {processor.py:186} INFO - Started process (PID=1438) to work on /home/airflow/.local/lib/python3.12/site-packages/airflow/example_dags/example_latest_only.py
[2024-10-05T02:55:49.941+0000] {processor.py:914} INFO - Processing file /home/airflow/.local/lib/python3.12/site-packages/airflow/example_dags/example_latest_only.py for tasks to queue
[2024-10-05T02:55:49.942+0000] {logging_mixin.py:190} INFO - [2024-10-05T02:55:49.942+0000] {dagbag.py:588} INFO - Filling up the DagBag from /home/airflow/.local/lib/python3.12/site-packages/airflow/example_dags/example_latest_only.py
[2024-10-05T02:55:49.946+0000] {processor.py:925} INFO - DAG(s) 'latest_only' retrieved from /home/airflow/.local/lib/python3.12/site-packages/airflow/example_dags/example_latest_only.py
[2024-10-05T02:55:49.955+0000] {logging_mixin.py:190} INFO - [2024-10-05T02:55:49.955+0000] {dag.py:3239} INFO - Sync 1 DAGs
[2024-10-05T02:55:49.968+0000] {logging_mixin.py:190} INFO - [2024-10-05T02:55:49.968+0000] {dag.py:4180} INFO - Setting next_dagrun for latest_only to 2024-10-04 20:00:00+00:00, run_after=2024-10-05 00:00:00+00:00
[2024-10-05T02:55:49.977+0000] {processor.py:208} INFO - Processing /home/airflow/.local/lib/python3.12/site-packages/airflow/example_dags/example_latest_only.py took 0.040 seconds
[2024-10-05T02:56:20.191+0000] {processor.py:186} INFO - Started process (PID=1500) to work on /home/airflow/.local/lib/python3.12/site-packages/airflow/example_dags/example_latest_only.py
[2024-10-05T02:56:20.191+0000] {processor.py:914} INFO - Processing file /home/airflow/.local/lib/python3.12/site-packages/airflow/example_dags/example_latest_only.py for tasks to queue
[2024-10-05T02:56:20.192+0000] {logging_mixin.py:190} INFO - [2024-10-05T02:56:20.192+0000] {dagbag.py:588} INFO - Filling up the DagBag from /home/airflow/.local/lib/python3.12/site-packages/airflow/example_dags/example_latest_only.py
[2024-10-05T02:56:20.196+0000] {processor.py:925} INFO - DAG(s) 'latest_only' retrieved from /home/airflow/.local/lib/python3.12/site-packages/airflow/example_dags/example_latest_only.py
[2024-10-05T02:56:20.206+0000] {logging_mixin.py:190} INFO - [2024-10-05T02:56:20.206+0000] {dag.py:3239} INFO - Sync 1 DAGs
[2024-10-05T02:56:20.219+0000] {logging_mixin.py:190} INFO - [2024-10-05T02:56:20.219+0000] {dag.py:4180} INFO - Setting next_dagrun for latest_only to 2024-10-04 20:00:00+00:00, run_after=2024-10-05 00:00:00+00:00
[2024-10-05T02:56:20.228+0000] {processor.py:208} INFO - Processing /home/airflow/.local/lib/python3.12/site-packages/airflow/example_dags/example_latest_only.py took 0.041 seconds
[2024-10-05T02:56:50.579+0000] {processor.py:186} INFO - Started process (PID=1562) to work on /home/airflow/.local/lib/python3.12/site-packages/airflow/example_dags/example_latest_only.py
[2024-10-05T02:56:50.580+0000] {processor.py:914} INFO - Processing file /home/airflow/.local/lib/python3.12/site-packages/airflow/example_dags/example_latest_only.py for tasks to queue
[2024-10-05T02:56:50.583+0000] {logging_mixin.py:190} INFO - [2024-10-05T02:56:50.582+0000] {dagbag.py:588} INFO - Filling up the DagBag from /home/airflow/.local/lib/python3.12/site-packages/airflow/example_dags/example_latest_only.py
[2024-10-05T02:56:50.588+0000] {processor.py:925} INFO - DAG(s) 'latest_only' retrieved from /home/airflow/.local/lib/python3.12/site-packages/airflow/example_dags/example_latest_only.py
[2024-10-05T02:56:50.603+0000] {logging_mixin.py:190} INFO - [2024-10-05T02:56:50.603+0000] {dag.py:3239} INFO - Sync 1 DAGs
[2024-10-05T02:56:50.619+0000] {logging_mixin.py:190} INFO - [2024-10-05T02:56:50.619+0000] {dag.py:4180} INFO - Setting next_dagrun for latest_only to 2024-10-04 20:00:00+00:00, run_after=2024-10-05 00:00:00+00:00
[2024-10-05T02:56:50.633+0000] {processor.py:208} INFO - Processing /home/airflow/.local/lib/python3.12/site-packages/airflow/example_dags/example_latest_only.py took 0.057 seconds
