[2024-10-05T02:15:05.502+0000] {processor.py:186} INFO - Started process (PID=77) to work on /home/airflow/.local/lib/python3.12/site-packages/airflow/example_dags/example_branch_operator.py
[2024-10-05T02:15:05.502+0000] {processor.py:914} INFO - Processing file /home/airflow/.local/lib/python3.12/site-packages/airflow/example_dags/example_branch_operator.py for tasks to queue
[2024-10-05T02:15:05.503+0000] {logging_mixin.py:190} INFO - [2024-10-05T02:15:05.503+0000] {dagbag.py:588} INFO - Filling up the DagBag from /home/airflow/.local/lib/python3.12/site-packages/airflow/example_dags/example_branch_operator.py
[2024-10-05T02:15:05.515+0000] {processor.py:925} INFO - DAG(s) 'example_branch_operator' retrieved from /home/airflow/.local/lib/python3.12/site-packages/airflow/example_dags/example_branch_operator.py
[2024-10-05T02:15:05.587+0000] {logging_mixin.py:190} INFO - [2024-10-05T02:15:05.587+0000] {dag.py:3239} INFO - Sync 1 DAGs
[2024-10-05T02:15:05.601+0000] {logging_mixin.py:190} INFO - [2024-10-05T02:15:05.601+0000] {dag.py:4180} INFO - Setting next_dagrun for example_branch_operator to 2024-10-04 00:00:00+00:00, run_after=2024-10-05 00:00:00+00:00
[2024-10-05T02:15:05.612+0000] {processor.py:208} INFO - Processing /home/airflow/.local/lib/python3.12/site-packages/airflow/example_dags/example_branch_operator.py took 0.114 seconds
[2024-10-05T02:15:35.932+0000] {processor.py:186} INFO - Started process (PID=146) to work on /home/airflow/.local/lib/python3.12/site-packages/airflow/example_dags/example_branch_operator.py
[2024-10-05T02:15:35.932+0000] {processor.py:914} INFO - Processing file /home/airflow/.local/lib/python3.12/site-packages/airflow/example_dags/example_branch_operator.py for tasks to queue
[2024-10-05T02:15:35.934+0000] {logging_mixin.py:190} INFO - [2024-10-05T02:15:35.934+0000] {dagbag.py:588} INFO - Filling up the DagBag from /home/airflow/.local/lib/python3.12/site-packages/airflow/example_dags/example_branch_operator.py
[2024-10-05T02:15:35.944+0000] {processor.py:925} INFO - DAG(s) 'example_branch_operator' retrieved from /home/airflow/.local/lib/python3.12/site-packages/airflow/example_dags/example_branch_operator.py
[2024-10-05T02:15:35.962+0000] {logging_mixin.py:190} INFO - [2024-10-05T02:15:35.962+0000] {dag.py:3239} INFO - Sync 1 DAGs
[2024-10-05T02:15:35.977+0000] {logging_mixin.py:190} INFO - [2024-10-05T02:15:35.977+0000] {dag.py:4180} INFO - Setting next_dagrun for example_branch_operator to 2024-10-04 00:00:00+00:00, run_after=2024-10-05 00:00:00+00:00
[2024-10-05T02:15:35.988+0000] {processor.py:208} INFO - Processing /home/airflow/.local/lib/python3.12/site-packages/airflow/example_dags/example_branch_operator.py took 0.060 seconds
[2024-10-05T02:16:06.709+0000] {processor.py:186} INFO - Started process (PID=207) to work on /home/airflow/.local/lib/python3.12/site-packages/airflow/example_dags/example_branch_operator.py
[2024-10-05T02:16:06.710+0000] {processor.py:914} INFO - Processing file /home/airflow/.local/lib/python3.12/site-packages/airflow/example_dags/example_branch_operator.py for tasks to queue
[2024-10-05T02:16:06.711+0000] {logging_mixin.py:190} INFO - [2024-10-05T02:16:06.711+0000] {dagbag.py:588} INFO - Filling up the DagBag from /home/airflow/.local/lib/python3.12/site-packages/airflow/example_dags/example_branch_operator.py
[2024-10-05T02:16:06.722+0000] {processor.py:925} INFO - DAG(s) 'example_branch_operator' retrieved from /home/airflow/.local/lib/python3.12/site-packages/airflow/example_dags/example_branch_operator.py
[2024-10-05T02:16:06.739+0000] {logging_mixin.py:190} INFO - [2024-10-05T02:16:06.739+0000] {dag.py:3239} INFO - Sync 1 DAGs
[2024-10-05T02:16:06.753+0000] {logging_mixin.py:190} INFO - [2024-10-05T02:16:06.753+0000] {dag.py:4180} INFO - Setting next_dagrun for example_branch_operator to 2024-10-04 00:00:00+00:00, run_after=2024-10-05 00:00:00+00:00
[2024-10-05T02:16:06.765+0000] {processor.py:208} INFO - Processing /home/airflow/.local/lib/python3.12/site-packages/airflow/example_dags/example_branch_operator.py took 0.059 seconds
[2024-10-05T02:16:37.263+0000] {processor.py:186} INFO - Started process (PID=269) to work on /home/airflow/.local/lib/python3.12/site-packages/airflow/example_dags/example_branch_operator.py
[2024-10-05T02:16:37.264+0000] {processor.py:914} INFO - Processing file /home/airflow/.local/lib/python3.12/site-packages/airflow/example_dags/example_branch_operator.py for tasks to queue
[2024-10-05T02:16:37.265+0000] {logging_mixin.py:190} INFO - [2024-10-05T02:16:37.265+0000] {dagbag.py:588} INFO - Filling up the DagBag from /home/airflow/.local/lib/python3.12/site-packages/airflow/example_dags/example_branch_operator.py
[2024-10-05T02:16:37.275+0000] {processor.py:925} INFO - DAG(s) 'example_branch_operator' retrieved from /home/airflow/.local/lib/python3.12/site-packages/airflow/example_dags/example_branch_operator.py
[2024-10-05T02:16:37.291+0000] {logging_mixin.py:190} INFO - [2024-10-05T02:16:37.291+0000] {dag.py:3239} INFO - Sync 1 DAGs
[2024-10-05T02:16:37.304+0000] {logging_mixin.py:190} INFO - [2024-10-05T02:16:37.304+0000] {dag.py:4180} INFO - Setting next_dagrun for example_branch_operator to 2024-10-04 00:00:00+00:00, run_after=2024-10-05 00:00:00+00:00
[2024-10-05T02:16:37.313+0000] {processor.py:208} INFO - Processing /home/airflow/.local/lib/python3.12/site-packages/airflow/example_dags/example_branch_operator.py took 0.054 seconds
[2024-10-05T02:17:08.278+0000] {processor.py:186} INFO - Started process (PID=331) to work on /home/airflow/.local/lib/python3.12/site-packages/airflow/example_dags/example_branch_operator.py
[2024-10-05T02:17:08.278+0000] {processor.py:914} INFO - Processing file /home/airflow/.local/lib/python3.12/site-packages/airflow/example_dags/example_branch_operator.py for tasks to queue
[2024-10-05T02:17:08.280+0000] {logging_mixin.py:190} INFO - [2024-10-05T02:17:08.279+0000] {dagbag.py:588} INFO - Filling up the DagBag from /home/airflow/.local/lib/python3.12/site-packages/airflow/example_dags/example_branch_operator.py
[2024-10-05T02:17:08.290+0000] {processor.py:925} INFO - DAG(s) 'example_branch_operator' retrieved from /home/airflow/.local/lib/python3.12/site-packages/airflow/example_dags/example_branch_operator.py
[2024-10-05T02:17:08.305+0000] {logging_mixin.py:190} INFO - [2024-10-05T02:17:08.305+0000] {dag.py:3239} INFO - Sync 1 DAGs
[2024-10-05T02:17:08.318+0000] {logging_mixin.py:190} INFO - [2024-10-05T02:17:08.318+0000] {dag.py:4180} INFO - Setting next_dagrun for example_branch_operator to 2024-10-04 00:00:00+00:00, run_after=2024-10-05 00:00:00+00:00
[2024-10-05T02:17:08.328+0000] {processor.py:208} INFO - Processing /home/airflow/.local/lib/python3.12/site-packages/airflow/example_dags/example_branch_operator.py took 0.053 seconds
[2024-10-05T02:17:39.202+0000] {processor.py:186} INFO - Started process (PID=393) to work on /home/airflow/.local/lib/python3.12/site-packages/airflow/example_dags/example_branch_operator.py
[2024-10-05T02:17:39.202+0000] {processor.py:914} INFO - Processing file /home/airflow/.local/lib/python3.12/site-packages/airflow/example_dags/example_branch_operator.py for tasks to queue
[2024-10-05T02:17:39.204+0000] {logging_mixin.py:190} INFO - [2024-10-05T02:17:39.204+0000] {dagbag.py:588} INFO - Filling up the DagBag from /home/airflow/.local/lib/python3.12/site-packages/airflow/example_dags/example_branch_operator.py
[2024-10-05T02:17:39.214+0000] {processor.py:925} INFO - DAG(s) 'example_branch_operator' retrieved from /home/airflow/.local/lib/python3.12/site-packages/airflow/example_dags/example_branch_operator.py
[2024-10-05T02:17:39.229+0000] {logging_mixin.py:190} INFO - [2024-10-05T02:17:39.229+0000] {dag.py:3239} INFO - Sync 1 DAGs
[2024-10-05T02:17:39.243+0000] {logging_mixin.py:190} INFO - [2024-10-05T02:17:39.242+0000] {dag.py:4180} INFO - Setting next_dagrun for example_branch_operator to 2024-10-04 00:00:00+00:00, run_after=2024-10-05 00:00:00+00:00
[2024-10-05T02:17:39.252+0000] {processor.py:208} INFO - Processing /home/airflow/.local/lib/python3.12/site-packages/airflow/example_dags/example_branch_operator.py took 0.054 seconds
[2024-10-05T02:18:09.618+0000] {processor.py:186} INFO - Started process (PID=455) to work on /home/airflow/.local/lib/python3.12/site-packages/airflow/example_dags/example_branch_operator.py
[2024-10-05T02:18:09.619+0000] {processor.py:914} INFO - Processing file /home/airflow/.local/lib/python3.12/site-packages/airflow/example_dags/example_branch_operator.py for tasks to queue
[2024-10-05T02:18:09.620+0000] {logging_mixin.py:190} INFO - [2024-10-05T02:18:09.620+0000] {dagbag.py:588} INFO - Filling up the DagBag from /home/airflow/.local/lib/python3.12/site-packages/airflow/example_dags/example_branch_operator.py
[2024-10-05T02:18:09.631+0000] {processor.py:925} INFO - DAG(s) 'example_branch_operator' retrieved from /home/airflow/.local/lib/python3.12/site-packages/airflow/example_dags/example_branch_operator.py
[2024-10-05T02:18:09.647+0000] {logging_mixin.py:190} INFO - [2024-10-05T02:18:09.647+0000] {dag.py:3239} INFO - Sync 1 DAGs
[2024-10-05T02:18:09.660+0000] {logging_mixin.py:190} INFO - [2024-10-05T02:18:09.660+0000] {dag.py:4180} INFO - Setting next_dagrun for example_branch_operator to 2024-10-04 00:00:00+00:00, run_after=2024-10-05 00:00:00+00:00
[2024-10-05T02:18:09.669+0000] {processor.py:208} INFO - Processing /home/airflow/.local/lib/python3.12/site-packages/airflow/example_dags/example_branch_operator.py took 0.054 seconds
[2024-10-05T02:18:39.920+0000] {processor.py:186} INFO - Started process (PID=517) to work on /home/airflow/.local/lib/python3.12/site-packages/airflow/example_dags/example_branch_operator.py
[2024-10-05T02:18:39.920+0000] {processor.py:914} INFO - Processing file /home/airflow/.local/lib/python3.12/site-packages/airflow/example_dags/example_branch_operator.py for tasks to queue
[2024-10-05T02:18:39.922+0000] {logging_mixin.py:190} INFO - [2024-10-05T02:18:39.922+0000] {dagbag.py:588} INFO - Filling up the DagBag from /home/airflow/.local/lib/python3.12/site-packages/airflow/example_dags/example_branch_operator.py
[2024-10-05T02:18:39.932+0000] {processor.py:925} INFO - DAG(s) 'example_branch_operator' retrieved from /home/airflow/.local/lib/python3.12/site-packages/airflow/example_dags/example_branch_operator.py
[2024-10-05T02:18:39.948+0000] {logging_mixin.py:190} INFO - [2024-10-05T02:18:39.948+0000] {dag.py:3239} INFO - Sync 1 DAGs
[2024-10-05T02:18:39.962+0000] {logging_mixin.py:190} INFO - [2024-10-05T02:18:39.962+0000] {dag.py:4180} INFO - Setting next_dagrun for example_branch_operator to 2024-10-04 00:00:00+00:00, run_after=2024-10-05 00:00:00+00:00
[2024-10-05T02:18:39.973+0000] {processor.py:208} INFO - Processing /home/airflow/.local/lib/python3.12/site-packages/airflow/example_dags/example_branch_operator.py took 0.056 seconds
[2024-10-05T02:45:05.711+0000] {processor.py:186} INFO - Started process (PID=70) to work on /home/airflow/.local/lib/python3.12/site-packages/airflow/example_dags/example_branch_operator.py
[2024-10-05T02:45:05.712+0000] {processor.py:914} INFO - Processing file /home/airflow/.local/lib/python3.12/site-packages/airflow/example_dags/example_branch_operator.py for tasks to queue
[2024-10-05T02:45:05.713+0000] {logging_mixin.py:190} INFO - [2024-10-05T02:45:05.713+0000] {dagbag.py:588} INFO - Filling up the DagBag from /home/airflow/.local/lib/python3.12/site-packages/airflow/example_dags/example_branch_operator.py
[2024-10-05T02:45:05.723+0000] {processor.py:925} INFO - DAG(s) 'example_branch_operator' retrieved from /home/airflow/.local/lib/python3.12/site-packages/airflow/example_dags/example_branch_operator.py
[2024-10-05T02:45:05.790+0000] {logging_mixin.py:190} INFO - [2024-10-05T02:45:05.789+0000] {dag.py:3239} INFO - Sync 1 DAGs
[2024-10-05T02:45:05.802+0000] {logging_mixin.py:190} INFO - [2024-10-05T02:45:05.801+0000] {dag.py:4180} INFO - Setting next_dagrun for example_branch_operator to 2024-10-04 00:00:00+00:00, run_after=2024-10-05 00:00:00+00:00
[2024-10-05T02:45:05.812+0000] {processor.py:208} INFO - Processing /home/airflow/.local/lib/python3.12/site-packages/airflow/example_dags/example_branch_operator.py took 0.104 seconds
[2024-10-05T02:45:36.138+0000] {processor.py:186} INFO - Started process (PID=139) to work on /home/airflow/.local/lib/python3.12/site-packages/airflow/example_dags/example_branch_operator.py
[2024-10-05T02:45:36.138+0000] {processor.py:914} INFO - Processing file /home/airflow/.local/lib/python3.12/site-packages/airflow/example_dags/example_branch_operator.py for tasks to queue
[2024-10-05T02:45:36.139+0000] {logging_mixin.py:190} INFO - [2024-10-05T02:45:36.139+0000] {dagbag.py:588} INFO - Filling up the DagBag from /home/airflow/.local/lib/python3.12/site-packages/airflow/example_dags/example_branch_operator.py
[2024-10-05T02:45:36.149+0000] {processor.py:925} INFO - DAG(s) 'example_branch_operator' retrieved from /home/airflow/.local/lib/python3.12/site-packages/airflow/example_dags/example_branch_operator.py
[2024-10-05T02:45:36.164+0000] {logging_mixin.py:190} INFO - [2024-10-05T02:45:36.163+0000] {dag.py:3239} INFO - Sync 1 DAGs
[2024-10-05T02:45:36.177+0000] {logging_mixin.py:190} INFO - [2024-10-05T02:45:36.176+0000] {dag.py:4180} INFO - Setting next_dagrun for example_branch_operator to 2024-10-04 00:00:00+00:00, run_after=2024-10-05 00:00:00+00:00
[2024-10-05T02:45:36.189+0000] {processor.py:208} INFO - Processing /home/airflow/.local/lib/python3.12/site-packages/airflow/example_dags/example_branch_operator.py took 0.054 seconds
[2024-10-05T02:46:07.093+0000] {processor.py:186} INFO - Started process (PID=201) to work on /home/airflow/.local/lib/python3.12/site-packages/airflow/example_dags/example_branch_operator.py
[2024-10-05T02:46:07.093+0000] {processor.py:914} INFO - Processing file /home/airflow/.local/lib/python3.12/site-packages/airflow/example_dags/example_branch_operator.py for tasks to queue
[2024-10-05T02:46:07.095+0000] {logging_mixin.py:190} INFO - [2024-10-05T02:46:07.094+0000] {dagbag.py:588} INFO - Filling up the DagBag from /home/airflow/.local/lib/python3.12/site-packages/airflow/example_dags/example_branch_operator.py
[2024-10-05T02:46:07.104+0000] {processor.py:925} INFO - DAG(s) 'example_branch_operator' retrieved from /home/airflow/.local/lib/python3.12/site-packages/airflow/example_dags/example_branch_operator.py
[2024-10-05T02:46:07.120+0000] {logging_mixin.py:190} INFO - [2024-10-05T02:46:07.120+0000] {dag.py:3239} INFO - Sync 1 DAGs
[2024-10-05T02:46:07.134+0000] {logging_mixin.py:190} INFO - [2024-10-05T02:46:07.134+0000] {dag.py:4180} INFO - Setting next_dagrun for example_branch_operator to 2024-10-04 00:00:00+00:00, run_after=2024-10-05 00:00:00+00:00
[2024-10-05T02:46:07.143+0000] {processor.py:208} INFO - Processing /home/airflow/.local/lib/python3.12/site-packages/airflow/example_dags/example_branch_operator.py took 0.054 seconds
[2024-10-05T02:46:37.310+0000] {processor.py:186} INFO - Started process (PID=263) to work on /home/airflow/.local/lib/python3.12/site-packages/airflow/example_dags/example_branch_operator.py
[2024-10-05T02:46:37.311+0000] {processor.py:914} INFO - Processing file /home/airflow/.local/lib/python3.12/site-packages/airflow/example_dags/example_branch_operator.py for tasks to queue
[2024-10-05T02:46:37.312+0000] {logging_mixin.py:190} INFO - [2024-10-05T02:46:37.312+0000] {dagbag.py:588} INFO - Filling up the DagBag from /home/airflow/.local/lib/python3.12/site-packages/airflow/example_dags/example_branch_operator.py
[2024-10-05T02:46:37.322+0000] {processor.py:925} INFO - DAG(s) 'example_branch_operator' retrieved from /home/airflow/.local/lib/python3.12/site-packages/airflow/example_dags/example_branch_operator.py
[2024-10-05T02:46:37.338+0000] {logging_mixin.py:190} INFO - [2024-10-05T02:46:37.338+0000] {dag.py:3239} INFO - Sync 1 DAGs
[2024-10-05T02:46:37.352+0000] {logging_mixin.py:190} INFO - [2024-10-05T02:46:37.352+0000] {dag.py:4180} INFO - Setting next_dagrun for example_branch_operator to 2024-10-04 00:00:00+00:00, run_after=2024-10-05 00:00:00+00:00
[2024-10-05T02:46:37.362+0000] {processor.py:208} INFO - Processing /home/airflow/.local/lib/python3.12/site-packages/airflow/example_dags/example_branch_operator.py took 0.055 seconds
[2024-10-05T02:47:07.384+0000] {processor.py:186} INFO - Started process (PID=325) to work on /home/airflow/.local/lib/python3.12/site-packages/airflow/example_dags/example_branch_operator.py
[2024-10-05T02:47:07.385+0000] {processor.py:914} INFO - Processing file /home/airflow/.local/lib/python3.12/site-packages/airflow/example_dags/example_branch_operator.py for tasks to queue
[2024-10-05T02:47:07.386+0000] {logging_mixin.py:190} INFO - [2024-10-05T02:47:07.386+0000] {dagbag.py:588} INFO - Filling up the DagBag from /home/airflow/.local/lib/python3.12/site-packages/airflow/example_dags/example_branch_operator.py
[2024-10-05T02:47:07.396+0000] {processor.py:925} INFO - DAG(s) 'example_branch_operator' retrieved from /home/airflow/.local/lib/python3.12/site-packages/airflow/example_dags/example_branch_operator.py
[2024-10-05T02:47:07.410+0000] {logging_mixin.py:190} INFO - [2024-10-05T02:47:07.410+0000] {dag.py:3239} INFO - Sync 1 DAGs
[2024-10-05T02:47:07.423+0000] {logging_mixin.py:190} INFO - [2024-10-05T02:47:07.423+0000] {dag.py:4180} INFO - Setting next_dagrun for example_branch_operator to 2024-10-04 00:00:00+00:00, run_after=2024-10-05 00:00:00+00:00
[2024-10-05T02:47:07.432+0000] {processor.py:208} INFO - Processing /home/airflow/.local/lib/python3.12/site-packages/airflow/example_dags/example_branch_operator.py took 0.051 seconds
[2024-10-05T02:47:37.962+0000] {processor.py:186} INFO - Started process (PID=387) to work on /home/airflow/.local/lib/python3.12/site-packages/airflow/example_dags/example_branch_operator.py
[2024-10-05T02:47:37.963+0000] {processor.py:914} INFO - Processing file /home/airflow/.local/lib/python3.12/site-packages/airflow/example_dags/example_branch_operator.py for tasks to queue
[2024-10-05T02:47:37.964+0000] {logging_mixin.py:190} INFO - [2024-10-05T02:47:37.964+0000] {dagbag.py:588} INFO - Filling up the DagBag from /home/airflow/.local/lib/python3.12/site-packages/airflow/example_dags/example_branch_operator.py
[2024-10-05T02:47:37.974+0000] {processor.py:925} INFO - DAG(s) 'example_branch_operator' retrieved from /home/airflow/.local/lib/python3.12/site-packages/airflow/example_dags/example_branch_operator.py
[2024-10-05T02:47:37.990+0000] {logging_mixin.py:190} INFO - [2024-10-05T02:47:37.990+0000] {dag.py:3239} INFO - Sync 1 DAGs
[2024-10-05T02:47:38.004+0000] {logging_mixin.py:190} INFO - [2024-10-05T02:47:38.004+0000] {dag.py:4180} INFO - Setting next_dagrun for example_branch_operator to 2024-10-04 00:00:00+00:00, run_after=2024-10-05 00:00:00+00:00
[2024-10-05T02:47:38.014+0000] {processor.py:208} INFO - Processing /home/airflow/.local/lib/python3.12/site-packages/airflow/example_dags/example_branch_operator.py took 0.056 seconds
[2024-10-05T02:48:08.438+0000] {processor.py:186} INFO - Started process (PID=449) to work on /home/airflow/.local/lib/python3.12/site-packages/airflow/example_dags/example_branch_operator.py
[2024-10-05T02:48:08.439+0000] {processor.py:914} INFO - Processing file /home/airflow/.local/lib/python3.12/site-packages/airflow/example_dags/example_branch_operator.py for tasks to queue
[2024-10-05T02:48:08.440+0000] {logging_mixin.py:190} INFO - [2024-10-05T02:48:08.440+0000] {dagbag.py:588} INFO - Filling up the DagBag from /home/airflow/.local/lib/python3.12/site-packages/airflow/example_dags/example_branch_operator.py
[2024-10-05T02:48:08.451+0000] {processor.py:925} INFO - DAG(s) 'example_branch_operator' retrieved from /home/airflow/.local/lib/python3.12/site-packages/airflow/example_dags/example_branch_operator.py
[2024-10-05T02:48:08.466+0000] {logging_mixin.py:190} INFO - [2024-10-05T02:48:08.466+0000] {dag.py:3239} INFO - Sync 1 DAGs
[2024-10-05T02:48:08.479+0000] {logging_mixin.py:190} INFO - [2024-10-05T02:48:08.479+0000] {dag.py:4180} INFO - Setting next_dagrun for example_branch_operator to 2024-10-04 00:00:00+00:00, run_after=2024-10-05 00:00:00+00:00
[2024-10-05T02:48:08.489+0000] {processor.py:208} INFO - Processing /home/airflow/.local/lib/python3.12/site-packages/airflow/example_dags/example_branch_operator.py took 0.054 seconds
[2024-10-05T02:48:39.573+0000] {processor.py:186} INFO - Started process (PID=511) to work on /home/airflow/.local/lib/python3.12/site-packages/airflow/example_dags/example_branch_operator.py
[2024-10-05T02:48:39.574+0000] {processor.py:914} INFO - Processing file /home/airflow/.local/lib/python3.12/site-packages/airflow/example_dags/example_branch_operator.py for tasks to queue
[2024-10-05T02:48:39.575+0000] {logging_mixin.py:190} INFO - [2024-10-05T02:48:39.575+0000] {dagbag.py:588} INFO - Filling up the DagBag from /home/airflow/.local/lib/python3.12/site-packages/airflow/example_dags/example_branch_operator.py
[2024-10-05T02:48:39.586+0000] {processor.py:925} INFO - DAG(s) 'example_branch_operator' retrieved from /home/airflow/.local/lib/python3.12/site-packages/airflow/example_dags/example_branch_operator.py
[2024-10-05T02:48:39.602+0000] {logging_mixin.py:190} INFO - [2024-10-05T02:48:39.602+0000] {dag.py:3239} INFO - Sync 1 DAGs
[2024-10-05T02:48:39.617+0000] {logging_mixin.py:190} INFO - [2024-10-05T02:48:39.616+0000] {dag.py:4180} INFO - Setting next_dagrun for example_branch_operator to 2024-10-04 00:00:00+00:00, run_after=2024-10-05 00:00:00+00:00
[2024-10-05T02:48:39.627+0000] {processor.py:208} INFO - Processing /home/airflow/.local/lib/python3.12/site-packages/airflow/example_dags/example_branch_operator.py took 0.057 seconds
[2024-10-05T02:49:10.511+0000] {processor.py:186} INFO - Started process (PID=573) to work on /home/airflow/.local/lib/python3.12/site-packages/airflow/example_dags/example_branch_operator.py
[2024-10-05T02:49:10.512+0000] {processor.py:914} INFO - Processing file /home/airflow/.local/lib/python3.12/site-packages/airflow/example_dags/example_branch_operator.py for tasks to queue
[2024-10-05T02:49:10.513+0000] {logging_mixin.py:190} INFO - [2024-10-05T02:49:10.513+0000] {dagbag.py:588} INFO - Filling up the DagBag from /home/airflow/.local/lib/python3.12/site-packages/airflow/example_dags/example_branch_operator.py
[2024-10-05T02:49:10.523+0000] {processor.py:925} INFO - DAG(s) 'example_branch_operator' retrieved from /home/airflow/.local/lib/python3.12/site-packages/airflow/example_dags/example_branch_operator.py
[2024-10-05T02:49:10.539+0000] {logging_mixin.py:190} INFO - [2024-10-05T02:49:10.539+0000] {dag.py:3239} INFO - Sync 1 DAGs
[2024-10-05T02:49:10.552+0000] {logging_mixin.py:190} INFO - [2024-10-05T02:49:10.552+0000] {dag.py:4180} INFO - Setting next_dagrun for example_branch_operator to 2024-10-04 00:00:00+00:00, run_after=2024-10-05 00:00:00+00:00
[2024-10-05T02:49:10.561+0000] {processor.py:208} INFO - Processing /home/airflow/.local/lib/python3.12/site-packages/airflow/example_dags/example_branch_operator.py took 0.054 seconds
[2024-10-05T02:49:41.160+0000] {processor.py:186} INFO - Started process (PID=641) to work on /home/airflow/.local/lib/python3.12/site-packages/airflow/example_dags/example_branch_operator.py
[2024-10-05T02:49:41.161+0000] {processor.py:914} INFO - Processing file /home/airflow/.local/lib/python3.12/site-packages/airflow/example_dags/example_branch_operator.py for tasks to queue
[2024-10-05T02:49:41.162+0000] {logging_mixin.py:190} INFO - [2024-10-05T02:49:41.162+0000] {dagbag.py:588} INFO - Filling up the DagBag from /home/airflow/.local/lib/python3.12/site-packages/airflow/example_dags/example_branch_operator.py
[2024-10-05T02:49:41.173+0000] {processor.py:925} INFO - DAG(s) 'example_branch_operator' retrieved from /home/airflow/.local/lib/python3.12/site-packages/airflow/example_dags/example_branch_operator.py
[2024-10-05T02:49:41.189+0000] {logging_mixin.py:190} INFO - [2024-10-05T02:49:41.189+0000] {dag.py:3239} INFO - Sync 1 DAGs
[2024-10-05T02:49:41.203+0000] {logging_mixin.py:190} INFO - [2024-10-05T02:49:41.202+0000] {dag.py:4180} INFO - Setting next_dagrun for example_branch_operator to 2024-10-04 00:00:00+00:00, run_after=2024-10-05 00:00:00+00:00
[2024-10-05T02:49:41.212+0000] {processor.py:208} INFO - Processing /home/airflow/.local/lib/python3.12/site-packages/airflow/example_dags/example_branch_operator.py took 0.055 seconds
[2024-10-05T02:50:11.718+0000] {processor.py:186} INFO - Started process (PID=718) to work on /home/airflow/.local/lib/python3.12/site-packages/airflow/example_dags/example_branch_operator.py
[2024-10-05T02:50:11.719+0000] {processor.py:914} INFO - Processing file /home/airflow/.local/lib/python3.12/site-packages/airflow/example_dags/example_branch_operator.py for tasks to queue
[2024-10-05T02:50:11.720+0000] {logging_mixin.py:190} INFO - [2024-10-05T02:50:11.720+0000] {dagbag.py:588} INFO - Filling up the DagBag from /home/airflow/.local/lib/python3.12/site-packages/airflow/example_dags/example_branch_operator.py
[2024-10-05T02:50:11.737+0000] {processor.py:925} INFO - DAG(s) 'example_branch_operator' retrieved from /home/airflow/.local/lib/python3.12/site-packages/airflow/example_dags/example_branch_operator.py
[2024-10-05T02:50:11.754+0000] {logging_mixin.py:190} INFO - [2024-10-05T02:50:11.754+0000] {dag.py:3239} INFO - Sync 1 DAGs
[2024-10-05T02:50:11.768+0000] {logging_mixin.py:190} INFO - [2024-10-05T02:50:11.768+0000] {dag.py:4180} INFO - Setting next_dagrun for example_branch_operator to 2024-10-04 00:00:00+00:00, run_after=2024-10-05 00:00:00+00:00
[2024-10-05T02:50:11.777+0000] {processor.py:208} INFO - Processing /home/airflow/.local/lib/python3.12/site-packages/airflow/example_dags/example_branch_operator.py took 0.063 seconds
[2024-10-05T02:50:42.156+0000] {processor.py:186} INFO - Started process (PID=786) to work on /home/airflow/.local/lib/python3.12/site-packages/airflow/example_dags/example_branch_operator.py
[2024-10-05T02:50:42.156+0000] {processor.py:914} INFO - Processing file /home/airflow/.local/lib/python3.12/site-packages/airflow/example_dags/example_branch_operator.py for tasks to queue
[2024-10-05T02:50:42.158+0000] {logging_mixin.py:190} INFO - [2024-10-05T02:50:42.157+0000] {dagbag.py:588} INFO - Filling up the DagBag from /home/airflow/.local/lib/python3.12/site-packages/airflow/example_dags/example_branch_operator.py
[2024-10-05T02:50:42.167+0000] {processor.py:925} INFO - DAG(s) 'example_branch_operator' retrieved from /home/airflow/.local/lib/python3.12/site-packages/airflow/example_dags/example_branch_operator.py
[2024-10-05T02:50:42.182+0000] {logging_mixin.py:190} INFO - [2024-10-05T02:50:42.182+0000] {dag.py:3239} INFO - Sync 1 DAGs
[2024-10-05T02:50:42.195+0000] {logging_mixin.py:190} INFO - [2024-10-05T02:50:42.195+0000] {dag.py:4180} INFO - Setting next_dagrun for example_branch_operator to 2024-10-04 00:00:00+00:00, run_after=2024-10-05 00:00:00+00:00
[2024-10-05T02:50:42.204+0000] {processor.py:208} INFO - Processing /home/airflow/.local/lib/python3.12/site-packages/airflow/example_dags/example_branch_operator.py took 0.052 seconds
[2024-10-05T02:51:12.711+0000] {processor.py:186} INFO - Started process (PID=848) to work on /home/airflow/.local/lib/python3.12/site-packages/airflow/example_dags/example_branch_operator.py
[2024-10-05T02:51:12.712+0000] {processor.py:914} INFO - Processing file /home/airflow/.local/lib/python3.12/site-packages/airflow/example_dags/example_branch_operator.py for tasks to queue
[2024-10-05T02:51:12.713+0000] {logging_mixin.py:190} INFO - [2024-10-05T02:51:12.713+0000] {dagbag.py:588} INFO - Filling up the DagBag from /home/airflow/.local/lib/python3.12/site-packages/airflow/example_dags/example_branch_operator.py
[2024-10-05T02:51:12.723+0000] {processor.py:925} INFO - DAG(s) 'example_branch_operator' retrieved from /home/airflow/.local/lib/python3.12/site-packages/airflow/example_dags/example_branch_operator.py
[2024-10-05T02:51:12.738+0000] {logging_mixin.py:190} INFO - [2024-10-05T02:51:12.738+0000] {dag.py:3239} INFO - Sync 1 DAGs
[2024-10-05T02:51:12.751+0000] {logging_mixin.py:190} INFO - [2024-10-05T02:51:12.751+0000] {dag.py:4180} INFO - Setting next_dagrun for example_branch_operator to 2024-10-04 00:00:00+00:00, run_after=2024-10-05 00:00:00+00:00
[2024-10-05T02:51:12.762+0000] {processor.py:208} INFO - Processing /home/airflow/.local/lib/python3.12/site-packages/airflow/example_dags/example_branch_operator.py took 0.054 seconds
[2024-10-05T02:51:43.105+0000] {processor.py:186} INFO - Started process (PID=910) to work on /home/airflow/.local/lib/python3.12/site-packages/airflow/example_dags/example_branch_operator.py
[2024-10-05T02:51:43.105+0000] {processor.py:914} INFO - Processing file /home/airflow/.local/lib/python3.12/site-packages/airflow/example_dags/example_branch_operator.py for tasks to queue
[2024-10-05T02:51:43.106+0000] {logging_mixin.py:190} INFO - [2024-10-05T02:51:43.106+0000] {dagbag.py:588} INFO - Filling up the DagBag from /home/airflow/.local/lib/python3.12/site-packages/airflow/example_dags/example_branch_operator.py
[2024-10-05T02:51:43.117+0000] {processor.py:925} INFO - DAG(s) 'example_branch_operator' retrieved from /home/airflow/.local/lib/python3.12/site-packages/airflow/example_dags/example_branch_operator.py
[2024-10-05T02:51:43.131+0000] {logging_mixin.py:190} INFO - [2024-10-05T02:51:43.131+0000] {dag.py:3239} INFO - Sync 1 DAGs
[2024-10-05T02:51:43.145+0000] {logging_mixin.py:190} INFO - [2024-10-05T02:51:43.145+0000] {dag.py:4180} INFO - Setting next_dagrun for example_branch_operator to 2024-10-04 00:00:00+00:00, run_after=2024-10-05 00:00:00+00:00
[2024-10-05T02:51:43.154+0000] {processor.py:208} INFO - Processing /home/airflow/.local/lib/python3.12/site-packages/airflow/example_dags/example_branch_operator.py took 0.052 seconds
[2024-10-05T02:52:13.800+0000] {processor.py:186} INFO - Started process (PID=972) to work on /home/airflow/.local/lib/python3.12/site-packages/airflow/example_dags/example_branch_operator.py
[2024-10-05T02:52:13.800+0000] {processor.py:914} INFO - Processing file /home/airflow/.local/lib/python3.12/site-packages/airflow/example_dags/example_branch_operator.py for tasks to queue
[2024-10-05T02:52:13.802+0000] {logging_mixin.py:190} INFO - [2024-10-05T02:52:13.801+0000] {dagbag.py:588} INFO - Filling up the DagBag from /home/airflow/.local/lib/python3.12/site-packages/airflow/example_dags/example_branch_operator.py
[2024-10-05T02:52:13.811+0000] {processor.py:925} INFO - DAG(s) 'example_branch_operator' retrieved from /home/airflow/.local/lib/python3.12/site-packages/airflow/example_dags/example_branch_operator.py
[2024-10-05T02:52:13.826+0000] {logging_mixin.py:190} INFO - [2024-10-05T02:52:13.826+0000] {dag.py:3239} INFO - Sync 1 DAGs
[2024-10-05T02:52:13.840+0000] {logging_mixin.py:190} INFO - [2024-10-05T02:52:13.839+0000] {dag.py:4180} INFO - Setting next_dagrun for example_branch_operator to 2024-10-04 00:00:00+00:00, run_after=2024-10-05 00:00:00+00:00
[2024-10-05T02:52:13.849+0000] {processor.py:208} INFO - Processing /home/airflow/.local/lib/python3.12/site-packages/airflow/example_dags/example_branch_operator.py took 0.052 seconds
[2024-10-05T02:52:44.657+0000] {processor.py:186} INFO - Started process (PID=1034) to work on /home/airflow/.local/lib/python3.12/site-packages/airflow/example_dags/example_branch_operator.py
[2024-10-05T02:52:44.657+0000] {processor.py:914} INFO - Processing file /home/airflow/.local/lib/python3.12/site-packages/airflow/example_dags/example_branch_operator.py for tasks to queue
[2024-10-05T02:52:44.659+0000] {logging_mixin.py:190} INFO - [2024-10-05T02:52:44.658+0000] {dagbag.py:588} INFO - Filling up the DagBag from /home/airflow/.local/lib/python3.12/site-packages/airflow/example_dags/example_branch_operator.py
[2024-10-05T02:52:44.668+0000] {processor.py:925} INFO - DAG(s) 'example_branch_operator' retrieved from /home/airflow/.local/lib/python3.12/site-packages/airflow/example_dags/example_branch_operator.py
[2024-10-05T02:52:44.683+0000] {logging_mixin.py:190} INFO - [2024-10-05T02:52:44.683+0000] {dag.py:3239} INFO - Sync 1 DAGs
[2024-10-05T02:52:44.696+0000] {logging_mixin.py:190} INFO - [2024-10-05T02:52:44.695+0000] {dag.py:4180} INFO - Setting next_dagrun for example_branch_operator to 2024-10-04 00:00:00+00:00, run_after=2024-10-05 00:00:00+00:00
[2024-10-05T02:52:44.705+0000] {processor.py:208} INFO - Processing /home/airflow/.local/lib/python3.12/site-packages/airflow/example_dags/example_branch_operator.py took 0.051 seconds
[2024-10-05T02:53:15.483+0000] {processor.py:186} INFO - Started process (PID=1096) to work on /home/airflow/.local/lib/python3.12/site-packages/airflow/example_dags/example_branch_operator.py
[2024-10-05T02:53:15.483+0000] {processor.py:914} INFO - Processing file /home/airflow/.local/lib/python3.12/site-packages/airflow/example_dags/example_branch_operator.py for tasks to queue
[2024-10-05T02:53:15.484+0000] {logging_mixin.py:190} INFO - [2024-10-05T02:53:15.484+0000] {dagbag.py:588} INFO - Filling up the DagBag from /home/airflow/.local/lib/python3.12/site-packages/airflow/example_dags/example_branch_operator.py
[2024-10-05T02:53:15.494+0000] {processor.py:925} INFO - DAG(s) 'example_branch_operator' retrieved from /home/airflow/.local/lib/python3.12/site-packages/airflow/example_dags/example_branch_operator.py
[2024-10-05T02:53:15.510+0000] {logging_mixin.py:190} INFO - [2024-10-05T02:53:15.510+0000] {dag.py:3239} INFO - Sync 1 DAGs
[2024-10-05T02:53:15.523+0000] {logging_mixin.py:190} INFO - [2024-10-05T02:53:15.523+0000] {dag.py:4180} INFO - Setting next_dagrun for example_branch_operator to 2024-10-04 00:00:00+00:00, run_after=2024-10-05 00:00:00+00:00
[2024-10-05T02:53:15.533+0000] {processor.py:208} INFO - Processing /home/airflow/.local/lib/python3.12/site-packages/airflow/example_dags/example_branch_operator.py took 0.053 seconds
[2024-10-05T02:53:46.213+0000] {processor.py:186} INFO - Started process (PID=1158) to work on /home/airflow/.local/lib/python3.12/site-packages/airflow/example_dags/example_branch_operator.py
[2024-10-05T02:53:46.213+0000] {processor.py:914} INFO - Processing file /home/airflow/.local/lib/python3.12/site-packages/airflow/example_dags/example_branch_operator.py for tasks to queue
[2024-10-05T02:53:46.214+0000] {logging_mixin.py:190} INFO - [2024-10-05T02:53:46.214+0000] {dagbag.py:588} INFO - Filling up the DagBag from /home/airflow/.local/lib/python3.12/site-packages/airflow/example_dags/example_branch_operator.py
[2024-10-05T02:53:46.225+0000] {processor.py:925} INFO - DAG(s) 'example_branch_operator' retrieved from /home/airflow/.local/lib/python3.12/site-packages/airflow/example_dags/example_branch_operator.py
[2024-10-05T02:53:46.240+0000] {logging_mixin.py:190} INFO - [2024-10-05T02:53:46.240+0000] {dag.py:3239} INFO - Sync 1 DAGs
[2024-10-05T02:53:46.253+0000] {logging_mixin.py:190} INFO - [2024-10-05T02:53:46.253+0000] {dag.py:4180} INFO - Setting next_dagrun for example_branch_operator to 2024-10-04 00:00:00+00:00, run_after=2024-10-05 00:00:00+00:00
[2024-10-05T02:53:46.263+0000] {processor.py:208} INFO - Processing /home/airflow/.local/lib/python3.12/site-packages/airflow/example_dags/example_branch_operator.py took 0.053 seconds
[2024-10-05T02:54:17.313+0000] {processor.py:186} INFO - Started process (PID=1221) to work on /home/airflow/.local/lib/python3.12/site-packages/airflow/example_dags/example_branch_operator.py
[2024-10-05T02:54:17.313+0000] {processor.py:914} INFO - Processing file /home/airflow/.local/lib/python3.12/site-packages/airflow/example_dags/example_branch_operator.py for tasks to queue
[2024-10-05T02:54:17.314+0000] {logging_mixin.py:190} INFO - [2024-10-05T02:54:17.314+0000] {dagbag.py:588} INFO - Filling up the DagBag from /home/airflow/.local/lib/python3.12/site-packages/airflow/example_dags/example_branch_operator.py
[2024-10-05T02:54:17.324+0000] {processor.py:925} INFO - DAG(s) 'example_branch_operator' retrieved from /home/airflow/.local/lib/python3.12/site-packages/airflow/example_dags/example_branch_operator.py
[2024-10-05T02:54:17.339+0000] {logging_mixin.py:190} INFO - [2024-10-05T02:54:17.339+0000] {dag.py:3239} INFO - Sync 1 DAGs
[2024-10-05T02:54:17.353+0000] {logging_mixin.py:190} INFO - [2024-10-05T02:54:17.353+0000] {dag.py:4180} INFO - Setting next_dagrun for example_branch_operator to 2024-10-04 00:00:00+00:00, run_after=2024-10-05 00:00:00+00:00
[2024-10-05T02:54:17.363+0000] {processor.py:208} INFO - Processing /home/airflow/.local/lib/python3.12/site-packages/airflow/example_dags/example_branch_operator.py took 0.053 seconds
[2024-10-05T02:54:47.561+0000] {processor.py:186} INFO - Started process (PID=1283) to work on /home/airflow/.local/lib/python3.12/site-packages/airflow/example_dags/example_branch_operator.py
[2024-10-05T02:54:47.562+0000] {processor.py:914} INFO - Processing file /home/airflow/.local/lib/python3.12/site-packages/airflow/example_dags/example_branch_operator.py for tasks to queue
[2024-10-05T02:54:47.563+0000] {logging_mixin.py:190} INFO - [2024-10-05T02:54:47.563+0000] {dagbag.py:588} INFO - Filling up the DagBag from /home/airflow/.local/lib/python3.12/site-packages/airflow/example_dags/example_branch_operator.py
[2024-10-05T02:54:47.572+0000] {processor.py:925} INFO - DAG(s) 'example_branch_operator' retrieved from /home/airflow/.local/lib/python3.12/site-packages/airflow/example_dags/example_branch_operator.py
[2024-10-05T02:54:47.587+0000] {logging_mixin.py:190} INFO - [2024-10-05T02:54:47.587+0000] {dag.py:3239} INFO - Sync 1 DAGs
[2024-10-05T02:54:47.601+0000] {logging_mixin.py:190} INFO - [2024-10-05T02:54:47.601+0000] {dag.py:4180} INFO - Setting next_dagrun for example_branch_operator to 2024-10-04 00:00:00+00:00, run_after=2024-10-05 00:00:00+00:00
[2024-10-05T02:54:47.610+0000] {processor.py:208} INFO - Processing /home/airflow/.local/lib/python3.12/site-packages/airflow/example_dags/example_branch_operator.py took 0.052 seconds
[2024-10-05T02:55:18.104+0000] {processor.py:186} INFO - Started process (PID=1351) to work on /home/airflow/.local/lib/python3.12/site-packages/airflow/example_dags/example_branch_operator.py
[2024-10-05T02:55:18.105+0000] {processor.py:914} INFO - Processing file /home/airflow/.local/lib/python3.12/site-packages/airflow/example_dags/example_branch_operator.py for tasks to queue
[2024-10-05T02:55:18.106+0000] {logging_mixin.py:190} INFO - [2024-10-05T02:55:18.106+0000] {dagbag.py:588} INFO - Filling up the DagBag from /home/airflow/.local/lib/python3.12/site-packages/airflow/example_dags/example_branch_operator.py
[2024-10-05T02:55:18.116+0000] {processor.py:925} INFO - DAG(s) 'example_branch_operator' retrieved from /home/airflow/.local/lib/python3.12/site-packages/airflow/example_dags/example_branch_operator.py
[2024-10-05T02:55:18.131+0000] {logging_mixin.py:190} INFO - [2024-10-05T02:55:18.131+0000] {dag.py:3239} INFO - Sync 1 DAGs
[2024-10-05T02:55:18.144+0000] {logging_mixin.py:190} INFO - [2024-10-05T02:55:18.144+0000] {dag.py:4180} INFO - Setting next_dagrun for example_branch_operator to 2024-10-04 00:00:00+00:00, run_after=2024-10-05 00:00:00+00:00
[2024-10-05T02:55:18.154+0000] {processor.py:208} INFO - Processing /home/airflow/.local/lib/python3.12/site-packages/airflow/example_dags/example_branch_operator.py took 0.053 seconds
[2024-10-05T02:55:49.056+0000] {processor.py:186} INFO - Started process (PID=1413) to work on /home/airflow/.local/lib/python3.12/site-packages/airflow/example_dags/example_branch_operator.py
[2024-10-05T02:55:49.057+0000] {processor.py:914} INFO - Processing file /home/airflow/.local/lib/python3.12/site-packages/airflow/example_dags/example_branch_operator.py for tasks to queue
[2024-10-05T02:55:49.058+0000] {logging_mixin.py:190} INFO - [2024-10-05T02:55:49.058+0000] {dagbag.py:588} INFO - Filling up the DagBag from /home/airflow/.local/lib/python3.12/site-packages/airflow/example_dags/example_branch_operator.py
[2024-10-05T02:55:49.068+0000] {processor.py:925} INFO - DAG(s) 'example_branch_operator' retrieved from /home/airflow/.local/lib/python3.12/site-packages/airflow/example_dags/example_branch_operator.py
[2024-10-05T02:55:49.083+0000] {logging_mixin.py:190} INFO - [2024-10-05T02:55:49.083+0000] {dag.py:3239} INFO - Sync 1 DAGs
[2024-10-05T02:55:49.096+0000] {logging_mixin.py:190} INFO - [2024-10-05T02:55:49.096+0000] {dag.py:4180} INFO - Setting next_dagrun for example_branch_operator to 2024-10-04 00:00:00+00:00, run_after=2024-10-05 00:00:00+00:00
[2024-10-05T02:55:49.105+0000] {processor.py:208} INFO - Processing /home/airflow/.local/lib/python3.12/site-packages/airflow/example_dags/example_branch_operator.py took 0.052 seconds
[2024-10-05T02:56:19.398+0000] {processor.py:186} INFO - Started process (PID=1475) to work on /home/airflow/.local/lib/python3.12/site-packages/airflow/example_dags/example_branch_operator.py
[2024-10-05T02:56:19.399+0000] {processor.py:914} INFO - Processing file /home/airflow/.local/lib/python3.12/site-packages/airflow/example_dags/example_branch_operator.py for tasks to queue
[2024-10-05T02:56:19.400+0000] {logging_mixin.py:190} INFO - [2024-10-05T02:56:19.400+0000] {dagbag.py:588} INFO - Filling up the DagBag from /home/airflow/.local/lib/python3.12/site-packages/airflow/example_dags/example_branch_operator.py
[2024-10-05T02:56:19.410+0000] {processor.py:925} INFO - DAG(s) 'example_branch_operator' retrieved from /home/airflow/.local/lib/python3.12/site-packages/airflow/example_dags/example_branch_operator.py
[2024-10-05T02:56:19.425+0000] {logging_mixin.py:190} INFO - [2024-10-05T02:56:19.425+0000] {dag.py:3239} INFO - Sync 1 DAGs
[2024-10-05T02:56:19.438+0000] {logging_mixin.py:190} INFO - [2024-10-05T02:56:19.438+0000] {dag.py:4180} INFO - Setting next_dagrun for example_branch_operator to 2024-10-04 00:00:00+00:00, run_after=2024-10-05 00:00:00+00:00
[2024-10-05T02:56:19.448+0000] {processor.py:208} INFO - Processing /home/airflow/.local/lib/python3.12/site-packages/airflow/example_dags/example_branch_operator.py took 0.052 seconds
[2024-10-05T02:56:49.737+0000] {processor.py:186} INFO - Started process (PID=1537) to work on /home/airflow/.local/lib/python3.12/site-packages/airflow/example_dags/example_branch_operator.py
[2024-10-05T02:56:49.737+0000] {processor.py:914} INFO - Processing file /home/airflow/.local/lib/python3.12/site-packages/airflow/example_dags/example_branch_operator.py for tasks to queue
[2024-10-05T02:56:49.738+0000] {logging_mixin.py:190} INFO - [2024-10-05T02:56:49.738+0000] {dagbag.py:588} INFO - Filling up the DagBag from /home/airflow/.local/lib/python3.12/site-packages/airflow/example_dags/example_branch_operator.py
[2024-10-05T02:56:49.748+0000] {processor.py:925} INFO - DAG(s) 'example_branch_operator' retrieved from /home/airflow/.local/lib/python3.12/site-packages/airflow/example_dags/example_branch_operator.py
[2024-10-05T02:56:49.763+0000] {logging_mixin.py:190} INFO - [2024-10-05T02:56:49.763+0000] {dag.py:3239} INFO - Sync 1 DAGs
[2024-10-05T02:56:49.776+0000] {logging_mixin.py:190} INFO - [2024-10-05T02:56:49.776+0000] {dag.py:4180} INFO - Setting next_dagrun for example_branch_operator to 2024-10-04 00:00:00+00:00, run_after=2024-10-05 00:00:00+00:00
[2024-10-05T02:56:49.786+0000] {processor.py:208} INFO - Processing /home/airflow/.local/lib/python3.12/site-packages/airflow/example_dags/example_branch_operator.py took 0.053 seconds
[2024-10-05T02:57:20.179+0000] {processor.py:186} INFO - Started process (PID=1599) to work on /home/airflow/.local/lib/python3.12/site-packages/airflow/example_dags/example_branch_operator.py
[2024-10-05T02:57:20.180+0000] {processor.py:914} INFO - Processing file /home/airflow/.local/lib/python3.12/site-packages/airflow/example_dags/example_branch_operator.py for tasks to queue
[2024-10-05T02:57:20.181+0000] {logging_mixin.py:190} INFO - [2024-10-05T02:57:20.181+0000] {dagbag.py:588} INFO - Filling up the DagBag from /home/airflow/.local/lib/python3.12/site-packages/airflow/example_dags/example_branch_operator.py
[2024-10-05T02:57:20.196+0000] {processor.py:925} INFO - DAG(s) 'example_branch_operator' retrieved from /home/airflow/.local/lib/python3.12/site-packages/airflow/example_dags/example_branch_operator.py
[2024-10-05T02:57:20.213+0000] {logging_mixin.py:190} INFO - [2024-10-05T02:57:20.213+0000] {dag.py:3239} INFO - Sync 1 DAGs
[2024-10-05T02:57:20.229+0000] {logging_mixin.py:190} INFO - [2024-10-05T02:57:20.229+0000] {dag.py:4180} INFO - Setting next_dagrun for example_branch_operator to 2024-10-04 00:00:00+00:00, run_after=2024-10-05 00:00:00+00:00
[2024-10-05T02:57:20.241+0000] {processor.py:208} INFO - Processing /home/airflow/.local/lib/python3.12/site-packages/airflow/example_dags/example_branch_operator.py took 0.067 seconds
