[2024-10-05T02:15:04.575+0000] {processor.py:186} INFO - Started process (PID=60) to work on /home/airflow/.local/lib/python3.12/site-packages/airflow/example_dags/example_nested_branch_dag.py
[2024-10-05T02:15:04.575+0000] {processor.py:914} INFO - Processing file /home/airflow/.local/lib/python3.12/site-packages/airflow/example_dags/example_nested_branch_dag.py for tasks to queue
[2024-10-05T02:15:04.577+0000] {logging_mixin.py:190} INFO - [2024-10-05T02:15:04.576+0000] {dagbag.py:588} INFO - Filling up the DagBag from /home/airflow/.local/lib/python3.12/site-packages/airflow/example_dags/example_nested_branch_dag.py
[2024-10-05T02:15:04.587+0000] {processor.py:925} INFO - DAG(s) 'example_nested_branch_dag' retrieved from /home/airflow/.local/lib/python3.12/site-packages/airflow/example_dags/example_nested_branch_dag.py
[2024-10-05T02:15:04.615+0000] {logging_mixin.py:190} INFO - [2024-10-05T02:15:04.615+0000] {dag.py:3239} INFO - Sync 1 DAGs
[2024-10-05T02:15:04.629+0000] {logging_mixin.py:190} INFO - [2024-10-05T02:15:04.629+0000] {dag.py:4180} INFO - Setting next_dagrun for example_nested_branch_dag to 2024-10-04 00:00:00+00:00, run_after=2024-10-05 00:00:00+00:00
[2024-10-05T02:15:04.639+0000] {processor.py:208} INFO - Processing /home/airflow/.local/lib/python3.12/site-packages/airflow/example_dags/example_nested_branch_dag.py took 0.068 seconds
[2024-10-05T02:15:35.185+0000] {processor.py:186} INFO - Started process (PID=122) to work on /home/airflow/.local/lib/python3.12/site-packages/airflow/example_dags/example_nested_branch_dag.py
[2024-10-05T02:15:35.193+0000] {processor.py:914} INFO - Processing file /home/airflow/.local/lib/python3.12/site-packages/airflow/example_dags/example_nested_branch_dag.py for tasks to queue
[2024-10-05T02:15:35.194+0000] {logging_mixin.py:190} INFO - [2024-10-05T02:15:35.194+0000] {dagbag.py:588} INFO - Filling up the DagBag from /home/airflow/.local/lib/python3.12/site-packages/airflow/example_dags/example_nested_branch_dag.py
[2024-10-05T02:15:35.202+0000] {processor.py:925} INFO - DAG(s) 'example_nested_branch_dag' retrieved from /home/airflow/.local/lib/python3.12/site-packages/airflow/example_dags/example_nested_branch_dag.py
[2024-10-05T02:15:35.215+0000] {logging_mixin.py:190} INFO - [2024-10-05T02:15:35.215+0000] {dag.py:3239} INFO - Sync 1 DAGs
[2024-10-05T02:15:35.231+0000] {logging_mixin.py:190} INFO - [2024-10-05T02:15:35.230+0000] {dag.py:4180} INFO - Setting next_dagrun for example_nested_branch_dag to 2024-10-04 00:00:00+00:00, run_after=2024-10-05 00:00:00+00:00
[2024-10-05T02:15:35.242+0000] {processor.py:208} INFO - Processing /home/airflow/.local/lib/python3.12/site-packages/airflow/example_dags/example_nested_branch_dag.py took 0.061 seconds
[2024-10-05T02:16:06.102+0000] {processor.py:186} INFO - Started process (PID=190) to work on /home/airflow/.local/lib/python3.12/site-packages/airflow/example_dags/example_nested_branch_dag.py
[2024-10-05T02:16:06.103+0000] {processor.py:914} INFO - Processing file /home/airflow/.local/lib/python3.12/site-packages/airflow/example_dags/example_nested_branch_dag.py for tasks to queue
[2024-10-05T02:16:06.104+0000] {logging_mixin.py:190} INFO - [2024-10-05T02:16:06.104+0000] {dagbag.py:588} INFO - Filling up the DagBag from /home/airflow/.local/lib/python3.12/site-packages/airflow/example_dags/example_nested_branch_dag.py
[2024-10-05T02:16:06.111+0000] {processor.py:925} INFO - DAG(s) 'example_nested_branch_dag' retrieved from /home/airflow/.local/lib/python3.12/site-packages/airflow/example_dags/example_nested_branch_dag.py
[2024-10-05T02:16:06.123+0000] {logging_mixin.py:190} INFO - [2024-10-05T02:16:06.123+0000] {dag.py:3239} INFO - Sync 1 DAGs
[2024-10-05T02:16:06.136+0000] {logging_mixin.py:190} INFO - [2024-10-05T02:16:06.136+0000] {dag.py:4180} INFO - Setting next_dagrun for example_nested_branch_dag to 2024-10-04 00:00:00+00:00, run_after=2024-10-05 00:00:00+00:00
[2024-10-05T02:16:06.146+0000] {processor.py:208} INFO - Processing /home/airflow/.local/lib/python3.12/site-packages/airflow/example_dags/example_nested_branch_dag.py took 0.048 seconds
[2024-10-05T02:16:36.635+0000] {processor.py:186} INFO - Started process (PID=252) to work on /home/airflow/.local/lib/python3.12/site-packages/airflow/example_dags/example_nested_branch_dag.py
[2024-10-05T02:16:36.642+0000] {processor.py:914} INFO - Processing file /home/airflow/.local/lib/python3.12/site-packages/airflow/example_dags/example_nested_branch_dag.py for tasks to queue
[2024-10-05T02:16:36.644+0000] {logging_mixin.py:190} INFO - [2024-10-05T02:16:36.644+0000] {dagbag.py:588} INFO - Filling up the DagBag from /home/airflow/.local/lib/python3.12/site-packages/airflow/example_dags/example_nested_branch_dag.py
[2024-10-05T02:16:36.650+0000] {processor.py:925} INFO - DAG(s) 'example_nested_branch_dag' retrieved from /home/airflow/.local/lib/python3.12/site-packages/airflow/example_dags/example_nested_branch_dag.py
[2024-10-05T02:16:36.663+0000] {logging_mixin.py:190} INFO - [2024-10-05T02:16:36.663+0000] {dag.py:3239} INFO - Sync 1 DAGs
[2024-10-05T02:16:36.676+0000] {logging_mixin.py:190} INFO - [2024-10-05T02:16:36.676+0000] {dag.py:4180} INFO - Setting next_dagrun for example_nested_branch_dag to 2024-10-04 00:00:00+00:00, run_after=2024-10-05 00:00:00+00:00
[2024-10-05T02:16:36.686+0000] {processor.py:208} INFO - Processing /home/airflow/.local/lib/python3.12/site-packages/airflow/example_dags/example_nested_branch_dag.py took 0.055 seconds
[2024-10-05T02:17:07.695+0000] {processor.py:186} INFO - Started process (PID=314) to work on /home/airflow/.local/lib/python3.12/site-packages/airflow/example_dags/example_nested_branch_dag.py
[2024-10-05T02:17:07.696+0000] {processor.py:914} INFO - Processing file /home/airflow/.local/lib/python3.12/site-packages/airflow/example_dags/example_nested_branch_dag.py for tasks to queue
[2024-10-05T02:17:07.697+0000] {logging_mixin.py:190} INFO - [2024-10-05T02:17:07.697+0000] {dagbag.py:588} INFO - Filling up the DagBag from /home/airflow/.local/lib/python3.12/site-packages/airflow/example_dags/example_nested_branch_dag.py
[2024-10-05T02:17:07.704+0000] {processor.py:925} INFO - DAG(s) 'example_nested_branch_dag' retrieved from /home/airflow/.local/lib/python3.12/site-packages/airflow/example_dags/example_nested_branch_dag.py
[2024-10-05T02:17:07.715+0000] {logging_mixin.py:190} INFO - [2024-10-05T02:17:07.715+0000] {dag.py:3239} INFO - Sync 1 DAGs
[2024-10-05T02:17:07.728+0000] {logging_mixin.py:190} INFO - [2024-10-05T02:17:07.728+0000] {dag.py:4180} INFO - Setting next_dagrun for example_nested_branch_dag to 2024-10-04 00:00:00+00:00, run_after=2024-10-05 00:00:00+00:00
[2024-10-05T02:17:07.737+0000] {processor.py:208} INFO - Processing /home/airflow/.local/lib/python3.12/site-packages/airflow/example_dags/example_nested_branch_dag.py took 0.046 seconds
[2024-10-05T02:17:38.544+0000] {processor.py:186} INFO - Started process (PID=376) to work on /home/airflow/.local/lib/python3.12/site-packages/airflow/example_dags/example_nested_branch_dag.py
[2024-10-05T02:17:38.545+0000] {processor.py:914} INFO - Processing file /home/airflow/.local/lib/python3.12/site-packages/airflow/example_dags/example_nested_branch_dag.py for tasks to queue
[2024-10-05T02:17:38.546+0000] {logging_mixin.py:190} INFO - [2024-10-05T02:17:38.546+0000] {dagbag.py:588} INFO - Filling up the DagBag from /home/airflow/.local/lib/python3.12/site-packages/airflow/example_dags/example_nested_branch_dag.py
[2024-10-05T02:17:38.552+0000] {processor.py:925} INFO - DAG(s) 'example_nested_branch_dag' retrieved from /home/airflow/.local/lib/python3.12/site-packages/airflow/example_dags/example_nested_branch_dag.py
[2024-10-05T02:17:38.565+0000] {logging_mixin.py:190} INFO - [2024-10-05T02:17:38.564+0000] {dag.py:3239} INFO - Sync 1 DAGs
[2024-10-05T02:17:38.578+0000] {logging_mixin.py:190} INFO - [2024-10-05T02:17:38.578+0000] {dag.py:4180} INFO - Setting next_dagrun for example_nested_branch_dag to 2024-10-04 00:00:00+00:00, run_after=2024-10-05 00:00:00+00:00
[2024-10-05T02:17:38.589+0000] {processor.py:208} INFO - Processing /home/airflow/.local/lib/python3.12/site-packages/airflow/example_dags/example_nested_branch_dag.py took 0.048 seconds
[2024-10-05T02:18:09.045+0000] {processor.py:186} INFO - Started process (PID=438) to work on /home/airflow/.local/lib/python3.12/site-packages/airflow/example_dags/example_nested_branch_dag.py
[2024-10-05T02:18:09.046+0000] {processor.py:914} INFO - Processing file /home/airflow/.local/lib/python3.12/site-packages/airflow/example_dags/example_nested_branch_dag.py for tasks to queue
[2024-10-05T02:18:09.047+0000] {logging_mixin.py:190} INFO - [2024-10-05T02:18:09.047+0000] {dagbag.py:588} INFO - Filling up the DagBag from /home/airflow/.local/lib/python3.12/site-packages/airflow/example_dags/example_nested_branch_dag.py
[2024-10-05T02:18:09.053+0000] {processor.py:925} INFO - DAG(s) 'example_nested_branch_dag' retrieved from /home/airflow/.local/lib/python3.12/site-packages/airflow/example_dags/example_nested_branch_dag.py
[2024-10-05T02:18:09.065+0000] {logging_mixin.py:190} INFO - [2024-10-05T02:18:09.064+0000] {dag.py:3239} INFO - Sync 1 DAGs
[2024-10-05T02:18:07.045+0000] {logging_mixin.py:190} INFO - [2024-10-05T02:18:07.045+0000] {dag.py:4180} INFO - Setting next_dagrun for example_nested_branch_dag to 2024-10-04 00:00:00+00:00, run_after=2024-10-05 00:00:00+00:00
[2024-10-05T02:18:07.055+0000] {processor.py:208} INFO - Processing /home/airflow/.local/lib/python3.12/site-packages/airflow/example_dags/example_nested_branch_dag.py took 0.047 seconds
[2024-10-05T02:18:37.269+0000] {processor.py:186} INFO - Started process (PID=500) to work on /home/airflow/.local/lib/python3.12/site-packages/airflow/example_dags/example_nested_branch_dag.py
[2024-10-05T02:18:37.277+0000] {processor.py:914} INFO - Processing file /home/airflow/.local/lib/python3.12/site-packages/airflow/example_dags/example_nested_branch_dag.py for tasks to queue
[2024-10-05T02:18:37.278+0000] {logging_mixin.py:190} INFO - [2024-10-05T02:18:37.278+0000] {dagbag.py:588} INFO - Filling up the DagBag from /home/airflow/.local/lib/python3.12/site-packages/airflow/example_dags/example_nested_branch_dag.py
[2024-10-05T02:18:37.284+0000] {processor.py:925} INFO - DAG(s) 'example_nested_branch_dag' retrieved from /home/airflow/.local/lib/python3.12/site-packages/airflow/example_dags/example_nested_branch_dag.py
[2024-10-05T02:18:37.296+0000] {logging_mixin.py:190} INFO - [2024-10-05T02:18:37.295+0000] {dag.py:3239} INFO - Sync 1 DAGs
[2024-10-05T02:18:37.309+0000] {logging_mixin.py:190} INFO - [2024-10-05T02:18:37.309+0000] {dag.py:4180} INFO - Setting next_dagrun for example_nested_branch_dag to 2024-10-04 00:00:00+00:00, run_after=2024-10-05 00:00:00+00:00
[2024-10-05T02:18:37.319+0000] {processor.py:208} INFO - Processing /home/airflow/.local/lib/python3.12/site-packages/airflow/example_dags/example_nested_branch_dag.py took 0.054 seconds
[2024-10-05T02:45:04.948+0000] {processor.py:186} INFO - Started process (PID=53) to work on /home/airflow/.local/lib/python3.12/site-packages/airflow/example_dags/example_nested_branch_dag.py
[2024-10-05T02:45:04.948+0000] {processor.py:914} INFO - Processing file /home/airflow/.local/lib/python3.12/site-packages/airflow/example_dags/example_nested_branch_dag.py for tasks to queue
[2024-10-05T02:45:04.951+0000] {logging_mixin.py:190} INFO - [2024-10-05T02:45:04.950+0000] {dagbag.py:588} INFO - Filling up the DagBag from /home/airflow/.local/lib/python3.12/site-packages/airflow/example_dags/example_nested_branch_dag.py
[2024-10-05T02:45:04.963+0000] {processor.py:925} INFO - DAG(s) 'example_nested_branch_dag' retrieved from /home/airflow/.local/lib/python3.12/site-packages/airflow/example_dags/example_nested_branch_dag.py
[2024-10-05T02:45:04.988+0000] {logging_mixin.py:190} INFO - [2024-10-05T02:45:04.988+0000] {dag.py:3239} INFO - Sync 1 DAGs
[2024-10-05T02:45:05.006+0000] {logging_mixin.py:190} INFO - [2024-10-05T02:45:05.006+0000] {dag.py:4180} INFO - Setting next_dagrun for example_nested_branch_dag to 2024-10-04 00:00:00+00:00, run_after=2024-10-05 00:00:00+00:00
[2024-10-05T02:45:05.017+0000] {processor.py:208} INFO - Processing /home/airflow/.local/lib/python3.12/site-packages/airflow/example_dags/example_nested_branch_dag.py took 0.074 seconds
[2024-10-05T02:45:35.514+0000] {processor.py:186} INFO - Started process (PID=122) to work on /home/airflow/.local/lib/python3.12/site-packages/airflow/example_dags/example_nested_branch_dag.py
[2024-10-05T02:45:35.515+0000] {processor.py:914} INFO - Processing file /home/airflow/.local/lib/python3.12/site-packages/airflow/example_dags/example_nested_branch_dag.py for tasks to queue
[2024-10-05T02:45:35.516+0000] {logging_mixin.py:190} INFO - [2024-10-05T02:45:35.516+0000] {dagbag.py:588} INFO - Filling up the DagBag from /home/airflow/.local/lib/python3.12/site-packages/airflow/example_dags/example_nested_branch_dag.py
[2024-10-05T02:45:35.522+0000] {processor.py:925} INFO - DAG(s) 'example_nested_branch_dag' retrieved from /home/airflow/.local/lib/python3.12/site-packages/airflow/example_dags/example_nested_branch_dag.py
[2024-10-05T02:45:35.534+0000] {logging_mixin.py:190} INFO - [2024-10-05T02:45:35.534+0000] {dag.py:3239} INFO - Sync 1 DAGs
[2024-10-05T02:45:35.547+0000] {logging_mixin.py:190} INFO - [2024-10-05T02:45:35.547+0000] {dag.py:4180} INFO - Setting next_dagrun for example_nested_branch_dag to 2024-10-04 00:00:00+00:00, run_after=2024-10-05 00:00:00+00:00
[2024-10-05T02:45:35.556+0000] {processor.py:208} INFO - Processing /home/airflow/.local/lib/python3.12/site-packages/airflow/example_dags/example_nested_branch_dag.py took 0.046 seconds
[2024-10-05T02:46:06.470+0000] {processor.py:186} INFO - Started process (PID=184) to work on /home/airflow/.local/lib/python3.12/site-packages/airflow/example_dags/example_nested_branch_dag.py
[2024-10-05T02:46:06.470+0000] {processor.py:914} INFO - Processing file /home/airflow/.local/lib/python3.12/site-packages/airflow/example_dags/example_nested_branch_dag.py for tasks to queue
[2024-10-05T02:46:06.472+0000] {logging_mixin.py:190} INFO - [2024-10-05T02:46:06.472+0000] {dagbag.py:588} INFO - Filling up the DagBag from /home/airflow/.local/lib/python3.12/site-packages/airflow/example_dags/example_nested_branch_dag.py
[2024-10-05T02:46:06.480+0000] {processor.py:925} INFO - DAG(s) 'example_nested_branch_dag' retrieved from /home/airflow/.local/lib/python3.12/site-packages/airflow/example_dags/example_nested_branch_dag.py
[2024-10-05T02:46:06.493+0000] {logging_mixin.py:190} INFO - [2024-10-05T02:46:06.493+0000] {dag.py:3239} INFO - Sync 1 DAGs
[2024-10-05T02:46:06.507+0000] {logging_mixin.py:190} INFO - [2024-10-05T02:46:06.507+0000] {dag.py:4180} INFO - Setting next_dagrun for example_nested_branch_dag to 2024-10-04 00:00:00+00:00, run_after=2024-10-05 00:00:00+00:00
[2024-10-05T02:46:06.517+0000] {processor.py:208} INFO - Processing /home/airflow/.local/lib/python3.12/site-packages/airflow/example_dags/example_nested_branch_dag.py took 0.050 seconds
[2024-10-05T02:46:36.606+0000] {processor.py:186} INFO - Started process (PID=246) to work on /home/airflow/.local/lib/python3.12/site-packages/airflow/example_dags/example_nested_branch_dag.py
[2024-10-05T02:46:36.607+0000] {processor.py:914} INFO - Processing file /home/airflow/.local/lib/python3.12/site-packages/airflow/example_dags/example_nested_branch_dag.py for tasks to queue
[2024-10-05T02:46:36.609+0000] {logging_mixin.py:190} INFO - [2024-10-05T02:46:36.609+0000] {dagbag.py:588} INFO - Filling up the DagBag from /home/airflow/.local/lib/python3.12/site-packages/airflow/example_dags/example_nested_branch_dag.py
[2024-10-05T02:46:36.616+0000] {processor.py:925} INFO - DAG(s) 'example_nested_branch_dag' retrieved from /home/airflow/.local/lib/python3.12/site-packages/airflow/example_dags/example_nested_branch_dag.py
[2024-10-05T02:46:36.629+0000] {logging_mixin.py:190} INFO - [2024-10-05T02:46:36.629+0000] {dag.py:3239} INFO - Sync 1 DAGs
[2024-10-05T02:46:36.643+0000] {logging_mixin.py:190} INFO - [2024-10-05T02:46:36.643+0000] {dag.py:4180} INFO - Setting next_dagrun for example_nested_branch_dag to 2024-10-04 00:00:00+00:00, run_after=2024-10-05 00:00:00+00:00
[2024-10-05T02:46:36.655+0000] {processor.py:208} INFO - Processing /home/airflow/.local/lib/python3.12/site-packages/airflow/example_dags/example_nested_branch_dag.py took 0.052 seconds
[2024-10-05T02:47:06.745+0000] {processor.py:186} INFO - Started process (PID=308) to work on /home/airflow/.local/lib/python3.12/site-packages/airflow/example_dags/example_nested_branch_dag.py
[2024-10-05T02:47:06.746+0000] {processor.py:914} INFO - Processing file /home/airflow/.local/lib/python3.12/site-packages/airflow/example_dags/example_nested_branch_dag.py for tasks to queue
[2024-10-05T02:47:06.747+0000] {logging_mixin.py:190} INFO - [2024-10-05T02:47:06.747+0000] {dagbag.py:588} INFO - Filling up the DagBag from /home/airflow/.local/lib/python3.12/site-packages/airflow/example_dags/example_nested_branch_dag.py
[2024-10-05T02:47:06.754+0000] {processor.py:925} INFO - DAG(s) 'example_nested_branch_dag' retrieved from /home/airflow/.local/lib/python3.12/site-packages/airflow/example_dags/example_nested_branch_dag.py
[2024-10-05T02:47:06.765+0000] {logging_mixin.py:190} INFO - [2024-10-05T02:47:06.765+0000] {dag.py:3239} INFO - Sync 1 DAGs
[2024-10-05T02:47:06.778+0000] {logging_mixin.py:190} INFO - [2024-10-05T02:47:06.778+0000] {dag.py:4180} INFO - Setting next_dagrun for example_nested_branch_dag to 2024-10-04 00:00:00+00:00, run_after=2024-10-05 00:00:00+00:00
[2024-10-05T02:47:06.787+0000] {processor.py:208} INFO - Processing /home/airflow/.local/lib/python3.12/site-packages/airflow/example_dags/example_nested_branch_dag.py took 0.045 seconds
[2024-10-05T02:47:37.416+0000] {processor.py:186} INFO - Started process (PID=370) to work on /home/airflow/.local/lib/python3.12/site-packages/airflow/example_dags/example_nested_branch_dag.py
[2024-10-05T02:47:37.416+0000] {processor.py:914} INFO - Processing file /home/airflow/.local/lib/python3.12/site-packages/airflow/example_dags/example_nested_branch_dag.py for tasks to queue
[2024-10-05T02:47:37.418+0000] {logging_mixin.py:190} INFO - [2024-10-05T02:47:37.417+0000] {dagbag.py:588} INFO - Filling up the DagBag from /home/airflow/.local/lib/python3.12/site-packages/airflow/example_dags/example_nested_branch_dag.py
[2024-10-05T02:47:37.424+0000] {processor.py:925} INFO - DAG(s) 'example_nested_branch_dag' retrieved from /home/airflow/.local/lib/python3.12/site-packages/airflow/example_dags/example_nested_branch_dag.py
[2024-10-05T02:47:37.436+0000] {logging_mixin.py:190} INFO - [2024-10-05T02:47:37.436+0000] {dag.py:3239} INFO - Sync 1 DAGs
[2024-10-05T02:47:37.450+0000] {logging_mixin.py:190} INFO - [2024-10-05T02:47:37.450+0000] {dag.py:4180} INFO - Setting next_dagrun for example_nested_branch_dag to 2024-10-04 00:00:00+00:00, run_after=2024-10-05 00:00:00+00:00
[2024-10-05T02:47:37.460+0000] {processor.py:208} INFO - Processing /home/airflow/.local/lib/python3.12/site-packages/airflow/example_dags/example_nested_branch_dag.py took 0.048 seconds
[2024-10-05T02:48:07.769+0000] {processor.py:186} INFO - Started process (PID=432) to work on /home/airflow/.local/lib/python3.12/site-packages/airflow/example_dags/example_nested_branch_dag.py
[2024-10-05T02:48:07.770+0000] {processor.py:914} INFO - Processing file /home/airflow/.local/lib/python3.12/site-packages/airflow/example_dags/example_nested_branch_dag.py for tasks to queue
[2024-10-05T02:48:07.772+0000] {logging_mixin.py:190} INFO - [2024-10-05T02:48:07.771+0000] {dagbag.py:588} INFO - Filling up the DagBag from /home/airflow/.local/lib/python3.12/site-packages/airflow/example_dags/example_nested_branch_dag.py
[2024-10-05T02:48:07.778+0000] {processor.py:925} INFO - DAG(s) 'example_nested_branch_dag' retrieved from /home/airflow/.local/lib/python3.12/site-packages/airflow/example_dags/example_nested_branch_dag.py
[2024-10-05T02:48:07.791+0000] {logging_mixin.py:190} INFO - [2024-10-05T02:48:07.791+0000] {dag.py:3239} INFO - Sync 1 DAGs
[2024-10-05T02:48:07.806+0000] {logging_mixin.py:190} INFO - [2024-10-05T02:48:07.806+0000] {dag.py:4180} INFO - Setting next_dagrun for example_nested_branch_dag to 2024-10-04 00:00:00+00:00, run_after=2024-10-05 00:00:00+00:00
[2024-10-05T02:48:07.816+0000] {processor.py:208} INFO - Processing /home/airflow/.local/lib/python3.12/site-packages/airflow/example_dags/example_nested_branch_dag.py took 0.050 seconds
[2024-10-05T02:48:37.867+0000] {processor.py:186} INFO - Started process (PID=494) to work on /home/airflow/.local/lib/python3.12/site-packages/airflow/example_dags/example_nested_branch_dag.py
[2024-10-05T02:48:37.874+0000] {processor.py:914} INFO - Processing file /home/airflow/.local/lib/python3.12/site-packages/airflow/example_dags/example_nested_branch_dag.py for tasks to queue
[2024-10-05T02:48:37.876+0000] {logging_mixin.py:190} INFO - [2024-10-05T02:48:37.875+0000] {dagbag.py:588} INFO - Filling up the DagBag from /home/airflow/.local/lib/python3.12/site-packages/airflow/example_dags/example_nested_branch_dag.py
[2024-10-05T02:48:37.882+0000] {processor.py:925} INFO - DAG(s) 'example_nested_branch_dag' retrieved from /home/airflow/.local/lib/python3.12/site-packages/airflow/example_dags/example_nested_branch_dag.py
[2024-10-05T02:48:37.894+0000] {logging_mixin.py:190} INFO - [2024-10-05T02:48:37.894+0000] {dag.py:3239} INFO - Sync 1 DAGs
[2024-10-05T02:48:37.907+0000] {logging_mixin.py:190} INFO - [2024-10-05T02:48:37.907+0000] {dag.py:4180} INFO - Setting next_dagrun for example_nested_branch_dag to 2024-10-04 00:00:00+00:00, run_after=2024-10-05 00:00:00+00:00
[2024-10-05T02:48:37.918+0000] {processor.py:208} INFO - Processing /home/airflow/.local/lib/python3.12/site-packages/airflow/example_dags/example_nested_branch_dag.py took 0.054 seconds
[2024-10-05T02:49:07.949+0000] {processor.py:186} INFO - Started process (PID=556) to work on /home/airflow/.local/lib/python3.12/site-packages/airflow/example_dags/example_nested_branch_dag.py
[2024-10-05T02:49:07.950+0000] {processor.py:914} INFO - Processing file /home/airflow/.local/lib/python3.12/site-packages/airflow/example_dags/example_nested_branch_dag.py for tasks to queue
[2024-10-05T02:49:07.952+0000] {logging_mixin.py:190} INFO - [2024-10-05T02:49:07.951+0000] {dagbag.py:588} INFO - Filling up the DagBag from /home/airflow/.local/lib/python3.12/site-packages/airflow/example_dags/example_nested_branch_dag.py
[2024-10-05T02:49:07.959+0000] {processor.py:925} INFO - DAG(s) 'example_nested_branch_dag' retrieved from /home/airflow/.local/lib/python3.12/site-packages/airflow/example_dags/example_nested_branch_dag.py
[2024-10-05T02:49:07.971+0000] {logging_mixin.py:190} INFO - [2024-10-05T02:49:07.971+0000] {dag.py:3239} INFO - Sync 1 DAGs
[2024-10-05T02:49:07.985+0000] {logging_mixin.py:190} INFO - [2024-10-05T02:49:07.985+0000] {dag.py:4180} INFO - Setting next_dagrun for example_nested_branch_dag to 2024-10-04 00:00:00+00:00, run_after=2024-10-05 00:00:00+00:00
[2024-10-05T02:49:07.995+0000] {processor.py:208} INFO - Processing /home/airflow/.local/lib/python3.12/site-packages/airflow/example_dags/example_nested_branch_dag.py took 0.049 seconds
[2024-10-05T02:49:38.456+0000] {processor.py:186} INFO - Started process (PID=624) to work on /home/airflow/.local/lib/python3.12/site-packages/airflow/example_dags/example_nested_branch_dag.py
[2024-10-05T02:49:38.457+0000] {processor.py:914} INFO - Processing file /home/airflow/.local/lib/python3.12/site-packages/airflow/example_dags/example_nested_branch_dag.py for tasks to queue
[2024-10-05T02:49:38.458+0000] {logging_mixin.py:190} INFO - [2024-10-05T02:49:38.458+0000] {dagbag.py:588} INFO - Filling up the DagBag from /home/airflow/.local/lib/python3.12/site-packages/airflow/example_dags/example_nested_branch_dag.py
[2024-10-05T02:49:38.465+0000] {processor.py:925} INFO - DAG(s) 'example_nested_branch_dag' retrieved from /home/airflow/.local/lib/python3.12/site-packages/airflow/example_dags/example_nested_branch_dag.py
[2024-10-05T02:49:38.477+0000] {logging_mixin.py:190} INFO - [2024-10-05T02:49:38.476+0000] {dag.py:3239} INFO - Sync 1 DAGs
[2024-10-05T02:49:38.490+0000] {logging_mixin.py:190} INFO - [2024-10-05T02:49:38.490+0000] {dag.py:4180} INFO - Setting next_dagrun for example_nested_branch_dag to 2024-10-04 00:00:00+00:00, run_after=2024-10-05 00:00:00+00:00
[2024-10-05T02:49:38.499+0000] {processor.py:208} INFO - Processing /home/airflow/.local/lib/python3.12/site-packages/airflow/example_dags/example_nested_branch_dag.py took 0.046 seconds
[2024-10-05T02:50:09.033+0000] {processor.py:186} INFO - Started process (PID=701) to work on /home/airflow/.local/lib/python3.12/site-packages/airflow/example_dags/example_nested_branch_dag.py
[2024-10-05T02:50:09.040+0000] {processor.py:914} INFO - Processing file /home/airflow/.local/lib/python3.12/site-packages/airflow/example_dags/example_nested_branch_dag.py for tasks to queue
[2024-10-05T02:50:09.042+0000] {logging_mixin.py:190} INFO - [2024-10-05T02:50:09.042+0000] {dagbag.py:588} INFO - Filling up the DagBag from /home/airflow/.local/lib/python3.12/site-packages/airflow/example_dags/example_nested_branch_dag.py
[2024-10-05T02:50:09.048+0000] {processor.py:925} INFO - DAG(s) 'example_nested_branch_dag' retrieved from /home/airflow/.local/lib/python3.12/site-packages/airflow/example_dags/example_nested_branch_dag.py
[2024-10-05T02:50:09.059+0000] {logging_mixin.py:190} INFO - [2024-10-05T02:50:09.059+0000] {dag.py:3239} INFO - Sync 1 DAGs
[2024-10-05T02:50:09.072+0000] {logging_mixin.py:190} INFO - [2024-10-05T02:50:09.072+0000] {dag.py:4180} INFO - Setting next_dagrun for example_nested_branch_dag to 2024-10-04 00:00:00+00:00, run_after=2024-10-05 00:00:00+00:00
[2024-10-05T02:50:09.082+0000] {processor.py:208} INFO - Processing /home/airflow/.local/lib/python3.12/site-packages/airflow/example_dags/example_nested_branch_dag.py took 0.052 seconds
[2024-10-05T02:50:39.561+0000] {processor.py:186} INFO - Started process (PID=769) to work on /home/airflow/.local/lib/python3.12/site-packages/airflow/example_dags/example_nested_branch_dag.py
[2024-10-05T02:50:39.568+0000] {processor.py:914} INFO - Processing file /home/airflow/.local/lib/python3.12/site-packages/airflow/example_dags/example_nested_branch_dag.py for tasks to queue
[2024-10-05T02:50:39.569+0000] {logging_mixin.py:190} INFO - [2024-10-05T02:50:39.569+0000] {dagbag.py:588} INFO - Filling up the DagBag from /home/airflow/.local/lib/python3.12/site-packages/airflow/example_dags/example_nested_branch_dag.py
[2024-10-05T02:50:39.576+0000] {processor.py:925} INFO - DAG(s) 'example_nested_branch_dag' retrieved from /home/airflow/.local/lib/python3.12/site-packages/airflow/example_dags/example_nested_branch_dag.py
[2024-10-05T02:50:39.587+0000] {logging_mixin.py:190} INFO - [2024-10-05T02:50:39.587+0000] {dag.py:3239} INFO - Sync 1 DAGs
[2024-10-05T02:50:39.600+0000] {logging_mixin.py:190} INFO - [2024-10-05T02:50:39.599+0000] {dag.py:4180} INFO - Setting next_dagrun for example_nested_branch_dag to 2024-10-04 00:00:00+00:00, run_after=2024-10-05 00:00:00+00:00
[2024-10-05T02:50:39.610+0000] {processor.py:208} INFO - Processing /home/airflow/.local/lib/python3.12/site-packages/airflow/example_dags/example_nested_branch_dag.py took 0.052 seconds
[2024-10-05T02:51:10.014+0000] {processor.py:186} INFO - Started process (PID=831) to work on /home/airflow/.local/lib/python3.12/site-packages/airflow/example_dags/example_nested_branch_dag.py
[2024-10-05T02:51:10.022+0000] {processor.py:914} INFO - Processing file /home/airflow/.local/lib/python3.12/site-packages/airflow/example_dags/example_nested_branch_dag.py for tasks to queue
[2024-10-05T02:51:10.023+0000] {logging_mixin.py:190} INFO - [2024-10-05T02:51:10.023+0000] {dagbag.py:588} INFO - Filling up the DagBag from /home/airflow/.local/lib/python3.12/site-packages/airflow/example_dags/example_nested_branch_dag.py
[2024-10-05T02:51:10.030+0000] {processor.py:925} INFO - DAG(s) 'example_nested_branch_dag' retrieved from /home/airflow/.local/lib/python3.12/site-packages/airflow/example_dags/example_nested_branch_dag.py
[2024-10-05T02:51:10.043+0000] {logging_mixin.py:190} INFO - [2024-10-05T02:51:10.043+0000] {dag.py:3239} INFO - Sync 1 DAGs
[2024-10-05T02:51:10.057+0000] {logging_mixin.py:190} INFO - [2024-10-05T02:51:10.057+0000] {dag.py:4180} INFO - Setting next_dagrun for example_nested_branch_dag to 2024-10-04 00:00:00+00:00, run_after=2024-10-05 00:00:00+00:00
[2024-10-05T02:51:10.068+0000] {processor.py:208} INFO - Processing /home/airflow/.local/lib/python3.12/site-packages/airflow/example_dags/example_nested_branch_dag.py took 0.058 seconds
[2024-10-05T02:51:40.491+0000] {processor.py:186} INFO - Started process (PID=893) to work on /home/airflow/.local/lib/python3.12/site-packages/airflow/example_dags/example_nested_branch_dag.py
[2024-10-05T02:51:40.499+0000] {processor.py:914} INFO - Processing file /home/airflow/.local/lib/python3.12/site-packages/airflow/example_dags/example_nested_branch_dag.py for tasks to queue
[2024-10-05T02:51:40.500+0000] {logging_mixin.py:190} INFO - [2024-10-05T02:51:40.500+0000] {dagbag.py:588} INFO - Filling up the DagBag from /home/airflow/.local/lib/python3.12/site-packages/airflow/example_dags/example_nested_branch_dag.py
[2024-10-05T02:51:40.506+0000] {processor.py:925} INFO - DAG(s) 'example_nested_branch_dag' retrieved from /home/airflow/.local/lib/python3.12/site-packages/airflow/example_dags/example_nested_branch_dag.py
[2024-10-05T02:51:40.518+0000] {logging_mixin.py:190} INFO - [2024-10-05T02:51:40.517+0000] {dag.py:3239} INFO - Sync 1 DAGs
[2024-10-05T02:51:40.531+0000] {logging_mixin.py:190} INFO - [2024-10-05T02:51:40.531+0000] {dag.py:4180} INFO - Setting next_dagrun for example_nested_branch_dag to 2024-10-04 00:00:00+00:00, run_after=2024-10-05 00:00:00+00:00
[2024-10-05T02:51:40.540+0000] {processor.py:208} INFO - Processing /home/airflow/.local/lib/python3.12/site-packages/airflow/example_dags/example_nested_branch_dag.py took 0.052 seconds
[2024-10-05T02:52:11.077+0000] {processor.py:186} INFO - Started process (PID=955) to work on /home/airflow/.local/lib/python3.12/site-packages/airflow/example_dags/example_nested_branch_dag.py
[2024-10-05T02:52:11.078+0000] {processor.py:914} INFO - Processing file /home/airflow/.local/lib/python3.12/site-packages/airflow/example_dags/example_nested_branch_dag.py for tasks to queue
[2024-10-05T02:52:11.079+0000] {logging_mixin.py:190} INFO - [2024-10-05T02:52:11.079+0000] {dagbag.py:588} INFO - Filling up the DagBag from /home/airflow/.local/lib/python3.12/site-packages/airflow/example_dags/example_nested_branch_dag.py
[2024-10-05T02:52:11.086+0000] {processor.py:925} INFO - DAG(s) 'example_nested_branch_dag' retrieved from /home/airflow/.local/lib/python3.12/site-packages/airflow/example_dags/example_nested_branch_dag.py
[2024-10-05T02:52:11.098+0000] {logging_mixin.py:190} INFO - [2024-10-05T02:52:11.098+0000] {dag.py:3239} INFO - Sync 1 DAGs
[2024-10-05T02:52:11.110+0000] {logging_mixin.py:190} INFO - [2024-10-05T02:52:11.110+0000] {dag.py:4180} INFO - Setting next_dagrun for example_nested_branch_dag to 2024-10-04 00:00:00+00:00, run_after=2024-10-05 00:00:00+00:00
[2024-10-05T02:52:11.119+0000] {processor.py:208} INFO - Processing /home/airflow/.local/lib/python3.12/site-packages/airflow/example_dags/example_nested_branch_dag.py took 0.046 seconds
[2024-10-05T02:52:42.022+0000] {processor.py:186} INFO - Started process (PID=1017) to work on /home/airflow/.local/lib/python3.12/site-packages/airflow/example_dags/example_nested_branch_dag.py
[2024-10-05T02:52:42.023+0000] {processor.py:914} INFO - Processing file /home/airflow/.local/lib/python3.12/site-packages/airflow/example_dags/example_nested_branch_dag.py for tasks to queue
[2024-10-05T02:52:42.024+0000] {logging_mixin.py:190} INFO - [2024-10-05T02:52:42.024+0000] {dagbag.py:588} INFO - Filling up the DagBag from /home/airflow/.local/lib/python3.12/site-packages/airflow/example_dags/example_nested_branch_dag.py
[2024-10-05T02:52:42.030+0000] {processor.py:925} INFO - DAG(s) 'example_nested_branch_dag' retrieved from /home/airflow/.local/lib/python3.12/site-packages/airflow/example_dags/example_nested_branch_dag.py
[2024-10-05T02:52:42.042+0000] {logging_mixin.py:190} INFO - [2024-10-05T02:52:42.042+0000] {dag.py:3239} INFO - Sync 1 DAGs
[2024-10-05T02:52:42.054+0000] {logging_mixin.py:190} INFO - [2024-10-05T02:52:42.054+0000] {dag.py:4180} INFO - Setting next_dagrun for example_nested_branch_dag to 2024-10-04 00:00:00+00:00, run_after=2024-10-05 00:00:00+00:00
[2024-10-05T02:52:42.063+0000] {processor.py:208} INFO - Processing /home/airflow/.local/lib/python3.12/site-packages/airflow/example_dags/example_nested_branch_dag.py took 0.045 seconds
[2024-10-05T02:53:12.786+0000] {processor.py:186} INFO - Started process (PID=1079) to work on /home/airflow/.local/lib/python3.12/site-packages/airflow/example_dags/example_nested_branch_dag.py
[2024-10-05T02:53:12.794+0000] {processor.py:914} INFO - Processing file /home/airflow/.local/lib/python3.12/site-packages/airflow/example_dags/example_nested_branch_dag.py for tasks to queue
[2024-10-05T02:53:12.795+0000] {logging_mixin.py:190} INFO - [2024-10-05T02:53:12.795+0000] {dagbag.py:588} INFO - Filling up the DagBag from /home/airflow/.local/lib/python3.12/site-packages/airflow/example_dags/example_nested_branch_dag.py
[2024-10-05T02:53:12.801+0000] {processor.py:925} INFO - DAG(s) 'example_nested_branch_dag' retrieved from /home/airflow/.local/lib/python3.12/site-packages/airflow/example_dags/example_nested_branch_dag.py
[2024-10-05T02:53:12.813+0000] {logging_mixin.py:190} INFO - [2024-10-05T02:53:12.813+0000] {dag.py:3239} INFO - Sync 1 DAGs
[2024-10-05T02:53:12.827+0000] {logging_mixin.py:190} INFO - [2024-10-05T02:53:12.826+0000] {dag.py:4180} INFO - Setting next_dagrun for example_nested_branch_dag to 2024-10-04 00:00:00+00:00, run_after=2024-10-05 00:00:00+00:00
[2024-10-05T02:53:12.836+0000] {processor.py:208} INFO - Processing /home/airflow/.local/lib/python3.12/site-packages/airflow/example_dags/example_nested_branch_dag.py took 0.052 seconds
[2024-10-05T02:53:43.792+0000] {processor.py:186} INFO - Started process (PID=1141) to work on /home/airflow/.local/lib/python3.12/site-packages/airflow/example_dags/example_nested_branch_dag.py
[2024-10-05T02:53:43.799+0000] {processor.py:914} INFO - Processing file /home/airflow/.local/lib/python3.12/site-packages/airflow/example_dags/example_nested_branch_dag.py for tasks to queue
[2024-10-05T02:53:43.800+0000] {logging_mixin.py:190} INFO - [2024-10-05T02:53:43.800+0000] {dagbag.py:588} INFO - Filling up the DagBag from /home/airflow/.local/lib/python3.12/site-packages/airflow/example_dags/example_nested_branch_dag.py
[2024-10-05T02:53:43.807+0000] {processor.py:925} INFO - DAG(s) 'example_nested_branch_dag' retrieved from /home/airflow/.local/lib/python3.12/site-packages/airflow/example_dags/example_nested_branch_dag.py
[2024-10-05T02:53:43.818+0000] {logging_mixin.py:190} INFO - [2024-10-05T02:53:43.818+0000] {dag.py:3239} INFO - Sync 1 DAGs
[2024-10-05T02:53:43.832+0000] {logging_mixin.py:190} INFO - [2024-10-05T02:53:43.832+0000] {dag.py:4180} INFO - Setting next_dagrun for example_nested_branch_dag to 2024-10-04 00:00:00+00:00, run_after=2024-10-05 00:00:00+00:00
[2024-10-05T02:53:43.841+0000] {processor.py:208} INFO - Processing /home/airflow/.local/lib/python3.12/site-packages/airflow/example_dags/example_nested_branch_dag.py took 0.053 seconds
[2024-10-05T02:54:14.621+0000] {processor.py:186} INFO - Started process (PID=1204) to work on /home/airflow/.local/lib/python3.12/site-packages/airflow/example_dags/example_nested_branch_dag.py
[2024-10-05T02:54:14.629+0000] {processor.py:914} INFO - Processing file /home/airflow/.local/lib/python3.12/site-packages/airflow/example_dags/example_nested_branch_dag.py for tasks to queue
[2024-10-05T02:54:14.630+0000] {logging_mixin.py:190} INFO - [2024-10-05T02:54:14.630+0000] {dagbag.py:588} INFO - Filling up the DagBag from /home/airflow/.local/lib/python3.12/site-packages/airflow/example_dags/example_nested_branch_dag.py
[2024-10-05T02:54:14.636+0000] {processor.py:925} INFO - DAG(s) 'example_nested_branch_dag' retrieved from /home/airflow/.local/lib/python3.12/site-packages/airflow/example_dags/example_nested_branch_dag.py
[2024-10-05T02:54:14.647+0000] {logging_mixin.py:190} INFO - [2024-10-05T02:54:14.647+0000] {dag.py:3239} INFO - Sync 1 DAGs
[2024-10-05T02:54:14.660+0000] {logging_mixin.py:190} INFO - [2024-10-05T02:54:14.660+0000] {dag.py:4180} INFO - Setting next_dagrun for example_nested_branch_dag to 2024-10-04 00:00:00+00:00, run_after=2024-10-05 00:00:00+00:00
[2024-10-05T02:54:14.670+0000] {processor.py:208} INFO - Processing /home/airflow/.local/lib/python3.12/site-packages/airflow/example_dags/example_nested_branch_dag.py took 0.052 seconds
[2024-10-05T02:54:44.888+0000] {processor.py:186} INFO - Started process (PID=1266) to work on /home/airflow/.local/lib/python3.12/site-packages/airflow/example_dags/example_nested_branch_dag.py
[2024-10-05T02:54:44.889+0000] {processor.py:914} INFO - Processing file /home/airflow/.local/lib/python3.12/site-packages/airflow/example_dags/example_nested_branch_dag.py for tasks to queue
[2024-10-05T02:54:44.890+0000] {logging_mixin.py:190} INFO - [2024-10-05T02:54:44.890+0000] {dagbag.py:588} INFO - Filling up the DagBag from /home/airflow/.local/lib/python3.12/site-packages/airflow/example_dags/example_nested_branch_dag.py
[2024-10-05T02:54:44.897+0000] {processor.py:925} INFO - DAG(s) 'example_nested_branch_dag' retrieved from /home/airflow/.local/lib/python3.12/site-packages/airflow/example_dags/example_nested_branch_dag.py
[2024-10-05T02:54:44.908+0000] {logging_mixin.py:190} INFO - [2024-10-05T02:54:44.908+0000] {dag.py:3239} INFO - Sync 1 DAGs
[2024-10-05T02:54:44.921+0000] {logging_mixin.py:190} INFO - [2024-10-05T02:54:44.921+0000] {dag.py:4180} INFO - Setting next_dagrun for example_nested_branch_dag to 2024-10-04 00:00:00+00:00, run_after=2024-10-05 00:00:00+00:00
[2024-10-05T02:54:44.932+0000] {processor.py:208} INFO - Processing /home/airflow/.local/lib/python3.12/site-packages/airflow/example_dags/example_nested_branch_dag.py took 0.047 seconds
[2024-10-05T02:55:15.455+0000] {processor.py:186} INFO - Started process (PID=1328) to work on /home/airflow/.local/lib/python3.12/site-packages/airflow/example_dags/example_nested_branch_dag.py
[2024-10-05T02:55:15.456+0000] {processor.py:914} INFO - Processing file /home/airflow/.local/lib/python3.12/site-packages/airflow/example_dags/example_nested_branch_dag.py for tasks to queue
[2024-10-05T02:55:15.457+0000] {logging_mixin.py:190} INFO - [2024-10-05T02:55:15.457+0000] {dagbag.py:588} INFO - Filling up the DagBag from /home/airflow/.local/lib/python3.12/site-packages/airflow/example_dags/example_nested_branch_dag.py
[2024-10-05T02:55:15.463+0000] {processor.py:925} INFO - DAG(s) 'example_nested_branch_dag' retrieved from /home/airflow/.local/lib/python3.12/site-packages/airflow/example_dags/example_nested_branch_dag.py
[2024-10-05T02:55:15.475+0000] {logging_mixin.py:190} INFO - [2024-10-05T02:55:15.475+0000] {dag.py:3239} INFO - Sync 1 DAGs
[2024-10-05T02:55:15.487+0000] {logging_mixin.py:190} INFO - [2024-10-05T02:55:15.487+0000] {dag.py:4180} INFO - Setting next_dagrun for example_nested_branch_dag to 2024-10-04 00:00:00+00:00, run_after=2024-10-05 00:00:00+00:00
[2024-10-05T02:55:15.497+0000] {processor.py:208} INFO - Processing /home/airflow/.local/lib/python3.12/site-packages/airflow/example_dags/example_nested_branch_dag.py took 0.045 seconds
[2024-10-05T02:55:46.441+0000] {processor.py:186} INFO - Started process (PID=1396) to work on /home/airflow/.local/lib/python3.12/site-packages/airflow/example_dags/example_nested_branch_dag.py
[2024-10-05T02:55:46.441+0000] {processor.py:914} INFO - Processing file /home/airflow/.local/lib/python3.12/site-packages/airflow/example_dags/example_nested_branch_dag.py for tasks to queue
[2024-10-05T02:55:46.443+0000] {logging_mixin.py:190} INFO - [2024-10-05T02:55:46.443+0000] {dagbag.py:588} INFO - Filling up the DagBag from /home/airflow/.local/lib/python3.12/site-packages/airflow/example_dags/example_nested_branch_dag.py
[2024-10-05T02:55:46.449+0000] {processor.py:925} INFO - DAG(s) 'example_nested_branch_dag' retrieved from /home/airflow/.local/lib/python3.12/site-packages/airflow/example_dags/example_nested_branch_dag.py
[2024-10-05T02:55:46.461+0000] {logging_mixin.py:190} INFO - [2024-10-05T02:55:46.461+0000] {dag.py:3239} INFO - Sync 1 DAGs
[2024-10-05T02:55:46.475+0000] {logging_mixin.py:190} INFO - [2024-10-05T02:55:46.475+0000] {dag.py:4180} INFO - Setting next_dagrun for example_nested_branch_dag to 2024-10-04 00:00:00+00:00, run_after=2024-10-05 00:00:00+00:00
[2024-10-05T02:55:46.484+0000] {processor.py:208} INFO - Processing /home/airflow/.local/lib/python3.12/site-packages/airflow/example_dags/example_nested_branch_dag.py took 0.046 seconds
[2024-10-05T02:56:16.717+0000] {processor.py:186} INFO - Started process (PID=1458) to work on /home/airflow/.local/lib/python3.12/site-packages/airflow/example_dags/example_nested_branch_dag.py
[2024-10-05T02:56:16.725+0000] {processor.py:914} INFO - Processing file /home/airflow/.local/lib/python3.12/site-packages/airflow/example_dags/example_nested_branch_dag.py for tasks to queue
[2024-10-05T02:56:16.726+0000] {logging_mixin.py:190} INFO - [2024-10-05T02:56:16.726+0000] {dagbag.py:588} INFO - Filling up the DagBag from /home/airflow/.local/lib/python3.12/site-packages/airflow/example_dags/example_nested_branch_dag.py
[2024-10-05T02:56:16.733+0000] {processor.py:925} INFO - DAG(s) 'example_nested_branch_dag' retrieved from /home/airflow/.local/lib/python3.12/site-packages/airflow/example_dags/example_nested_branch_dag.py
[2024-10-05T02:56:16.745+0000] {logging_mixin.py:190} INFO - [2024-10-05T02:56:16.745+0000] {dag.py:3239} INFO - Sync 1 DAGs
[2024-10-05T02:56:16.758+0000] {logging_mixin.py:190} INFO - [2024-10-05T02:56:16.758+0000] {dag.py:4180} INFO - Setting next_dagrun for example_nested_branch_dag to 2024-10-04 00:00:00+00:00, run_after=2024-10-05 00:00:00+00:00
[2024-10-05T02:56:16.768+0000] {processor.py:208} INFO - Processing /home/airflow/.local/lib/python3.12/site-packages/airflow/example_dags/example_nested_branch_dag.py took 0.054 seconds
[2024-10-05T02:56:46.996+0000] {processor.py:186} INFO - Started process (PID=1520) to work on /home/airflow/.local/lib/python3.12/site-packages/airflow/example_dags/example_nested_branch_dag.py
[2024-10-05T02:56:46.997+0000] {processor.py:914} INFO - Processing file /home/airflow/.local/lib/python3.12/site-packages/airflow/example_dags/example_nested_branch_dag.py for tasks to queue
[2024-10-05T02:56:46.998+0000] {logging_mixin.py:190} INFO - [2024-10-05T02:56:46.998+0000] {dagbag.py:588} INFO - Filling up the DagBag from /home/airflow/.local/lib/python3.12/site-packages/airflow/example_dags/example_nested_branch_dag.py
[2024-10-05T02:56:47.005+0000] {processor.py:925} INFO - DAG(s) 'example_nested_branch_dag' retrieved from /home/airflow/.local/lib/python3.12/site-packages/airflow/example_dags/example_nested_branch_dag.py
[2024-10-05T02:56:47.016+0000] {logging_mixin.py:190} INFO - [2024-10-05T02:56:47.016+0000] {dag.py:3239} INFO - Sync 1 DAGs
[2024-10-05T02:56:47.028+0000] {logging_mixin.py:190} INFO - [2024-10-05T02:56:47.028+0000] {dag.py:4180} INFO - Setting next_dagrun for example_nested_branch_dag to 2024-10-04 00:00:00+00:00, run_after=2024-10-05 00:00:00+00:00
[2024-10-05T02:56:47.037+0000] {processor.py:208} INFO - Processing /home/airflow/.local/lib/python3.12/site-packages/airflow/example_dags/example_nested_branch_dag.py took 0.044 seconds
[2024-10-05T02:57:17.422+0000] {processor.py:186} INFO - Started process (PID=1582) to work on /home/airflow/.local/lib/python3.12/site-packages/airflow/example_dags/example_nested_branch_dag.py
[2024-10-05T02:57:17.429+0000] {processor.py:914} INFO - Processing file /home/airflow/.local/lib/python3.12/site-packages/airflow/example_dags/example_nested_branch_dag.py for tasks to queue
[2024-10-05T02:57:17.430+0000] {logging_mixin.py:190} INFO - [2024-10-05T02:57:17.430+0000] {dagbag.py:588} INFO - Filling up the DagBag from /home/airflow/.local/lib/python3.12/site-packages/airflow/example_dags/example_nested_branch_dag.py
[2024-10-05T02:57:17.437+0000] {processor.py:925} INFO - DAG(s) 'example_nested_branch_dag' retrieved from /home/airflow/.local/lib/python3.12/site-packages/airflow/example_dags/example_nested_branch_dag.py
[2024-10-05T02:57:17.449+0000] {logging_mixin.py:190} INFO - [2024-10-05T02:57:17.449+0000] {dag.py:3239} INFO - Sync 1 DAGs
[2024-10-05T02:57:17.463+0000] {logging_mixin.py:190} INFO - [2024-10-05T02:57:17.463+0000] {dag.py:4180} INFO - Setting next_dagrun for example_nested_branch_dag to 2024-10-04 00:00:00+00:00, run_after=2024-10-05 00:00:00+00:00
[2024-10-05T02:57:17.473+0000] {processor.py:208} INFO - Processing /home/airflow/.local/lib/python3.12/site-packages/airflow/example_dags/example_nested_branch_dag.py took 0.055 seconds
