[2024-10-05T02:15:05.800+0000] {processor.py:186} INFO - Started process (PID=84) to work on /home/airflow/.local/lib/python3.12/site-packages/airflow/example_dags/example_branch_labels.py
[2024-10-05T02:15:05.800+0000] {processor.py:914} INFO - Processing file /home/airflow/.local/lib/python3.12/site-packages/airflow/example_dags/example_branch_labels.py for tasks to queue
[2024-10-05T02:15:05.801+0000] {logging_mixin.py:190} INFO - [2024-10-05T02:15:05.801+0000] {dagbag.py:588} INFO - Filling up the DagBag from /home/airflow/.local/lib/python3.12/site-packages/airflow/example_dags/example_branch_labels.py
[2024-10-05T02:15:05.807+0000] {processor.py:925} INFO - DAG(s) 'example_branch_labels' retrieved from /home/airflow/.local/lib/python3.12/site-packages/airflow/example_dags/example_branch_labels.py
[2024-10-05T02:15:05.819+0000] {logging_mixin.py:190} INFO - [2024-10-05T02:15:05.819+0000] {dag.py:3239} INFO - Sync 1 DAGs
[2024-10-05T02:15:05.833+0000] {logging_mixin.py:190} INFO - [2024-10-05T02:15:05.833+0000] {dag.py:4180} INFO - Setting next_dagrun for example_branch_labels to 2024-10-04 00:00:00+00:00, run_after=2024-10-05 00:00:00+00:00
[2024-10-05T02:15:05.843+0000] {processor.py:208} INFO - Processing /home/airflow/.local/lib/python3.12/site-packages/airflow/example_dags/example_branch_labels.py took 0.047 seconds
[2024-10-05T02:15:36.259+0000] {processor.py:186} INFO - Started process (PID=152) to work on /home/airflow/.local/lib/python3.12/site-packages/airflow/example_dags/example_branch_labels.py
[2024-10-05T02:15:36.260+0000] {processor.py:914} INFO - Processing file /home/airflow/.local/lib/python3.12/site-packages/airflow/example_dags/example_branch_labels.py for tasks to queue
[2024-10-05T02:15:36.261+0000] {logging_mixin.py:190} INFO - [2024-10-05T02:15:36.261+0000] {dagbag.py:588} INFO - Filling up the DagBag from /home/airflow/.local/lib/python3.12/site-packages/airflow/example_dags/example_branch_labels.py
[2024-10-05T02:15:36.267+0000] {processor.py:925} INFO - DAG(s) 'example_branch_labels' retrieved from /home/airflow/.local/lib/python3.12/site-packages/airflow/example_dags/example_branch_labels.py
[2024-10-05T02:15:36.280+0000] {logging_mixin.py:190} INFO - [2024-10-05T02:15:36.280+0000] {dag.py:3239} INFO - Sync 1 DAGs
[2024-10-05T02:15:36.295+0000] {logging_mixin.py:190} INFO - [2024-10-05T02:15:36.295+0000] {dag.py:4180} INFO - Setting next_dagrun for example_branch_labels to 2024-10-04 00:00:00+00:00, run_after=2024-10-05 00:00:00+00:00
[2024-10-05T02:15:36.308+0000] {processor.py:208} INFO - Processing /home/airflow/.local/lib/python3.12/site-packages/airflow/example_dags/example_branch_labels.py took 0.052 seconds
[2024-10-05T02:16:07.130+0000] {processor.py:186} INFO - Started process (PID=214) to work on /home/airflow/.local/lib/python3.12/site-packages/airflow/example_dags/example_branch_labels.py
[2024-10-05T02:16:07.130+0000] {processor.py:914} INFO - Processing file /home/airflow/.local/lib/python3.12/site-packages/airflow/example_dags/example_branch_labels.py for tasks to queue
[2024-10-05T02:16:07.132+0000] {logging_mixin.py:190} INFO - [2024-10-05T02:16:07.131+0000] {dagbag.py:588} INFO - Filling up the DagBag from /home/airflow/.local/lib/python3.12/site-packages/airflow/example_dags/example_branch_labels.py
[2024-10-05T02:16:07.137+0000] {processor.py:925} INFO - DAG(s) 'example_branch_labels' retrieved from /home/airflow/.local/lib/python3.12/site-packages/airflow/example_dags/example_branch_labels.py
[2024-10-05T02:16:07.149+0000] {logging_mixin.py:190} INFO - [2024-10-05T02:16:07.148+0000] {dag.py:3239} INFO - Sync 1 DAGs
[2024-10-05T02:16:07.162+0000] {logging_mixin.py:190} INFO - [2024-10-05T02:16:07.161+0000] {dag.py:4180} INFO - Setting next_dagrun for example_branch_labels to 2024-10-04 00:00:00+00:00, run_after=2024-10-05 00:00:00+00:00
[2024-10-05T02:16:07.172+0000] {processor.py:208} INFO - Processing /home/airflow/.local/lib/python3.12/site-packages/airflow/example_dags/example_branch_labels.py took 0.046 seconds
[2024-10-05T02:16:37.506+0000] {processor.py:186} INFO - Started process (PID=276) to work on /home/airflow/.local/lib/python3.12/site-packages/airflow/example_dags/example_branch_labels.py
[2024-10-05T02:16:37.506+0000] {processor.py:914} INFO - Processing file /home/airflow/.local/lib/python3.12/site-packages/airflow/example_dags/example_branch_labels.py for tasks to queue
[2024-10-05T02:16:37.508+0000] {logging_mixin.py:190} INFO - [2024-10-05T02:16:37.507+0000] {dagbag.py:588} INFO - Filling up the DagBag from /home/airflow/.local/lib/python3.12/site-packages/airflow/example_dags/example_branch_labels.py
[2024-10-05T02:16:37.513+0000] {processor.py:925} INFO - DAG(s) 'example_branch_labels' retrieved from /home/airflow/.local/lib/python3.12/site-packages/airflow/example_dags/example_branch_labels.py
[2024-10-05T02:16:37.524+0000] {logging_mixin.py:190} INFO - [2024-10-05T02:16:37.524+0000] {dag.py:3239} INFO - Sync 1 DAGs
[2024-10-05T02:16:37.537+0000] {logging_mixin.py:190} INFO - [2024-10-05T02:16:37.536+0000] {dag.py:4180} INFO - Setting next_dagrun for example_branch_labels to 2024-10-04 00:00:00+00:00, run_after=2024-10-05 00:00:00+00:00
[2024-10-05T02:16:37.546+0000] {processor.py:208} INFO - Processing /home/airflow/.local/lib/python3.12/site-packages/airflow/example_dags/example_branch_labels.py took 0.044 seconds
[2024-10-05T02:17:08.512+0000] {processor.py:186} INFO - Started process (PID=338) to work on /home/airflow/.local/lib/python3.12/site-packages/airflow/example_dags/example_branch_labels.py
[2024-10-05T02:17:08.513+0000] {processor.py:914} INFO - Processing file /home/airflow/.local/lib/python3.12/site-packages/airflow/example_dags/example_branch_labels.py for tasks to queue
[2024-10-05T02:17:08.514+0000] {logging_mixin.py:190} INFO - [2024-10-05T02:17:08.514+0000] {dagbag.py:588} INFO - Filling up the DagBag from /home/airflow/.local/lib/python3.12/site-packages/airflow/example_dags/example_branch_labels.py
[2024-10-05T02:17:08.519+0000] {processor.py:925} INFO - DAG(s) 'example_branch_labels' retrieved from /home/airflow/.local/lib/python3.12/site-packages/airflow/example_dags/example_branch_labels.py
[2024-10-05T02:17:08.530+0000] {logging_mixin.py:190} INFO - [2024-10-05T02:17:08.530+0000] {dag.py:3239} INFO - Sync 1 DAGs
[2024-10-05T02:17:08.543+0000] {logging_mixin.py:190} INFO - [2024-10-05T02:17:08.542+0000] {dag.py:4180} INFO - Setting next_dagrun for example_branch_labels to 2024-10-04 00:00:00+00:00, run_after=2024-10-05 00:00:00+00:00
[2024-10-05T02:17:08.551+0000] {processor.py:208} INFO - Processing /home/airflow/.local/lib/python3.12/site-packages/airflow/example_dags/example_branch_labels.py took 0.043 seconds
[2024-10-05T02:17:39.479+0000] {processor.py:186} INFO - Started process (PID=400) to work on /home/airflow/.local/lib/python3.12/site-packages/airflow/example_dags/example_branch_labels.py
[2024-10-05T02:17:39.480+0000] {processor.py:914} INFO - Processing file /home/airflow/.local/lib/python3.12/site-packages/airflow/example_dags/example_branch_labels.py for tasks to queue
[2024-10-05T02:17:39.481+0000] {logging_mixin.py:190} INFO - [2024-10-05T02:17:39.481+0000] {dagbag.py:588} INFO - Filling up the DagBag from /home/airflow/.local/lib/python3.12/site-packages/airflow/example_dags/example_branch_labels.py
[2024-10-05T02:17:39.487+0000] {processor.py:925} INFO - DAG(s) 'example_branch_labels' retrieved from /home/airflow/.local/lib/python3.12/site-packages/airflow/example_dags/example_branch_labels.py
[2024-10-05T02:17:39.498+0000] {logging_mixin.py:190} INFO - [2024-10-05T02:17:39.497+0000] {dag.py:3239} INFO - Sync 1 DAGs
[2024-10-05T02:17:39.510+0000] {logging_mixin.py:190} INFO - [2024-10-05T02:17:39.510+0000] {dag.py:4180} INFO - Setting next_dagrun for example_branch_labels to 2024-10-04 00:00:00+00:00, run_after=2024-10-05 00:00:00+00:00
[2024-10-05T02:17:39.519+0000] {processor.py:208} INFO - Processing /home/airflow/.local/lib/python3.12/site-packages/airflow/example_dags/example_branch_labels.py took 0.044 seconds
[2024-10-05T02:18:09.908+0000] {processor.py:186} INFO - Started process (PID=462) to work on /home/airflow/.local/lib/python3.12/site-packages/airflow/example_dags/example_branch_labels.py
[2024-10-05T02:18:09.909+0000] {processor.py:914} INFO - Processing file /home/airflow/.local/lib/python3.12/site-packages/airflow/example_dags/example_branch_labels.py for tasks to queue
[2024-10-05T02:18:09.910+0000] {logging_mixin.py:190} INFO - [2024-10-05T02:18:09.910+0000] {dagbag.py:588} INFO - Filling up the DagBag from /home/airflow/.local/lib/python3.12/site-packages/airflow/example_dags/example_branch_labels.py
[2024-10-05T02:18:09.915+0000] {processor.py:925} INFO - DAG(s) 'example_branch_labels' retrieved from /home/airflow/.local/lib/python3.12/site-packages/airflow/example_dags/example_branch_labels.py
[2024-10-05T02:18:09.927+0000] {logging_mixin.py:190} INFO - [2024-10-05T02:18:09.926+0000] {dag.py:3239} INFO - Sync 1 DAGs
[2024-10-05T02:18:09.940+0000] {logging_mixin.py:190} INFO - [2024-10-05T02:18:09.940+0000] {dag.py:4180} INFO - Setting next_dagrun for example_branch_labels to 2024-10-04 00:00:00+00:00, run_after=2024-10-05 00:00:00+00:00
[2024-10-05T02:18:09.949+0000] {processor.py:208} INFO - Processing /home/airflow/.local/lib/python3.12/site-packages/airflow/example_dags/example_branch_labels.py took 0.044 seconds
[2024-10-05T02:18:40.158+0000] {processor.py:186} INFO - Started process (PID=524) to work on /home/airflow/.local/lib/python3.12/site-packages/airflow/example_dags/example_branch_labels.py
[2024-10-05T02:18:40.159+0000] {processor.py:914} INFO - Processing file /home/airflow/.local/lib/python3.12/site-packages/airflow/example_dags/example_branch_labels.py for tasks to queue
[2024-10-05T02:18:40.160+0000] {logging_mixin.py:190} INFO - [2024-10-05T02:18:40.160+0000] {dagbag.py:588} INFO - Filling up the DagBag from /home/airflow/.local/lib/python3.12/site-packages/airflow/example_dags/example_branch_labels.py
[2024-10-05T02:18:40.165+0000] {processor.py:925} INFO - DAG(s) 'example_branch_labels' retrieved from /home/airflow/.local/lib/python3.12/site-packages/airflow/example_dags/example_branch_labels.py
[2024-10-05T02:18:40.176+0000] {logging_mixin.py:190} INFO - [2024-10-05T02:18:40.175+0000] {dag.py:3239} INFO - Sync 1 DAGs
[2024-10-05T02:18:40.188+0000] {logging_mixin.py:190} INFO - [2024-10-05T02:18:40.188+0000] {dag.py:4180} INFO - Setting next_dagrun for example_branch_labels to 2024-10-04 00:00:00+00:00, run_after=2024-10-05 00:00:00+00:00
[2024-10-05T02:18:40.198+0000] {processor.py:208} INFO - Processing /home/airflow/.local/lib/python3.12/site-packages/airflow/example_dags/example_branch_labels.py took 0.043 seconds
[2024-10-05T02:45:06.041+0000] {processor.py:186} INFO - Started process (PID=77) to work on /home/airflow/.local/lib/python3.12/site-packages/airflow/example_dags/example_branch_labels.py
[2024-10-05T02:45:06.042+0000] {processor.py:914} INFO - Processing file /home/airflow/.local/lib/python3.12/site-packages/airflow/example_dags/example_branch_labels.py for tasks to queue
[2024-10-05T02:45:06.043+0000] {logging_mixin.py:190} INFO - [2024-10-05T02:45:06.043+0000] {dagbag.py:588} INFO - Filling up the DagBag from /home/airflow/.local/lib/python3.12/site-packages/airflow/example_dags/example_branch_labels.py
[2024-10-05T02:45:06.048+0000] {processor.py:925} INFO - DAG(s) 'example_branch_labels' retrieved from /home/airflow/.local/lib/python3.12/site-packages/airflow/example_dags/example_branch_labels.py
[2024-10-05T02:45:06.061+0000] {logging_mixin.py:190} INFO - [2024-10-05T02:45:06.061+0000] {dag.py:3239} INFO - Sync 1 DAGs
[2024-10-05T02:45:06.075+0000] {logging_mixin.py:190} INFO - [2024-10-05T02:45:06.075+0000] {dag.py:4180} INFO - Setting next_dagrun for example_branch_labels to 2024-10-04 00:00:00+00:00, run_after=2024-10-05 00:00:00+00:00
[2024-10-05T02:45:06.084+0000] {processor.py:208} INFO - Processing /home/airflow/.local/lib/python3.12/site-packages/airflow/example_dags/example_branch_labels.py took 0.045 seconds
[2024-10-05T02:45:36.381+0000] {processor.py:186} INFO - Started process (PID=146) to work on /home/airflow/.local/lib/python3.12/site-packages/airflow/example_dags/example_branch_labels.py
[2024-10-05T02:45:36.382+0000] {processor.py:914} INFO - Processing file /home/airflow/.local/lib/python3.12/site-packages/airflow/example_dags/example_branch_labels.py for tasks to queue
[2024-10-05T02:45:36.383+0000] {logging_mixin.py:190} INFO - [2024-10-05T02:45:36.383+0000] {dagbag.py:588} INFO - Filling up the DagBag from /home/airflow/.local/lib/python3.12/site-packages/airflow/example_dags/example_branch_labels.py
[2024-10-05T02:45:36.388+0000] {processor.py:925} INFO - DAG(s) 'example_branch_labels' retrieved from /home/airflow/.local/lib/python3.12/site-packages/airflow/example_dags/example_branch_labels.py
[2024-10-05T02:45:36.399+0000] {logging_mixin.py:190} INFO - [2024-10-05T02:45:36.399+0000] {dag.py:3239} INFO - Sync 1 DAGs
[2024-10-05T02:45:36.412+0000] {logging_mixin.py:190} INFO - [2024-10-05T02:45:36.412+0000] {dag.py:4180} INFO - Setting next_dagrun for example_branch_labels to 2024-10-04 00:00:00+00:00, run_after=2024-10-05 00:00:00+00:00
[2024-10-05T02:45:36.422+0000] {processor.py:208} INFO - Processing /home/airflow/.local/lib/python3.12/site-packages/airflow/example_dags/example_branch_labels.py took 0.044 seconds
[2024-10-05T02:46:07.352+0000] {processor.py:186} INFO - Started process (PID=208) to work on /home/airflow/.local/lib/python3.12/site-packages/airflow/example_dags/example_branch_labels.py
[2024-10-05T02:46:07.353+0000] {processor.py:914} INFO - Processing file /home/airflow/.local/lib/python3.12/site-packages/airflow/example_dags/example_branch_labels.py for tasks to queue
[2024-10-05T02:46:07.354+0000] {logging_mixin.py:190} INFO - [2024-10-05T02:46:07.354+0000] {dagbag.py:588} INFO - Filling up the DagBag from /home/airflow/.local/lib/python3.12/site-packages/airflow/example_dags/example_branch_labels.py
[2024-10-05T02:46:07.359+0000] {processor.py:925} INFO - DAG(s) 'example_branch_labels' retrieved from /home/airflow/.local/lib/python3.12/site-packages/airflow/example_dags/example_branch_labels.py
[2024-10-05T02:46:07.370+0000] {logging_mixin.py:190} INFO - [2024-10-05T02:46:07.370+0000] {dag.py:3239} INFO - Sync 1 DAGs
[2024-10-05T02:46:07.383+0000] {logging_mixin.py:190} INFO - [2024-10-05T02:46:07.383+0000] {dag.py:4180} INFO - Setting next_dagrun for example_branch_labels to 2024-10-04 00:00:00+00:00, run_after=2024-10-05 00:00:00+00:00
[2024-10-05T02:46:07.392+0000] {processor.py:208} INFO - Processing /home/airflow/.local/lib/python3.12/site-packages/airflow/example_dags/example_branch_labels.py took 0.043 seconds
[2024-10-05T02:46:37.565+0000] {processor.py:186} INFO - Started process (PID=270) to work on /home/airflow/.local/lib/python3.12/site-packages/airflow/example_dags/example_branch_labels.py
[2024-10-05T02:46:37.565+0000] {processor.py:914} INFO - Processing file /home/airflow/.local/lib/python3.12/site-packages/airflow/example_dags/example_branch_labels.py for tasks to queue
[2024-10-05T02:46:37.567+0000] {logging_mixin.py:190} INFO - [2024-10-05T02:46:37.566+0000] {dagbag.py:588} INFO - Filling up the DagBag from /home/airflow/.local/lib/python3.12/site-packages/airflow/example_dags/example_branch_labels.py
[2024-10-05T02:46:37.572+0000] {processor.py:925} INFO - DAG(s) 'example_branch_labels' retrieved from /home/airflow/.local/lib/python3.12/site-packages/airflow/example_dags/example_branch_labels.py
[2024-10-05T02:46:37.584+0000] {logging_mixin.py:190} INFO - [2024-10-05T02:46:37.584+0000] {dag.py:3239} INFO - Sync 1 DAGs
[2024-10-05T02:46:37.599+0000] {logging_mixin.py:190} INFO - [2024-10-05T02:46:37.598+0000] {dag.py:4180} INFO - Setting next_dagrun for example_branch_labels to 2024-10-04 00:00:00+00:00, run_after=2024-10-05 00:00:00+00:00
[2024-10-05T02:46:37.610+0000] {processor.py:208} INFO - Processing /home/airflow/.local/lib/python3.12/site-packages/airflow/example_dags/example_branch_labels.py took 0.049 seconds
[2024-10-05T02:47:07.661+0000] {processor.py:186} INFO - Started process (PID=332) to work on /home/airflow/.local/lib/python3.12/site-packages/airflow/example_dags/example_branch_labels.py
[2024-10-05T02:47:07.662+0000] {processor.py:914} INFO - Processing file /home/airflow/.local/lib/python3.12/site-packages/airflow/example_dags/example_branch_labels.py for tasks to queue
[2024-10-05T02:47:07.663+0000] {logging_mixin.py:190} INFO - [2024-10-05T02:47:07.663+0000] {dagbag.py:588} INFO - Filling up the DagBag from /home/airflow/.local/lib/python3.12/site-packages/airflow/example_dags/example_branch_labels.py
[2024-10-05T02:47:07.668+0000] {processor.py:925} INFO - DAG(s) 'example_branch_labels' retrieved from /home/airflow/.local/lib/python3.12/site-packages/airflow/example_dags/example_branch_labels.py
[2024-10-05T02:47:07.680+0000] {logging_mixin.py:190} INFO - [2024-10-05T02:47:07.679+0000] {dag.py:3239} INFO - Sync 1 DAGs
[2024-10-05T02:47:07.693+0000] {logging_mixin.py:190} INFO - [2024-10-05T02:47:07.693+0000] {dag.py:4180} INFO - Setting next_dagrun for example_branch_labels to 2024-10-04 00:00:00+00:00, run_after=2024-10-05 00:00:00+00:00
[2024-10-05T02:47:07.702+0000] {processor.py:208} INFO - Processing /home/airflow/.local/lib/python3.12/site-packages/airflow/example_dags/example_branch_labels.py took 0.044 seconds
[2024-10-05T02:47:38.358+0000] {processor.py:186} INFO - Started process (PID=394) to work on /home/airflow/.local/lib/python3.12/site-packages/airflow/example_dags/example_branch_labels.py
[2024-10-05T02:47:38.358+0000] {processor.py:914} INFO - Processing file /home/airflow/.local/lib/python3.12/site-packages/airflow/example_dags/example_branch_labels.py for tasks to queue
[2024-10-05T02:47:38.359+0000] {logging_mixin.py:190} INFO - [2024-10-05T02:47:38.359+0000] {dagbag.py:588} INFO - Filling up the DagBag from /home/airflow/.local/lib/python3.12/site-packages/airflow/example_dags/example_branch_labels.py
[2024-10-05T02:47:38.365+0000] {processor.py:925} INFO - DAG(s) 'example_branch_labels' retrieved from /home/airflow/.local/lib/python3.12/site-packages/airflow/example_dags/example_branch_labels.py
[2024-10-05T02:47:38.376+0000] {logging_mixin.py:190} INFO - [2024-10-05T02:47:38.376+0000] {dag.py:3239} INFO - Sync 1 DAGs
[2024-10-05T02:47:38.391+0000] {logging_mixin.py:190} INFO - [2024-10-05T02:47:38.390+0000] {dag.py:4180} INFO - Setting next_dagrun for example_branch_labels to 2024-10-04 00:00:00+00:00, run_after=2024-10-05 00:00:00+00:00
[2024-10-05T02:47:38.401+0000] {processor.py:208} INFO - Processing /home/airflow/.local/lib/python3.12/site-packages/airflow/example_dags/example_branch_labels.py took 0.046 seconds
[2024-10-05T02:48:08.742+0000] {processor.py:186} INFO - Started process (PID=456) to work on /home/airflow/.local/lib/python3.12/site-packages/airflow/example_dags/example_branch_labels.py
[2024-10-05T02:48:08.743+0000] {processor.py:914} INFO - Processing file /home/airflow/.local/lib/python3.12/site-packages/airflow/example_dags/example_branch_labels.py for tasks to queue
[2024-10-05T02:48:08.744+0000] {logging_mixin.py:190} INFO - [2024-10-05T02:48:08.744+0000] {dagbag.py:588} INFO - Filling up the DagBag from /home/airflow/.local/lib/python3.12/site-packages/airflow/example_dags/example_branch_labels.py
[2024-10-05T02:48:08.750+0000] {processor.py:925} INFO - DAG(s) 'example_branch_labels' retrieved from /home/airflow/.local/lib/python3.12/site-packages/airflow/example_dags/example_branch_labels.py
[2024-10-05T02:48:08.762+0000] {logging_mixin.py:190} INFO - [2024-10-05T02:48:08.762+0000] {dag.py:3239} INFO - Sync 1 DAGs
[2024-10-05T02:48:08.776+0000] {logging_mixin.py:190} INFO - [2024-10-05T02:48:08.776+0000] {dag.py:4180} INFO - Setting next_dagrun for example_branch_labels to 2024-10-04 00:00:00+00:00, run_after=2024-10-05 00:00:00+00:00
[2024-10-05T02:48:08.787+0000] {processor.py:208} INFO - Processing /home/airflow/.local/lib/python3.12/site-packages/airflow/example_dags/example_branch_labels.py took 0.048 seconds
[2024-10-05T02:48:39.838+0000] {processor.py:186} INFO - Started process (PID=518) to work on /home/airflow/.local/lib/python3.12/site-packages/airflow/example_dags/example_branch_labels.py
[2024-10-05T02:48:39.839+0000] {processor.py:914} INFO - Processing file /home/airflow/.local/lib/python3.12/site-packages/airflow/example_dags/example_branch_labels.py for tasks to queue
[2024-10-05T02:48:39.840+0000] {logging_mixin.py:190} INFO - [2024-10-05T02:48:39.840+0000] {dagbag.py:588} INFO - Filling up the DagBag from /home/airflow/.local/lib/python3.12/site-packages/airflow/example_dags/example_branch_labels.py
[2024-10-05T02:48:39.846+0000] {processor.py:925} INFO - DAG(s) 'example_branch_labels' retrieved from /home/airflow/.local/lib/python3.12/site-packages/airflow/example_dags/example_branch_labels.py
[2024-10-05T02:48:39.857+0000] {logging_mixin.py:190} INFO - [2024-10-05T02:48:39.857+0000] {dag.py:3239} INFO - Sync 1 DAGs
[2024-10-05T02:48:39.872+0000] {logging_mixin.py:190} INFO - [2024-10-05T02:48:39.871+0000] {dag.py:4180} INFO - Setting next_dagrun for example_branch_labels to 2024-10-04 00:00:00+00:00, run_after=2024-10-05 00:00:00+00:00
[2024-10-05T02:48:39.882+0000] {processor.py:208} INFO - Processing /home/airflow/.local/lib/python3.12/site-packages/airflow/example_dags/example_branch_labels.py took 0.047 seconds
[2024-10-05T02:49:10.786+0000] {processor.py:186} INFO - Started process (PID=580) to work on /home/airflow/.local/lib/python3.12/site-packages/airflow/example_dags/example_branch_labels.py
[2024-10-05T02:49:10.786+0000] {processor.py:914} INFO - Processing file /home/airflow/.local/lib/python3.12/site-packages/airflow/example_dags/example_branch_labels.py for tasks to queue
[2024-10-05T02:49:10.788+0000] {logging_mixin.py:190} INFO - [2024-10-05T02:49:10.787+0000] {dagbag.py:588} INFO - Filling up the DagBag from /home/airflow/.local/lib/python3.12/site-packages/airflow/example_dags/example_branch_labels.py
[2024-10-05T02:49:10.793+0000] {processor.py:925} INFO - DAG(s) 'example_branch_labels' retrieved from /home/airflow/.local/lib/python3.12/site-packages/airflow/example_dags/example_branch_labels.py
[2024-10-05T02:49:10.805+0000] {logging_mixin.py:190} INFO - [2024-10-05T02:49:10.805+0000] {dag.py:3239} INFO - Sync 1 DAGs
[2024-10-05T02:49:10.820+0000] {logging_mixin.py:190} INFO - [2024-10-05T02:49:10.819+0000] {dag.py:4180} INFO - Setting next_dagrun for example_branch_labels to 2024-10-04 00:00:00+00:00, run_after=2024-10-05 00:00:00+00:00
[2024-10-05T02:49:10.830+0000] {processor.py:208} INFO - Processing /home/airflow/.local/lib/python3.12/site-packages/airflow/example_dags/example_branch_labels.py took 0.048 seconds
[2024-10-05T02:49:41.402+0000] {processor.py:186} INFO - Started process (PID=648) to work on /home/airflow/.local/lib/python3.12/site-packages/airflow/example_dags/example_branch_labels.py
[2024-10-05T02:49:41.403+0000] {processor.py:914} INFO - Processing file /home/airflow/.local/lib/python3.12/site-packages/airflow/example_dags/example_branch_labels.py for tasks to queue
[2024-10-05T02:49:41.404+0000] {logging_mixin.py:190} INFO - [2024-10-05T02:49:41.404+0000] {dagbag.py:588} INFO - Filling up the DagBag from /home/airflow/.local/lib/python3.12/site-packages/airflow/example_dags/example_branch_labels.py
[2024-10-05T02:49:41.409+0000] {processor.py:925} INFO - DAG(s) 'example_branch_labels' retrieved from /home/airflow/.local/lib/python3.12/site-packages/airflow/example_dags/example_branch_labels.py
[2024-10-05T02:49:41.420+0000] {logging_mixin.py:190} INFO - [2024-10-05T02:49:41.420+0000] {dag.py:3239} INFO - Sync 1 DAGs
[2024-10-05T02:49:41.433+0000] {logging_mixin.py:190} INFO - [2024-10-05T02:49:41.433+0000] {dag.py:4180} INFO - Setting next_dagrun for example_branch_labels to 2024-10-04 00:00:00+00:00, run_after=2024-10-05 00:00:00+00:00
[2024-10-05T02:49:41.442+0000] {processor.py:208} INFO - Processing /home/airflow/.local/lib/python3.12/site-packages/airflow/example_dags/example_branch_labels.py took 0.043 seconds
[2024-10-05T02:50:11.964+0000] {processor.py:186} INFO - Started process (PID=731) to work on /home/airflow/.local/lib/python3.12/site-packages/airflow/example_dags/example_branch_labels.py
[2024-10-05T02:50:11.965+0000] {processor.py:914} INFO - Processing file /home/airflow/.local/lib/python3.12/site-packages/airflow/example_dags/example_branch_labels.py for tasks to queue
[2024-10-05T02:50:11.966+0000] {logging_mixin.py:190} INFO - [2024-10-05T02:50:11.966+0000] {dagbag.py:588} INFO - Filling up the DagBag from /home/airflow/.local/lib/python3.12/site-packages/airflow/example_dags/example_branch_labels.py
[2024-10-05T02:50:11.971+0000] {processor.py:925} INFO - DAG(s) 'example_branch_labels' retrieved from /home/airflow/.local/lib/python3.12/site-packages/airflow/example_dags/example_branch_labels.py
[2024-10-05T02:50:11.982+0000] {logging_mixin.py:190} INFO - [2024-10-05T02:50:11.982+0000] {dag.py:3239} INFO - Sync 1 DAGs
[2024-10-05T02:50:11.995+0000] {logging_mixin.py:190} INFO - [2024-10-05T02:50:11.995+0000] {dag.py:4180} INFO - Setting next_dagrun for example_branch_labels to 2024-10-04 00:00:00+00:00, run_after=2024-10-05 00:00:00+00:00
[2024-10-05T02:50:12.004+0000] {processor.py:208} INFO - Processing /home/airflow/.local/lib/python3.12/site-packages/airflow/example_dags/example_branch_labels.py took 0.043 seconds
[2024-10-05T02:50:42.404+0000] {processor.py:186} INFO - Started process (PID=793) to work on /home/airflow/.local/lib/python3.12/site-packages/airflow/example_dags/example_branch_labels.py
[2024-10-05T02:50:42.405+0000] {processor.py:914} INFO - Processing file /home/airflow/.local/lib/python3.12/site-packages/airflow/example_dags/example_branch_labels.py for tasks to queue
[2024-10-05T02:50:42.406+0000] {logging_mixin.py:190} INFO - [2024-10-05T02:50:42.406+0000] {dagbag.py:588} INFO - Filling up the DagBag from /home/airflow/.local/lib/python3.12/site-packages/airflow/example_dags/example_branch_labels.py
[2024-10-05T02:50:42.411+0000] {processor.py:925} INFO - DAG(s) 'example_branch_labels' retrieved from /home/airflow/.local/lib/python3.12/site-packages/airflow/example_dags/example_branch_labels.py
[2024-10-05T02:50:42.422+0000] {logging_mixin.py:190} INFO - [2024-10-05T02:50:42.421+0000] {dag.py:3239} INFO - Sync 1 DAGs
[2024-10-05T02:50:42.434+0000] {logging_mixin.py:190} INFO - [2024-10-05T02:50:42.434+0000] {dag.py:4180} INFO - Setting next_dagrun for example_branch_labels to 2024-10-04 00:00:00+00:00, run_after=2024-10-05 00:00:00+00:00
[2024-10-05T02:50:42.444+0000] {processor.py:208} INFO - Processing /home/airflow/.local/lib/python3.12/site-packages/airflow/example_dags/example_branch_labels.py took 0.043 seconds
[2024-10-05T02:51:12.956+0000] {processor.py:186} INFO - Started process (PID=855) to work on /home/airflow/.local/lib/python3.12/site-packages/airflow/example_dags/example_branch_labels.py
[2024-10-05T02:51:12.957+0000] {processor.py:914} INFO - Processing file /home/airflow/.local/lib/python3.12/site-packages/airflow/example_dags/example_branch_labels.py for tasks to queue
[2024-10-05T02:51:12.958+0000] {logging_mixin.py:190} INFO - [2024-10-05T02:51:12.958+0000] {dagbag.py:588} INFO - Filling up the DagBag from /home/airflow/.local/lib/python3.12/site-packages/airflow/example_dags/example_branch_labels.py
[2024-10-05T02:51:12.963+0000] {processor.py:925} INFO - DAG(s) 'example_branch_labels' retrieved from /home/airflow/.local/lib/python3.12/site-packages/airflow/example_dags/example_branch_labels.py
[2024-10-05T02:51:12.974+0000] {logging_mixin.py:190} INFO - [2024-10-05T02:51:12.974+0000] {dag.py:3239} INFO - Sync 1 DAGs
[2024-10-05T02:51:12.987+0000] {logging_mixin.py:190} INFO - [2024-10-05T02:51:12.986+0000] {dag.py:4180} INFO - Setting next_dagrun for example_branch_labels to 2024-10-04 00:00:00+00:00, run_after=2024-10-05 00:00:00+00:00
[2024-10-05T02:51:12.997+0000] {processor.py:208} INFO - Processing /home/airflow/.local/lib/python3.12/site-packages/airflow/example_dags/example_branch_labels.py took 0.044 seconds
[2024-10-05T02:51:43.355+0000] {processor.py:186} INFO - Started process (PID=917) to work on /home/airflow/.local/lib/python3.12/site-packages/airflow/example_dags/example_branch_labels.py
[2024-10-05T02:51:43.355+0000] {processor.py:914} INFO - Processing file /home/airflow/.local/lib/python3.12/site-packages/airflow/example_dags/example_branch_labels.py for tasks to queue
[2024-10-05T02:51:43.357+0000] {logging_mixin.py:190} INFO - [2024-10-05T02:51:43.356+0000] {dagbag.py:588} INFO - Filling up the DagBag from /home/airflow/.local/lib/python3.12/site-packages/airflow/example_dags/example_branch_labels.py
[2024-10-05T02:51:43.362+0000] {processor.py:925} INFO - DAG(s) 'example_branch_labels' retrieved from /home/airflow/.local/lib/python3.12/site-packages/airflow/example_dags/example_branch_labels.py
[2024-10-05T02:51:43.373+0000] {logging_mixin.py:190} INFO - [2024-10-05T02:51:43.372+0000] {dag.py:3239} INFO - Sync 1 DAGs
[2024-10-05T02:51:43.386+0000] {logging_mixin.py:190} INFO - [2024-10-05T02:51:43.385+0000] {dag.py:4180} INFO - Setting next_dagrun for example_branch_labels to 2024-10-04 00:00:00+00:00, run_after=2024-10-05 00:00:00+00:00
[2024-10-05T02:51:43.395+0000] {processor.py:208} INFO - Processing /home/airflow/.local/lib/python3.12/site-packages/airflow/example_dags/example_branch_labels.py took 0.044 seconds
[2024-10-05T02:52:14.044+0000] {processor.py:186} INFO - Started process (PID=979) to work on /home/airflow/.local/lib/python3.12/site-packages/airflow/example_dags/example_branch_labels.py
[2024-10-05T02:52:14.044+0000] {processor.py:914} INFO - Processing file /home/airflow/.local/lib/python3.12/site-packages/airflow/example_dags/example_branch_labels.py for tasks to queue
[2024-10-05T02:52:14.046+0000] {logging_mixin.py:190} INFO - [2024-10-05T02:52:14.045+0000] {dagbag.py:588} INFO - Filling up the DagBag from /home/airflow/.local/lib/python3.12/site-packages/airflow/example_dags/example_branch_labels.py
[2024-10-05T02:52:14.051+0000] {processor.py:925} INFO - DAG(s) 'example_branch_labels' retrieved from /home/airflow/.local/lib/python3.12/site-packages/airflow/example_dags/example_branch_labels.py
[2024-10-05T02:52:14.061+0000] {logging_mixin.py:190} INFO - [2024-10-05T02:52:14.061+0000] {dag.py:3239} INFO - Sync 1 DAGs
[2024-10-05T02:52:14.074+0000] {logging_mixin.py:190} INFO - [2024-10-05T02:52:14.074+0000] {dag.py:4180} INFO - Setting next_dagrun for example_branch_labels to 2024-10-04 00:00:00+00:00, run_after=2024-10-05 00:00:00+00:00
[2024-10-05T02:52:14.083+0000] {processor.py:208} INFO - Processing /home/airflow/.local/lib/python3.12/site-packages/airflow/example_dags/example_branch_labels.py took 0.043 seconds
[2024-10-05T02:52:44.897+0000] {processor.py:186} INFO - Started process (PID=1041) to work on /home/airflow/.local/lib/python3.12/site-packages/airflow/example_dags/example_branch_labels.py
[2024-10-05T02:52:44.897+0000] {processor.py:914} INFO - Processing file /home/airflow/.local/lib/python3.12/site-packages/airflow/example_dags/example_branch_labels.py for tasks to queue
[2024-10-05T02:52:44.898+0000] {logging_mixin.py:190} INFO - [2024-10-05T02:52:44.898+0000] {dagbag.py:588} INFO - Filling up the DagBag from /home/airflow/.local/lib/python3.12/site-packages/airflow/example_dags/example_branch_labels.py
[2024-10-05T02:52:44.904+0000] {processor.py:925} INFO - DAG(s) 'example_branch_labels' retrieved from /home/airflow/.local/lib/python3.12/site-packages/airflow/example_dags/example_branch_labels.py
[2024-10-05T02:52:44.914+0000] {logging_mixin.py:190} INFO - [2024-10-05T02:52:44.914+0000] {dag.py:3239} INFO - Sync 1 DAGs
[2024-10-05T02:52:44.927+0000] {logging_mixin.py:190} INFO - [2024-10-05T02:52:44.927+0000] {dag.py:4180} INFO - Setting next_dagrun for example_branch_labels to 2024-10-04 00:00:00+00:00, run_after=2024-10-05 00:00:00+00:00
[2024-10-05T02:52:44.936+0000] {processor.py:208} INFO - Processing /home/airflow/.local/lib/python3.12/site-packages/airflow/example_dags/example_branch_labels.py took 0.043 seconds
[2024-10-05T02:53:15.720+0000] {processor.py:186} INFO - Started process (PID=1103) to work on /home/airflow/.local/lib/python3.12/site-packages/airflow/example_dags/example_branch_labels.py
[2024-10-05T02:53:15.721+0000] {processor.py:914} INFO - Processing file /home/airflow/.local/lib/python3.12/site-packages/airflow/example_dags/example_branch_labels.py for tasks to queue
[2024-10-05T02:53:15.722+0000] {logging_mixin.py:190} INFO - [2024-10-05T02:53:15.722+0000] {dagbag.py:588} INFO - Filling up the DagBag from /home/airflow/.local/lib/python3.12/site-packages/airflow/example_dags/example_branch_labels.py
[2024-10-05T02:53:15.727+0000] {processor.py:925} INFO - DAG(s) 'example_branch_labels' retrieved from /home/airflow/.local/lib/python3.12/site-packages/airflow/example_dags/example_branch_labels.py
[2024-10-05T02:53:15.738+0000] {logging_mixin.py:190} INFO - [2024-10-05T02:53:15.737+0000] {dag.py:3239} INFO - Sync 1 DAGs
[2024-10-05T02:53:15.750+0000] {logging_mixin.py:190} INFO - [2024-10-05T02:53:15.750+0000] {dag.py:4180} INFO - Setting next_dagrun for example_branch_labels to 2024-10-04 00:00:00+00:00, run_after=2024-10-05 00:00:00+00:00
[2024-10-05T02:53:15.759+0000] {processor.py:208} INFO - Processing /home/airflow/.local/lib/python3.12/site-packages/airflow/example_dags/example_branch_labels.py took 0.042 seconds
[2024-10-05T02:53:46.455+0000] {processor.py:186} INFO - Started process (PID=1165) to work on /home/airflow/.local/lib/python3.12/site-packages/airflow/example_dags/example_branch_labels.py
[2024-10-05T02:53:46.455+0000] {processor.py:914} INFO - Processing file /home/airflow/.local/lib/python3.12/site-packages/airflow/example_dags/example_branch_labels.py for tasks to queue
[2024-10-05T02:53:46.456+0000] {logging_mixin.py:190} INFO - [2024-10-05T02:53:46.456+0000] {dagbag.py:588} INFO - Filling up the DagBag from /home/airflow/.local/lib/python3.12/site-packages/airflow/example_dags/example_branch_labels.py
[2024-10-05T02:53:46.461+0000] {processor.py:925} INFO - DAG(s) 'example_branch_labels' retrieved from /home/airflow/.local/lib/python3.12/site-packages/airflow/example_dags/example_branch_labels.py
[2024-10-05T02:53:46.472+0000] {logging_mixin.py:190} INFO - [2024-10-05T02:53:46.472+0000] {dag.py:3239} INFO - Sync 1 DAGs
[2024-10-05T02:53:46.485+0000] {logging_mixin.py:190} INFO - [2024-10-05T02:53:46.485+0000] {dag.py:4180} INFO - Setting next_dagrun for example_branch_labels to 2024-10-04 00:00:00+00:00, run_after=2024-10-05 00:00:00+00:00
[2024-10-05T02:53:46.494+0000] {processor.py:208} INFO - Processing /home/airflow/.local/lib/python3.12/site-packages/airflow/example_dags/example_branch_labels.py took 0.042 seconds
[2024-10-05T02:54:17.558+0000] {processor.py:186} INFO - Started process (PID=1228) to work on /home/airflow/.local/lib/python3.12/site-packages/airflow/example_dags/example_branch_labels.py
[2024-10-05T02:54:17.558+0000] {processor.py:914} INFO - Processing file /home/airflow/.local/lib/python3.12/site-packages/airflow/example_dags/example_branch_labels.py for tasks to queue
[2024-10-05T02:54:17.560+0000] {logging_mixin.py:190} INFO - [2024-10-05T02:54:17.559+0000] {dagbag.py:588} INFO - Filling up the DagBag from /home/airflow/.local/lib/python3.12/site-packages/airflow/example_dags/example_branch_labels.py
[2024-10-05T02:54:17.565+0000] {processor.py:925} INFO - DAG(s) 'example_branch_labels' retrieved from /home/airflow/.local/lib/python3.12/site-packages/airflow/example_dags/example_branch_labels.py
[2024-10-05T02:54:17.576+0000] {logging_mixin.py:190} INFO - [2024-10-05T02:54:17.575+0000] {dag.py:3239} INFO - Sync 1 DAGs
[2024-10-05T02:54:17.589+0000] {logging_mixin.py:190} INFO - [2024-10-05T02:54:17.589+0000] {dag.py:4180} INFO - Setting next_dagrun for example_branch_labels to 2024-10-04 00:00:00+00:00, run_after=2024-10-05 00:00:00+00:00
[2024-10-05T02:54:17.598+0000] {processor.py:208} INFO - Processing /home/airflow/.local/lib/python3.12/site-packages/airflow/example_dags/example_branch_labels.py took 0.043 seconds
[2024-10-05T02:54:47.805+0000] {processor.py:186} INFO - Started process (PID=1290) to work on /home/airflow/.local/lib/python3.12/site-packages/airflow/example_dags/example_branch_labels.py
[2024-10-05T02:54:47.806+0000] {processor.py:914} INFO - Processing file /home/airflow/.local/lib/python3.12/site-packages/airflow/example_dags/example_branch_labels.py for tasks to queue
[2024-10-05T02:54:47.807+0000] {logging_mixin.py:190} INFO - [2024-10-05T02:54:47.807+0000] {dagbag.py:588} INFO - Filling up the DagBag from /home/airflow/.local/lib/python3.12/site-packages/airflow/example_dags/example_branch_labels.py
[2024-10-05T02:54:47.812+0000] {processor.py:925} INFO - DAG(s) 'example_branch_labels' retrieved from /home/airflow/.local/lib/python3.12/site-packages/airflow/example_dags/example_branch_labels.py
[2024-10-05T02:54:47.823+0000] {logging_mixin.py:190} INFO - [2024-10-05T02:54:47.823+0000] {dag.py:3239} INFO - Sync 1 DAGs
[2024-10-05T02:54:47.835+0000] {logging_mixin.py:190} INFO - [2024-10-05T02:54:47.835+0000] {dag.py:4180} INFO - Setting next_dagrun for example_branch_labels to 2024-10-04 00:00:00+00:00, run_after=2024-10-05 00:00:00+00:00
[2024-10-05T02:54:47.844+0000] {processor.py:208} INFO - Processing /home/airflow/.local/lib/python3.12/site-packages/airflow/example_dags/example_branch_labels.py took 0.043 seconds
[2024-10-05T02:55:18.358+0000] {processor.py:186} INFO - Started process (PID=1358) to work on /home/airflow/.local/lib/python3.12/site-packages/airflow/example_dags/example_branch_labels.py
[2024-10-05T02:55:18.359+0000] {processor.py:914} INFO - Processing file /home/airflow/.local/lib/python3.12/site-packages/airflow/example_dags/example_branch_labels.py for tasks to queue
[2024-10-05T02:55:18.360+0000] {logging_mixin.py:190} INFO - [2024-10-05T02:55:18.360+0000] {dagbag.py:588} INFO - Filling up the DagBag from /home/airflow/.local/lib/python3.12/site-packages/airflow/example_dags/example_branch_labels.py
[2024-10-05T02:55:18.365+0000] {processor.py:925} INFO - DAG(s) 'example_branch_labels' retrieved from /home/airflow/.local/lib/python3.12/site-packages/airflow/example_dags/example_branch_labels.py
[2024-10-05T02:55:18.376+0000] {logging_mixin.py:190} INFO - [2024-10-05T02:55:18.376+0000] {dag.py:3239} INFO - Sync 1 DAGs
[2024-10-05T02:55:18.391+0000] {logging_mixin.py:190} INFO - [2024-10-05T02:55:18.391+0000] {dag.py:4180} INFO - Setting next_dagrun for example_branch_labels to 2024-10-04 00:00:00+00:00, run_after=2024-10-05 00:00:00+00:00
[2024-10-05T02:55:18.401+0000] {processor.py:208} INFO - Processing /home/airflow/.local/lib/python3.12/site-packages/airflow/example_dags/example_branch_labels.py took 0.046 seconds
[2024-10-05T02:55:49.320+0000] {processor.py:186} INFO - Started process (PID=1420) to work on /home/airflow/.local/lib/python3.12/site-packages/airflow/example_dags/example_branch_labels.py
[2024-10-05T02:55:49.321+0000] {processor.py:914} INFO - Processing file /home/airflow/.local/lib/python3.12/site-packages/airflow/example_dags/example_branch_labels.py for tasks to queue
[2024-10-05T02:55:49.322+0000] {logging_mixin.py:190} INFO - [2024-10-05T02:55:49.322+0000] {dagbag.py:588} INFO - Filling up the DagBag from /home/airflow/.local/lib/python3.12/site-packages/airflow/example_dags/example_branch_labels.py
[2024-10-05T02:55:49.328+0000] {processor.py:925} INFO - DAG(s) 'example_branch_labels' retrieved from /home/airflow/.local/lib/python3.12/site-packages/airflow/example_dags/example_branch_labels.py
[2024-10-05T02:55:49.338+0000] {logging_mixin.py:190} INFO - [2024-10-05T02:55:49.338+0000] {dag.py:3239} INFO - Sync 1 DAGs
[2024-10-05T02:55:49.351+0000] {logging_mixin.py:190} INFO - [2024-10-05T02:55:49.351+0000] {dag.py:4180} INFO - Setting next_dagrun for example_branch_labels to 2024-10-04 00:00:00+00:00, run_after=2024-10-05 00:00:00+00:00
[2024-10-05T02:55:49.360+0000] {processor.py:208} INFO - Processing /home/airflow/.local/lib/python3.12/site-packages/airflow/example_dags/example_branch_labels.py took 0.043 seconds
[2024-10-05T02:56:19.664+0000] {processor.py:186} INFO - Started process (PID=1482) to work on /home/airflow/.local/lib/python3.12/site-packages/airflow/example_dags/example_branch_labels.py
[2024-10-05T02:56:19.665+0000] {processor.py:914} INFO - Processing file /home/airflow/.local/lib/python3.12/site-packages/airflow/example_dags/example_branch_labels.py for tasks to queue
[2024-10-05T02:56:19.666+0000] {logging_mixin.py:190} INFO - [2024-10-05T02:56:19.666+0000] {dagbag.py:588} INFO - Filling up the DagBag from /home/airflow/.local/lib/python3.12/site-packages/airflow/example_dags/example_branch_labels.py
[2024-10-05T02:56:19.671+0000] {processor.py:925} INFO - DAG(s) 'example_branch_labels' retrieved from /home/airflow/.local/lib/python3.12/site-packages/airflow/example_dags/example_branch_labels.py
[2024-10-05T02:56:19.683+0000] {logging_mixin.py:190} INFO - [2024-10-05T02:56:19.682+0000] {dag.py:3239} INFO - Sync 1 DAGs
[2024-10-05T02:56:19.696+0000] {logging_mixin.py:190} INFO - [2024-10-05T02:56:19.696+0000] {dag.py:4180} INFO - Setting next_dagrun for example_branch_labels to 2024-10-04 00:00:00+00:00, run_after=2024-10-05 00:00:00+00:00
[2024-10-05T02:56:19.706+0000] {processor.py:208} INFO - Processing /home/airflow/.local/lib/python3.12/site-packages/airflow/example_dags/example_branch_labels.py took 0.045 seconds
[2024-10-05T02:56:50.009+0000] {processor.py:186} INFO - Started process (PID=1544) to work on /home/airflow/.local/lib/python3.12/site-packages/airflow/example_dags/example_branch_labels.py
[2024-10-05T02:56:50.010+0000] {processor.py:914} INFO - Processing file /home/airflow/.local/lib/python3.12/site-packages/airflow/example_dags/example_branch_labels.py for tasks to queue
[2024-10-05T02:56:50.011+0000] {logging_mixin.py:190} INFO - [2024-10-05T02:56:50.011+0000] {dagbag.py:588} INFO - Filling up the DagBag from /home/airflow/.local/lib/python3.12/site-packages/airflow/example_dags/example_branch_labels.py
[2024-10-05T02:56:50.017+0000] {processor.py:925} INFO - DAG(s) 'example_branch_labels' retrieved from /home/airflow/.local/lib/python3.12/site-packages/airflow/example_dags/example_branch_labels.py
[2024-10-05T02:56:50.028+0000] {logging_mixin.py:190} INFO - [2024-10-05T02:56:50.028+0000] {dag.py:3239} INFO - Sync 1 DAGs
[2024-10-05T02:56:50.041+0000] {logging_mixin.py:190} INFO - [2024-10-05T02:56:50.041+0000] {dag.py:4180} INFO - Setting next_dagrun for example_branch_labels to 2024-10-04 00:00:00+00:00, run_after=2024-10-05 00:00:00+00:00
[2024-10-05T02:56:50.051+0000] {processor.py:208} INFO - Processing /home/airflow/.local/lib/python3.12/site-packages/airflow/example_dags/example_branch_labels.py took 0.045 seconds
