[2024-10-05T02:15:05.784+0000] {processor.py:186} INFO - Started process (PID=83) to work on /home/airflow/.local/lib/python3.12/site-packages/airflow/example_dags/example_complex.py
[2024-10-05T02:15:05.784+0000] {processor.py:914} INFO - Processing file /home/airflow/.local/lib/python3.12/site-packages/airflow/example_dags/example_complex.py for tasks to queue
[2024-10-05T02:15:05.786+0000] {logging_mixin.py:190} INFO - [2024-10-05T02:15:05.785+0000] {dagbag.py:588} INFO - Filling up the DagBag from /home/airflow/.local/lib/python3.12/site-packages/airflow/example_dags/example_complex.py
[2024-10-05T02:15:05.793+0000] {processor.py:925} INFO - DAG(s) 'example_complex' retrieved from /home/airflow/.local/lib/python3.12/site-packages/airflow/example_dags/example_complex.py
[2024-10-05T02:15:05.811+0000] {logging_mixin.py:190} INFO - [2024-10-05T02:15:05.811+0000] {dag.py:3239} INFO - Sync 1 DAGs
[2024-10-05T02:15:05.819+0000] {logging_mixin.py:190} INFO - [2024-10-05T02:15:05.819+0000] {dag.py:4180} INFO - Setting next_dagrun for example_complex to None, run_after=None
[2024-10-05T02:15:05.830+0000] {processor.py:208} INFO - Processing /home/airflow/.local/lib/python3.12/site-packages/airflow/example_dags/example_complex.py took 0.049 seconds
[2024-10-05T02:15:36.195+0000] {processor.py:186} INFO - Started process (PID=151) to work on /home/airflow/.local/lib/python3.12/site-packages/airflow/example_dags/example_complex.py
[2024-10-05T02:15:36.196+0000] {processor.py:914} INFO - Processing file /home/airflow/.local/lib/python3.12/site-packages/airflow/example_dags/example_complex.py for tasks to queue
[2024-10-05T02:15:36.197+0000] {logging_mixin.py:190} INFO - [2024-10-05T02:15:36.197+0000] {dagbag.py:588} INFO - Filling up the DagBag from /home/airflow/.local/lib/python3.12/site-packages/airflow/example_dags/example_complex.py
[2024-10-05T02:15:36.204+0000] {processor.py:925} INFO - DAG(s) 'example_complex' retrieved from /home/airflow/.local/lib/python3.12/site-packages/airflow/example_dags/example_complex.py
[2024-10-05T02:15:36.224+0000] {logging_mixin.py:190} INFO - [2024-10-05T02:15:36.223+0000] {dag.py:3239} INFO - Sync 1 DAGs
[2024-10-05T02:15:36.233+0000] {logging_mixin.py:190} INFO - [2024-10-05T02:15:36.232+0000] {dag.py:4180} INFO - Setting next_dagrun for example_complex to None, run_after=None
[2024-10-05T02:15:36.244+0000] {processor.py:208} INFO - Processing /home/airflow/.local/lib/python3.12/site-packages/airflow/example_dags/example_complex.py took 0.053 seconds
[2024-10-05T02:16:07.070+0000] {processor.py:186} INFO - Started process (PID=213) to work on /home/airflow/.local/lib/python3.12/site-packages/airflow/example_dags/example_complex.py
[2024-10-05T02:16:07.071+0000] {processor.py:914} INFO - Processing file /home/airflow/.local/lib/python3.12/site-packages/airflow/example_dags/example_complex.py for tasks to queue
[2024-10-05T02:16:07.072+0000] {logging_mixin.py:190} INFO - [2024-10-05T02:16:07.072+0000] {dagbag.py:588} INFO - Filling up the DagBag from /home/airflow/.local/lib/python3.12/site-packages/airflow/example_dags/example_complex.py
[2024-10-05T02:16:07.079+0000] {processor.py:925} INFO - DAG(s) 'example_complex' retrieved from /home/airflow/.local/lib/python3.12/site-packages/airflow/example_dags/example_complex.py
[2024-10-05T02:16:07.097+0000] {logging_mixin.py:190} INFO - [2024-10-05T02:16:07.097+0000] {dag.py:3239} INFO - Sync 1 DAGs
[2024-10-05T02:16:07.106+0000] {logging_mixin.py:190} INFO - [2024-10-05T02:16:07.105+0000] {dag.py:4180} INFO - Setting next_dagrun for example_complex to None, run_after=None
[2024-10-05T02:16:07.115+0000] {processor.py:208} INFO - Processing /home/airflow/.local/lib/python3.12/site-packages/airflow/example_dags/example_complex.py took 0.049 seconds
[2024-10-05T02:16:37.490+0000] {processor.py:186} INFO - Started process (PID=275) to work on /home/airflow/.local/lib/python3.12/site-packages/airflow/example_dags/example_complex.py
[2024-10-05T02:16:37.491+0000] {processor.py:914} INFO - Processing file /home/airflow/.local/lib/python3.12/site-packages/airflow/example_dags/example_complex.py for tasks to queue
[2024-10-05T02:16:37.492+0000] {logging_mixin.py:190} INFO - [2024-10-05T02:16:37.492+0000] {dagbag.py:588} INFO - Filling up the DagBag from /home/airflow/.local/lib/python3.12/site-packages/airflow/example_dags/example_complex.py
[2024-10-05T02:16:37.499+0000] {processor.py:925} INFO - DAG(s) 'example_complex' retrieved from /home/airflow/.local/lib/python3.12/site-packages/airflow/example_dags/example_complex.py
[2024-10-05T02:16:37.517+0000] {logging_mixin.py:190} INFO - [2024-10-05T02:16:37.517+0000] {dag.py:3239} INFO - Sync 1 DAGs
[2024-10-05T02:16:37.525+0000] {logging_mixin.py:190} INFO - [2024-10-05T02:16:37.525+0000] {dag.py:4180} INFO - Setting next_dagrun for example_complex to None, run_after=None
[2024-10-05T02:16:37.534+0000] {processor.py:208} INFO - Processing /home/airflow/.local/lib/python3.12/site-packages/airflow/example_dags/example_complex.py took 0.047 seconds
[2024-10-05T02:17:08.506+0000] {processor.py:186} INFO - Started process (PID=337) to work on /home/airflow/.local/lib/python3.12/site-packages/airflow/example_dags/example_complex.py
[2024-10-05T02:17:08.506+0000] {processor.py:914} INFO - Processing file /home/airflow/.local/lib/python3.12/site-packages/airflow/example_dags/example_complex.py for tasks to queue
[2024-10-05T02:17:08.508+0000] {logging_mixin.py:190} INFO - [2024-10-05T02:17:08.507+0000] {dagbag.py:588} INFO - Filling up the DagBag from /home/airflow/.local/lib/python3.12/site-packages/airflow/example_dags/example_complex.py
[2024-10-05T02:17:08.514+0000] {processor.py:925} INFO - DAG(s) 'example_complex' retrieved from /home/airflow/.local/lib/python3.12/site-packages/airflow/example_dags/example_complex.py
[2024-10-05T02:17:08.531+0000] {logging_mixin.py:190} INFO - [2024-10-05T02:17:08.531+0000] {dag.py:3239} INFO - Sync 1 DAGs
[2024-10-05T02:17:08.539+0000] {logging_mixin.py:190} INFO - [2024-10-05T02:17:08.539+0000] {dag.py:4180} INFO - Setting next_dagrun for example_complex to None, run_after=None
[2024-10-05T02:17:08.548+0000] {processor.py:208} INFO - Processing /home/airflow/.local/lib/python3.12/site-packages/airflow/example_dags/example_complex.py took 0.046 seconds
[2024-10-05T02:17:39.420+0000] {processor.py:186} INFO - Started process (PID=399) to work on /home/airflow/.local/lib/python3.12/site-packages/airflow/example_dags/example_complex.py
[2024-10-05T02:17:39.421+0000] {processor.py:914} INFO - Processing file /home/airflow/.local/lib/python3.12/site-packages/airflow/example_dags/example_complex.py for tasks to queue
[2024-10-05T02:17:39.422+0000] {logging_mixin.py:190} INFO - [2024-10-05T02:17:39.422+0000] {dagbag.py:588} INFO - Filling up the DagBag from /home/airflow/.local/lib/python3.12/site-packages/airflow/example_dags/example_complex.py
[2024-10-05T02:17:39.429+0000] {processor.py:925} INFO - DAG(s) 'example_complex' retrieved from /home/airflow/.local/lib/python3.12/site-packages/airflow/example_dags/example_complex.py
[2024-10-05T02:17:39.448+0000] {logging_mixin.py:190} INFO - [2024-10-05T02:17:39.447+0000] {dag.py:3239} INFO - Sync 1 DAGs
[2024-10-05T02:17:39.456+0000] {logging_mixin.py:190} INFO - [2024-10-05T02:17:39.456+0000] {dag.py:4180} INFO - Setting next_dagrun for example_complex to None, run_after=None
[2024-10-05T02:17:39.466+0000] {processor.py:208} INFO - Processing /home/airflow/.local/lib/python3.12/site-packages/airflow/example_dags/example_complex.py took 0.049 seconds
[2024-10-05T02:18:09.851+0000] {processor.py:186} INFO - Started process (PID=461) to work on /home/airflow/.local/lib/python3.12/site-packages/airflow/example_dags/example_complex.py
[2024-10-05T02:18:09.852+0000] {processor.py:914} INFO - Processing file /home/airflow/.local/lib/python3.12/site-packages/airflow/example_dags/example_complex.py for tasks to queue
[2024-10-05T02:18:09.853+0000] {logging_mixin.py:190} INFO - [2024-10-05T02:18:09.853+0000] {dagbag.py:588} INFO - Filling up the DagBag from /home/airflow/.local/lib/python3.12/site-packages/airflow/example_dags/example_complex.py
[2024-10-05T02:18:09.860+0000] {processor.py:925} INFO - DAG(s) 'example_complex' retrieved from /home/airflow/.local/lib/python3.12/site-packages/airflow/example_dags/example_complex.py
[2024-10-05T02:18:09.877+0000] {logging_mixin.py:190} INFO - [2024-10-05T02:18:09.877+0000] {dag.py:3239} INFO - Sync 1 DAGs
[2024-10-05T02:18:09.885+0000] {logging_mixin.py:190} INFO - [2024-10-05T02:18:09.885+0000] {dag.py:4180} INFO - Setting next_dagrun for example_complex to None, run_after=None
[2024-10-05T02:18:09.895+0000] {processor.py:208} INFO - Processing /home/airflow/.local/lib/python3.12/site-packages/airflow/example_dags/example_complex.py took 0.047 seconds
[2024-10-05T02:18:40.152+0000] {processor.py:186} INFO - Started process (PID=523) to work on /home/airflow/.local/lib/python3.12/site-packages/airflow/example_dags/example_complex.py
[2024-10-05T02:18:40.152+0000] {processor.py:914} INFO - Processing file /home/airflow/.local/lib/python3.12/site-packages/airflow/example_dags/example_complex.py for tasks to queue
[2024-10-05T02:18:40.154+0000] {logging_mixin.py:190} INFO - [2024-10-05T02:18:40.153+0000] {dagbag.py:588} INFO - Filling up the DagBag from /home/airflow/.local/lib/python3.12/site-packages/airflow/example_dags/example_complex.py
[2024-10-05T02:18:40.161+0000] {processor.py:925} INFO - DAG(s) 'example_complex' retrieved from /home/airflow/.local/lib/python3.12/site-packages/airflow/example_dags/example_complex.py
[2024-10-05T02:18:40.177+0000] {logging_mixin.py:190} INFO - [2024-10-05T02:18:40.177+0000] {dag.py:3239} INFO - Sync 1 DAGs
[2024-10-05T02:18:40.186+0000] {logging_mixin.py:190} INFO - [2024-10-05T02:18:40.185+0000] {dag.py:4180} INFO - Setting next_dagrun for example_complex to None, run_after=None
[2024-10-05T02:18:40.195+0000] {processor.py:208} INFO - Processing /home/airflow/.local/lib/python3.12/site-packages/airflow/example_dags/example_complex.py took 0.046 seconds
[2024-10-05T02:45:06.039+0000] {processor.py:186} INFO - Started process (PID=76) to work on /home/airflow/.local/lib/python3.12/site-packages/airflow/example_dags/example_complex.py
[2024-10-05T02:45:06.039+0000] {processor.py:914} INFO - Processing file /home/airflow/.local/lib/python3.12/site-packages/airflow/example_dags/example_complex.py for tasks to queue
[2024-10-05T02:45:06.041+0000] {logging_mixin.py:190} INFO - [2024-10-05T02:45:06.040+0000] {dagbag.py:588} INFO - Filling up the DagBag from /home/airflow/.local/lib/python3.12/site-packages/airflow/example_dags/example_complex.py
[2024-10-05T02:45:06.047+0000] {processor.py:925} INFO - DAG(s) 'example_complex' retrieved from /home/airflow/.local/lib/python3.12/site-packages/airflow/example_dags/example_complex.py
[2024-10-05T02:45:06.066+0000] {logging_mixin.py:190} INFO - [2024-10-05T02:45:06.066+0000] {dag.py:3239} INFO - Sync 1 DAGs
[2024-10-05T02:45:06.074+0000] {logging_mixin.py:190} INFO - [2024-10-05T02:45:06.074+0000] {dag.py:4180} INFO - Setting next_dagrun for example_complex to None, run_after=None
[2024-10-05T02:45:06.084+0000] {processor.py:208} INFO - Processing /home/airflow/.local/lib/python3.12/site-packages/airflow/example_dags/example_complex.py took 0.049 seconds
[2024-10-05T02:45:36.360+0000] {processor.py:186} INFO - Started process (PID=145) to work on /home/airflow/.local/lib/python3.12/site-packages/airflow/example_dags/example_complex.py
[2024-10-05T02:45:36.361+0000] {processor.py:914} INFO - Processing file /home/airflow/.local/lib/python3.12/site-packages/airflow/example_dags/example_complex.py for tasks to queue
[2024-10-05T02:45:36.362+0000] {logging_mixin.py:190} INFO - [2024-10-05T02:45:36.362+0000] {dagbag.py:588} INFO - Filling up the DagBag from /home/airflow/.local/lib/python3.12/site-packages/airflow/example_dags/example_complex.py
[2024-10-05T02:45:36.368+0000] {processor.py:925} INFO - DAG(s) 'example_complex' retrieved from /home/airflow/.local/lib/python3.12/site-packages/airflow/example_dags/example_complex.py
[2024-10-05T02:45:36.385+0000] {logging_mixin.py:190} INFO - [2024-10-05T02:45:36.385+0000] {dag.py:3239} INFO - Sync 1 DAGs
[2024-10-05T02:45:36.394+0000] {logging_mixin.py:190} INFO - [2024-10-05T02:45:36.394+0000] {dag.py:4180} INFO - Setting next_dagrun for example_complex to None, run_after=None
[2024-10-05T02:45:36.404+0000] {processor.py:208} INFO - Processing /home/airflow/.local/lib/python3.12/site-packages/airflow/example_dags/example_complex.py took 0.047 seconds
[2024-10-05T02:46:07.317+0000] {processor.py:186} INFO - Started process (PID=207) to work on /home/airflow/.local/lib/python3.12/site-packages/airflow/example_dags/example_complex.py
[2024-10-05T02:46:07.317+0000] {processor.py:914} INFO - Processing file /home/airflow/.local/lib/python3.12/site-packages/airflow/example_dags/example_complex.py for tasks to queue
[2024-10-05T02:46:07.318+0000] {logging_mixin.py:190} INFO - [2024-10-05T02:46:07.318+0000] {dagbag.py:588} INFO - Filling up the DagBag from /home/airflow/.local/lib/python3.12/site-packages/airflow/example_dags/example_complex.py
[2024-10-05T02:46:07.324+0000] {processor.py:925} INFO - DAG(s) 'example_complex' retrieved from /home/airflow/.local/lib/python3.12/site-packages/airflow/example_dags/example_complex.py
[2024-10-05T02:46:07.340+0000] {logging_mixin.py:190} INFO - [2024-10-05T02:46:07.340+0000] {dag.py:3239} INFO - Sync 1 DAGs
[2024-10-05T02:46:07.348+0000] {logging_mixin.py:190} INFO - [2024-10-05T02:46:07.348+0000] {dag.py:4180} INFO - Setting next_dagrun for example_complex to None, run_after=None
[2024-10-05T02:46:07.357+0000] {processor.py:208} INFO - Processing /home/airflow/.local/lib/python3.12/site-packages/airflow/example_dags/example_complex.py took 0.044 seconds
[2024-10-05T02:46:37.502+0000] {processor.py:186} INFO - Started process (PID=269) to work on /home/airflow/.local/lib/python3.12/site-packages/airflow/example_dags/example_complex.py
[2024-10-05T02:46:37.502+0000] {processor.py:914} INFO - Processing file /home/airflow/.local/lib/python3.12/site-packages/airflow/example_dags/example_complex.py for tasks to queue
[2024-10-05T02:46:37.504+0000] {logging_mixin.py:190} INFO - [2024-10-05T02:46:37.504+0000] {dagbag.py:588} INFO - Filling up the DagBag from /home/airflow/.local/lib/python3.12/site-packages/airflow/example_dags/example_complex.py
[2024-10-05T02:46:37.512+0000] {processor.py:925} INFO - DAG(s) 'example_complex' retrieved from /home/airflow/.local/lib/python3.12/site-packages/airflow/example_dags/example_complex.py
[2024-10-05T02:46:37.531+0000] {logging_mixin.py:190} INFO - [2024-10-05T02:46:37.531+0000] {dag.py:3239} INFO - Sync 1 DAGs
[2024-10-05T02:46:37.540+0000] {logging_mixin.py:190} INFO - [2024-10-05T02:46:37.540+0000] {dag.py:4180} INFO - Setting next_dagrun for example_complex to None, run_after=None
[2024-10-05T02:46:37.550+0000] {processor.py:208} INFO - Processing /home/airflow/.local/lib/python3.12/site-packages/airflow/example_dags/example_complex.py took 0.052 seconds
[2024-10-05T02:47:07.597+0000] {processor.py:186} INFO - Started process (PID=330) to work on /home/airflow/.local/lib/python3.12/site-packages/airflow/example_dags/example_complex.py
[2024-10-05T02:47:07.598+0000] {processor.py:914} INFO - Processing file /home/airflow/.local/lib/python3.12/site-packages/airflow/example_dags/example_complex.py for tasks to queue
[2024-10-05T02:47:07.599+0000] {logging_mixin.py:190} INFO - [2024-10-05T02:47:07.599+0000] {dagbag.py:588} INFO - Filling up the DagBag from /home/airflow/.local/lib/python3.12/site-packages/airflow/example_dags/example_complex.py
[2024-10-05T02:47:07.606+0000] {processor.py:925} INFO - DAG(s) 'example_complex' retrieved from /home/airflow/.local/lib/python3.12/site-packages/airflow/example_dags/example_complex.py
[2024-10-05T02:47:07.623+0000] {logging_mixin.py:190} INFO - [2024-10-05T02:47:07.623+0000] {dag.py:3239} INFO - Sync 1 DAGs
[2024-10-05T02:47:07.632+0000] {logging_mixin.py:190} INFO - [2024-10-05T02:47:07.632+0000] {dag.py:4180} INFO - Setting next_dagrun for example_complex to None, run_after=None
[2024-10-05T02:47:07.645+0000] {processor.py:208} INFO - Processing /home/airflow/.local/lib/python3.12/site-packages/airflow/example_dags/example_complex.py took 0.051 seconds
[2024-10-05T02:47:38.355+0000] {processor.py:186} INFO - Started process (PID=393) to work on /home/airflow/.local/lib/python3.12/site-packages/airflow/example_dags/example_complex.py
[2024-10-05T02:47:38.355+0000] {processor.py:914} INFO - Processing file /home/airflow/.local/lib/python3.12/site-packages/airflow/example_dags/example_complex.py for tasks to queue
[2024-10-05T02:47:38.357+0000] {logging_mixin.py:190} INFO - [2024-10-05T02:47:38.357+0000] {dagbag.py:588} INFO - Filling up the DagBag from /home/airflow/.local/lib/python3.12/site-packages/airflow/example_dags/example_complex.py
[2024-10-05T02:47:38.364+0000] {processor.py:925} INFO - DAG(s) 'example_complex' retrieved from /home/airflow/.local/lib/python3.12/site-packages/airflow/example_dags/example_complex.py
[2024-10-05T02:47:38.383+0000] {logging_mixin.py:190} INFO - [2024-10-05T02:47:38.383+0000] {dag.py:3239} INFO - Sync 1 DAGs
[2024-10-05T02:47:38.392+0000] {logging_mixin.py:190} INFO - [2024-10-05T02:47:38.391+0000] {dag.py:4180} INFO - Setting next_dagrun for example_complex to None, run_after=None
[2024-10-05T02:47:38.402+0000] {processor.py:208} INFO - Processing /home/airflow/.local/lib/python3.12/site-packages/airflow/example_dags/example_complex.py took 0.051 seconds
[2024-10-05T02:48:08.681+0000] {processor.py:186} INFO - Started process (PID=455) to work on /home/airflow/.local/lib/python3.12/site-packages/airflow/example_dags/example_complex.py
[2024-10-05T02:48:08.682+0000] {processor.py:914} INFO - Processing file /home/airflow/.local/lib/python3.12/site-packages/airflow/example_dags/example_complex.py for tasks to queue
[2024-10-05T02:48:08.683+0000] {logging_mixin.py:190} INFO - [2024-10-05T02:48:08.683+0000] {dagbag.py:588} INFO - Filling up the DagBag from /home/airflow/.local/lib/python3.12/site-packages/airflow/example_dags/example_complex.py
[2024-10-05T02:48:08.690+0000] {processor.py:925} INFO - DAG(s) 'example_complex' retrieved from /home/airflow/.local/lib/python3.12/site-packages/airflow/example_dags/example_complex.py
[2024-10-05T02:48:08.708+0000] {logging_mixin.py:190} INFO - [2024-10-05T02:48:08.707+0000] {dag.py:3239} INFO - Sync 1 DAGs
[2024-10-05T02:48:08.716+0000] {logging_mixin.py:190} INFO - [2024-10-05T02:48:08.716+0000] {dag.py:4180} INFO - Setting next_dagrun for example_complex to None, run_after=None
[2024-10-05T02:48:08.727+0000] {processor.py:208} INFO - Processing /home/airflow/.local/lib/python3.12/site-packages/airflow/example_dags/example_complex.py took 0.050 seconds
[2024-10-05T02:48:39.808+0000] {processor.py:186} INFO - Started process (PID=517) to work on /home/airflow/.local/lib/python3.12/site-packages/airflow/example_dags/example_complex.py
[2024-10-05T02:48:39.808+0000] {processor.py:914} INFO - Processing file /home/airflow/.local/lib/python3.12/site-packages/airflow/example_dags/example_complex.py for tasks to queue
[2024-10-05T02:48:39.810+0000] {logging_mixin.py:190} INFO - [2024-10-05T02:48:39.809+0000] {dagbag.py:588} INFO - Filling up the DagBag from /home/airflow/.local/lib/python3.12/site-packages/airflow/example_dags/example_complex.py
[2024-10-05T02:48:39.816+0000] {processor.py:925} INFO - DAG(s) 'example_complex' retrieved from /home/airflow/.local/lib/python3.12/site-packages/airflow/example_dags/example_complex.py
[2024-10-05T02:48:39.835+0000] {logging_mixin.py:190} INFO - [2024-10-05T02:48:39.835+0000] {dag.py:3239} INFO - Sync 1 DAGs
[2024-10-05T02:48:39.843+0000] {logging_mixin.py:190} INFO - [2024-10-05T02:48:39.843+0000] {dag.py:4180} INFO - Setting next_dagrun for example_complex to None, run_after=None
[2024-10-05T02:48:39.854+0000] {processor.py:208} INFO - Processing /home/airflow/.local/lib/python3.12/site-packages/airflow/example_dags/example_complex.py took 0.050 seconds
[2024-10-05T02:49:10.743+0000] {processor.py:186} INFO - Started process (PID=579) to work on /home/airflow/.local/lib/python3.12/site-packages/airflow/example_dags/example_complex.py
[2024-10-05T02:49:10.744+0000] {processor.py:914} INFO - Processing file /home/airflow/.local/lib/python3.12/site-packages/airflow/example_dags/example_complex.py for tasks to queue
[2024-10-05T02:49:10.745+0000] {logging_mixin.py:190} INFO - [2024-10-05T02:49:10.745+0000] {dagbag.py:588} INFO - Filling up the DagBag from /home/airflow/.local/lib/python3.12/site-packages/airflow/example_dags/example_complex.py
[2024-10-05T02:49:10.752+0000] {processor.py:925} INFO - DAG(s) 'example_complex' retrieved from /home/airflow/.local/lib/python3.12/site-packages/airflow/example_dags/example_complex.py
[2024-10-05T02:49:10.770+0000] {logging_mixin.py:190} INFO - [2024-10-05T02:49:10.770+0000] {dag.py:3239} INFO - Sync 1 DAGs
[2024-10-05T02:49:10.779+0000] {logging_mixin.py:190} INFO - [2024-10-05T02:49:10.779+0000] {dag.py:4180} INFO - Setting next_dagrun for example_complex to None, run_after=None
[2024-10-05T02:49:10.790+0000] {processor.py:208} INFO - Processing /home/airflow/.local/lib/python3.12/site-packages/airflow/example_dags/example_complex.py took 0.050 seconds
[2024-10-05T02:49:41.380+0000] {processor.py:186} INFO - Started process (PID=647) to work on /home/airflow/.local/lib/python3.12/site-packages/airflow/example_dags/example_complex.py
[2024-10-05T02:49:41.380+0000] {processor.py:914} INFO - Processing file /home/airflow/.local/lib/python3.12/site-packages/airflow/example_dags/example_complex.py for tasks to queue
[2024-10-05T02:49:41.381+0000] {logging_mixin.py:190} INFO - [2024-10-05T02:49:41.381+0000] {dagbag.py:588} INFO - Filling up the DagBag from /home/airflow/.local/lib/python3.12/site-packages/airflow/example_dags/example_complex.py
[2024-10-05T02:49:41.388+0000] {processor.py:925} INFO - DAG(s) 'example_complex' retrieved from /home/airflow/.local/lib/python3.12/site-packages/airflow/example_dags/example_complex.py
[2024-10-05T02:49:41.405+0000] {logging_mixin.py:190} INFO - [2024-10-05T02:49:41.404+0000] {dag.py:3239} INFO - Sync 1 DAGs
[2024-10-05T02:49:41.413+0000] {logging_mixin.py:190} INFO - [2024-10-05T02:49:41.413+0000] {dag.py:4180} INFO - Setting next_dagrun for example_complex to None, run_after=None
[2024-10-05T02:49:41.422+0000] {processor.py:208} INFO - Processing /home/airflow/.local/lib/python3.12/site-packages/airflow/example_dags/example_complex.py took 0.046 seconds
[2024-10-05T02:50:11.955+0000] {processor.py:186} INFO - Started process (PID=730) to work on /home/airflow/.local/lib/python3.12/site-packages/airflow/example_dags/example_complex.py
[2024-10-05T02:50:11.956+0000] {processor.py:914} INFO - Processing file /home/airflow/.local/lib/python3.12/site-packages/airflow/example_dags/example_complex.py for tasks to queue
[2024-10-05T02:50:11.957+0000] {logging_mixin.py:190} INFO - [2024-10-05T02:50:11.957+0000] {dagbag.py:588} INFO - Filling up the DagBag from /home/airflow/.local/lib/python3.12/site-packages/airflow/example_dags/example_complex.py
[2024-10-05T02:50:11.963+0000] {processor.py:925} INFO - DAG(s) 'example_complex' retrieved from /home/airflow/.local/lib/python3.12/site-packages/airflow/example_dags/example_complex.py
[2024-10-05T02:50:11.980+0000] {logging_mixin.py:190} INFO - [2024-10-05T02:50:11.980+0000] {dag.py:3239} INFO - Sync 1 DAGs
[2024-10-05T02:50:11.988+0000] {logging_mixin.py:190} INFO - [2024-10-05T02:50:11.988+0000] {dag.py:4180} INFO - Setting next_dagrun for example_complex to None, run_after=None
[2024-10-05T02:50:11.997+0000] {processor.py:208} INFO - Processing /home/airflow/.local/lib/python3.12/site-packages/airflow/example_dags/example_complex.py took 0.045 seconds
[2024-10-05T02:50:42.350+0000] {processor.py:186} INFO - Started process (PID=792) to work on /home/airflow/.local/lib/python3.12/site-packages/airflow/example_dags/example_complex.py
[2024-10-05T02:50:42.350+0000] {processor.py:914} INFO - Processing file /home/airflow/.local/lib/python3.12/site-packages/airflow/example_dags/example_complex.py for tasks to queue
[2024-10-05T02:50:42.351+0000] {logging_mixin.py:190} INFO - [2024-10-05T02:50:42.351+0000] {dagbag.py:588} INFO - Filling up the DagBag from /home/airflow/.local/lib/python3.12/site-packages/airflow/example_dags/example_complex.py
[2024-10-05T02:50:42.358+0000] {processor.py:925} INFO - DAG(s) 'example_complex' retrieved from /home/airflow/.local/lib/python3.12/site-packages/airflow/example_dags/example_complex.py
[2024-10-05T02:50:42.374+0000] {logging_mixin.py:190} INFO - [2024-10-05T02:50:42.374+0000] {dag.py:3239} INFO - Sync 1 DAGs
[2024-10-05T02:50:42.382+0000] {logging_mixin.py:190} INFO - [2024-10-05T02:50:42.382+0000] {dag.py:4180} INFO - Setting next_dagrun for example_complex to None, run_after=None
[2024-10-05T02:50:42.391+0000] {processor.py:208} INFO - Processing /home/airflow/.local/lib/python3.12/site-packages/airflow/example_dags/example_complex.py took 0.045 seconds
[2024-10-05T02:51:12.934+0000] {processor.py:186} INFO - Started process (PID=854) to work on /home/airflow/.local/lib/python3.12/site-packages/airflow/example_dags/example_complex.py
[2024-10-05T02:51:12.934+0000] {processor.py:914} INFO - Processing file /home/airflow/.local/lib/python3.12/site-packages/airflow/example_dags/example_complex.py for tasks to queue
[2024-10-05T02:51:12.936+0000] {logging_mixin.py:190} INFO - [2024-10-05T02:51:12.935+0000] {dagbag.py:588} INFO - Filling up the DagBag from /home/airflow/.local/lib/python3.12/site-packages/airflow/example_dags/example_complex.py
[2024-10-05T02:51:12.942+0000] {processor.py:925} INFO - DAG(s) 'example_complex' retrieved from /home/airflow/.local/lib/python3.12/site-packages/airflow/example_dags/example_complex.py
[2024-10-05T02:51:12.960+0000] {logging_mixin.py:190} INFO - [2024-10-05T02:51:12.959+0000] {dag.py:3239} INFO - Sync 1 DAGs
[2024-10-05T02:51:12.968+0000] {logging_mixin.py:190} INFO - [2024-10-05T02:51:12.968+0000] {dag.py:4180} INFO - Setting next_dagrun for example_complex to None, run_after=None
[2024-10-05T02:51:12.977+0000] {processor.py:208} INFO - Processing /home/airflow/.local/lib/python3.12/site-packages/airflow/example_dags/example_complex.py took 0.047 seconds
[2024-10-05T02:51:43.319+0000] {processor.py:186} INFO - Started process (PID=916) to work on /home/airflow/.local/lib/python3.12/site-packages/airflow/example_dags/example_complex.py
[2024-10-05T02:51:43.319+0000] {processor.py:914} INFO - Processing file /home/airflow/.local/lib/python3.12/site-packages/airflow/example_dags/example_complex.py for tasks to queue
[2024-10-05T02:51:43.321+0000] {logging_mixin.py:190} INFO - [2024-10-05T02:51:43.320+0000] {dagbag.py:588} INFO - Filling up the DagBag from /home/airflow/.local/lib/python3.12/site-packages/airflow/example_dags/example_complex.py
[2024-10-05T02:51:43.327+0000] {processor.py:925} INFO - DAG(s) 'example_complex' retrieved from /home/airflow/.local/lib/python3.12/site-packages/airflow/example_dags/example_complex.py
[2024-10-05T02:51:43.344+0000] {logging_mixin.py:190} INFO - [2024-10-05T02:51:43.344+0000] {dag.py:3239} INFO - Sync 1 DAGs
[2024-10-05T02:51:43.352+0000] {logging_mixin.py:190} INFO - [2024-10-05T02:51:43.352+0000] {dag.py:4180} INFO - Setting next_dagrun for example_complex to None, run_after=None
[2024-10-05T02:51:43.362+0000] {processor.py:208} INFO - Processing /home/airflow/.local/lib/python3.12/site-packages/airflow/example_dags/example_complex.py took 0.046 seconds
[2024-10-05T02:52:14.024+0000] {processor.py:186} INFO - Started process (PID=978) to work on /home/airflow/.local/lib/python3.12/site-packages/airflow/example_dags/example_complex.py
[2024-10-05T02:52:14.025+0000] {processor.py:914} INFO - Processing file /home/airflow/.local/lib/python3.12/site-packages/airflow/example_dags/example_complex.py for tasks to queue
[2024-10-05T02:52:14.026+0000] {logging_mixin.py:190} INFO - [2024-10-05T02:52:14.026+0000] {dagbag.py:588} INFO - Filling up the DagBag from /home/airflow/.local/lib/python3.12/site-packages/airflow/example_dags/example_complex.py
[2024-10-05T02:52:14.033+0000] {processor.py:925} INFO - DAG(s) 'example_complex' retrieved from /home/airflow/.local/lib/python3.12/site-packages/airflow/example_dags/example_complex.py
[2024-10-05T02:52:14.050+0000] {logging_mixin.py:190} INFO - [2024-10-05T02:52:14.050+0000] {dag.py:3239} INFO - Sync 1 DAGs
[2024-10-05T02:52:14.057+0000] {logging_mixin.py:190} INFO - [2024-10-05T02:52:14.057+0000] {dag.py:4180} INFO - Setting next_dagrun for example_complex to None, run_after=None
[2024-10-05T02:52:14.067+0000] {processor.py:208} INFO - Processing /home/airflow/.local/lib/python3.12/site-packages/airflow/example_dags/example_complex.py took 0.046 seconds
[2024-10-05T02:52:44.875+0000] {processor.py:186} INFO - Started process (PID=1040) to work on /home/airflow/.local/lib/python3.12/site-packages/airflow/example_dags/example_complex.py
[2024-10-05T02:52:44.876+0000] {processor.py:914} INFO - Processing file /home/airflow/.local/lib/python3.12/site-packages/airflow/example_dags/example_complex.py for tasks to queue
[2024-10-05T02:52:44.877+0000] {logging_mixin.py:190} INFO - [2024-10-05T02:52:44.877+0000] {dagbag.py:588} INFO - Filling up the DagBag from /home/airflow/.local/lib/python3.12/site-packages/airflow/example_dags/example_complex.py
[2024-10-05T02:52:44.884+0000] {processor.py:925} INFO - DAG(s) 'example_complex' retrieved from /home/airflow/.local/lib/python3.12/site-packages/airflow/example_dags/example_complex.py
[2024-10-05T02:52:44.901+0000] {logging_mixin.py:190} INFO - [2024-10-05T02:52:44.901+0000] {dag.py:3239} INFO - Sync 1 DAGs
[2024-10-05T02:52:44.909+0000] {logging_mixin.py:190} INFO - [2024-10-05T02:52:44.909+0000] {dag.py:4180} INFO - Setting next_dagrun for example_complex to None, run_after=None
[2024-10-05T02:52:44.919+0000] {processor.py:208} INFO - Processing /home/airflow/.local/lib/python3.12/site-packages/airflow/example_dags/example_complex.py took 0.047 seconds
[2024-10-05T02:53:15.704+0000] {processor.py:186} INFO - Started process (PID=1102) to work on /home/airflow/.local/lib/python3.12/site-packages/airflow/example_dags/example_complex.py
[2024-10-05T02:53:15.704+0000] {processor.py:914} INFO - Processing file /home/airflow/.local/lib/python3.12/site-packages/airflow/example_dags/example_complex.py for tasks to queue
[2024-10-05T02:53:15.706+0000] {logging_mixin.py:190} INFO - [2024-10-05T02:53:15.705+0000] {dagbag.py:588} INFO - Filling up the DagBag from /home/airflow/.local/lib/python3.12/site-packages/airflow/example_dags/example_complex.py
[2024-10-05T02:53:15.713+0000] {processor.py:925} INFO - DAG(s) 'example_complex' retrieved from /home/airflow/.local/lib/python3.12/site-packages/airflow/example_dags/example_complex.py
[2024-10-05T02:53:15.730+0000] {logging_mixin.py:190} INFO - [2024-10-05T02:53:15.730+0000] {dag.py:3239} INFO - Sync 1 DAGs
[2024-10-05T02:53:15.737+0000] {logging_mixin.py:190} INFO - [2024-10-05T02:53:15.737+0000] {dag.py:4180} INFO - Setting next_dagrun for example_complex to None, run_after=None
[2024-10-05T02:53:15.747+0000] {processor.py:208} INFO - Processing /home/airflow/.local/lib/python3.12/site-packages/airflow/example_dags/example_complex.py took 0.046 seconds
[2024-10-05T02:53:46.434+0000] {processor.py:186} INFO - Started process (PID=1164) to work on /home/airflow/.local/lib/python3.12/site-packages/airflow/example_dags/example_complex.py
[2024-10-05T02:53:46.435+0000] {processor.py:914} INFO - Processing file /home/airflow/.local/lib/python3.12/site-packages/airflow/example_dags/example_complex.py for tasks to queue
[2024-10-05T02:53:46.436+0000] {logging_mixin.py:190} INFO - [2024-10-05T02:53:46.436+0000] {dagbag.py:588} INFO - Filling up the DagBag from /home/airflow/.local/lib/python3.12/site-packages/airflow/example_dags/example_complex.py
[2024-10-05T02:53:46.442+0000] {processor.py:925} INFO - DAG(s) 'example_complex' retrieved from /home/airflow/.local/lib/python3.12/site-packages/airflow/example_dags/example_complex.py
[2024-10-05T02:53:46.459+0000] {logging_mixin.py:190} INFO - [2024-10-05T02:53:46.459+0000] {dag.py:3239} INFO - Sync 1 DAGs
[2024-10-05T02:53:46.467+0000] {logging_mixin.py:190} INFO - [2024-10-05T02:53:46.467+0000] {dag.py:4180} INFO - Setting next_dagrun for example_complex to None, run_after=None
[2024-10-05T02:53:46.476+0000] {processor.py:208} INFO - Processing /home/airflow/.local/lib/python3.12/site-packages/airflow/example_dags/example_complex.py took 0.045 seconds
[2024-10-05T02:54:17.543+0000] {processor.py:186} INFO - Started process (PID=1227) to work on /home/airflow/.local/lib/python3.12/site-packages/airflow/example_dags/example_complex.py
[2024-10-05T02:54:17.544+0000] {processor.py:914} INFO - Processing file /home/airflow/.local/lib/python3.12/site-packages/airflow/example_dags/example_complex.py for tasks to queue
[2024-10-05T02:54:17.545+0000] {logging_mixin.py:190} INFO - [2024-10-05T02:54:17.545+0000] {dagbag.py:588} INFO - Filling up the DagBag from /home/airflow/.local/lib/python3.12/site-packages/airflow/example_dags/example_complex.py
[2024-10-05T02:54:17.552+0000] {processor.py:925} INFO - DAG(s) 'example_complex' retrieved from /home/airflow/.local/lib/python3.12/site-packages/airflow/example_dags/example_complex.py
[2024-10-05T02:54:17.568+0000] {logging_mixin.py:190} INFO - [2024-10-05T02:54:17.568+0000] {dag.py:3239} INFO - Sync 1 DAGs
[2024-10-05T02:54:17.577+0000] {logging_mixin.py:190} INFO - [2024-10-05T02:54:17.577+0000] {dag.py:4180} INFO - Setting next_dagrun for example_complex to None, run_after=None
[2024-10-05T02:54:17.586+0000] {processor.py:208} INFO - Processing /home/airflow/.local/lib/python3.12/site-packages/airflow/example_dags/example_complex.py took 0.046 seconds
[2024-10-05T02:54:47.783+0000] {processor.py:186} INFO - Started process (PID=1289) to work on /home/airflow/.local/lib/python3.12/site-packages/airflow/example_dags/example_complex.py
[2024-10-05T02:54:47.784+0000] {processor.py:914} INFO - Processing file /home/airflow/.local/lib/python3.12/site-packages/airflow/example_dags/example_complex.py for tasks to queue
[2024-10-05T02:54:47.785+0000] {logging_mixin.py:190} INFO - [2024-10-05T02:54:47.785+0000] {dagbag.py:588} INFO - Filling up the DagBag from /home/airflow/.local/lib/python3.12/site-packages/airflow/example_dags/example_complex.py
[2024-10-05T02:54:47.792+0000] {processor.py:925} INFO - DAG(s) 'example_complex' retrieved from /home/airflow/.local/lib/python3.12/site-packages/airflow/example_dags/example_complex.py
[2024-10-05T02:54:47.808+0000] {logging_mixin.py:190} INFO - [2024-10-05T02:54:47.808+0000] {dag.py:3239} INFO - Sync 1 DAGs
[2024-10-05T02:54:47.816+0000] {logging_mixin.py:190} INFO - [2024-10-05T02:54:47.816+0000] {dag.py:4180} INFO - Setting next_dagrun for example_complex to None, run_after=None
[2024-10-05T02:54:47.825+0000] {processor.py:208} INFO - Processing /home/airflow/.local/lib/python3.12/site-packages/airflow/example_dags/example_complex.py took 0.045 seconds
[2024-10-05T02:55:18.333+0000] {processor.py:186} INFO - Started process (PID=1357) to work on /home/airflow/.local/lib/python3.12/site-packages/airflow/example_dags/example_complex.py
[2024-10-05T02:55:18.334+0000] {processor.py:914} INFO - Processing file /home/airflow/.local/lib/python3.12/site-packages/airflow/example_dags/example_complex.py for tasks to queue
[2024-10-05T02:55:18.335+0000] {logging_mixin.py:190} INFO - [2024-10-05T02:55:18.335+0000] {dagbag.py:588} INFO - Filling up the DagBag from /home/airflow/.local/lib/python3.12/site-packages/airflow/example_dags/example_complex.py
[2024-10-05T02:55:18.342+0000] {processor.py:925} INFO - DAG(s) 'example_complex' retrieved from /home/airflow/.local/lib/python3.12/site-packages/airflow/example_dags/example_complex.py
[2024-10-05T02:55:18.361+0000] {logging_mixin.py:190} INFO - [2024-10-05T02:55:18.361+0000] {dag.py:3239} INFO - Sync 1 DAGs
[2024-10-05T02:55:18.370+0000] {logging_mixin.py:190} INFO - [2024-10-05T02:55:18.370+0000] {dag.py:4180} INFO - Setting next_dagrun for example_complex to None, run_after=None
[2024-10-05T02:55:18.382+0000] {processor.py:208} INFO - Processing /home/airflow/.local/lib/python3.12/site-packages/airflow/example_dags/example_complex.py took 0.052 seconds
[2024-10-05T02:55:49.280+0000] {processor.py:186} INFO - Started process (PID=1419) to work on /home/airflow/.local/lib/python3.12/site-packages/airflow/example_dags/example_complex.py
[2024-10-05T02:55:49.281+0000] {processor.py:914} INFO - Processing file /home/airflow/.local/lib/python3.12/site-packages/airflow/example_dags/example_complex.py for tasks to queue
[2024-10-05T02:55:49.282+0000] {logging_mixin.py:190} INFO - [2024-10-05T02:55:49.282+0000] {dagbag.py:588} INFO - Filling up the DagBag from /home/airflow/.local/lib/python3.12/site-packages/airflow/example_dags/example_complex.py
[2024-10-05T02:55:49.288+0000] {processor.py:925} INFO - DAG(s) 'example_complex' retrieved from /home/airflow/.local/lib/python3.12/site-packages/airflow/example_dags/example_complex.py
[2024-10-05T02:55:49.305+0000] {logging_mixin.py:190} INFO - [2024-10-05T02:55:49.305+0000] {dag.py:3239} INFO - Sync 1 DAGs
[2024-10-05T02:55:49.314+0000] {logging_mixin.py:190} INFO - [2024-10-05T02:55:49.313+0000] {dag.py:4180} INFO - Setting next_dagrun for example_complex to None, run_after=None
[2024-10-05T02:55:49.324+0000] {processor.py:208} INFO - Processing /home/airflow/.local/lib/python3.12/site-packages/airflow/example_dags/example_complex.py took 0.047 seconds
[2024-10-05T02:56:19.609+0000] {processor.py:186} INFO - Started process (PID=1481) to work on /home/airflow/.local/lib/python3.12/site-packages/airflow/example_dags/example_complex.py
[2024-10-05T02:56:19.609+0000] {processor.py:914} INFO - Processing file /home/airflow/.local/lib/python3.12/site-packages/airflow/example_dags/example_complex.py for tasks to queue
[2024-10-05T02:56:19.610+0000] {logging_mixin.py:190} INFO - [2024-10-05T02:56:19.610+0000] {dagbag.py:588} INFO - Filling up the DagBag from /home/airflow/.local/lib/python3.12/site-packages/airflow/example_dags/example_complex.py
[2024-10-05T02:56:19.617+0000] {processor.py:925} INFO - DAG(s) 'example_complex' retrieved from /home/airflow/.local/lib/python3.12/site-packages/airflow/example_dags/example_complex.py
[2024-10-05T02:56:19.634+0000] {logging_mixin.py:190} INFO - [2024-10-05T02:56:19.634+0000] {dag.py:3239} INFO - Sync 1 DAGs
[2024-10-05T02:56:19.642+0000] {logging_mixin.py:190} INFO - [2024-10-05T02:56:19.642+0000] {dag.py:4180} INFO - Setting next_dagrun for example_complex to None, run_after=None
[2024-10-05T02:56:19.651+0000] {processor.py:208} INFO - Processing /home/airflow/.local/lib/python3.12/site-packages/airflow/example_dags/example_complex.py took 0.046 seconds
[2024-10-05T02:56:49.951+0000] {processor.py:186} INFO - Started process (PID=1543) to work on /home/airflow/.local/lib/python3.12/site-packages/airflow/example_dags/example_complex.py
[2024-10-05T02:56:49.952+0000] {processor.py:914} INFO - Processing file /home/airflow/.local/lib/python3.12/site-packages/airflow/example_dags/example_complex.py for tasks to queue
[2024-10-05T02:56:49.953+0000] {logging_mixin.py:190} INFO - [2024-10-05T02:56:49.953+0000] {dagbag.py:588} INFO - Filling up the DagBag from /home/airflow/.local/lib/python3.12/site-packages/airflow/example_dags/example_complex.py
[2024-10-05T02:56:49.959+0000] {processor.py:925} INFO - DAG(s) 'example_complex' retrieved from /home/airflow/.local/lib/python3.12/site-packages/airflow/example_dags/example_complex.py
[2024-10-05T02:56:49.977+0000] {logging_mixin.py:190} INFO - [2024-10-05T02:56:49.977+0000] {dag.py:3239} INFO - Sync 1 DAGs
[2024-10-05T02:56:49.985+0000] {logging_mixin.py:190} INFO - [2024-10-05T02:56:49.985+0000] {dag.py:4180} INFO - Setting next_dagrun for example_complex to None, run_after=None
[2024-10-05T02:56:49.995+0000] {processor.py:208} INFO - Processing /home/airflow/.local/lib/python3.12/site-packages/airflow/example_dags/example_complex.py took 0.047 seconds
