[2024-10-05T02:15:05.117+0000] {processor.py:186} INFO - Started process (PID=72) to work on /home/airflow/.local/lib/python3.12/site-packages/airflow/example_dags/example_dataset_alias.py
[2024-10-05T02:15:05.117+0000] {processor.py:914} INFO - Processing file /home/airflow/.local/lib/python3.12/site-packages/airflow/example_dags/example_dataset_alias.py for tasks to queue
[2024-10-05T02:15:05.118+0000] {logging_mixin.py:190} INFO - [2024-10-05T02:15:05.118+0000] {dagbag.py:588} INFO - Filling up the DagBag from /home/airflow/.local/lib/python3.12/site-packages/airflow/example_dags/example_dataset_alias.py
[2024-10-05T02:15:05.332+0000] {processor.py:925} INFO - DAG(s) 'dataset_alias_example_alias_producer', 'dataset_s3_bucket_consumer', 'dataset_alias_example_alias_consumer', 'dataset_s3_bucket_producer' retrieved from /home/airflow/.local/lib/python3.12/site-packages/airflow/example_dags/example_dataset_alias.py
[2024-10-05T02:15:05.348+0000] {logging_mixin.py:190} INFO - [2024-10-05T02:15:05.348+0000] {dag.py:3239} INFO - Sync 4 DAGs
[2024-10-05T02:15:05.361+0000] {logging_mixin.py:190} INFO - [2024-10-05T02:15:05.360+0000] {dag.py:4180} INFO - Setting next_dagrun for dataset_alias_example_alias_consumer to None, run_after=None
[2024-10-05T02:15:05.362+0000] {logging_mixin.py:190} INFO - [2024-10-05T02:15:05.362+0000] {dag.py:4180} INFO - Setting next_dagrun for dataset_alias_example_alias_producer to None, run_after=None
[2024-10-05T02:15:05.363+0000] {logging_mixin.py:190} INFO - [2024-10-05T02:15:05.363+0000] {dag.py:4180} INFO - Setting next_dagrun for dataset_s3_bucket_consumer to None, run_after=None
[2024-10-05T02:15:05.363+0000] {logging_mixin.py:190} INFO - [2024-10-05T02:15:05.363+0000] {dag.py:4180} INFO - Setting next_dagrun for dataset_s3_bucket_producer to None, run_after=None
[2024-10-05T02:15:05.374+0000] {processor.py:208} INFO - Processing /home/airflow/.local/lib/python3.12/site-packages/airflow/example_dags/example_dataset_alias.py took 0.261 seconds
[2024-10-05T02:15:35.623+0000] {processor.py:186} INFO - Started process (PID=134) to work on /home/airflow/.local/lib/python3.12/site-packages/airflow/example_dags/example_dataset_alias.py
[2024-10-05T02:15:35.624+0000] {processor.py:914} INFO - Processing file /home/airflow/.local/lib/python3.12/site-packages/airflow/example_dags/example_dataset_alias.py for tasks to queue
[2024-10-05T02:15:35.625+0000] {logging_mixin.py:190} INFO - [2024-10-05T02:15:35.625+0000] {dagbag.py:588} INFO - Filling up the DagBag from /home/airflow/.local/lib/python3.12/site-packages/airflow/example_dags/example_dataset_alias.py
[2024-10-05T02:15:35.714+0000] {processor.py:925} INFO - DAG(s) 'dataset_alias_example_alias_producer', 'dataset_s3_bucket_producer', 'dataset_s3_bucket_consumer', 'dataset_alias_example_alias_consumer' retrieved from /home/airflow/.local/lib/python3.12/site-packages/airflow/example_dags/example_dataset_alias.py
[2024-10-05T02:15:35.727+0000] {logging_mixin.py:190} INFO - [2024-10-05T02:15:35.727+0000] {dag.py:3239} INFO - Sync 4 DAGs
[2024-10-05T02:15:35.742+0000] {logging_mixin.py:190} INFO - [2024-10-05T02:15:35.742+0000] {dag.py:4180} INFO - Setting next_dagrun for dataset_alias_example_alias_consumer to None, run_after=None
[2024-10-05T02:15:35.743+0000] {logging_mixin.py:190} INFO - [2024-10-05T02:15:35.743+0000] {dag.py:4180} INFO - Setting next_dagrun for dataset_alias_example_alias_producer to None, run_after=None
[2024-10-05T02:15:35.744+0000] {logging_mixin.py:190} INFO - [2024-10-05T02:15:35.744+0000] {dag.py:4180} INFO - Setting next_dagrun for dataset_s3_bucket_consumer to None, run_after=None
[2024-10-05T02:15:35.745+0000] {logging_mixin.py:190} INFO - [2024-10-05T02:15:35.745+0000] {dag.py:4180} INFO - Setting next_dagrun for dataset_s3_bucket_producer to None, run_after=None
[2024-10-05T02:15:35.758+0000] {processor.py:208} INFO - Processing /home/airflow/.local/lib/python3.12/site-packages/airflow/example_dags/example_dataset_alias.py took 0.138 seconds
[2024-10-05T02:16:06.510+0000] {processor.py:186} INFO - Started process (PID=202) to work on /home/airflow/.local/lib/python3.12/site-packages/airflow/example_dags/example_dataset_alias.py
[2024-10-05T02:16:06.511+0000] {processor.py:914} INFO - Processing file /home/airflow/.local/lib/python3.12/site-packages/airflow/example_dags/example_dataset_alias.py for tasks to queue
[2024-10-05T02:16:06.512+0000] {logging_mixin.py:190} INFO - [2024-10-05T02:16:06.512+0000] {dagbag.py:588} INFO - Filling up the DagBag from /home/airflow/.local/lib/python3.12/site-packages/airflow/example_dags/example_dataset_alias.py
[2024-10-05T02:16:06.607+0000] {processor.py:925} INFO - DAG(s) 'dataset_s3_bucket_consumer', 'dataset_s3_bucket_producer', 'dataset_alias_example_alias_producer', 'dataset_alias_example_alias_consumer' retrieved from /home/airflow/.local/lib/python3.12/site-packages/airflow/example_dags/example_dataset_alias.py
[2024-10-05T02:16:06.619+0000] {logging_mixin.py:190} INFO - [2024-10-05T02:16:06.618+0000] {dag.py:3239} INFO - Sync 4 DAGs
[2024-10-05T02:16:06.632+0000] {logging_mixin.py:190} INFO - [2024-10-05T02:16:06.632+0000] {dag.py:4180} INFO - Setting next_dagrun for dataset_alias_example_alias_consumer to None, run_after=None
[2024-10-05T02:16:06.634+0000] {logging_mixin.py:190} INFO - [2024-10-05T02:16:06.633+0000] {dag.py:4180} INFO - Setting next_dagrun for dataset_alias_example_alias_producer to None, run_after=None
[2024-10-05T02:16:06.634+0000] {logging_mixin.py:190} INFO - [2024-10-05T02:16:06.634+0000] {dag.py:4180} INFO - Setting next_dagrun for dataset_s3_bucket_consumer to None, run_after=None
[2024-10-05T02:16:06.635+0000] {logging_mixin.py:190} INFO - [2024-10-05T02:16:06.635+0000] {dag.py:4180} INFO - Setting next_dagrun for dataset_s3_bucket_producer to None, run_after=None
[2024-10-05T02:16:06.647+0000] {processor.py:208} INFO - Processing /home/airflow/.local/lib/python3.12/site-packages/airflow/example_dags/example_dataset_alias.py took 0.140 seconds
[2024-10-05T02:16:37.113+0000] {processor.py:186} INFO - Started process (PID=265) to work on /home/airflow/.local/lib/python3.12/site-packages/airflow/example_dags/example_dataset_alias.py
[2024-10-05T02:16:37.113+0000] {processor.py:914} INFO - Processing file /home/airflow/.local/lib/python3.12/site-packages/airflow/example_dags/example_dataset_alias.py for tasks to queue
[2024-10-05T02:16:37.114+0000] {logging_mixin.py:190} INFO - [2024-10-05T02:16:37.114+0000] {dagbag.py:588} INFO - Filling up the DagBag from /home/airflow/.local/lib/python3.12/site-packages/airflow/example_dags/example_dataset_alias.py
[2024-10-05T02:16:37.203+0000] {processor.py:925} INFO - DAG(s) 'dataset_s3_bucket_producer', 'dataset_alias_example_alias_consumer', 'dataset_alias_example_alias_producer', 'dataset_s3_bucket_consumer' retrieved from /home/airflow/.local/lib/python3.12/site-packages/airflow/example_dags/example_dataset_alias.py
[2024-10-05T02:16:37.218+0000] {logging_mixin.py:190} INFO - [2024-10-05T02:16:37.217+0000] {dag.py:3239} INFO - Sync 4 DAGs
[2024-10-05T02:16:37.232+0000] {logging_mixin.py:190} INFO - [2024-10-05T02:16:37.232+0000] {dag.py:4180} INFO - Setting next_dagrun for dataset_alias_example_alias_consumer to None, run_after=None
[2024-10-05T02:16:37.234+0000] {logging_mixin.py:190} INFO - [2024-10-05T02:16:37.233+0000] {dag.py:4180} INFO - Setting next_dagrun for dataset_alias_example_alias_producer to None, run_after=None
[2024-10-05T02:16:37.234+0000] {logging_mixin.py:190} INFO - [2024-10-05T02:16:37.234+0000] {dag.py:4180} INFO - Setting next_dagrun for dataset_s3_bucket_consumer to None, run_after=None
[2024-10-05T02:16:37.235+0000] {logging_mixin.py:190} INFO - [2024-10-05T02:16:37.235+0000] {dag.py:4180} INFO - Setting next_dagrun for dataset_s3_bucket_producer to None, run_after=None
[2024-10-05T02:16:37.247+0000] {processor.py:208} INFO - Processing /home/airflow/.local/lib/python3.12/site-packages/airflow/example_dags/example_dataset_alias.py took 0.139 seconds
[2024-10-05T02:17:08.084+0000] {processor.py:186} INFO - Started process (PID=326) to work on /home/airflow/.local/lib/python3.12/site-packages/airflow/example_dags/example_dataset_alias.py
[2024-10-05T02:17:08.084+0000] {processor.py:914} INFO - Processing file /home/airflow/.local/lib/python3.12/site-packages/airflow/example_dags/example_dataset_alias.py for tasks to queue
[2024-10-05T02:17:08.086+0000] {logging_mixin.py:190} INFO - [2024-10-05T02:17:08.086+0000] {dagbag.py:588} INFO - Filling up the DagBag from /home/airflow/.local/lib/python3.12/site-packages/airflow/example_dags/example_dataset_alias.py
[2024-10-05T02:17:08.170+0000] {processor.py:925} INFO - DAG(s) 'dataset_s3_bucket_consumer', 'dataset_s3_bucket_producer', 'dataset_alias_example_alias_consumer', 'dataset_alias_example_alias_producer' retrieved from /home/airflow/.local/lib/python3.12/site-packages/airflow/example_dags/example_dataset_alias.py
[2024-10-05T02:17:08.181+0000] {logging_mixin.py:190} INFO - [2024-10-05T02:17:08.180+0000] {dag.py:3239} INFO - Sync 4 DAGs
[2024-10-05T02:17:08.194+0000] {logging_mixin.py:190} INFO - [2024-10-05T02:17:08.194+0000] {dag.py:4180} INFO - Setting next_dagrun for dataset_alias_example_alias_consumer to None, run_after=None
[2024-10-05T02:17:08.195+0000] {logging_mixin.py:190} INFO - [2024-10-05T02:17:08.195+0000] {dag.py:4180} INFO - Setting next_dagrun for dataset_alias_example_alias_producer to None, run_after=None
[2024-10-05T02:17:08.196+0000] {logging_mixin.py:190} INFO - [2024-10-05T02:17:08.196+0000] {dag.py:4180} INFO - Setting next_dagrun for dataset_s3_bucket_consumer to None, run_after=None
[2024-10-05T02:17:08.197+0000] {logging_mixin.py:190} INFO - [2024-10-05T02:17:08.197+0000] {dag.py:4180} INFO - Setting next_dagrun for dataset_s3_bucket_producer to None, run_after=None
[2024-10-05T02:17:08.207+0000] {processor.py:208} INFO - Processing /home/airflow/.local/lib/python3.12/site-packages/airflow/example_dags/example_dataset_alias.py took 0.127 seconds
[2024-10-05T02:17:39.009+0000] {processor.py:186} INFO - Started process (PID=388) to work on /home/airflow/.local/lib/python3.12/site-packages/airflow/example_dags/example_dataset_alias.py
[2024-10-05T02:17:39.009+0000] {processor.py:914} INFO - Processing file /home/airflow/.local/lib/python3.12/site-packages/airflow/example_dags/example_dataset_alias.py for tasks to queue
[2024-10-05T02:17:39.011+0000] {logging_mixin.py:190} INFO - [2024-10-05T02:17:39.010+0000] {dagbag.py:588} INFO - Filling up the DagBag from /home/airflow/.local/lib/python3.12/site-packages/airflow/example_dags/example_dataset_alias.py
[2024-10-05T02:17:39.098+0000] {processor.py:925} INFO - DAG(s) 'dataset_s3_bucket_producer', 'dataset_alias_example_alias_producer', 'dataset_alias_example_alias_consumer', 'dataset_s3_bucket_consumer' retrieved from /home/airflow/.local/lib/python3.12/site-packages/airflow/example_dags/example_dataset_alias.py
[2024-10-05T02:17:39.110+0000] {logging_mixin.py:190} INFO - [2024-10-05T02:17:39.110+0000] {dag.py:3239} INFO - Sync 4 DAGs
[2024-10-05T02:17:39.124+0000] {logging_mixin.py:190} INFO - [2024-10-05T02:17:39.124+0000] {dag.py:4180} INFO - Setting next_dagrun for dataset_alias_example_alias_consumer to None, run_after=None
[2024-10-05T02:17:39.126+0000] {logging_mixin.py:190} INFO - [2024-10-05T02:17:39.125+0000] {dag.py:4180} INFO - Setting next_dagrun for dataset_alias_example_alias_producer to None, run_after=None
[2024-10-05T02:17:39.126+0000] {logging_mixin.py:190} INFO - [2024-10-05T02:17:39.126+0000] {dag.py:4180} INFO - Setting next_dagrun for dataset_s3_bucket_consumer to None, run_after=None
[2024-10-05T02:17:39.127+0000] {logging_mixin.py:190} INFO - [2024-10-05T02:17:39.127+0000] {dag.py:4180} INFO - Setting next_dagrun for dataset_s3_bucket_producer to None, run_after=None
[2024-10-05T02:17:39.138+0000] {processor.py:208} INFO - Processing /home/airflow/.local/lib/python3.12/site-packages/airflow/example_dags/example_dataset_alias.py took 0.132 seconds
[2024-10-05T02:18:09.452+0000] {processor.py:186} INFO - Started process (PID=450) to work on /home/airflow/.local/lib/python3.12/site-packages/airflow/example_dags/example_dataset_alias.py
[2024-10-05T02:18:09.460+0000] {processor.py:914} INFO - Processing file /home/airflow/.local/lib/python3.12/site-packages/airflow/example_dags/example_dataset_alias.py for tasks to queue
[2024-10-05T02:18:09.461+0000] {logging_mixin.py:190} INFO - [2024-10-05T02:18:09.461+0000] {dagbag.py:588} INFO - Filling up the DagBag from /home/airflow/.local/lib/python3.12/site-packages/airflow/example_dags/example_dataset_alias.py
[2024-10-05T02:18:09.548+0000] {processor.py:925} INFO - DAG(s) 'dataset_alias_example_alias_producer', 'dataset_s3_bucket_consumer', 'dataset_alias_example_alias_consumer', 'dataset_s3_bucket_producer' retrieved from /home/airflow/.local/lib/python3.12/site-packages/airflow/example_dags/example_dataset_alias.py
[2024-10-05T02:18:09.559+0000] {logging_mixin.py:190} INFO - [2024-10-05T02:18:09.559+0000] {dag.py:3239} INFO - Sync 4 DAGs
[2024-10-05T02:18:09.572+0000] {logging_mixin.py:190} INFO - [2024-10-05T02:18:09.572+0000] {dag.py:4180} INFO - Setting next_dagrun for dataset_alias_example_alias_consumer to None, run_after=None
[2024-10-05T02:18:09.574+0000] {logging_mixin.py:190} INFO - [2024-10-05T02:18:09.574+0000] {dag.py:4180} INFO - Setting next_dagrun for dataset_alias_example_alias_producer to None, run_after=None
[2024-10-05T02:18:09.575+0000] {logging_mixin.py:190} INFO - [2024-10-05T02:18:09.574+0000] {dag.py:4180} INFO - Setting next_dagrun for dataset_s3_bucket_consumer to None, run_after=None
[2024-10-05T02:18:09.575+0000] {logging_mixin.py:190} INFO - [2024-10-05T02:18:09.575+0000] {dag.py:4180} INFO - Setting next_dagrun for dataset_s3_bucket_producer to None, run_after=None
[2024-10-05T02:18:09.586+0000] {processor.py:208} INFO - Processing /home/airflow/.local/lib/python3.12/site-packages/airflow/example_dags/example_dataset_alias.py took 0.140 seconds
[2024-10-05T02:18:39.754+0000] {processor.py:186} INFO - Started process (PID=512) to work on /home/airflow/.local/lib/python3.12/site-packages/airflow/example_dags/example_dataset_alias.py
[2024-10-05T02:18:39.761+0000] {processor.py:914} INFO - Processing file /home/airflow/.local/lib/python3.12/site-packages/airflow/example_dags/example_dataset_alias.py for tasks to queue
[2024-10-05T02:18:39.762+0000] {logging_mixin.py:190} INFO - [2024-10-05T02:18:39.762+0000] {dagbag.py:588} INFO - Filling up the DagBag from /home/airflow/.local/lib/python3.12/site-packages/airflow/example_dags/example_dataset_alias.py
[2024-10-05T02:18:39.849+0000] {processor.py:925} INFO - DAG(s) 'dataset_alias_example_alias_producer', 'dataset_s3_bucket_producer', 'dataset_alias_example_alias_consumer', 'dataset_s3_bucket_consumer' retrieved from /home/airflow/.local/lib/python3.12/site-packages/airflow/example_dags/example_dataset_alias.py
[2024-10-05T02:18:39.860+0000] {logging_mixin.py:190} INFO - [2024-10-05T02:18:39.860+0000] {dag.py:3239} INFO - Sync 4 DAGs
[2024-10-05T02:18:39.873+0000] {logging_mixin.py:190} INFO - [2024-10-05T02:18:39.873+0000] {dag.py:4180} INFO - Setting next_dagrun for dataset_alias_example_alias_consumer to None, run_after=None
[2024-10-05T02:18:39.875+0000] {logging_mixin.py:190} INFO - [2024-10-05T02:18:39.875+0000] {dag.py:4180} INFO - Setting next_dagrun for dataset_alias_example_alias_producer to None, run_after=None
[2024-10-05T02:18:39.875+0000] {logging_mixin.py:190} INFO - [2024-10-05T02:18:39.875+0000] {dag.py:4180} INFO - Setting next_dagrun for dataset_s3_bucket_consumer to None, run_after=None
[2024-10-05T02:18:39.876+0000] {logging_mixin.py:190} INFO - [2024-10-05T02:18:39.876+0000] {dag.py:4180} INFO - Setting next_dagrun for dataset_s3_bucket_producer to None, run_after=None
[2024-10-05T02:18:39.887+0000] {processor.py:208} INFO - Processing /home/airflow/.local/lib/python3.12/site-packages/airflow/example_dags/example_dataset_alias.py took 0.137 seconds
[2024-10-05T02:45:05.466+0000] {processor.py:186} INFO - Started process (PID=65) to work on /home/airflow/.local/lib/python3.12/site-packages/airflow/example_dags/example_dataset_alias.py
[2024-10-05T02:45:05.467+0000] {processor.py:914} INFO - Processing file /home/airflow/.local/lib/python3.12/site-packages/airflow/example_dags/example_dataset_alias.py for tasks to queue
[2024-10-05T02:45:05.469+0000] {logging_mixin.py:190} INFO - [2024-10-05T02:45:05.469+0000] {dagbag.py:588} INFO - Filling up the DagBag from /home/airflow/.local/lib/python3.12/site-packages/airflow/example_dags/example_dataset_alias.py
[2024-10-05T02:45:05.563+0000] {processor.py:925} INFO - DAG(s) 'dataset_alias_example_alias_producer', 'dataset_alias_example_alias_consumer', 'dataset_s3_bucket_producer', 'dataset_s3_bucket_consumer' retrieved from /home/airflow/.local/lib/python3.12/site-packages/airflow/example_dags/example_dataset_alias.py
[2024-10-05T02:45:05.576+0000] {logging_mixin.py:190} INFO - [2024-10-05T02:45:05.575+0000] {dag.py:3239} INFO - Sync 4 DAGs
[2024-10-05T02:45:05.588+0000] {logging_mixin.py:190} INFO - [2024-10-05T02:45:05.588+0000] {dag.py:4180} INFO - Setting next_dagrun for dataset_alias_example_alias_consumer to None, run_after=None
[2024-10-05T02:45:05.589+0000] {logging_mixin.py:190} INFO - [2024-10-05T02:45:05.589+0000] {dag.py:4180} INFO - Setting next_dagrun for dataset_alias_example_alias_producer to None, run_after=None
[2024-10-05T02:45:05.590+0000] {logging_mixin.py:190} INFO - [2024-10-05T02:45:05.590+0000] {dag.py:4180} INFO - Setting next_dagrun for dataset_s3_bucket_consumer to None, run_after=None
[2024-10-05T02:45:05.590+0000] {logging_mixin.py:190} INFO - [2024-10-05T02:45:05.590+0000] {dag.py:4180} INFO - Setting next_dagrun for dataset_s3_bucket_producer to None, run_after=None
[2024-10-05T02:45:05.601+0000] {processor.py:208} INFO - Processing /home/airflow/.local/lib/python3.12/site-packages/airflow/example_dags/example_dataset_alias.py took 0.139 seconds
[2024-10-05T02:45:35.908+0000] {processor.py:186} INFO - Started process (PID=134) to work on /home/airflow/.local/lib/python3.12/site-packages/airflow/example_dags/example_dataset_alias.py
[2024-10-05T02:45:35.909+0000] {processor.py:914} INFO - Processing file /home/airflow/.local/lib/python3.12/site-packages/airflow/example_dags/example_dataset_alias.py for tasks to queue
[2024-10-05T02:45:35.910+0000] {logging_mixin.py:190} INFO - [2024-10-05T02:45:35.910+0000] {dagbag.py:588} INFO - Filling up the DagBag from /home/airflow/.local/lib/python3.12/site-packages/airflow/example_dags/example_dataset_alias.py
[2024-10-05T02:45:35.991+0000] {processor.py:925} INFO - DAG(s) 'dataset_s3_bucket_consumer', 'dataset_alias_example_alias_producer', 'dataset_s3_bucket_producer', 'dataset_alias_example_alias_consumer' retrieved from /home/airflow/.local/lib/python3.12/site-packages/airflow/example_dags/example_dataset_alias.py
[2024-10-05T02:45:36.002+0000] {logging_mixin.py:190} INFO - [2024-10-05T02:45:36.002+0000] {dag.py:3239} INFO - Sync 4 DAGs
[2024-10-05T02:45:36.014+0000] {logging_mixin.py:190} INFO - [2024-10-05T02:45:36.013+0000] {dag.py:4180} INFO - Setting next_dagrun for dataset_alias_example_alias_consumer to None, run_after=None
[2024-10-05T02:45:36.015+0000] {logging_mixin.py:190} INFO - [2024-10-05T02:45:36.015+0000] {dag.py:4180} INFO - Setting next_dagrun for dataset_alias_example_alias_producer to None, run_after=None
[2024-10-05T02:45:36.015+0000] {logging_mixin.py:190} INFO - [2024-10-05T02:45:36.015+0000] {dag.py:4180} INFO - Setting next_dagrun for dataset_s3_bucket_consumer to None, run_after=None
[2024-10-05T02:45:36.016+0000] {logging_mixin.py:190} INFO - [2024-10-05T02:45:36.016+0000] {dag.py:4180} INFO - Setting next_dagrun for dataset_s3_bucket_producer to None, run_after=None
[2024-10-05T02:45:36.027+0000] {processor.py:208} INFO - Processing /home/airflow/.local/lib/python3.12/site-packages/airflow/example_dags/example_dataset_alias.py took 0.122 seconds
[2024-10-05T02:46:06.913+0000] {processor.py:186} INFO - Started process (PID=196) to work on /home/airflow/.local/lib/python3.12/site-packages/airflow/example_dags/example_dataset_alias.py
[2024-10-05T02:46:06.913+0000] {processor.py:914} INFO - Processing file /home/airflow/.local/lib/python3.12/site-packages/airflow/example_dags/example_dataset_alias.py for tasks to queue
[2024-10-05T02:46:06.914+0000] {logging_mixin.py:190} INFO - [2024-10-05T02:46:06.914+0000] {dagbag.py:588} INFO - Filling up the DagBag from /home/airflow/.local/lib/python3.12/site-packages/airflow/example_dags/example_dataset_alias.py
[2024-10-05T02:46:07.000+0000] {processor.py:925} INFO - DAG(s) 'dataset_s3_bucket_consumer', 'dataset_alias_example_alias_producer', 'dataset_alias_example_alias_consumer', 'dataset_s3_bucket_producer' retrieved from /home/airflow/.local/lib/python3.12/site-packages/airflow/example_dags/example_dataset_alias.py
[2024-10-05T02:46:07.013+0000] {logging_mixin.py:190} INFO - [2024-10-05T02:46:07.013+0000] {dag.py:3239} INFO - Sync 4 DAGs
[2024-10-05T02:46:07.026+0000] {logging_mixin.py:190} INFO - [2024-10-05T02:46:07.026+0000] {dag.py:4180} INFO - Setting next_dagrun for dataset_alias_example_alias_consumer to None, run_after=None
[2024-10-05T02:46:07.027+0000] {logging_mixin.py:190} INFO - [2024-10-05T02:46:07.027+0000] {dag.py:4180} INFO - Setting next_dagrun for dataset_alias_example_alias_producer to None, run_after=None
[2024-10-05T02:46:07.028+0000] {logging_mixin.py:190} INFO - [2024-10-05T02:46:07.028+0000] {dag.py:4180} INFO - Setting next_dagrun for dataset_s3_bucket_consumer to None, run_after=None
[2024-10-05T02:46:07.028+0000] {logging_mixin.py:190} INFO - [2024-10-05T02:46:07.028+0000] {dag.py:4180} INFO - Setting next_dagrun for dataset_s3_bucket_producer to None, run_after=None
[2024-10-05T02:46:07.040+0000] {processor.py:208} INFO - Processing /home/airflow/.local/lib/python3.12/site-packages/airflow/example_dags/example_dataset_alias.py took 0.131 seconds
[2024-10-05T02:46:37.152+0000] {processor.py:186} INFO - Started process (PID=259) to work on /home/airflow/.local/lib/python3.12/site-packages/airflow/example_dags/example_dataset_alias.py
[2024-10-05T02:46:37.153+0000] {processor.py:914} INFO - Processing file /home/airflow/.local/lib/python3.12/site-packages/airflow/example_dags/example_dataset_alias.py for tasks to queue
[2024-10-05T02:46:37.154+0000] {logging_mixin.py:190} INFO - [2024-10-05T02:46:37.154+0000] {dagbag.py:588} INFO - Filling up the DagBag from /home/airflow/.local/lib/python3.12/site-packages/airflow/example_dags/example_dataset_alias.py
[2024-10-05T02:46:37.243+0000] {processor.py:925} INFO - DAG(s) 'dataset_s3_bucket_consumer', 'dataset_s3_bucket_producer', 'dataset_alias_example_alias_consumer', 'dataset_alias_example_alias_producer' retrieved from /home/airflow/.local/lib/python3.12/site-packages/airflow/example_dags/example_dataset_alias.py
[2024-10-05T02:46:37.262+0000] {logging_mixin.py:190} INFO - [2024-10-05T02:46:37.262+0000] {dag.py:3239} INFO - Sync 4 DAGs
[2024-10-05T02:46:37.278+0000] {logging_mixin.py:190} INFO - [2024-10-05T02:46:37.278+0000] {dag.py:4180} INFO - Setting next_dagrun for dataset_alias_example_alias_consumer to None, run_after=None
[2024-10-05T02:46:37.280+0000] {logging_mixin.py:190} INFO - [2024-10-05T02:46:37.280+0000] {dag.py:4180} INFO - Setting next_dagrun for dataset_alias_example_alias_producer to None, run_after=None
[2024-10-05T02:46:37.280+0000] {logging_mixin.py:190} INFO - [2024-10-05T02:46:37.280+0000] {dag.py:4180} INFO - Setting next_dagrun for dataset_s3_bucket_consumer to None, run_after=None
[2024-10-05T02:46:37.281+0000] {logging_mixin.py:190} INFO - [2024-10-05T02:46:37.281+0000] {dag.py:4180} INFO - Setting next_dagrun for dataset_s3_bucket_producer to None, run_after=None
[2024-10-05T02:46:37.294+0000] {processor.py:208} INFO - Processing /home/airflow/.local/lib/python3.12/site-packages/airflow/example_dags/example_dataset_alias.py took 0.145 seconds
[2024-10-05T02:47:07.308+0000] {processor.py:186} INFO - Started process (PID=323) to work on /home/airflow/.local/lib/python3.12/site-packages/airflow/example_dags/example_dataset_alias.py
[2024-10-05T02:47:07.308+0000] {processor.py:914} INFO - Processing file /home/airflow/.local/lib/python3.12/site-packages/airflow/example_dags/example_dataset_alias.py for tasks to queue
[2024-10-05T02:47:07.309+0000] {logging_mixin.py:190} INFO - [2024-10-05T02:47:07.309+0000] {dagbag.py:588} INFO - Filling up the DagBag from /home/airflow/.local/lib/python3.12/site-packages/airflow/example_dags/example_dataset_alias.py
[2024-10-05T02:47:07.392+0000] {processor.py:925} INFO - DAG(s) 'dataset_alias_example_alias_consumer', 'dataset_s3_bucket_producer', 'dataset_s3_bucket_consumer', 'dataset_alias_example_alias_producer' retrieved from /home/airflow/.local/lib/python3.12/site-packages/airflow/example_dags/example_dataset_alias.py
[2024-10-05T02:47:07.404+0000] {logging_mixin.py:190} INFO - [2024-10-05T02:47:07.403+0000] {dag.py:3239} INFO - Sync 4 DAGs
[2024-10-05T02:47:07.416+0000] {logging_mixin.py:190} INFO - [2024-10-05T02:47:07.416+0000] {dag.py:4180} INFO - Setting next_dagrun for dataset_alias_example_alias_consumer to None, run_after=None
[2024-10-05T02:47:07.418+0000] {logging_mixin.py:190} INFO - [2024-10-05T02:47:07.417+0000] {dag.py:4180} INFO - Setting next_dagrun for dataset_alias_example_alias_producer to None, run_after=None
[2024-10-05T02:47:07.418+0000] {logging_mixin.py:190} INFO - [2024-10-05T02:47:07.418+0000] {dag.py:4180} INFO - Setting next_dagrun for dataset_s3_bucket_consumer to None, run_after=None
[2024-10-05T02:47:07.419+0000] {logging_mixin.py:190} INFO - [2024-10-05T02:47:07.419+0000] {dag.py:4180} INFO - Setting next_dagrun for dataset_s3_bucket_producer to None, run_after=None
[2024-10-05T02:47:07.430+0000] {processor.py:208} INFO - Processing /home/airflow/.local/lib/python3.12/site-packages/airflow/example_dags/example_dataset_alias.py took 0.125 seconds
[2024-10-05T02:47:37.939+0000] {processor.py:186} INFO - Started process (PID=386) to work on /home/airflow/.local/lib/python3.12/site-packages/airflow/example_dags/example_dataset_alias.py
[2024-10-05T02:47:37.940+0000] {processor.py:914} INFO - Processing file /home/airflow/.local/lib/python3.12/site-packages/airflow/example_dags/example_dataset_alias.py for tasks to queue
[2024-10-05T02:47:37.941+0000] {logging_mixin.py:190} INFO - [2024-10-05T02:47:37.941+0000] {dagbag.py:588} INFO - Filling up the DagBag from /home/airflow/.local/lib/python3.12/site-packages/airflow/example_dags/example_dataset_alias.py
[2024-10-05T02:47:38.027+0000] {processor.py:925} INFO - DAG(s) 'dataset_s3_bucket_consumer', 'dataset_alias_example_alias_producer', 'dataset_alias_example_alias_consumer', 'dataset_s3_bucket_producer' retrieved from /home/airflow/.local/lib/python3.12/site-packages/airflow/example_dags/example_dataset_alias.py
[2024-10-05T02:47:38.039+0000] {logging_mixin.py:190} INFO - [2024-10-05T02:47:38.039+0000] {dag.py:3239} INFO - Sync 4 DAGs
[2024-10-05T02:47:38.054+0000] {logging_mixin.py:190} INFO - [2024-10-05T02:47:38.054+0000] {dag.py:4180} INFO - Setting next_dagrun for dataset_alias_example_alias_consumer to None, run_after=None
[2024-10-05T02:47:38.056+0000] {logging_mixin.py:190} INFO - [2024-10-05T02:47:38.055+0000] {dag.py:4180} INFO - Setting next_dagrun for dataset_alias_example_alias_producer to None, run_after=None
[2024-10-05T02:47:38.056+0000] {logging_mixin.py:190} INFO - [2024-10-05T02:47:38.056+0000] {dag.py:4180} INFO - Setting next_dagrun for dataset_s3_bucket_consumer to None, run_after=None
[2024-10-05T02:47:38.057+0000] {logging_mixin.py:190} INFO - [2024-10-05T02:47:38.057+0000] {dag.py:4180} INFO - Setting next_dagrun for dataset_s3_bucket_producer to None, run_after=None
[2024-10-05T02:47:38.069+0000] {processor.py:208} INFO - Processing /home/airflow/.local/lib/python3.12/site-packages/airflow/example_dags/example_dataset_alias.py took 0.133 seconds
[2024-10-05T02:48:08.235+0000] {processor.py:186} INFO - Started process (PID=444) to work on /home/airflow/.local/lib/python3.12/site-packages/airflow/example_dags/example_dataset_alias.py
[2024-10-05T02:48:08.236+0000] {processor.py:914} INFO - Processing file /home/airflow/.local/lib/python3.12/site-packages/airflow/example_dags/example_dataset_alias.py for tasks to queue
[2024-10-05T02:48:08.237+0000] {logging_mixin.py:190} INFO - [2024-10-05T02:48:08.237+0000] {dagbag.py:588} INFO - Filling up the DagBag from /home/airflow/.local/lib/python3.12/site-packages/airflow/example_dags/example_dataset_alias.py
[2024-10-05T02:48:08.327+0000] {processor.py:925} INFO - DAG(s) 'dataset_alias_example_alias_consumer', 'dataset_alias_example_alias_producer', 'dataset_s3_bucket_consumer', 'dataset_s3_bucket_producer' retrieved from /home/airflow/.local/lib/python3.12/site-packages/airflow/example_dags/example_dataset_alias.py
[2024-10-05T02:48:08.339+0000] {logging_mixin.py:190} INFO - [2024-10-05T02:48:08.338+0000] {dag.py:3239} INFO - Sync 4 DAGs
[2024-10-05T02:48:08.352+0000] {logging_mixin.py:190} INFO - [2024-10-05T02:48:08.352+0000] {dag.py:4180} INFO - Setting next_dagrun for dataset_alias_example_alias_consumer to None, run_after=None
[2024-10-05T02:48:08.354+0000] {logging_mixin.py:190} INFO - [2024-10-05T02:48:08.354+0000] {dag.py:4180} INFO - Setting next_dagrun for dataset_alias_example_alias_producer to None, run_after=None
[2024-10-05T02:48:08.355+0000] {logging_mixin.py:190} INFO - [2024-10-05T02:48:08.355+0000] {dag.py:4180} INFO - Setting next_dagrun for dataset_s3_bucket_consumer to None, run_after=None
[2024-10-05T02:48:08.356+0000] {logging_mixin.py:190} INFO - [2024-10-05T02:48:08.356+0000] {dag.py:4180} INFO - Setting next_dagrun for dataset_s3_bucket_producer to None, run_after=None
[2024-10-05T02:48:08.367+0000] {processor.py:208} INFO - Processing /home/airflow/.local/lib/python3.12/site-packages/airflow/example_dags/example_dataset_alias.py took 0.136 seconds
[2024-10-05T02:48:39.322+0000] {processor.py:186} INFO - Started process (PID=506) to work on /home/airflow/.local/lib/python3.12/site-packages/airflow/example_dags/example_dataset_alias.py
[2024-10-05T02:48:39.322+0000] {processor.py:914} INFO - Processing file /home/airflow/.local/lib/python3.12/site-packages/airflow/example_dags/example_dataset_alias.py for tasks to queue
[2024-10-05T02:48:39.324+0000] {logging_mixin.py:190} INFO - [2024-10-05T02:48:39.323+0000] {dagbag.py:588} INFO - Filling up the DagBag from /home/airflow/.local/lib/python3.12/site-packages/airflow/example_dags/example_dataset_alias.py
[2024-10-05T02:48:39.410+0000] {processor.py:925} INFO - DAG(s) 'dataset_alias_example_alias_producer', 'dataset_alias_example_alias_consumer', 'dataset_s3_bucket_producer', 'dataset_s3_bucket_consumer' retrieved from /home/airflow/.local/lib/python3.12/site-packages/airflow/example_dags/example_dataset_alias.py
[2024-10-05T02:48:39.421+0000] {logging_mixin.py:190} INFO - [2024-10-05T02:48:39.421+0000] {dag.py:3239} INFO - Sync 4 DAGs
[2024-10-05T02:48:39.434+0000] {logging_mixin.py:190} INFO - [2024-10-05T02:48:39.434+0000] {dag.py:4180} INFO - Setting next_dagrun for dataset_alias_example_alias_consumer to None, run_after=None
[2024-10-05T02:48:39.436+0000] {logging_mixin.py:190} INFO - [2024-10-05T02:48:39.436+0000] {dag.py:4180} INFO - Setting next_dagrun for dataset_alias_example_alias_producer to None, run_after=None
[2024-10-05T02:48:39.436+0000] {logging_mixin.py:190} INFO - [2024-10-05T02:48:39.436+0000] {dag.py:4180} INFO - Setting next_dagrun for dataset_s3_bucket_consumer to None, run_after=None
[2024-10-05T02:48:39.437+0000] {logging_mixin.py:190} INFO - [2024-10-05T02:48:39.437+0000] {dag.py:4180} INFO - Setting next_dagrun for dataset_s3_bucket_producer to None, run_after=None
[2024-10-05T02:48:39.451+0000] {processor.py:208} INFO - Processing /home/airflow/.local/lib/python3.12/site-packages/airflow/example_dags/example_dataset_alias.py took 0.132 seconds
[2024-10-05T02:49:10.251+0000] {processor.py:186} INFO - Started process (PID=568) to work on /home/airflow/.local/lib/python3.12/site-packages/airflow/example_dags/example_dataset_alias.py
[2024-10-05T02:49:10.255+0000] {processor.py:914} INFO - Processing file /home/airflow/.local/lib/python3.12/site-packages/airflow/example_dags/example_dataset_alias.py for tasks to queue
[2024-10-05T02:49:10.256+0000] {logging_mixin.py:190} INFO - [2024-10-05T02:49:10.256+0000] {dagbag.py:588} INFO - Filling up the DagBag from /home/airflow/.local/lib/python3.12/site-packages/airflow/example_dags/example_dataset_alias.py
[2024-10-05T02:49:10.344+0000] {processor.py:925} INFO - DAG(s) 'dataset_alias_example_alias_consumer', 'dataset_s3_bucket_producer', 'dataset_s3_bucket_consumer', 'dataset_alias_example_alias_producer' retrieved from /home/airflow/.local/lib/python3.12/site-packages/airflow/example_dags/example_dataset_alias.py
[2024-10-05T02:49:10.356+0000] {logging_mixin.py:190} INFO - [2024-10-05T02:49:10.356+0000] {dag.py:3239} INFO - Sync 4 DAGs
[2024-10-05T02:49:10.370+0000] {logging_mixin.py:190} INFO - [2024-10-05T02:49:10.370+0000] {dag.py:4180} INFO - Setting next_dagrun for dataset_alias_example_alias_consumer to None, run_after=None
[2024-10-05T02:49:10.371+0000] {logging_mixin.py:190} INFO - [2024-10-05T02:49:10.371+0000] {dag.py:4180} INFO - Setting next_dagrun for dataset_alias_example_alias_producer to None, run_after=None
[2024-10-05T02:49:10.372+0000] {logging_mixin.py:190} INFO - [2024-10-05T02:49:10.372+0000] {dag.py:4180} INFO - Setting next_dagrun for dataset_s3_bucket_consumer to None, run_after=None
[2024-10-05T02:49:10.373+0000] {logging_mixin.py:190} INFO - [2024-10-05T02:49:10.373+0000] {dag.py:4180} INFO - Setting next_dagrun for dataset_s3_bucket_producer to None, run_after=None
[2024-10-05T02:49:10.388+0000] {processor.py:208} INFO - Processing /home/airflow/.local/lib/python3.12/site-packages/airflow/example_dags/example_dataset_alias.py took 0.140 seconds
[2024-10-05T02:49:40.930+0000] {processor.py:186} INFO - Started process (PID=636) to work on /home/airflow/.local/lib/python3.12/site-packages/airflow/example_dags/example_dataset_alias.py
[2024-10-05T02:49:40.931+0000] {processor.py:914} INFO - Processing file /home/airflow/.local/lib/python3.12/site-packages/airflow/example_dags/example_dataset_alias.py for tasks to queue
[2024-10-05T02:49:40.932+0000] {logging_mixin.py:190} INFO - [2024-10-05T02:49:40.932+0000] {dagbag.py:588} INFO - Filling up the DagBag from /home/airflow/.local/lib/python3.12/site-packages/airflow/example_dags/example_dataset_alias.py
[2024-10-05T02:49:41.012+0000] {processor.py:925} INFO - DAG(s) 'dataset_s3_bucket_producer', 'dataset_alias_example_alias_producer', 'dataset_s3_bucket_consumer', 'dataset_alias_example_alias_consumer' retrieved from /home/airflow/.local/lib/python3.12/site-packages/airflow/example_dags/example_dataset_alias.py
[2024-10-05T02:49:41.023+0000] {logging_mixin.py:190} INFO - [2024-10-05T02:49:41.022+0000] {dag.py:3239} INFO - Sync 4 DAGs
[2024-10-05T02:49:41.034+0000] {logging_mixin.py:190} INFO - [2024-10-05T02:49:41.034+0000] {dag.py:4180} INFO - Setting next_dagrun for dataset_alias_example_alias_consumer to None, run_after=None
[2024-10-05T02:49:41.035+0000] {logging_mixin.py:190} INFO - [2024-10-05T02:49:41.035+0000] {dag.py:4180} INFO - Setting next_dagrun for dataset_alias_example_alias_producer to None, run_after=None
[2024-10-05T02:49:41.036+0000] {logging_mixin.py:190} INFO - [2024-10-05T02:49:41.036+0000] {dag.py:4180} INFO - Setting next_dagrun for dataset_s3_bucket_consumer to None, run_after=None
[2024-10-05T02:49:41.037+0000] {logging_mixin.py:190} INFO - [2024-10-05T02:49:41.036+0000] {dag.py:4180} INFO - Setting next_dagrun for dataset_s3_bucket_producer to None, run_after=None
[2024-10-05T02:49:41.048+0000] {processor.py:208} INFO - Processing /home/airflow/.local/lib/python3.12/site-packages/airflow/example_dags/example_dataset_alias.py took 0.120 seconds
[2024-10-05T02:50:11.470+0000] {processor.py:186} INFO - Started process (PID=713) to work on /home/airflow/.local/lib/python3.12/site-packages/airflow/example_dags/example_dataset_alias.py
[2024-10-05T02:50:11.474+0000] {processor.py:914} INFO - Processing file /home/airflow/.local/lib/python3.12/site-packages/airflow/example_dags/example_dataset_alias.py for tasks to queue
[2024-10-05T02:50:11.476+0000] {logging_mixin.py:190} INFO - [2024-10-05T02:50:11.476+0000] {dagbag.py:588} INFO - Filling up the DagBag from /home/airflow/.local/lib/python3.12/site-packages/airflow/example_dags/example_dataset_alias.py
[2024-10-05T02:50:11.558+0000] {processor.py:925} INFO - DAG(s) 'dataset_alias_example_alias_consumer', 'dataset_s3_bucket_consumer', 'dataset_s3_bucket_producer', 'dataset_alias_example_alias_producer' retrieved from /home/airflow/.local/lib/python3.12/site-packages/airflow/example_dags/example_dataset_alias.py
[2024-10-05T02:50:11.569+0000] {logging_mixin.py:190} INFO - [2024-10-05T02:50:11.569+0000] {dag.py:3239} INFO - Sync 4 DAGs
[2024-10-05T02:50:11.581+0000] {logging_mixin.py:190} INFO - [2024-10-05T02:50:11.581+0000] {dag.py:4180} INFO - Setting next_dagrun for dataset_alias_example_alias_consumer to None, run_after=None
[2024-10-05T02:50:11.582+0000] {logging_mixin.py:190} INFO - [2024-10-05T02:50:11.582+0000] {dag.py:4180} INFO - Setting next_dagrun for dataset_alias_example_alias_producer to None, run_after=None
[2024-10-05T02:50:11.583+0000] {logging_mixin.py:190} INFO - [2024-10-05T02:50:11.583+0000] {dag.py:4180} INFO - Setting next_dagrun for dataset_s3_bucket_consumer to None, run_after=None
[2024-10-05T02:50:11.583+0000] {logging_mixin.py:190} INFO - [2024-10-05T02:50:11.583+0000] {dag.py:4180} INFO - Setting next_dagrun for dataset_s3_bucket_producer to None, run_after=None
[2024-10-05T02:50:11.594+0000] {processor.py:208} INFO - Processing /home/airflow/.local/lib/python3.12/site-packages/airflow/example_dags/example_dataset_alias.py took 0.127 seconds
[2024-10-05T02:50:41.926+0000] {processor.py:186} INFO - Started process (PID=781) to work on /home/airflow/.local/lib/python3.12/site-packages/airflow/example_dags/example_dataset_alias.py
[2024-10-05T02:50:41.926+0000] {processor.py:914} INFO - Processing file /home/airflow/.local/lib/python3.12/site-packages/airflow/example_dags/example_dataset_alias.py for tasks to queue
[2024-10-05T02:50:41.927+0000] {logging_mixin.py:190} INFO - [2024-10-05T02:50:41.927+0000] {dagbag.py:588} INFO - Filling up the DagBag from /home/airflow/.local/lib/python3.12/site-packages/airflow/example_dags/example_dataset_alias.py
[2024-10-05T02:50:42.009+0000] {processor.py:925} INFO - DAG(s) 'dataset_alias_example_alias_consumer', 'dataset_alias_example_alias_producer', 'dataset_s3_bucket_producer', 'dataset_s3_bucket_consumer' retrieved from /home/airflow/.local/lib/python3.12/site-packages/airflow/example_dags/example_dataset_alias.py
[2024-10-05T02:50:42.019+0000] {logging_mixin.py:190} INFO - [2024-10-05T02:50:42.019+0000] {dag.py:3239} INFO - Sync 4 DAGs
[2024-10-05T02:50:42.030+0000] {logging_mixin.py:190} INFO - [2024-10-05T02:50:42.030+0000] {dag.py:4180} INFO - Setting next_dagrun for dataset_alias_example_alias_consumer to None, run_after=None
[2024-10-05T02:50:42.032+0000] {logging_mixin.py:190} INFO - [2024-10-05T02:50:42.032+0000] {dag.py:4180} INFO - Setting next_dagrun for dataset_alias_example_alias_producer to None, run_after=None
[2024-10-05T02:50:42.032+0000] {logging_mixin.py:190} INFO - [2024-10-05T02:50:42.032+0000] {dag.py:4180} INFO - Setting next_dagrun for dataset_s3_bucket_consumer to None, run_after=None
[2024-10-05T02:50:42.033+0000] {logging_mixin.py:190} INFO - [2024-10-05T02:50:42.033+0000] {dag.py:4180} INFO - Setting next_dagrun for dataset_s3_bucket_producer to None, run_after=None
[2024-10-05T02:50:42.043+0000] {processor.py:208} INFO - Processing /home/airflow/.local/lib/python3.12/site-packages/airflow/example_dags/example_dataset_alias.py took 0.120 seconds
[2024-10-05T02:51:12.475+0000] {processor.py:186} INFO - Started process (PID=843) to work on /home/airflow/.local/lib/python3.12/site-packages/airflow/example_dags/example_dataset_alias.py
[2024-10-05T02:51:12.476+0000] {processor.py:914} INFO - Processing file /home/airflow/.local/lib/python3.12/site-packages/airflow/example_dags/example_dataset_alias.py for tasks to queue
[2024-10-05T02:51:12.477+0000] {logging_mixin.py:190} INFO - [2024-10-05T02:51:12.477+0000] {dagbag.py:588} INFO - Filling up the DagBag from /home/airflow/.local/lib/python3.12/site-packages/airflow/example_dags/example_dataset_alias.py
[2024-10-05T02:51:12.559+0000] {processor.py:925} INFO - DAG(s) 'dataset_alias_example_alias_consumer', 'dataset_s3_bucket_consumer', 'dataset_alias_example_alias_producer', 'dataset_s3_bucket_producer' retrieved from /home/airflow/.local/lib/python3.12/site-packages/airflow/example_dags/example_dataset_alias.py
[2024-10-05T02:51:12.572+0000] {logging_mixin.py:190} INFO - [2024-10-05T02:51:12.571+0000] {dag.py:3239} INFO - Sync 4 DAGs
[2024-10-05T02:51:12.583+0000] {logging_mixin.py:190} INFO - [2024-10-05T02:51:12.583+0000] {dag.py:4180} INFO - Setting next_dagrun for dataset_alias_example_alias_consumer to None, run_after=None
[2024-10-05T02:51:12.585+0000] {logging_mixin.py:190} INFO - [2024-10-05T02:51:12.585+0000] {dag.py:4180} INFO - Setting next_dagrun for dataset_alias_example_alias_producer to None, run_after=None
[2024-10-05T02:51:12.585+0000] {logging_mixin.py:190} INFO - [2024-10-05T02:51:12.585+0000] {dag.py:4180} INFO - Setting next_dagrun for dataset_s3_bucket_consumer to None, run_after=None
[2024-10-05T02:51:12.586+0000] {logging_mixin.py:190} INFO - [2024-10-05T02:51:12.586+0000] {dag.py:4180} INFO - Setting next_dagrun for dataset_s3_bucket_producer to None, run_after=None
[2024-10-05T02:51:12.597+0000] {processor.py:208} INFO - Processing /home/airflow/.local/lib/python3.12/site-packages/airflow/example_dags/example_dataset_alias.py took 0.124 seconds
[2024-10-05T02:51:42.865+0000] {processor.py:186} INFO - Started process (PID=905) to work on /home/airflow/.local/lib/python3.12/site-packages/airflow/example_dags/example_dataset_alias.py
[2024-10-05T02:51:42.866+0000] {processor.py:914} INFO - Processing file /home/airflow/.local/lib/python3.12/site-packages/airflow/example_dags/example_dataset_alias.py for tasks to queue
[2024-10-05T02:51:42.867+0000] {logging_mixin.py:190} INFO - [2024-10-05T02:51:42.867+0000] {dagbag.py:588} INFO - Filling up the DagBag from /home/airflow/.local/lib/python3.12/site-packages/airflow/example_dags/example_dataset_alias.py
[2024-10-05T02:51:42.949+0000] {processor.py:925} INFO - DAG(s) 'dataset_s3_bucket_consumer', 'dataset_s3_bucket_producer', 'dataset_alias_example_alias_consumer', 'dataset_alias_example_alias_producer' retrieved from /home/airflow/.local/lib/python3.12/site-packages/airflow/example_dags/example_dataset_alias.py
[2024-10-05T02:51:42.962+0000] {logging_mixin.py:190} INFO - [2024-10-05T02:51:42.961+0000] {dag.py:3239} INFO - Sync 4 DAGs
[2024-10-05T02:51:42.974+0000] {logging_mixin.py:190} INFO - [2024-10-05T02:51:42.974+0000] {dag.py:4180} INFO - Setting next_dagrun for dataset_alias_example_alias_consumer to None, run_after=None
[2024-10-05T02:51:42.975+0000] {logging_mixin.py:190} INFO - [2024-10-05T02:51:42.975+0000] {dag.py:4180} INFO - Setting next_dagrun for dataset_alias_example_alias_producer to None, run_after=None
[2024-10-05T02:51:42.976+0000] {logging_mixin.py:190} INFO - [2024-10-05T02:51:42.976+0000] {dag.py:4180} INFO - Setting next_dagrun for dataset_s3_bucket_consumer to None, run_after=None
[2024-10-05T02:51:42.976+0000] {logging_mixin.py:190} INFO - [2024-10-05T02:51:42.976+0000] {dag.py:4180} INFO - Setting next_dagrun for dataset_s3_bucket_producer to None, run_after=None
[2024-10-05T02:51:42.987+0000] {processor.py:208} INFO - Processing /home/airflow/.local/lib/python3.12/site-packages/airflow/example_dags/example_dataset_alias.py took 0.125 seconds
[2024-10-05T02:52:13.566+0000] {processor.py:186} INFO - Started process (PID=967) to work on /home/airflow/.local/lib/python3.12/site-packages/airflow/example_dags/example_dataset_alias.py
[2024-10-05T02:52:13.567+0000] {processor.py:914} INFO - Processing file /home/airflow/.local/lib/python3.12/site-packages/airflow/example_dags/example_dataset_alias.py for tasks to queue
[2024-10-05T02:52:13.568+0000] {logging_mixin.py:190} INFO - [2024-10-05T02:52:13.568+0000] {dagbag.py:588} INFO - Filling up the DagBag from /home/airflow/.local/lib/python3.12/site-packages/airflow/example_dags/example_dataset_alias.py
[2024-10-05T02:52:13.649+0000] {processor.py:925} INFO - DAG(s) 'dataset_alias_example_alias_producer', 'dataset_s3_bucket_producer', 'dataset_s3_bucket_consumer', 'dataset_alias_example_alias_consumer' retrieved from /home/airflow/.local/lib/python3.12/site-packages/airflow/example_dags/example_dataset_alias.py
[2024-10-05T02:52:13.659+0000] {logging_mixin.py:190} INFO - [2024-10-05T02:52:13.659+0000] {dag.py:3239} INFO - Sync 4 DAGs
[2024-10-05T02:52:13.672+0000] {logging_mixin.py:190} INFO - [2024-10-05T02:52:13.672+0000] {dag.py:4180} INFO - Setting next_dagrun for dataset_alias_example_alias_consumer to None, run_after=None
[2024-10-05T02:52:13.674+0000] {logging_mixin.py:190} INFO - [2024-10-05T02:52:13.674+0000] {dag.py:4180} INFO - Setting next_dagrun for dataset_alias_example_alias_producer to None, run_after=None
[2024-10-05T02:52:13.674+0000] {logging_mixin.py:190} INFO - [2024-10-05T02:52:13.674+0000] {dag.py:4180} INFO - Setting next_dagrun for dataset_s3_bucket_consumer to None, run_after=None
[2024-10-05T02:52:13.675+0000] {logging_mixin.py:190} INFO - [2024-10-05T02:52:13.675+0000] {dag.py:4180} INFO - Setting next_dagrun for dataset_s3_bucket_producer to None, run_after=None
[2024-10-05T02:52:13.686+0000] {processor.py:208} INFO - Processing /home/airflow/.local/lib/python3.12/site-packages/airflow/example_dags/example_dataset_alias.py took 0.122 seconds
[2024-10-05T02:52:44.423+0000] {processor.py:186} INFO - Started process (PID=1029) to work on /home/airflow/.local/lib/python3.12/site-packages/airflow/example_dags/example_dataset_alias.py
[2024-10-05T02:52:44.423+0000] {processor.py:914} INFO - Processing file /home/airflow/.local/lib/python3.12/site-packages/airflow/example_dags/example_dataset_alias.py for tasks to queue
[2024-10-05T02:52:44.424+0000] {logging_mixin.py:190} INFO - [2024-10-05T02:52:44.424+0000] {dagbag.py:588} INFO - Filling up the DagBag from /home/airflow/.local/lib/python3.12/site-packages/airflow/example_dags/example_dataset_alias.py
[2024-10-05T02:52:44.504+0000] {processor.py:925} INFO - DAG(s) 'dataset_s3_bucket_producer', 'dataset_alias_example_alias_producer', 'dataset_s3_bucket_consumer', 'dataset_alias_example_alias_consumer' retrieved from /home/airflow/.local/lib/python3.12/site-packages/airflow/example_dags/example_dataset_alias.py
[2024-10-05T02:52:44.515+0000] {logging_mixin.py:190} INFO - [2024-10-05T02:52:44.515+0000] {dag.py:3239} INFO - Sync 4 DAGs
[2024-10-05T02:52:44.528+0000] {logging_mixin.py:190} INFO - [2024-10-05T02:52:44.528+0000] {dag.py:4180} INFO - Setting next_dagrun for dataset_alias_example_alias_consumer to None, run_after=None
[2024-10-05T02:52:44.529+0000] {logging_mixin.py:190} INFO - [2024-10-05T02:52:44.529+0000] {dag.py:4180} INFO - Setting next_dagrun for dataset_alias_example_alias_producer to None, run_after=None
[2024-10-05T02:52:44.530+0000] {logging_mixin.py:190} INFO - [2024-10-05T02:52:44.530+0000] {dag.py:4180} INFO - Setting next_dagrun for dataset_s3_bucket_consumer to None, run_after=None
[2024-10-05T02:52:44.531+0000] {logging_mixin.py:190} INFO - [2024-10-05T02:52:44.531+0000] {dag.py:4180} INFO - Setting next_dagrun for dataset_s3_bucket_producer to None, run_after=None
[2024-10-05T02:52:44.542+0000] {processor.py:208} INFO - Processing /home/airflow/.local/lib/python3.12/site-packages/airflow/example_dags/example_dataset_alias.py took 0.122 seconds
[2024-10-05T02:53:15.241+0000] {processor.py:186} INFO - Started process (PID=1091) to work on /home/airflow/.local/lib/python3.12/site-packages/airflow/example_dags/example_dataset_alias.py
[2024-10-05T02:53:15.246+0000] {processor.py:914} INFO - Processing file /home/airflow/.local/lib/python3.12/site-packages/airflow/example_dags/example_dataset_alias.py for tasks to queue
[2024-10-05T02:53:15.247+0000] {logging_mixin.py:190} INFO - [2024-10-05T02:53:15.247+0000] {dagbag.py:588} INFO - Filling up the DagBag from /home/airflow/.local/lib/python3.12/site-packages/airflow/example_dags/example_dataset_alias.py
[2024-10-05T02:53:15.327+0000] {processor.py:925} INFO - DAG(s) 'dataset_alias_example_alias_consumer', 'dataset_s3_bucket_consumer', 'dataset_s3_bucket_producer', 'dataset_alias_example_alias_producer' retrieved from /home/airflow/.local/lib/python3.12/site-packages/airflow/example_dags/example_dataset_alias.py
[2024-10-05T02:53:15.338+0000] {logging_mixin.py:190} INFO - [2024-10-05T02:53:15.338+0000] {dag.py:3239} INFO - Sync 4 DAGs
[2024-10-05T02:53:15.350+0000] {logging_mixin.py:190} INFO - [2024-10-05T02:53:15.350+0000] {dag.py:4180} INFO - Setting next_dagrun for dataset_alias_example_alias_consumer to None, run_after=None
[2024-10-05T02:53:15.351+0000] {logging_mixin.py:190} INFO - [2024-10-05T02:53:15.351+0000] {dag.py:4180} INFO - Setting next_dagrun for dataset_alias_example_alias_producer to None, run_after=None
[2024-10-05T02:53:15.352+0000] {logging_mixin.py:190} INFO - [2024-10-05T02:53:15.352+0000] {dag.py:4180} INFO - Setting next_dagrun for dataset_s3_bucket_consumer to None, run_after=None
[2024-10-05T02:53:15.353+0000] {logging_mixin.py:190} INFO - [2024-10-05T02:53:15.353+0000] {dag.py:4180} INFO - Setting next_dagrun for dataset_s3_bucket_producer to None, run_after=None
[2024-10-05T02:53:15.364+0000] {processor.py:208} INFO - Processing /home/airflow/.local/lib/python3.12/site-packages/airflow/example_dags/example_dataset_alias.py took 0.126 seconds
[2024-10-05T02:53:45.980+0000] {processor.py:186} INFO - Started process (PID=1153) to work on /home/airflow/.local/lib/python3.12/site-packages/airflow/example_dags/example_dataset_alias.py
[2024-10-05T02:53:45.981+0000] {processor.py:914} INFO - Processing file /home/airflow/.local/lib/python3.12/site-packages/airflow/example_dags/example_dataset_alias.py for tasks to queue
[2024-10-05T02:53:45.982+0000] {logging_mixin.py:190} INFO - [2024-10-05T02:53:45.982+0000] {dagbag.py:588} INFO - Filling up the DagBag from /home/airflow/.local/lib/python3.12/site-packages/airflow/example_dags/example_dataset_alias.py
[2024-10-05T02:53:46.066+0000] {processor.py:925} INFO - DAG(s) 'dataset_alias_example_alias_producer', 'dataset_s3_bucket_producer', 'dataset_s3_bucket_consumer', 'dataset_alias_example_alias_consumer' retrieved from /home/airflow/.local/lib/python3.12/site-packages/airflow/example_dags/example_dataset_alias.py
[2024-10-05T02:53:46.077+0000] {logging_mixin.py:190} INFO - [2024-10-05T02:53:46.077+0000] {dag.py:3239} INFO - Sync 4 DAGs
[2024-10-05T02:53:46.089+0000] {logging_mixin.py:190} INFO - [2024-10-05T02:53:46.089+0000] {dag.py:4180} INFO - Setting next_dagrun for dataset_alias_example_alias_consumer to None, run_after=None
[2024-10-05T02:53:46.091+0000] {logging_mixin.py:190} INFO - [2024-10-05T02:53:46.090+0000] {dag.py:4180} INFO - Setting next_dagrun for dataset_alias_example_alias_producer to None, run_after=None
[2024-10-05T02:53:46.091+0000] {logging_mixin.py:190} INFO - [2024-10-05T02:53:46.091+0000] {dag.py:4180} INFO - Setting next_dagrun for dataset_s3_bucket_consumer to None, run_after=None
[2024-10-05T02:53:46.092+0000] {logging_mixin.py:190} INFO - [2024-10-05T02:53:46.092+0000] {dag.py:4180} INFO - Setting next_dagrun for dataset_s3_bucket_producer to None, run_after=None
[2024-10-05T02:53:46.102+0000] {processor.py:208} INFO - Processing /home/airflow/.local/lib/python3.12/site-packages/airflow/example_dags/example_dataset_alias.py took 0.125 seconds
[2024-10-05T02:54:17.066+0000] {processor.py:186} INFO - Started process (PID=1216) to work on /home/airflow/.local/lib/python3.12/site-packages/airflow/example_dags/example_dataset_alias.py
[2024-10-05T02:54:17.066+0000] {processor.py:914} INFO - Processing file /home/airflow/.local/lib/python3.12/site-packages/airflow/example_dags/example_dataset_alias.py for tasks to queue
[2024-10-05T02:54:17.067+0000] {logging_mixin.py:190} INFO - [2024-10-05T02:54:17.067+0000] {dagbag.py:588} INFO - Filling up the DagBag from /home/airflow/.local/lib/python3.12/site-packages/airflow/example_dags/example_dataset_alias.py
[2024-10-05T02:54:17.151+0000] {processor.py:925} INFO - DAG(s) 'dataset_alias_example_alias_consumer', 'dataset_alias_example_alias_producer', 'dataset_s3_bucket_producer', 'dataset_s3_bucket_consumer' retrieved from /home/airflow/.local/lib/python3.12/site-packages/airflow/example_dags/example_dataset_alias.py
[2024-10-05T02:54:17.161+0000] {logging_mixin.py:190} INFO - [2024-10-05T02:54:17.161+0000] {dag.py:3239} INFO - Sync 4 DAGs
[2024-10-05T02:54:17.173+0000] {logging_mixin.py:190} INFO - [2024-10-05T02:54:17.173+0000] {dag.py:4180} INFO - Setting next_dagrun for dataset_alias_example_alias_consumer to None, run_after=None
[2024-10-05T02:54:17.175+0000] {logging_mixin.py:190} INFO - [2024-10-05T02:54:17.175+0000] {dag.py:4180} INFO - Setting next_dagrun for dataset_alias_example_alias_producer to None, run_after=None
[2024-10-05T02:54:17.176+0000] {logging_mixin.py:190} INFO - [2024-10-05T02:54:17.176+0000] {dag.py:4180} INFO - Setting next_dagrun for dataset_s3_bucket_consumer to None, run_after=None
[2024-10-05T02:54:17.176+0000] {logging_mixin.py:190} INFO - [2024-10-05T02:54:17.176+0000] {dag.py:4180} INFO - Setting next_dagrun for dataset_s3_bucket_producer to None, run_after=None
[2024-10-05T02:54:17.187+0000] {processor.py:208} INFO - Processing /home/airflow/.local/lib/python3.12/site-packages/airflow/example_dags/example_dataset_alias.py took 0.125 seconds
[2024-10-05T02:54:47.319+0000] {processor.py:186} INFO - Started process (PID=1278) to work on /home/airflow/.local/lib/python3.12/site-packages/airflow/example_dags/example_dataset_alias.py
[2024-10-05T02:54:47.323+0000] {processor.py:914} INFO - Processing file /home/airflow/.local/lib/python3.12/site-packages/airflow/example_dags/example_dataset_alias.py for tasks to queue
[2024-10-05T02:54:47.324+0000] {logging_mixin.py:190} INFO - [2024-10-05T02:54:47.324+0000] {dagbag.py:588} INFO - Filling up the DagBag from /home/airflow/.local/lib/python3.12/site-packages/airflow/example_dags/example_dataset_alias.py
[2024-10-05T02:54:47.407+0000] {processor.py:925} INFO - DAG(s) 'dataset_alias_example_alias_producer', 'dataset_s3_bucket_producer', 'dataset_alias_example_alias_consumer', 'dataset_s3_bucket_consumer' retrieved from /home/airflow/.local/lib/python3.12/site-packages/airflow/example_dags/example_dataset_alias.py
[2024-10-05T02:54:47.418+0000] {logging_mixin.py:190} INFO - [2024-10-05T02:54:47.418+0000] {dag.py:3239} INFO - Sync 4 DAGs
[2024-10-05T02:54:47.431+0000] {logging_mixin.py:190} INFO - [2024-10-05T02:54:47.431+0000] {dag.py:4180} INFO - Setting next_dagrun for dataset_alias_example_alias_consumer to None, run_after=None
[2024-10-05T02:54:47.432+0000] {logging_mixin.py:190} INFO - [2024-10-05T02:54:47.432+0000] {dag.py:4180} INFO - Setting next_dagrun for dataset_alias_example_alias_producer to None, run_after=None
[2024-10-05T02:54:47.433+0000] {logging_mixin.py:190} INFO - [2024-10-05T02:54:47.433+0000] {dag.py:4180} INFO - Setting next_dagrun for dataset_s3_bucket_consumer to None, run_after=None
[2024-10-05T02:54:47.433+0000] {logging_mixin.py:190} INFO - [2024-10-05T02:54:47.433+0000] {dag.py:4180} INFO - Setting next_dagrun for dataset_s3_bucket_producer to None, run_after=None
[2024-10-05T02:54:47.446+0000] {processor.py:208} INFO - Processing /home/airflow/.local/lib/python3.12/site-packages/airflow/example_dags/example_dataset_alias.py took 0.130 seconds
[2024-10-05T02:55:17.864+0000] {processor.py:186} INFO - Started process (PID=1346) to work on /home/airflow/.local/lib/python3.12/site-packages/airflow/example_dags/example_dataset_alias.py
[2024-10-05T02:55:17.867+0000] {processor.py:914} INFO - Processing file /home/airflow/.local/lib/python3.12/site-packages/airflow/example_dags/example_dataset_alias.py for tasks to queue
[2024-10-05T02:55:17.868+0000] {logging_mixin.py:190} INFO - [2024-10-05T02:55:17.868+0000] {dagbag.py:588} INFO - Filling up the DagBag from /home/airflow/.local/lib/python3.12/site-packages/airflow/example_dags/example_dataset_alias.py
[2024-10-05T02:55:17.953+0000] {processor.py:925} INFO - DAG(s) 'dataset_s3_bucket_consumer', 'dataset_alias_example_alias_producer', 'dataset_alias_example_alias_consumer', 'dataset_s3_bucket_producer' retrieved from /home/airflow/.local/lib/python3.12/site-packages/airflow/example_dags/example_dataset_alias.py
[2024-10-05T02:55:17.964+0000] {logging_mixin.py:190} INFO - [2024-10-05T02:55:17.964+0000] {dag.py:3239} INFO - Sync 4 DAGs
[2024-10-05T02:55:17.976+0000] {logging_mixin.py:190} INFO - [2024-10-05T02:55:17.976+0000] {dag.py:4180} INFO - Setting next_dagrun for dataset_alias_example_alias_consumer to None, run_after=None
[2024-10-05T02:55:17.978+0000] {logging_mixin.py:190} INFO - [2024-10-05T02:55:17.978+0000] {dag.py:4180} INFO - Setting next_dagrun for dataset_alias_example_alias_producer to None, run_after=None
[2024-10-05T02:55:17.979+0000] {logging_mixin.py:190} INFO - [2024-10-05T02:55:17.978+0000] {dag.py:4180} INFO - Setting next_dagrun for dataset_s3_bucket_consumer to None, run_after=None
[2024-10-05T02:55:17.979+0000] {logging_mixin.py:190} INFO - [2024-10-05T02:55:17.979+0000] {dag.py:4180} INFO - Setting next_dagrun for dataset_s3_bucket_producer to None, run_after=None
[2024-10-05T02:55:17.990+0000] {processor.py:208} INFO - Processing /home/airflow/.local/lib/python3.12/site-packages/airflow/example_dags/example_dataset_alias.py took 0.130 seconds
[2024-10-05T02:55:48.830+0000] {processor.py:186} INFO - Started process (PID=1408) to work on /home/airflow/.local/lib/python3.12/site-packages/airflow/example_dags/example_dataset_alias.py
[2024-10-05T02:55:48.831+0000] {processor.py:914} INFO - Processing file /home/airflow/.local/lib/python3.12/site-packages/airflow/example_dags/example_dataset_alias.py for tasks to queue
[2024-10-05T02:55:48.832+0000] {logging_mixin.py:190} INFO - [2024-10-05T02:55:48.832+0000] {dagbag.py:588} INFO - Filling up the DagBag from /home/airflow/.local/lib/python3.12/site-packages/airflow/example_dags/example_dataset_alias.py
[2024-10-05T02:55:48.914+0000] {processor.py:925} INFO - DAG(s) 'dataset_alias_example_alias_producer', 'dataset_s3_bucket_consumer', 'dataset_alias_example_alias_consumer', 'dataset_s3_bucket_producer' retrieved from /home/airflow/.local/lib/python3.12/site-packages/airflow/example_dags/example_dataset_alias.py
[2024-10-05T02:55:48.924+0000] {logging_mixin.py:190} INFO - [2024-10-05T02:55:48.924+0000] {dag.py:3239} INFO - Sync 4 DAGs
[2024-10-05T02:55:48.936+0000] {logging_mixin.py:190} INFO - [2024-10-05T02:55:48.936+0000] {dag.py:4180} INFO - Setting next_dagrun for dataset_alias_example_alias_consumer to None, run_after=None
[2024-10-05T02:55:48.937+0000] {logging_mixin.py:190} INFO - [2024-10-05T02:55:48.937+0000] {dag.py:4180} INFO - Setting next_dagrun for dataset_alias_example_alias_producer to None, run_after=None
[2024-10-05T02:55:48.938+0000] {logging_mixin.py:190} INFO - [2024-10-05T02:55:48.938+0000] {dag.py:4180} INFO - Setting next_dagrun for dataset_s3_bucket_consumer to None, run_after=None
[2024-10-05T02:55:48.939+0000] {logging_mixin.py:190} INFO - [2024-10-05T02:55:48.938+0000] {dag.py:4180} INFO - Setting next_dagrun for dataset_s3_bucket_producer to None, run_after=None
[2024-10-05T02:55:48.949+0000] {processor.py:208} INFO - Processing /home/airflow/.local/lib/python3.12/site-packages/airflow/example_dags/example_dataset_alias.py took 0.122 seconds
[2024-10-05T02:56:19.110+0000] {processor.py:186} INFO - Started process (PID=1470) to work on /home/airflow/.local/lib/python3.12/site-packages/airflow/example_dags/example_dataset_alias.py
[2024-10-05T02:56:19.111+0000] {processor.py:914} INFO - Processing file /home/airflow/.local/lib/python3.12/site-packages/airflow/example_dags/example_dataset_alias.py for tasks to queue
[2024-10-05T02:56:19.112+0000] {logging_mixin.py:190} INFO - [2024-10-05T02:56:19.112+0000] {dagbag.py:588} INFO - Filling up the DagBag from /home/airflow/.local/lib/python3.12/site-packages/airflow/example_dags/example_dataset_alias.py
[2024-10-05T02:56:19.195+0000] {processor.py:925} INFO - DAG(s) 'dataset_s3_bucket_consumer', 'dataset_alias_example_alias_consumer', 'dataset_alias_example_alias_producer', 'dataset_s3_bucket_producer' retrieved from /home/airflow/.local/lib/python3.12/site-packages/airflow/example_dags/example_dataset_alias.py
[2024-10-05T02:56:19.206+0000] {logging_mixin.py:190} INFO - [2024-10-05T02:56:19.206+0000] {dag.py:3239} INFO - Sync 4 DAGs
[2024-10-05T02:56:19.218+0000] {logging_mixin.py:190} INFO - [2024-10-05T02:56:19.218+0000] {dag.py:4180} INFO - Setting next_dagrun for dataset_alias_example_alias_consumer to None, run_after=None
[2024-10-05T02:56:19.219+0000] {logging_mixin.py:190} INFO - [2024-10-05T02:56:19.219+0000] {dag.py:4180} INFO - Setting next_dagrun for dataset_alias_example_alias_producer to None, run_after=None
[2024-10-05T02:56:19.220+0000] {logging_mixin.py:190} INFO - [2024-10-05T02:56:19.220+0000] {dag.py:4180} INFO - Setting next_dagrun for dataset_s3_bucket_consumer to None, run_after=None
[2024-10-05T02:56:19.221+0000] {logging_mixin.py:190} INFO - [2024-10-05T02:56:19.221+0000] {dag.py:4180} INFO - Setting next_dagrun for dataset_s3_bucket_producer to None, run_after=None
[2024-10-05T02:56:19.232+0000] {processor.py:208} INFO - Processing /home/airflow/.local/lib/python3.12/site-packages/airflow/example_dags/example_dataset_alias.py took 0.125 seconds
[2024-10-05T02:56:49.450+0000] {processor.py:186} INFO - Started process (PID=1532) to work on /home/airflow/.local/lib/python3.12/site-packages/airflow/example_dags/example_dataset_alias.py
[2024-10-05T02:56:49.455+0000] {processor.py:914} INFO - Processing file /home/airflow/.local/lib/python3.12/site-packages/airflow/example_dags/example_dataset_alias.py for tasks to queue
[2024-10-05T02:56:49.456+0000] {logging_mixin.py:190} INFO - [2024-10-05T02:56:49.456+0000] {dagbag.py:588} INFO - Filling up the DagBag from /home/airflow/.local/lib/python3.12/site-packages/airflow/example_dags/example_dataset_alias.py
[2024-10-05T02:56:49.537+0000] {processor.py:925} INFO - DAG(s) 'dataset_s3_bucket_producer', 'dataset_alias_example_alias_consumer', 'dataset_s3_bucket_consumer', 'dataset_alias_example_alias_producer' retrieved from /home/airflow/.local/lib/python3.12/site-packages/airflow/example_dags/example_dataset_alias.py
[2024-10-05T02:56:49.550+0000] {logging_mixin.py:190} INFO - [2024-10-05T02:56:49.549+0000] {dag.py:3239} INFO - Sync 4 DAGs
[2024-10-05T02:56:49.563+0000] {logging_mixin.py:190} INFO - [2024-10-05T02:56:49.563+0000] {dag.py:4180} INFO - Setting next_dagrun for dataset_alias_example_alias_consumer to None, run_after=None
[2024-10-05T02:56:49.564+0000] {logging_mixin.py:190} INFO - [2024-10-05T02:56:49.564+0000] {dag.py:4180} INFO - Setting next_dagrun for dataset_alias_example_alias_producer to None, run_after=None
[2024-10-05T02:56:49.565+0000] {logging_mixin.py:190} INFO - [2024-10-05T02:56:49.565+0000] {dag.py:4180} INFO - Setting next_dagrun for dataset_s3_bucket_consumer to None, run_after=None
[2024-10-05T02:56:49.565+0000] {logging_mixin.py:190} INFO - [2024-10-05T02:56:49.565+0000] {dag.py:4180} INFO - Setting next_dagrun for dataset_s3_bucket_producer to None, run_after=None
[2024-10-05T02:56:49.576+0000] {processor.py:208} INFO - Processing /home/airflow/.local/lib/python3.12/site-packages/airflow/example_dags/example_dataset_alias.py took 0.129 seconds
[2024-10-05T02:57:19.854+0000] {processor.py:186} INFO - Started process (PID=1594) to work on /home/airflow/.local/lib/python3.12/site-packages/airflow/example_dags/example_dataset_alias.py
[2024-10-05T02:57:19.855+0000] {processor.py:914} INFO - Processing file /home/airflow/.local/lib/python3.12/site-packages/airflow/example_dags/example_dataset_alias.py for tasks to queue
[2024-10-05T02:57:19.856+0000] {logging_mixin.py:190} INFO - [2024-10-05T02:57:19.856+0000] {dagbag.py:588} INFO - Filling up the DagBag from /home/airflow/.local/lib/python3.12/site-packages/airflow/example_dags/example_dataset_alias.py
[2024-10-05T02:57:19.957+0000] {processor.py:925} INFO - DAG(s) 'dataset_alias_example_alias_consumer', 'dataset_s3_bucket_producer', 'dataset_s3_bucket_consumer', 'dataset_alias_example_alias_producer' retrieved from /home/airflow/.local/lib/python3.12/site-packages/airflow/example_dags/example_dataset_alias.py
[2024-10-05T02:57:19.972+0000] {logging_mixin.py:190} INFO - [2024-10-05T02:57:19.972+0000] {dag.py:3239} INFO - Sync 4 DAGs
[2024-10-05T02:57:19.987+0000] {logging_mixin.py:190} INFO - [2024-10-05T02:57:19.986+0000] {dag.py:4180} INFO - Setting next_dagrun for dataset_alias_example_alias_consumer to None, run_after=None
[2024-10-05T02:57:19.989+0000] {logging_mixin.py:190} INFO - [2024-10-05T02:57:19.989+0000] {dag.py:4180} INFO - Setting next_dagrun for dataset_alias_example_alias_producer to None, run_after=None
[2024-10-05T02:57:19.990+0000] {logging_mixin.py:190} INFO - [2024-10-05T02:57:19.989+0000] {dag.py:4180} INFO - Setting next_dagrun for dataset_s3_bucket_consumer to None, run_after=None
[2024-10-05T02:57:19.990+0000] {logging_mixin.py:190} INFO - [2024-10-05T02:57:19.990+0000] {dag.py:4180} INFO - Setting next_dagrun for dataset_s3_bucket_producer to None, run_after=None
[2024-10-05T02:57:20.004+0000] {processor.py:208} INFO - Processing /home/airflow/.local/lib/python3.12/site-packages/airflow/example_dags/example_dataset_alias.py took 0.154 seconds
