[2024-10-05T02:15:05.858+0000] {processor.py:186} INFO - Started process (PID=86) to work on /home/airflow/.local/lib/python3.12/site-packages/airflow/example_dags/example_latest_only_with_trigger.py
[2024-10-05T02:15:05.859+0000] {processor.py:914} INFO - Processing file /home/airflow/.local/lib/python3.12/site-packages/airflow/example_dags/example_latest_only_with_trigger.py for tasks to queue
[2024-10-05T02:15:05.860+0000] {logging_mixin.py:190} INFO - [2024-10-05T02:15:05.860+0000] {dagbag.py:588} INFO - Filling up the DagBag from /home/airflow/.local/lib/python3.12/site-packages/airflow/example_dags/example_latest_only_with_trigger.py
[2024-10-05T02:15:05.864+0000] {processor.py:925} INFO - DAG(s) 'latest_only_with_trigger' retrieved from /home/airflow/.local/lib/python3.12/site-packages/airflow/example_dags/example_latest_only_with_trigger.py
[2024-10-05T02:15:05.876+0000] {logging_mixin.py:190} INFO - [2024-10-05T02:15:05.876+0000] {dag.py:3239} INFO - Sync 1 DAGs
[2024-10-05T02:15:05.890+0000] {logging_mixin.py:190} INFO - [2024-10-05T02:15:05.890+0000] {dag.py:4180} INFO - Setting next_dagrun for latest_only_with_trigger to 2024-10-04 20:00:00+00:00, run_after=2024-10-05 00:00:00+00:00
[2024-10-05T02:15:05.899+0000] {processor.py:208} INFO - Processing /home/airflow/.local/lib/python3.12/site-packages/airflow/example_dags/example_latest_only_with_trigger.py took 0.045 seconds
[2024-10-05T02:15:36.324+0000] {processor.py:186} INFO - Started process (PID=154) to work on /home/airflow/.local/lib/python3.12/site-packages/airflow/example_dags/example_latest_only_with_trigger.py
[2024-10-05T02:15:36.327+0000] {processor.py:914} INFO - Processing file /home/airflow/.local/lib/python3.12/site-packages/airflow/example_dags/example_latest_only_with_trigger.py for tasks to queue
[2024-10-05T02:15:36.329+0000] {logging_mixin.py:190} INFO - [2024-10-05T02:15:36.329+0000] {dagbag.py:588} INFO - Filling up the DagBag from /home/airflow/.local/lib/python3.12/site-packages/airflow/example_dags/example_latest_only_with_trigger.py
[2024-10-05T02:15:36.333+0000] {processor.py:925} INFO - DAG(s) 'latest_only_with_trigger' retrieved from /home/airflow/.local/lib/python3.12/site-packages/airflow/example_dags/example_latest_only_with_trigger.py
[2024-10-05T02:15:36.347+0000] {logging_mixin.py:190} INFO - [2024-10-05T02:15:36.346+0000] {dag.py:3239} INFO - Sync 1 DAGs
[2024-10-05T02:15:36.362+0000] {logging_mixin.py:190} INFO - [2024-10-05T02:15:36.361+0000] {dag.py:4180} INFO - Setting next_dagrun for latest_only_with_trigger to 2024-10-04 20:00:00+00:00, run_after=2024-10-05 00:00:00+00:00
[2024-10-05T02:15:36.374+0000] {processor.py:208} INFO - Processing /home/airflow/.local/lib/python3.12/site-packages/airflow/example_dags/example_latest_only_with_trigger.py took 0.053 seconds
[2024-10-05T02:16:07.186+0000] {processor.py:186} INFO - Started process (PID=216) to work on /home/airflow/.local/lib/python3.12/site-packages/airflow/example_dags/example_latest_only_with_trigger.py
[2024-10-05T02:16:07.187+0000] {processor.py:914} INFO - Processing file /home/airflow/.local/lib/python3.12/site-packages/airflow/example_dags/example_latest_only_with_trigger.py for tasks to queue
[2024-10-05T02:16:07.188+0000] {logging_mixin.py:190} INFO - [2024-10-05T02:16:07.188+0000] {dagbag.py:588} INFO - Filling up the DagBag from /home/airflow/.local/lib/python3.12/site-packages/airflow/example_dags/example_latest_only_with_trigger.py
[2024-10-05T02:16:07.192+0000] {processor.py:925} INFO - DAG(s) 'latest_only_with_trigger' retrieved from /home/airflow/.local/lib/python3.12/site-packages/airflow/example_dags/example_latest_only_with_trigger.py
[2024-10-05T02:16:07.204+0000] {logging_mixin.py:190} INFO - [2024-10-05T02:16:07.204+0000] {dag.py:3239} INFO - Sync 1 DAGs
[2024-10-05T02:16:07.218+0000] {logging_mixin.py:190} INFO - [2024-10-05T02:16:07.218+0000] {dag.py:4180} INFO - Setting next_dagrun for latest_only_with_trigger to 2024-10-04 20:00:00+00:00, run_after=2024-10-05 00:00:00+00:00
[2024-10-05T02:16:07.229+0000] {processor.py:208} INFO - Processing /home/airflow/.local/lib/python3.12/site-packages/airflow/example_dags/example_latest_only_with_trigger.py took 0.047 seconds
[2024-10-05T02:16:37.561+0000] {processor.py:186} INFO - Started process (PID=278) to work on /home/airflow/.local/lib/python3.12/site-packages/airflow/example_dags/example_latest_only_with_trigger.py
[2024-10-05T02:16:37.561+0000] {processor.py:914} INFO - Processing file /home/airflow/.local/lib/python3.12/site-packages/airflow/example_dags/example_latest_only_with_trigger.py for tasks to queue
[2024-10-05T02:16:37.562+0000] {logging_mixin.py:190} INFO - [2024-10-05T02:16:37.562+0000] {dagbag.py:588} INFO - Filling up the DagBag from /home/airflow/.local/lib/python3.12/site-packages/airflow/example_dags/example_latest_only_with_trigger.py
[2024-10-05T02:16:37.567+0000] {processor.py:925} INFO - DAG(s) 'latest_only_with_trigger' retrieved from /home/airflow/.local/lib/python3.12/site-packages/airflow/example_dags/example_latest_only_with_trigger.py
[2024-10-05T02:16:37.578+0000] {logging_mixin.py:190} INFO - [2024-10-05T02:16:37.578+0000] {dag.py:3239} INFO - Sync 1 DAGs
[2024-10-05T02:16:37.590+0000] {logging_mixin.py:190} INFO - [2024-10-05T02:16:37.590+0000] {dag.py:4180} INFO - Setting next_dagrun for latest_only_with_trigger to 2024-10-04 20:00:00+00:00, run_after=2024-10-05 00:00:00+00:00
[2024-10-05T02:16:37.599+0000] {processor.py:208} INFO - Processing /home/airflow/.local/lib/python3.12/site-packages/airflow/example_dags/example_latest_only_with_trigger.py took 0.042 seconds
[2024-10-05T02:17:08.623+0000] {processor.py:186} INFO - Started process (PID=340) to work on /home/airflow/.local/lib/python3.12/site-packages/airflow/example_dags/example_latest_only_with_trigger.py
[2024-10-05T02:17:08.623+0000] {processor.py:914} INFO - Processing file /home/airflow/.local/lib/python3.12/site-packages/airflow/example_dags/example_latest_only_with_trigger.py for tasks to queue
[2024-10-05T02:17:08.625+0000] {logging_mixin.py:190} INFO - [2024-10-05T02:17:08.624+0000] {dagbag.py:588} INFO - Filling up the DagBag from /home/airflow/.local/lib/python3.12/site-packages/airflow/example_dags/example_latest_only_with_trigger.py
[2024-10-05T02:17:08.629+0000] {processor.py:925} INFO - DAG(s) 'latest_only_with_trigger' retrieved from /home/airflow/.local/lib/python3.12/site-packages/airflow/example_dags/example_latest_only_with_trigger.py
[2024-10-05T02:17:08.641+0000] {logging_mixin.py:190} INFO - [2024-10-05T02:17:08.640+0000] {dag.py:3239} INFO - Sync 1 DAGs
[2024-10-05T02:17:08.653+0000] {logging_mixin.py:190} INFO - [2024-10-05T02:17:08.653+0000] {dag.py:4180} INFO - Setting next_dagrun for latest_only_with_trigger to 2024-10-04 20:00:00+00:00, run_after=2024-10-05 00:00:00+00:00
[2024-10-05T02:17:08.663+0000] {processor.py:208} INFO - Processing /home/airflow/.local/lib/python3.12/site-packages/airflow/example_dags/example_latest_only_with_trigger.py took 0.044 seconds
[2024-10-05T02:17:39.533+0000] {processor.py:186} INFO - Started process (PID=402) to work on /home/airflow/.local/lib/python3.12/site-packages/airflow/example_dags/example_latest_only_with_trigger.py
[2024-10-05T02:17:39.534+0000] {processor.py:914} INFO - Processing file /home/airflow/.local/lib/python3.12/site-packages/airflow/example_dags/example_latest_only_with_trigger.py for tasks to queue
[2024-10-05T02:17:39.535+0000] {logging_mixin.py:190} INFO - [2024-10-05T02:17:39.535+0000] {dagbag.py:588} INFO - Filling up the DagBag from /home/airflow/.local/lib/python3.12/site-packages/airflow/example_dags/example_latest_only_with_trigger.py
[2024-10-05T02:17:39.539+0000] {processor.py:925} INFO - DAG(s) 'latest_only_with_trigger' retrieved from /home/airflow/.local/lib/python3.12/site-packages/airflow/example_dags/example_latest_only_with_trigger.py
[2024-10-05T02:17:39.549+0000] {logging_mixin.py:190} INFO - [2024-10-05T02:17:39.549+0000] {dag.py:3239} INFO - Sync 1 DAGs
[2024-10-05T02:17:39.562+0000] {logging_mixin.py:190} INFO - [2024-10-05T02:17:39.562+0000] {dag.py:4180} INFO - Setting next_dagrun for latest_only_with_trigger to 2024-10-04 20:00:00+00:00, run_after=2024-10-05 00:00:00+00:00
[2024-10-05T02:17:39.571+0000] {processor.py:208} INFO - Processing /home/airflow/.local/lib/python3.12/site-packages/airflow/example_dags/example_latest_only_with_trigger.py took 0.041 seconds
[2024-10-05T02:18:09.963+0000] {processor.py:186} INFO - Started process (PID=464) to work on /home/airflow/.local/lib/python3.12/site-packages/airflow/example_dags/example_latest_only_with_trigger.py
[2024-10-05T02:18:09.963+0000] {processor.py:914} INFO - Processing file /home/airflow/.local/lib/python3.12/site-packages/airflow/example_dags/example_latest_only_with_trigger.py for tasks to queue
[2024-10-05T02:18:09.965+0000] {logging_mixin.py:190} INFO - [2024-10-05T02:18:09.964+0000] {dagbag.py:588} INFO - Filling up the DagBag from /home/airflow/.local/lib/python3.12/site-packages/airflow/example_dags/example_latest_only_with_trigger.py
[2024-10-05T02:18:09.969+0000] {processor.py:925} INFO - DAG(s) 'latest_only_with_trigger' retrieved from /home/airflow/.local/lib/python3.12/site-packages/airflow/example_dags/example_latest_only_with_trigger.py
[2024-10-05T02:18:09.979+0000] {logging_mixin.py:190} INFO - [2024-10-05T02:18:09.979+0000] {dag.py:3239} INFO - Sync 1 DAGs
[2024-10-05T02:18:09.992+0000] {logging_mixin.py:190} INFO - [2024-10-05T02:18:09.992+0000] {dag.py:4180} INFO - Setting next_dagrun for latest_only_with_trigger to 2024-10-04 20:00:00+00:00, run_after=2024-10-05 00:00:00+00:00
[2024-10-05T02:18:10.001+0000] {processor.py:208} INFO - Processing /home/airflow/.local/lib/python3.12/site-packages/airflow/example_dags/example_latest_only_with_trigger.py took 0.042 seconds
[2024-10-05T02:18:40.272+0000] {processor.py:186} INFO - Started process (PID=526) to work on /home/airflow/.local/lib/python3.12/site-packages/airflow/example_dags/example_latest_only_with_trigger.py
[2024-10-05T02:18:40.273+0000] {processor.py:914} INFO - Processing file /home/airflow/.local/lib/python3.12/site-packages/airflow/example_dags/example_latest_only_with_trigger.py for tasks to queue
[2024-10-05T02:18:40.274+0000] {logging_mixin.py:190} INFO - [2024-10-05T02:18:40.274+0000] {dagbag.py:588} INFO - Filling up the DagBag from /home/airflow/.local/lib/python3.12/site-packages/airflow/example_dags/example_latest_only_with_trigger.py
[2024-10-05T02:18:40.278+0000] {processor.py:925} INFO - DAG(s) 'latest_only_with_trigger' retrieved from /home/airflow/.local/lib/python3.12/site-packages/airflow/example_dags/example_latest_only_with_trigger.py
[2024-10-05T02:18:40.291+0000] {logging_mixin.py:190} INFO - [2024-10-05T02:18:40.291+0000] {dag.py:3239} INFO - Sync 1 DAGs
[2024-10-05T02:18:40.304+0000] {logging_mixin.py:190} INFO - [2024-10-05T02:18:40.303+0000] {dag.py:4180} INFO - Setting next_dagrun for latest_only_with_trigger to 2024-10-04 20:00:00+00:00, run_after=2024-10-05 00:00:00+00:00
[2024-10-05T02:18:40.313+0000] {processor.py:208} INFO - Processing /home/airflow/.local/lib/python3.12/site-packages/airflow/example_dags/example_latest_only_with_trigger.py took 0.045 seconds
[2024-10-05T02:45:06.163+0000] {processor.py:186} INFO - Started process (PID=79) to work on /home/airflow/.local/lib/python3.12/site-packages/airflow/example_dags/example_latest_only_with_trigger.py
[2024-10-05T02:45:06.163+0000] {processor.py:914} INFO - Processing file /home/airflow/.local/lib/python3.12/site-packages/airflow/example_dags/example_latest_only_with_trigger.py for tasks to queue
[2024-10-05T02:45:06.164+0000] {logging_mixin.py:190} INFO - [2024-10-05T02:45:06.164+0000] {dagbag.py:588} INFO - Filling up the DagBag from /home/airflow/.local/lib/python3.12/site-packages/airflow/example_dags/example_latest_only_with_trigger.py
[2024-10-05T02:45:06.168+0000] {processor.py:925} INFO - DAG(s) 'latest_only_with_trigger' retrieved from /home/airflow/.local/lib/python3.12/site-packages/airflow/example_dags/example_latest_only_with_trigger.py
[2024-10-05T02:45:06.181+0000] {logging_mixin.py:190} INFO - [2024-10-05T02:45:06.180+0000] {dag.py:3239} INFO - Sync 1 DAGs
[2024-10-05T02:45:06.193+0000] {logging_mixin.py:190} INFO - [2024-10-05T02:45:06.193+0000] {dag.py:4180} INFO - Setting next_dagrun for latest_only_with_trigger to 2024-10-04 20:00:00+00:00, run_after=2024-10-05 00:00:00+00:00
[2024-10-05T02:45:06.203+0000] {processor.py:208} INFO - Processing /home/airflow/.local/lib/python3.12/site-packages/airflow/example_dags/example_latest_only_with_trigger.py took 0.043 seconds
[2024-10-05T02:45:36.435+0000] {processor.py:186} INFO - Started process (PID=148) to work on /home/airflow/.local/lib/python3.12/site-packages/airflow/example_dags/example_latest_only_with_trigger.py
[2024-10-05T02:45:36.436+0000] {processor.py:914} INFO - Processing file /home/airflow/.local/lib/python3.12/site-packages/airflow/example_dags/example_latest_only_with_trigger.py for tasks to queue
[2024-10-05T02:45:36.437+0000] {logging_mixin.py:190} INFO - [2024-10-05T02:45:36.437+0000] {dagbag.py:588} INFO - Filling up the DagBag from /home/airflow/.local/lib/python3.12/site-packages/airflow/example_dags/example_latest_only_with_trigger.py
[2024-10-05T02:45:36.441+0000] {processor.py:925} INFO - DAG(s) 'latest_only_with_trigger' retrieved from /home/airflow/.local/lib/python3.12/site-packages/airflow/example_dags/example_latest_only_with_trigger.py
[2024-10-05T02:45:36.451+0000] {logging_mixin.py:190} INFO - [2024-10-05T02:45:36.451+0000] {dag.py:3239} INFO - Sync 1 DAGs
[2024-10-05T02:45:36.464+0000] {logging_mixin.py:190} INFO - [2024-10-05T02:45:36.464+0000] {dag.py:4180} INFO - Setting next_dagrun for latest_only_with_trigger to 2024-10-04 20:00:00+00:00, run_after=2024-10-05 00:00:00+00:00
[2024-10-05T02:45:36.473+0000] {processor.py:208} INFO - Processing /home/airflow/.local/lib/python3.12/site-packages/airflow/example_dags/example_latest_only_with_trigger.py took 0.041 seconds
[2024-10-05T02:46:07.405+0000] {processor.py:186} INFO - Started process (PID=210) to work on /home/airflow/.local/lib/python3.12/site-packages/airflow/example_dags/example_latest_only_with_trigger.py
[2024-10-05T02:46:07.405+0000] {processor.py:914} INFO - Processing file /home/airflow/.local/lib/python3.12/site-packages/airflow/example_dags/example_latest_only_with_trigger.py for tasks to queue
[2024-10-05T02:46:07.406+0000] {logging_mixin.py:190} INFO - [2024-10-05T02:46:07.406+0000] {dagbag.py:588} INFO - Filling up the DagBag from /home/airflow/.local/lib/python3.12/site-packages/airflow/example_dags/example_latest_only_with_trigger.py
[2024-10-05T02:46:07.410+0000] {processor.py:925} INFO - DAG(s) 'latest_only_with_trigger' retrieved from /home/airflow/.local/lib/python3.12/site-packages/airflow/example_dags/example_latest_only_with_trigger.py
[2024-10-05T02:46:07.421+0000] {logging_mixin.py:190} INFO - [2024-10-05T02:46:07.421+0000] {dag.py:3239} INFO - Sync 1 DAGs
[2024-10-05T02:46:07.433+0000] {logging_mixin.py:190} INFO - [2024-10-05T02:46:07.433+0000] {dag.py:4180} INFO - Setting next_dagrun for latest_only_with_trigger to 2024-10-04 20:00:00+00:00, run_after=2024-10-05 00:00:00+00:00
[2024-10-05T02:46:07.442+0000] {processor.py:208} INFO - Processing /home/airflow/.local/lib/python3.12/site-packages/airflow/example_dags/example_latest_only_with_trigger.py took 0.041 seconds
[2024-10-05T02:46:37.626+0000] {processor.py:186} INFO - Started process (PID=272) to work on /home/airflow/.local/lib/python3.12/site-packages/airflow/example_dags/example_latest_only_with_trigger.py
[2024-10-05T02:46:37.626+0000] {processor.py:914} INFO - Processing file /home/airflow/.local/lib/python3.12/site-packages/airflow/example_dags/example_latest_only_with_trigger.py for tasks to queue
[2024-10-05T02:46:37.628+0000] {logging_mixin.py:190} INFO - [2024-10-05T02:46:37.627+0000] {dagbag.py:588} INFO - Filling up the DagBag from /home/airflow/.local/lib/python3.12/site-packages/airflow/example_dags/example_latest_only_with_trigger.py
[2024-10-05T02:46:37.632+0000] {processor.py:925} INFO - DAG(s) 'latest_only_with_trigger' retrieved from /home/airflow/.local/lib/python3.12/site-packages/airflow/example_dags/example_latest_only_with_trigger.py
[2024-10-05T02:46:37.644+0000] {logging_mixin.py:190} INFO - [2024-10-05T02:46:37.644+0000] {dag.py:3239} INFO - Sync 1 DAGs
[2024-10-05T02:46:37.657+0000] {logging_mixin.py:190} INFO - [2024-10-05T02:46:37.657+0000] {dag.py:4180} INFO - Setting next_dagrun for latest_only_with_trigger to 2024-10-04 20:00:00+00:00, run_after=2024-10-05 00:00:00+00:00
[2024-10-05T02:46:37.668+0000] {processor.py:208} INFO - Processing /home/airflow/.local/lib/python3.12/site-packages/airflow/example_dags/example_latest_only_with_trigger.py took 0.046 seconds
[2024-10-05T02:47:07.778+0000] {processor.py:186} INFO - Started process (PID=334) to work on /home/airflow/.local/lib/python3.12/site-packages/airflow/example_dags/example_latest_only_with_trigger.py
[2024-10-05T02:47:07.779+0000] {processor.py:914} INFO - Processing file /home/airflow/.local/lib/python3.12/site-packages/airflow/example_dags/example_latest_only_with_trigger.py for tasks to queue
[2024-10-05T02:47:07.780+0000] {logging_mixin.py:190} INFO - [2024-10-05T02:47:07.780+0000] {dagbag.py:588} INFO - Filling up the DagBag from /home/airflow/.local/lib/python3.12/site-packages/airflow/example_dags/example_latest_only_with_trigger.py
[2024-10-05T02:47:07.784+0000] {processor.py:925} INFO - DAG(s) 'latest_only_with_trigger' retrieved from /home/airflow/.local/lib/python3.12/site-packages/airflow/example_dags/example_latest_only_with_trigger.py
[2024-10-05T02:47:07.795+0000] {logging_mixin.py:190} INFO - [2024-10-05T02:47:07.794+0000] {dag.py:3239} INFO - Sync 1 DAGs
[2024-10-05T02:47:07.807+0000] {logging_mixin.py:190} INFO - [2024-10-05T02:47:07.807+0000] {dag.py:4180} INFO - Setting next_dagrun for latest_only_with_trigger to 2024-10-04 20:00:00+00:00, run_after=2024-10-05 00:00:00+00:00
[2024-10-05T02:47:07.816+0000] {processor.py:208} INFO - Processing /home/airflow/.local/lib/python3.12/site-packages/airflow/example_dags/example_latest_only_with_trigger.py took 0.041 seconds
[2024-10-05T02:47:38.479+0000] {processor.py:186} INFO - Started process (PID=396) to work on /home/airflow/.local/lib/python3.12/site-packages/airflow/example_dags/example_latest_only_with_trigger.py
[2024-10-05T02:47:38.480+0000] {processor.py:914} INFO - Processing file /home/airflow/.local/lib/python3.12/site-packages/airflow/example_dags/example_latest_only_with_trigger.py for tasks to queue
[2024-10-05T02:47:38.481+0000] {logging_mixin.py:190} INFO - [2024-10-05T02:47:38.481+0000] {dagbag.py:588} INFO - Filling up the DagBag from /home/airflow/.local/lib/python3.12/site-packages/airflow/example_dags/example_latest_only_with_trigger.py
[2024-10-05T02:47:38.486+0000] {processor.py:925} INFO - DAG(s) 'latest_only_with_trigger' retrieved from /home/airflow/.local/lib/python3.12/site-packages/airflow/example_dags/example_latest_only_with_trigger.py
[2024-10-05T02:47:38.497+0000] {logging_mixin.py:190} INFO - [2024-10-05T02:47:38.497+0000] {dag.py:3239} INFO - Sync 1 DAGs
[2024-10-05T02:47:38.510+0000] {logging_mixin.py:190} INFO - [2024-10-05T02:47:38.509+0000] {dag.py:4180} INFO - Setting next_dagrun for latest_only_with_trigger to 2024-10-04 20:00:00+00:00, run_after=2024-10-05 00:00:00+00:00
[2024-10-05T02:47:38.520+0000] {processor.py:208} INFO - Processing /home/airflow/.local/lib/python3.12/site-packages/airflow/example_dags/example_latest_only_with_trigger.py took 0.044 seconds
[2024-10-05T02:48:08.803+0000] {processor.py:186} INFO - Started process (PID=458) to work on /home/airflow/.local/lib/python3.12/site-packages/airflow/example_dags/example_latest_only_with_trigger.py
[2024-10-05T02:48:08.804+0000] {processor.py:914} INFO - Processing file /home/airflow/.local/lib/python3.12/site-packages/airflow/example_dags/example_latest_only_with_trigger.py for tasks to queue
[2024-10-05T02:48:08.805+0000] {logging_mixin.py:190} INFO - [2024-10-05T02:48:08.805+0000] {dagbag.py:588} INFO - Filling up the DagBag from /home/airflow/.local/lib/python3.12/site-packages/airflow/example_dags/example_latest_only_with_trigger.py
[2024-10-05T02:48:08.810+0000] {processor.py:925} INFO - DAG(s) 'latest_only_with_trigger' retrieved from /home/airflow/.local/lib/python3.12/site-packages/airflow/example_dags/example_latest_only_with_trigger.py
[2024-10-05T02:48:08.822+0000] {logging_mixin.py:190} INFO - [2024-10-05T02:48:08.822+0000] {dag.py:3239} INFO - Sync 1 DAGs
[2024-10-05T02:48:08.836+0000] {logging_mixin.py:190} INFO - [2024-10-05T02:48:08.836+0000] {dag.py:4180} INFO - Setting next_dagrun for latest_only_with_trigger to 2024-10-04 20:00:00+00:00, run_after=2024-10-05 00:00:00+00:00
[2024-10-05T02:48:08.847+0000] {processor.py:208} INFO - Processing /home/airflow/.local/lib/python3.12/site-packages/airflow/example_dags/example_latest_only_with_trigger.py took 0.048 seconds
[2024-10-05T02:48:39.896+0000] {processor.py:186} INFO - Started process (PID=520) to work on /home/airflow/.local/lib/python3.12/site-packages/airflow/example_dags/example_latest_only_with_trigger.py
[2024-10-05T02:48:39.897+0000] {processor.py:914} INFO - Processing file /home/airflow/.local/lib/python3.12/site-packages/airflow/example_dags/example_latest_only_with_trigger.py for tasks to queue
[2024-10-05T02:48:39.898+0000] {logging_mixin.py:190} INFO - [2024-10-05T02:48:39.898+0000] {dagbag.py:588} INFO - Filling up the DagBag from /home/airflow/.local/lib/python3.12/site-packages/airflow/example_dags/example_latest_only_with_trigger.py
[2024-10-05T02:48:39.903+0000] {processor.py:925} INFO - DAG(s) 'latest_only_with_trigger' retrieved from /home/airflow/.local/lib/python3.12/site-packages/airflow/example_dags/example_latest_only_with_trigger.py
[2024-10-05T02:48:39.914+0000] {logging_mixin.py:190} INFO - [2024-10-05T02:48:39.914+0000] {dag.py:3239} INFO - Sync 1 DAGs
[2024-10-05T02:48:39.928+0000] {logging_mixin.py:190} INFO - [2024-10-05T02:48:39.927+0000] {dag.py:4180} INFO - Setting next_dagrun for latest_only_with_trigger to 2024-10-04 20:00:00+00:00, run_after=2024-10-05 00:00:00+00:00
[2024-10-05T02:48:39.938+0000] {processor.py:208} INFO - Processing /home/airflow/.local/lib/python3.12/site-packages/airflow/example_dags/example_latest_only_with_trigger.py took 0.045 seconds
[2024-10-05T02:49:10.845+0000] {processor.py:186} INFO - Started process (PID=582) to work on /home/airflow/.local/lib/python3.12/site-packages/airflow/example_dags/example_latest_only_with_trigger.py
[2024-10-05T02:49:10.845+0000] {processor.py:914} INFO - Processing file /home/airflow/.local/lib/python3.12/site-packages/airflow/example_dags/example_latest_only_with_trigger.py for tasks to queue
[2024-10-05T02:49:10.847+0000] {logging_mixin.py:190} INFO - [2024-10-05T02:49:10.846+0000] {dagbag.py:588} INFO - Filling up the DagBag from /home/airflow/.local/lib/python3.12/site-packages/airflow/example_dags/example_latest_only_with_trigger.py
[2024-10-05T02:49:10.851+0000] {processor.py:925} INFO - DAG(s) 'latest_only_with_trigger' retrieved from /home/airflow/.local/lib/python3.12/site-packages/airflow/example_dags/example_latest_only_with_trigger.py
[2024-10-05T02:49:10.863+0000] {logging_mixin.py:190} INFO - [2024-10-05T02:49:10.863+0000] {dag.py:3239} INFO - Sync 1 DAGs
[2024-10-05T02:49:10.877+0000] {logging_mixin.py:190} INFO - [2024-10-05T02:49:10.877+0000] {dag.py:4180} INFO - Setting next_dagrun for latest_only_with_trigger to 2024-10-04 20:00:00+00:00, run_after=2024-10-05 00:00:00+00:00
[2024-10-05T02:49:10.887+0000] {processor.py:208} INFO - Processing /home/airflow/.local/lib/python3.12/site-packages/airflow/example_dags/example_latest_only_with_trigger.py took 0.046 seconds
[2024-10-05T02:49:41.455+0000] {processor.py:186} INFO - Started process (PID=650) to work on /home/airflow/.local/lib/python3.12/site-packages/airflow/example_dags/example_latest_only_with_trigger.py
[2024-10-05T02:49:41.456+0000] {processor.py:914} INFO - Processing file /home/airflow/.local/lib/python3.12/site-packages/airflow/example_dags/example_latest_only_with_trigger.py for tasks to queue
[2024-10-05T02:49:41.457+0000] {logging_mixin.py:190} INFO - [2024-10-05T02:49:41.457+0000] {dagbag.py:588} INFO - Filling up the DagBag from /home/airflow/.local/lib/python3.12/site-packages/airflow/example_dags/example_latest_only_with_trigger.py
[2024-10-05T02:49:41.461+0000] {processor.py:925} INFO - DAG(s) 'latest_only_with_trigger' retrieved from /home/airflow/.local/lib/python3.12/site-packages/airflow/example_dags/example_latest_only_with_trigger.py
[2024-10-05T02:49:41.471+0000] {logging_mixin.py:190} INFO - [2024-10-05T02:49:41.471+0000] {dag.py:3239} INFO - Sync 1 DAGs
[2024-10-05T02:49:41.484+0000] {logging_mixin.py:190} INFO - [2024-10-05T02:49:41.484+0000] {dag.py:4180} INFO - Setting next_dagrun for latest_only_with_trigger to 2024-10-04 20:00:00+00:00, run_after=2024-10-05 00:00:00+00:00
[2024-10-05T02:49:41.493+0000] {processor.py:208} INFO - Processing /home/airflow/.local/lib/python3.12/site-packages/airflow/example_dags/example_latest_only_with_trigger.py took 0.041 seconds
[2024-10-05T02:50:12.017+0000] {processor.py:186} INFO - Started process (PID=733) to work on /home/airflow/.local/lib/python3.12/site-packages/airflow/example_dags/example_latest_only_with_trigger.py
[2024-10-05T02:50:12.018+0000] {processor.py:914} INFO - Processing file /home/airflow/.local/lib/python3.12/site-packages/airflow/example_dags/example_latest_only_with_trigger.py for tasks to queue
[2024-10-05T02:50:12.019+0000] {logging_mixin.py:190} INFO - [2024-10-05T02:50:12.019+0000] {dagbag.py:588} INFO - Filling up the DagBag from /home/airflow/.local/lib/python3.12/site-packages/airflow/example_dags/example_latest_only_with_trigger.py
[2024-10-05T02:50:12.023+0000] {processor.py:925} INFO - DAG(s) 'latest_only_with_trigger' retrieved from /home/airflow/.local/lib/python3.12/site-packages/airflow/example_dags/example_latest_only_with_trigger.py
[2024-10-05T02:50:12.033+0000] {logging_mixin.py:190} INFO - [2024-10-05T02:50:12.033+0000] {dag.py:3239} INFO - Sync 1 DAGs
[2024-10-05T02:50:12.047+0000] {logging_mixin.py:190} INFO - [2024-10-05T02:50:12.046+0000] {dag.py:4180} INFO - Setting next_dagrun for latest_only_with_trigger to 2024-10-04 20:00:00+00:00, run_after=2024-10-05 00:00:00+00:00
[2024-10-05T02:50:12.056+0000] {processor.py:208} INFO - Processing /home/airflow/.local/lib/python3.12/site-packages/airflow/example_dags/example_latest_only_with_trigger.py took 0.042 seconds
[2024-10-05T02:50:42.456+0000] {processor.py:186} INFO - Started process (PID=795) to work on /home/airflow/.local/lib/python3.12/site-packages/airflow/example_dags/example_latest_only_with_trigger.py
[2024-10-05T02:50:42.457+0000] {processor.py:914} INFO - Processing file /home/airflow/.local/lib/python3.12/site-packages/airflow/example_dags/example_latest_only_with_trigger.py for tasks to queue
[2024-10-05T02:50:42.458+0000] {logging_mixin.py:190} INFO - [2024-10-05T02:50:42.458+0000] {dagbag.py:588} INFO - Filling up the DagBag from /home/airflow/.local/lib/python3.12/site-packages/airflow/example_dags/example_latest_only_with_trigger.py
[2024-10-05T02:50:42.462+0000] {processor.py:925} INFO - DAG(s) 'latest_only_with_trigger' retrieved from /home/airflow/.local/lib/python3.12/site-packages/airflow/example_dags/example_latest_only_with_trigger.py
[2024-10-05T02:50:42.472+0000] {logging_mixin.py:190} INFO - [2024-10-05T02:50:42.472+0000] {dag.py:3239} INFO - Sync 1 DAGs
[2024-10-05T02:50:42.485+0000] {logging_mixin.py:190} INFO - [2024-10-05T02:50:42.485+0000] {dag.py:4180} INFO - Setting next_dagrun for latest_only_with_trigger to 2024-10-04 20:00:00+00:00, run_after=2024-10-05 00:00:00+00:00
[2024-10-05T02:50:42.494+0000] {processor.py:208} INFO - Processing /home/airflow/.local/lib/python3.12/site-packages/airflow/example_dags/example_latest_only_with_trigger.py took 0.041 seconds
[2024-10-05T02:51:13.011+0000] {processor.py:186} INFO - Started process (PID=857) to work on /home/airflow/.local/lib/python3.12/site-packages/airflow/example_dags/example_latest_only_with_trigger.py
[2024-10-05T02:51:13.011+0000] {processor.py:914} INFO - Processing file /home/airflow/.local/lib/python3.12/site-packages/airflow/example_dags/example_latest_only_with_trigger.py for tasks to queue
[2024-10-05T02:51:13.012+0000] {logging_mixin.py:190} INFO - [2024-10-05T02:51:13.012+0000] {dagbag.py:588} INFO - Filling up the DagBag from /home/airflow/.local/lib/python3.12/site-packages/airflow/example_dags/example_latest_only_with_trigger.py
[2024-10-05T02:51:13.016+0000] {processor.py:925} INFO - DAG(s) 'latest_only_with_trigger' retrieved from /home/airflow/.local/lib/python3.12/site-packages/airflow/example_dags/example_latest_only_with_trigger.py
[2024-10-05T02:51:13.027+0000] {logging_mixin.py:190} INFO - [2024-10-05T02:51:13.026+0000] {dag.py:3239} INFO - Sync 1 DAGs
[2024-10-05T02:51:13.039+0000] {logging_mixin.py:190} INFO - [2024-10-05T02:51:13.039+0000] {dag.py:4180} INFO - Setting next_dagrun for latest_only_with_trigger to 2024-10-04 20:00:00+00:00, run_after=2024-10-05 00:00:00+00:00
[2024-10-05T02:51:13.048+0000] {processor.py:208} INFO - Processing /home/airflow/.local/lib/python3.12/site-packages/airflow/example_dags/example_latest_only_with_trigger.py took 0.041 seconds
[2024-10-05T02:51:43.409+0000] {processor.py:186} INFO - Started process (PID=919) to work on /home/airflow/.local/lib/python3.12/site-packages/airflow/example_dags/example_latest_only_with_trigger.py
[2024-10-05T02:51:43.409+0000] {processor.py:914} INFO - Processing file /home/airflow/.local/lib/python3.12/site-packages/airflow/example_dags/example_latest_only_with_trigger.py for tasks to queue
[2024-10-05T02:51:43.410+0000] {logging_mixin.py:190} INFO - [2024-10-05T02:51:43.410+0000] {dagbag.py:588} INFO - Filling up the DagBag from /home/airflow/.local/lib/python3.12/site-packages/airflow/example_dags/example_latest_only_with_trigger.py
[2024-10-05T02:51:43.414+0000] {processor.py:925} INFO - DAG(s) 'latest_only_with_trigger' retrieved from /home/airflow/.local/lib/python3.12/site-packages/airflow/example_dags/example_latest_only_with_trigger.py
[2024-10-05T02:51:43.425+0000] {logging_mixin.py:190} INFO - [2024-10-05T02:51:43.425+0000] {dag.py:3239} INFO - Sync 1 DAGs
[2024-10-05T02:51:43.438+0000] {logging_mixin.py:190} INFO - [2024-10-05T02:51:43.438+0000] {dag.py:4180} INFO - Setting next_dagrun for latest_only_with_trigger to 2024-10-04 20:00:00+00:00, run_after=2024-10-05 00:00:00+00:00
[2024-10-05T02:51:43.448+0000] {processor.py:208} INFO - Processing /home/airflow/.local/lib/python3.12/site-packages/airflow/example_dags/example_latest_only_with_trigger.py took 0.042 seconds
[2024-10-05T02:52:14.097+0000] {processor.py:186} INFO - Started process (PID=981) to work on /home/airflow/.local/lib/python3.12/site-packages/airflow/example_dags/example_latest_only_with_trigger.py
[2024-10-05T02:52:14.097+0000] {processor.py:914} INFO - Processing file /home/airflow/.local/lib/python3.12/site-packages/airflow/example_dags/example_latest_only_with_trigger.py for tasks to queue
[2024-10-05T02:52:14.098+0000] {logging_mixin.py:190} INFO - [2024-10-05T02:52:14.098+0000] {dagbag.py:588} INFO - Filling up the DagBag from /home/airflow/.local/lib/python3.12/site-packages/airflow/example_dags/example_latest_only_with_trigger.py
[2024-10-05T02:52:14.102+0000] {processor.py:925} INFO - DAG(s) 'latest_only_with_trigger' retrieved from /home/airflow/.local/lib/python3.12/site-packages/airflow/example_dags/example_latest_only_with_trigger.py
[2024-10-05T02:52:14.115+0000] {logging_mixin.py:190} INFO - [2024-10-05T02:52:14.114+0000] {dag.py:3239} INFO - Sync 1 DAGs
[2024-10-05T02:52:14.127+0000] {logging_mixin.py:190} INFO - [2024-10-05T02:52:14.127+0000] {dag.py:4180} INFO - Setting next_dagrun for latest_only_with_trigger to 2024-10-04 20:00:00+00:00, run_after=2024-10-05 00:00:00+00:00
[2024-10-05T02:52:14.136+0000] {processor.py:208} INFO - Processing /home/airflow/.local/lib/python3.12/site-packages/airflow/example_dags/example_latest_only_with_trigger.py took 0.043 seconds
[2024-10-05T02:52:44.950+0000] {processor.py:186} INFO - Started process (PID=1043) to work on /home/airflow/.local/lib/python3.12/site-packages/airflow/example_dags/example_latest_only_with_trigger.py
[2024-10-05T02:52:44.950+0000] {processor.py:914} INFO - Processing file /home/airflow/.local/lib/python3.12/site-packages/airflow/example_dags/example_latest_only_with_trigger.py for tasks to queue
[2024-10-05T02:52:44.951+0000] {logging_mixin.py:190} INFO - [2024-10-05T02:52:44.951+0000] {dagbag.py:588} INFO - Filling up the DagBag from /home/airflow/.local/lib/python3.12/site-packages/airflow/example_dags/example_latest_only_with_trigger.py
[2024-10-05T02:52:44.955+0000] {processor.py:925} INFO - DAG(s) 'latest_only_with_trigger' retrieved from /home/airflow/.local/lib/python3.12/site-packages/airflow/example_dags/example_latest_only_with_trigger.py
[2024-10-05T02:52:44.965+0000] {logging_mixin.py:190} INFO - [2024-10-05T02:52:44.965+0000] {dag.py:3239} INFO - Sync 1 DAGs
[2024-10-05T02:52:44.977+0000] {logging_mixin.py:190} INFO - [2024-10-05T02:52:44.977+0000] {dag.py:4180} INFO - Setting next_dagrun for latest_only_with_trigger to 2024-10-04 20:00:00+00:00, run_after=2024-10-05 00:00:00+00:00
[2024-10-05T02:52:44.986+0000] {processor.py:208} INFO - Processing /home/airflow/.local/lib/python3.12/site-packages/airflow/example_dags/example_latest_only_with_trigger.py took 0.040 seconds
[2024-10-05T02:53:15.772+0000] {processor.py:186} INFO - Started process (PID=1105) to work on /home/airflow/.local/lib/python3.12/site-packages/airflow/example_dags/example_latest_only_with_trigger.py
[2024-10-05T02:53:15.773+0000] {processor.py:914} INFO - Processing file /home/airflow/.local/lib/python3.12/site-packages/airflow/example_dags/example_latest_only_with_trigger.py for tasks to queue
[2024-10-05T02:53:15.774+0000] {logging_mixin.py:190} INFO - [2024-10-05T02:53:15.774+0000] {dagbag.py:588} INFO - Filling up the DagBag from /home/airflow/.local/lib/python3.12/site-packages/airflow/example_dags/example_latest_only_with_trigger.py
[2024-10-05T02:53:15.778+0000] {processor.py:925} INFO - DAG(s) 'latest_only_with_trigger' retrieved from /home/airflow/.local/lib/python3.12/site-packages/airflow/example_dags/example_latest_only_with_trigger.py
[2024-10-05T02:53:15.788+0000] {logging_mixin.py:190} INFO - [2024-10-05T02:53:15.788+0000] {dag.py:3239} INFO - Sync 1 DAGs
[2024-10-05T02:53:15.800+0000] {logging_mixin.py:190} INFO - [2024-10-05T02:53:15.800+0000] {dag.py:4180} INFO - Setting next_dagrun for latest_only_with_trigger to 2024-10-04 20:00:00+00:00, run_after=2024-10-05 00:00:00+00:00
[2024-10-05T02:53:15.809+0000] {processor.py:208} INFO - Processing /home/airflow/.local/lib/python3.12/site-packages/airflow/example_dags/example_latest_only_with_trigger.py took 0.040 seconds
[2024-10-05T02:53:46.508+0000] {processor.py:186} INFO - Started process (PID=1167) to work on /home/airflow/.local/lib/python3.12/site-packages/airflow/example_dags/example_latest_only_with_trigger.py
[2024-10-05T02:53:46.508+0000] {processor.py:914} INFO - Processing file /home/airflow/.local/lib/python3.12/site-packages/airflow/example_dags/example_latest_only_with_trigger.py for tasks to queue
[2024-10-05T02:53:46.509+0000] {logging_mixin.py:190} INFO - [2024-10-05T02:53:46.509+0000] {dagbag.py:588} INFO - Filling up the DagBag from /home/airflow/.local/lib/python3.12/site-packages/airflow/example_dags/example_latest_only_with_trigger.py
[2024-10-05T02:53:46.513+0000] {processor.py:925} INFO - DAG(s) 'latest_only_with_trigger' retrieved from /home/airflow/.local/lib/python3.12/site-packages/airflow/example_dags/example_latest_only_with_trigger.py
[2024-10-05T02:53:46.524+0000] {logging_mixin.py:190} INFO - [2024-10-05T02:53:46.523+0000] {dag.py:3239} INFO - Sync 1 DAGs
[2024-10-05T02:53:46.536+0000] {logging_mixin.py:190} INFO - [2024-10-05T02:53:46.535+0000] {dag.py:4180} INFO - Setting next_dagrun for latest_only_with_trigger to 2024-10-04 20:00:00+00:00, run_after=2024-10-05 00:00:00+00:00
[2024-10-05T02:53:46.545+0000] {processor.py:208} INFO - Processing /home/airflow/.local/lib/python3.12/site-packages/airflow/example_dags/example_latest_only_with_trigger.py took 0.041 seconds
[2024-10-05T02:54:17.611+0000] {processor.py:186} INFO - Started process (PID=1230) to work on /home/airflow/.local/lib/python3.12/site-packages/airflow/example_dags/example_latest_only_with_trigger.py
[2024-10-05T02:54:17.612+0000] {processor.py:914} INFO - Processing file /home/airflow/.local/lib/python3.12/site-packages/airflow/example_dags/example_latest_only_with_trigger.py for tasks to queue
[2024-10-05T02:54:17.613+0000] {logging_mixin.py:190} INFO - [2024-10-05T02:54:17.613+0000] {dagbag.py:588} INFO - Filling up the DagBag from /home/airflow/.local/lib/python3.12/site-packages/airflow/example_dags/example_latest_only_with_trigger.py
[2024-10-05T02:54:17.617+0000] {processor.py:925} INFO - DAG(s) 'latest_only_with_trigger' retrieved from /home/airflow/.local/lib/python3.12/site-packages/airflow/example_dags/example_latest_only_with_trigger.py
[2024-10-05T02:54:17.628+0000] {logging_mixin.py:190} INFO - [2024-10-05T02:54:17.628+0000] {dag.py:3239} INFO - Sync 1 DAGs
[2024-10-05T02:54:17.640+0000] {logging_mixin.py:190} INFO - [2024-10-05T02:54:17.640+0000] {dag.py:4180} INFO - Setting next_dagrun for latest_only_with_trigger to 2024-10-04 20:00:00+00:00, run_after=2024-10-05 00:00:00+00:00
[2024-10-05T02:54:17.649+0000] {processor.py:208} INFO - Processing /home/airflow/.local/lib/python3.12/site-packages/airflow/example_dags/example_latest_only_with_trigger.py took 0.041 seconds
[2024-10-05T02:54:47.858+0000] {processor.py:186} INFO - Started process (PID=1292) to work on /home/airflow/.local/lib/python3.12/site-packages/airflow/example_dags/example_latest_only_with_trigger.py
[2024-10-05T02:54:47.858+0000] {processor.py:914} INFO - Processing file /home/airflow/.local/lib/python3.12/site-packages/airflow/example_dags/example_latest_only_with_trigger.py for tasks to queue
[2024-10-05T02:54:47.860+0000] {logging_mixin.py:190} INFO - [2024-10-05T02:54:47.859+0000] {dagbag.py:588} INFO - Filling up the DagBag from /home/airflow/.local/lib/python3.12/site-packages/airflow/example_dags/example_latest_only_with_trigger.py
[2024-10-05T02:54:47.863+0000] {processor.py:925} INFO - DAG(s) 'latest_only_with_trigger' retrieved from /home/airflow/.local/lib/python3.12/site-packages/airflow/example_dags/example_latest_only_with_trigger.py
[2024-10-05T02:54:47.874+0000] {logging_mixin.py:190} INFO - [2024-10-05T02:54:47.873+0000] {dag.py:3239} INFO - Sync 1 DAGs
[2024-10-05T02:54:47.885+0000] {logging_mixin.py:190} INFO - [2024-10-05T02:54:47.885+0000] {dag.py:4180} INFO - Setting next_dagrun for latest_only_with_trigger to 2024-10-04 20:00:00+00:00, run_after=2024-10-05 00:00:00+00:00
[2024-10-05T02:54:47.894+0000] {processor.py:208} INFO - Processing /home/airflow/.local/lib/python3.12/site-packages/airflow/example_dags/example_latest_only_with_trigger.py took 0.040 seconds
[2024-10-05T02:55:18.415+0000] {processor.py:186} INFO - Started process (PID=1360) to work on /home/airflow/.local/lib/python3.12/site-packages/airflow/example_dags/example_latest_only_with_trigger.py
[2024-10-05T02:55:18.416+0000] {processor.py:914} INFO - Processing file /home/airflow/.local/lib/python3.12/site-packages/airflow/example_dags/example_latest_only_with_trigger.py for tasks to queue
[2024-10-05T02:55:18.417+0000] {logging_mixin.py:190} INFO - [2024-10-05T02:55:18.417+0000] {dagbag.py:588} INFO - Filling up the DagBag from /home/airflow/.local/lib/python3.12/site-packages/airflow/example_dags/example_latest_only_with_trigger.py
[2024-10-05T02:55:18.422+0000] {processor.py:925} INFO - DAG(s) 'latest_only_with_trigger' retrieved from /home/airflow/.local/lib/python3.12/site-packages/airflow/example_dags/example_latest_only_with_trigger.py
[2024-10-05T02:55:18.433+0000] {logging_mixin.py:190} INFO - [2024-10-05T02:55:18.433+0000] {dag.py:3239} INFO - Sync 1 DAGs
[2024-10-05T02:55:18.447+0000] {logging_mixin.py:190} INFO - [2024-10-05T02:55:18.447+0000] {dag.py:4180} INFO - Setting next_dagrun for latest_only_with_trigger to 2024-10-04 20:00:00+00:00, run_after=2024-10-05 00:00:00+00:00
[2024-10-05T02:55:18.456+0000] {processor.py:208} INFO - Processing /home/airflow/.local/lib/python3.12/site-packages/airflow/example_dags/example_latest_only_with_trigger.py took 0.045 seconds
[2024-10-05T02:55:49.373+0000] {processor.py:186} INFO - Started process (PID=1422) to work on /home/airflow/.local/lib/python3.12/site-packages/airflow/example_dags/example_latest_only_with_trigger.py
[2024-10-05T02:55:49.374+0000] {processor.py:914} INFO - Processing file /home/airflow/.local/lib/python3.12/site-packages/airflow/example_dags/example_latest_only_with_trigger.py for tasks to queue
[2024-10-05T02:55:49.375+0000] {logging_mixin.py:190} INFO - [2024-10-05T02:55:49.375+0000] {dagbag.py:588} INFO - Filling up the DagBag from /home/airflow/.local/lib/python3.12/site-packages/airflow/example_dags/example_latest_only_with_trigger.py
[2024-10-05T02:55:49.379+0000] {processor.py:925} INFO - DAG(s) 'latest_only_with_trigger' retrieved from /home/airflow/.local/lib/python3.12/site-packages/airflow/example_dags/example_latest_only_with_trigger.py
[2024-10-05T02:55:49.390+0000] {logging_mixin.py:190} INFO - [2024-10-05T02:55:49.389+0000] {dag.py:3239} INFO - Sync 1 DAGs
[2024-10-05T02:55:49.402+0000] {logging_mixin.py:190} INFO - [2024-10-05T02:55:49.402+0000] {dag.py:4180} INFO - Setting next_dagrun for latest_only_with_trigger to 2024-10-04 20:00:00+00:00, run_after=2024-10-05 00:00:00+00:00
[2024-10-05T02:55:49.412+0000] {processor.py:208} INFO - Processing /home/airflow/.local/lib/python3.12/site-packages/airflow/example_dags/example_latest_only_with_trigger.py took 0.042 seconds
[2024-10-05T02:56:19.720+0000] {processor.py:186} INFO - Started process (PID=1484) to work on /home/airflow/.local/lib/python3.12/site-packages/airflow/example_dags/example_latest_only_with_trigger.py
[2024-10-05T02:56:19.720+0000] {processor.py:914} INFO - Processing file /home/airflow/.local/lib/python3.12/site-packages/airflow/example_dags/example_latest_only_with_trigger.py for tasks to queue
[2024-10-05T02:56:19.721+0000] {logging_mixin.py:190} INFO - [2024-10-05T02:56:19.721+0000] {dagbag.py:588} INFO - Filling up the DagBag from /home/airflow/.local/lib/python3.12/site-packages/airflow/example_dags/example_latest_only_with_trigger.py
[2024-10-05T02:56:19.726+0000] {processor.py:925} INFO - DAG(s) 'latest_only_with_trigger' retrieved from /home/airflow/.local/lib/python3.12/site-packages/airflow/example_dags/example_latest_only_with_trigger.py
[2024-10-05T02:56:19.736+0000] {logging_mixin.py:190} INFO - [2024-10-05T02:56:19.736+0000] {dag.py:3239} INFO - Sync 1 DAGs
[2024-10-05T02:56:19.748+0000] {logging_mixin.py:190} INFO - [2024-10-05T02:56:19.748+0000] {dag.py:4180} INFO - Setting next_dagrun for latest_only_with_trigger to 2024-10-04 20:00:00+00:00, run_after=2024-10-05 00:00:00+00:00
[2024-10-05T02:56:19.758+0000] {processor.py:208} INFO - Processing /home/airflow/.local/lib/python3.12/site-packages/airflow/example_dags/example_latest_only_with_trigger.py took 0.041 seconds
[2024-10-05T02:56:50.065+0000] {processor.py:186} INFO - Started process (PID=1546) to work on /home/airflow/.local/lib/python3.12/site-packages/airflow/example_dags/example_latest_only_with_trigger.py
[2024-10-05T02:56:50.066+0000] {processor.py:914} INFO - Processing file /home/airflow/.local/lib/python3.12/site-packages/airflow/example_dags/example_latest_only_with_trigger.py for tasks to queue
[2024-10-05T02:56:50.067+0000] {logging_mixin.py:190} INFO - [2024-10-05T02:56:50.067+0000] {dagbag.py:588} INFO - Filling up the DagBag from /home/airflow/.local/lib/python3.12/site-packages/airflow/example_dags/example_latest_only_with_trigger.py
[2024-10-05T02:56:50.072+0000] {processor.py:925} INFO - DAG(s) 'latest_only_with_trigger' retrieved from /home/airflow/.local/lib/python3.12/site-packages/airflow/example_dags/example_latest_only_with_trigger.py
[2024-10-05T02:56:50.083+0000] {logging_mixin.py:190} INFO - [2024-10-05T02:56:50.082+0000] {dag.py:3239} INFO - Sync 1 DAGs
[2024-10-05T02:56:50.096+0000] {logging_mixin.py:190} INFO - [2024-10-05T02:56:50.095+0000] {dag.py:4180} INFO - Setting next_dagrun for latest_only_with_trigger to 2024-10-04 20:00:00+00:00, run_after=2024-10-05 00:00:00+00:00
[2024-10-05T02:56:50.105+0000] {processor.py:208} INFO - Processing /home/airflow/.local/lib/python3.12/site-packages/airflow/example_dags/example_latest_only_with_trigger.py took 0.043 seconds
