[2024-10-05T02:15:06.048+0000] {processor.py:186} INFO - Started process (PID=91) to work on /home/airflow/.local/lib/python3.12/site-packages/airflow/example_dags/example_external_task_marker_dag.py
[2024-10-05T02:15:06.049+0000] {processor.py:914} INFO - Processing file /home/airflow/.local/lib/python3.12/site-packages/airflow/example_dags/example_external_task_marker_dag.py for tasks to queue
[2024-10-05T02:15:06.050+0000] {logging_mixin.py:190} INFO - [2024-10-05T02:15:06.050+0000] {dagbag.py:588} INFO - Filling up the DagBag from /home/airflow/.local/lib/python3.12/site-packages/airflow/example_dags/example_external_task_marker_dag.py
[2024-10-05T02:15:06.055+0000] {processor.py:925} INFO - DAG(s) 'example_external_task_marker_child', 'example_external_task_marker_parent' retrieved from /home/airflow/.local/lib/python3.12/site-packages/airflow/example_dags/example_external_task_marker_dag.py
[2024-10-05T02:15:06.067+0000] {logging_mixin.py:190} INFO - [2024-10-05T02:15:06.067+0000] {dag.py:3239} INFO - Sync 2 DAGs
[2024-10-05T02:15:06.075+0000] {logging_mixin.py:190} INFO - [2024-10-05T02:15:06.075+0000] {dag.py:4180} INFO - Setting next_dagrun for example_external_task_marker_child to None, run_after=None
[2024-10-05T02:15:06.078+0000] {logging_mixin.py:190} INFO - [2024-10-05T02:15:06.077+0000] {dag.py:4180} INFO - Setting next_dagrun for example_external_task_marker_parent to None, run_after=None
[2024-10-05T02:15:06.087+0000] {processor.py:208} INFO - Processing /home/airflow/.local/lib/python3.12/site-packages/airflow/example_dags/example_external_task_marker_dag.py took 0.042 seconds
[2024-10-05T02:15:36.525+0000] {processor.py:186} INFO - Started process (PID=159) to work on /home/airflow/.local/lib/python3.12/site-packages/airflow/example_dags/example_external_task_marker_dag.py
[2024-10-05T02:15:36.525+0000] {processor.py:914} INFO - Processing file /home/airflow/.local/lib/python3.12/site-packages/airflow/example_dags/example_external_task_marker_dag.py for tasks to queue
[2024-10-05T02:15:36.526+0000] {logging_mixin.py:190} INFO - [2024-10-05T02:15:36.526+0000] {dagbag.py:588} INFO - Filling up the DagBag from /home/airflow/.local/lib/python3.12/site-packages/airflow/example_dags/example_external_task_marker_dag.py
[2024-10-05T02:15:36.532+0000] {processor.py:925} INFO - DAG(s) 'example_external_task_marker_parent', 'example_external_task_marker_child' retrieved from /home/airflow/.local/lib/python3.12/site-packages/airflow/example_dags/example_external_task_marker_dag.py
[2024-10-05T02:15:36.545+0000] {logging_mixin.py:190} INFO - [2024-10-05T02:15:36.545+0000] {dag.py:3239} INFO - Sync 2 DAGs
[2024-10-05T02:15:36.554+0000] {logging_mixin.py:190} INFO - [2024-10-05T02:15:36.554+0000] {dag.py:4180} INFO - Setting next_dagrun for example_external_task_marker_child to None, run_after=None
[2024-10-05T02:15:36.556+0000] {logging_mixin.py:190} INFO - [2024-10-05T02:15:36.556+0000] {dag.py:4180} INFO - Setting next_dagrun for example_external_task_marker_parent to None, run_after=None
[2024-10-05T02:15:36.566+0000] {processor.py:208} INFO - Processing /home/airflow/.local/lib/python3.12/site-packages/airflow/example_dags/example_external_task_marker_dag.py took 0.045 seconds
[2024-10-05T02:16:07.380+0000] {processor.py:186} INFO - Started process (PID=221) to work on /home/airflow/.local/lib/python3.12/site-packages/airflow/example_dags/example_external_task_marker_dag.py
[2024-10-05T02:16:07.381+0000] {processor.py:914} INFO - Processing file /home/airflow/.local/lib/python3.12/site-packages/airflow/example_dags/example_external_task_marker_dag.py for tasks to queue
[2024-10-05T02:16:07.382+0000] {logging_mixin.py:190} INFO - [2024-10-05T02:16:07.382+0000] {dagbag.py:588} INFO - Filling up the DagBag from /home/airflow/.local/lib/python3.12/site-packages/airflow/example_dags/example_external_task_marker_dag.py
[2024-10-05T02:16:07.387+0000] {processor.py:925} INFO - DAG(s) 'example_external_task_marker_parent', 'example_external_task_marker_child' retrieved from /home/airflow/.local/lib/python3.12/site-packages/airflow/example_dags/example_external_task_marker_dag.py
[2024-10-05T02:16:07.402+0000] {logging_mixin.py:190} INFO - [2024-10-05T02:16:07.402+0000] {dag.py:3239} INFO - Sync 2 DAGs
[2024-10-05T02:16:07.412+0000] {logging_mixin.py:190} INFO - [2024-10-05T02:16:07.411+0000] {dag.py:4180} INFO - Setting next_dagrun for example_external_task_marker_child to None, run_after=None
[2024-10-05T02:16:07.414+0000] {logging_mixin.py:190} INFO - [2024-10-05T02:16:07.414+0000] {dag.py:4180} INFO - Setting next_dagrun for example_external_task_marker_parent to None, run_after=None
[2024-10-05T02:16:07.425+0000] {processor.py:208} INFO - Processing /home/airflow/.local/lib/python3.12/site-packages/airflow/example_dags/example_external_task_marker_dag.py took 0.048 seconds
[2024-10-05T02:16:37.733+0000] {processor.py:186} INFO - Started process (PID=283) to work on /home/airflow/.local/lib/python3.12/site-packages/airflow/example_dags/example_external_task_marker_dag.py
[2024-10-05T02:16:37.733+0000] {processor.py:914} INFO - Processing file /home/airflow/.local/lib/python3.12/site-packages/airflow/example_dags/example_external_task_marker_dag.py for tasks to queue
[2024-10-05T02:16:37.735+0000] {logging_mixin.py:190} INFO - [2024-10-05T02:16:37.735+0000] {dagbag.py:588} INFO - Filling up the DagBag from /home/airflow/.local/lib/python3.12/site-packages/airflow/example_dags/example_external_task_marker_dag.py
[2024-10-05T02:16:37.739+0000] {processor.py:925} INFO - DAG(s) 'example_external_task_marker_child', 'example_external_task_marker_parent' retrieved from /home/airflow/.local/lib/python3.12/site-packages/airflow/example_dags/example_external_task_marker_dag.py
[2024-10-05T02:16:37.752+0000] {logging_mixin.py:190} INFO - [2024-10-05T02:16:37.752+0000] {dag.py:3239} INFO - Sync 2 DAGs
[2024-10-05T02:16:37.760+0000] {logging_mixin.py:190} INFO - [2024-10-05T02:16:37.760+0000] {dag.py:4180} INFO - Setting next_dagrun for example_external_task_marker_child to None, run_after=None
[2024-10-05T02:16:37.762+0000] {logging_mixin.py:190} INFO - [2024-10-05T02:16:37.762+0000] {dag.py:4180} INFO - Setting next_dagrun for example_external_task_marker_parent to None, run_after=None
[2024-10-05T02:16:37.771+0000] {processor.py:208} INFO - Processing /home/airflow/.local/lib/python3.12/site-packages/airflow/example_dags/example_external_task_marker_dag.py took 0.041 seconds
[2024-10-05T02:17:08.798+0000] {processor.py:186} INFO - Started process (PID=345) to work on /home/airflow/.local/lib/python3.12/site-packages/airflow/example_dags/example_external_task_marker_dag.py
[2024-10-05T02:17:08.799+0000] {processor.py:914} INFO - Processing file /home/airflow/.local/lib/python3.12/site-packages/airflow/example_dags/example_external_task_marker_dag.py for tasks to queue
[2024-10-05T02:17:08.800+0000] {logging_mixin.py:190} INFO - [2024-10-05T02:17:08.800+0000] {dagbag.py:588} INFO - Filling up the DagBag from /home/airflow/.local/lib/python3.12/site-packages/airflow/example_dags/example_external_task_marker_dag.py
[2024-10-05T02:17:08.804+0000] {processor.py:925} INFO - DAG(s) 'example_external_task_marker_child', 'example_external_task_marker_parent' retrieved from /home/airflow/.local/lib/python3.12/site-packages/airflow/example_dags/example_external_task_marker_dag.py
[2024-10-05T02:17:08.817+0000] {logging_mixin.py:190} INFO - [2024-10-05T02:17:08.817+0000] {dag.py:3239} INFO - Sync 2 DAGs
[2024-10-05T02:17:08.825+0000] {logging_mixin.py:190} INFO - [2024-10-05T02:17:08.825+0000] {dag.py:4180} INFO - Setting next_dagrun for example_external_task_marker_child to None, run_after=None
[2024-10-05T02:17:08.827+0000] {logging_mixin.py:190} INFO - [2024-10-05T02:17:08.827+0000] {dag.py:4180} INFO - Setting next_dagrun for example_external_task_marker_parent to None, run_after=None
[2024-10-05T02:17:08.836+0000] {processor.py:208} INFO - Processing /home/airflow/.local/lib/python3.12/site-packages/airflow/example_dags/example_external_task_marker_dag.py took 0.041 seconds
[2024-10-05T02:17:39.704+0000] {processor.py:186} INFO - Started process (PID=407) to work on /home/airflow/.local/lib/python3.12/site-packages/airflow/example_dags/example_external_task_marker_dag.py
[2024-10-05T02:17:39.705+0000] {processor.py:914} INFO - Processing file /home/airflow/.local/lib/python3.12/site-packages/airflow/example_dags/example_external_task_marker_dag.py for tasks to queue
[2024-10-05T02:17:39.706+0000] {logging_mixin.py:190} INFO - [2024-10-05T02:17:39.706+0000] {dagbag.py:588} INFO - Filling up the DagBag from /home/airflow/.local/lib/python3.12/site-packages/airflow/example_dags/example_external_task_marker_dag.py
[2024-10-05T02:17:39.711+0000] {processor.py:925} INFO - DAG(s) 'example_external_task_marker_parent', 'example_external_task_marker_child' retrieved from /home/airflow/.local/lib/python3.12/site-packages/airflow/example_dags/example_external_task_marker_dag.py
[2024-10-05T02:17:39.722+0000] {logging_mixin.py:190} INFO - [2024-10-05T02:17:39.722+0000] {dag.py:3239} INFO - Sync 2 DAGs
[2024-10-05T02:17:39.730+0000] {logging_mixin.py:190} INFO - [2024-10-05T02:17:39.730+0000] {dag.py:4180} INFO - Setting next_dagrun for example_external_task_marker_child to None, run_after=None
[2024-10-05T02:17:39.732+0000] {logging_mixin.py:190} INFO - [2024-10-05T02:17:39.732+0000] {dag.py:4180} INFO - Setting next_dagrun for example_external_task_marker_parent to None, run_after=None
[2024-10-05T02:17:39.740+0000] {processor.py:208} INFO - Processing /home/airflow/.local/lib/python3.12/site-packages/airflow/example_dags/example_external_task_marker_dag.py took 0.039 seconds
[2024-10-05T02:18:10.135+0000] {processor.py:186} INFO - Started process (PID=469) to work on /home/airflow/.local/lib/python3.12/site-packages/airflow/example_dags/example_external_task_marker_dag.py
[2024-10-05T02:18:10.136+0000] {processor.py:914} INFO - Processing file /home/airflow/.local/lib/python3.12/site-packages/airflow/example_dags/example_external_task_marker_dag.py for tasks to queue
[2024-10-05T02:18:10.137+0000] {logging_mixin.py:190} INFO - [2024-10-05T02:18:10.137+0000] {dagbag.py:588} INFO - Filling up the DagBag from /home/airflow/.local/lib/python3.12/site-packages/airflow/example_dags/example_external_task_marker_dag.py
[2024-10-05T02:18:10.141+0000] {processor.py:925} INFO - DAG(s) 'example_external_task_marker_parent', 'example_external_task_marker_child' retrieved from /home/airflow/.local/lib/python3.12/site-packages/airflow/example_dags/example_external_task_marker_dag.py
[2024-10-05T02:18:10.153+0000] {logging_mixin.py:190} INFO - [2024-10-05T02:18:10.153+0000] {dag.py:3239} INFO - Sync 2 DAGs
[2024-10-05T02:18:10.162+0000] {logging_mixin.py:190} INFO - [2024-10-05T02:18:10.161+0000] {dag.py:4180} INFO - Setting next_dagrun for example_external_task_marker_child to None, run_after=None
[2024-10-05T02:18:10.164+0000] {logging_mixin.py:190} INFO - [2024-10-05T02:18:10.163+0000] {dag.py:4180} INFO - Setting next_dagrun for example_external_task_marker_parent to None, run_after=None
[2024-10-05T02:18:10.172+0000] {processor.py:208} INFO - Processing /home/airflow/.local/lib/python3.12/site-packages/airflow/example_dags/example_external_task_marker_dag.py took 0.040 seconds
[2024-10-05T02:18:40.450+0000] {processor.py:186} INFO - Started process (PID=531) to work on /home/airflow/.local/lib/python3.12/site-packages/airflow/example_dags/example_external_task_marker_dag.py
[2024-10-05T02:18:40.451+0000] {processor.py:914} INFO - Processing file /home/airflow/.local/lib/python3.12/site-packages/airflow/example_dags/example_external_task_marker_dag.py for tasks to queue
[2024-10-05T02:18:40.452+0000] {logging_mixin.py:190} INFO - [2024-10-05T02:18:40.452+0000] {dagbag.py:588} INFO - Filling up the DagBag from /home/airflow/.local/lib/python3.12/site-packages/airflow/example_dags/example_external_task_marker_dag.py
[2024-10-05T02:18:40.456+0000] {processor.py:925} INFO - DAG(s) 'example_external_task_marker_parent', 'example_external_task_marker_child' retrieved from /home/airflow/.local/lib/python3.12/site-packages/airflow/example_dags/example_external_task_marker_dag.py
[2024-10-05T02:18:40.469+0000] {logging_mixin.py:190} INFO - [2024-10-05T02:18:40.468+0000] {dag.py:3239} INFO - Sync 2 DAGs
[2024-10-05T02:18:40.477+0000] {logging_mixin.py:190} INFO - [2024-10-05T02:18:40.476+0000] {dag.py:4180} INFO - Setting next_dagrun for example_external_task_marker_child to None, run_after=None
[2024-10-05T02:18:40.478+0000] {logging_mixin.py:190} INFO - [2024-10-05T02:18:40.478+0000] {dag.py:4180} INFO - Setting next_dagrun for example_external_task_marker_parent to None, run_after=None
[2024-10-05T02:18:40.487+0000] {processor.py:208} INFO - Processing /home/airflow/.local/lib/python3.12/site-packages/airflow/example_dags/example_external_task_marker_dag.py took 0.040 seconds
[2024-10-05T02:45:06.345+0000] {processor.py:186} INFO - Started process (PID=84) to work on /home/airflow/.local/lib/python3.12/site-packages/airflow/example_dags/example_external_task_marker_dag.py
[2024-10-05T02:45:06.345+0000] {processor.py:914} INFO - Processing file /home/airflow/.local/lib/python3.12/site-packages/airflow/example_dags/example_external_task_marker_dag.py for tasks to queue
[2024-10-05T02:45:06.347+0000] {logging_mixin.py:190} INFO - [2024-10-05T02:45:06.346+0000] {dagbag.py:588} INFO - Filling up the DagBag from /home/airflow/.local/lib/python3.12/site-packages/airflow/example_dags/example_external_task_marker_dag.py
[2024-10-05T02:45:06.351+0000] {processor.py:925} INFO - DAG(s) 'example_external_task_marker_parent', 'example_external_task_marker_child' retrieved from /home/airflow/.local/lib/python3.12/site-packages/airflow/example_dags/example_external_task_marker_dag.py
[2024-10-05T02:45:06.366+0000] {logging_mixin.py:190} INFO - [2024-10-05T02:45:06.365+0000] {dag.py:3239} INFO - Sync 2 DAGs
[2024-10-05T02:45:06.375+0000] {logging_mixin.py:190} INFO - [2024-10-05T02:45:06.374+0000] {dag.py:4180} INFO - Setting next_dagrun for example_external_task_marker_child to None, run_after=None
[2024-10-05T02:45:06.377+0000] {logging_mixin.py:190} INFO - [2024-10-05T02:45:06.376+0000] {dag.py:4180} INFO - Setting next_dagrun for example_external_task_marker_parent to None, run_after=None
[2024-10-05T02:45:06.386+0000] {processor.py:208} INFO - Processing /home/airflow/.local/lib/python3.12/site-packages/airflow/example_dags/example_external_task_marker_dag.py took 0.045 seconds
[2024-10-05T02:45:36.561+0000] {processor.py:186} INFO - Started process (PID=152) to work on /home/airflow/.local/lib/python3.12/site-packages/airflow/example_dags/example_external_task_marker_dag.py
[2024-10-05T02:45:36.561+0000] {processor.py:914} INFO - Processing file /home/airflow/.local/lib/python3.12/site-packages/airflow/example_dags/example_external_task_marker_dag.py for tasks to queue
[2024-10-05T02:45:36.563+0000] {logging_mixin.py:190} INFO - [2024-10-05T02:45:36.562+0000] {dagbag.py:588} INFO - Filling up the DagBag from /home/airflow/.local/lib/python3.12/site-packages/airflow/example_dags/example_external_task_marker_dag.py
[2024-10-05T02:45:36.567+0000] {processor.py:925} INFO - DAG(s) 'example_external_task_marker_child', 'example_external_task_marker_parent' retrieved from /home/airflow/.local/lib/python3.12/site-packages/airflow/example_dags/example_external_task_marker_dag.py
[2024-10-05T02:45:36.579+0000] {logging_mixin.py:190} INFO - [2024-10-05T02:45:36.579+0000] {dag.py:3239} INFO - Sync 2 DAGs
[2024-10-05T02:45:36.587+0000] {logging_mixin.py:190} INFO - [2024-10-05T02:45:36.587+0000] {dag.py:4180} INFO - Setting next_dagrun for example_external_task_marker_child to None, run_after=None
[2024-10-05T02:45:36.589+0000] {logging_mixin.py:190} INFO - [2024-10-05T02:45:36.589+0000] {dag.py:4180} INFO - Setting next_dagrun for example_external_task_marker_parent to None, run_after=None
[2024-10-05T02:45:36.598+0000] {processor.py:208} INFO - Processing /home/airflow/.local/lib/python3.12/site-packages/airflow/example_dags/example_external_task_marker_dag.py took 0.040 seconds
[2024-10-05T02:46:07.571+0000] {processor.py:186} INFO - Started process (PID=215) to work on /home/airflow/.local/lib/python3.12/site-packages/airflow/example_dags/example_external_task_marker_dag.py
[2024-10-05T02:46:07.571+0000] {processor.py:914} INFO - Processing file /home/airflow/.local/lib/python3.12/site-packages/airflow/example_dags/example_external_task_marker_dag.py for tasks to queue
[2024-10-05T02:46:07.572+0000] {logging_mixin.py:190} INFO - [2024-10-05T02:46:07.572+0000] {dagbag.py:588} INFO - Filling up the DagBag from /home/airflow/.local/lib/python3.12/site-packages/airflow/example_dags/example_external_task_marker_dag.py
[2024-10-05T02:46:07.576+0000] {processor.py:925} INFO - DAG(s) 'example_external_task_marker_parent', 'example_external_task_marker_child' retrieved from /home/airflow/.local/lib/python3.12/site-packages/airflow/example_dags/example_external_task_marker_dag.py
[2024-10-05T02:46:07.588+0000] {logging_mixin.py:190} INFO - [2024-10-05T02:46:07.587+0000] {dag.py:3239} INFO - Sync 2 DAGs
[2024-10-05T02:46:07.595+0000] {logging_mixin.py:190} INFO - [2024-10-05T02:46:07.595+0000] {dag.py:4180} INFO - Setting next_dagrun for example_external_task_marker_child to None, run_after=None
[2024-10-05T02:46:07.597+0000] {logging_mixin.py:190} INFO - [2024-10-05T02:46:07.597+0000] {dag.py:4180} INFO - Setting next_dagrun for example_external_task_marker_parent to None, run_after=None
[2024-10-05T02:46:07.605+0000] {processor.py:208} INFO - Processing /home/airflow/.local/lib/python3.12/site-packages/airflow/example_dags/example_external_task_marker_dag.py took 0.038 seconds
[2024-10-05T02:46:37.788+0000] {processor.py:186} INFO - Started process (PID=277) to work on /home/airflow/.local/lib/python3.12/site-packages/airflow/example_dags/example_external_task_marker_dag.py
[2024-10-05T02:46:37.788+0000] {processor.py:914} INFO - Processing file /home/airflow/.local/lib/python3.12/site-packages/airflow/example_dags/example_external_task_marker_dag.py for tasks to queue
[2024-10-05T02:46:37.790+0000] {logging_mixin.py:190} INFO - [2024-10-05T02:46:37.789+0000] {dagbag.py:588} INFO - Filling up the DagBag from /home/airflow/.local/lib/python3.12/site-packages/airflow/example_dags/example_external_task_marker_dag.py
[2024-10-05T02:46:37.795+0000] {processor.py:925} INFO - DAG(s) 'example_external_task_marker_parent', 'example_external_task_marker_child' retrieved from /home/airflow/.local/lib/python3.12/site-packages/airflow/example_dags/example_external_task_marker_dag.py
[2024-10-05T02:46:37.810+0000] {logging_mixin.py:190} INFO - [2024-10-05T02:46:37.810+0000] {dag.py:3239} INFO - Sync 2 DAGs
[2024-10-05T02:46:37.820+0000] {logging_mixin.py:190} INFO - [2024-10-05T02:46:37.820+0000] {dag.py:4180} INFO - Setting next_dagrun for example_external_task_marker_child to None, run_after=None
[2024-10-05T02:46:37.824+0000] {logging_mixin.py:190} INFO - [2024-10-05T02:46:37.824+0000] {dag.py:4180} INFO - Setting next_dagrun for example_external_task_marker_parent to None, run_after=None
[2024-10-05T02:46:37.837+0000] {processor.py:208} INFO - Processing /home/airflow/.local/lib/python3.12/site-packages/airflow/example_dags/example_external_task_marker_dag.py took 0.053 seconds
[2024-10-05T02:47:07.899+0000] {processor.py:186} INFO - Started process (PID=338) to work on /home/airflow/.local/lib/python3.12/site-packages/airflow/example_dags/example_external_task_marker_dag.py
[2024-10-05T02:47:07.899+0000] {processor.py:914} INFO - Processing file /home/airflow/.local/lib/python3.12/site-packages/airflow/example_dags/example_external_task_marker_dag.py for tasks to queue
[2024-10-05T02:47:07.900+0000] {logging_mixin.py:190} INFO - [2024-10-05T02:47:07.900+0000] {dagbag.py:588} INFO - Filling up the DagBag from /home/airflow/.local/lib/python3.12/site-packages/airflow/example_dags/example_external_task_marker_dag.py
[2024-10-05T02:47:07.905+0000] {processor.py:925} INFO - DAG(s) 'example_external_task_marker_parent', 'example_external_task_marker_child' retrieved from /home/airflow/.local/lib/python3.12/site-packages/airflow/example_dags/example_external_task_marker_dag.py
[2024-10-05T02:47:07.916+0000] {logging_mixin.py:190} INFO - [2024-10-05T02:47:07.916+0000] {dag.py:3239} INFO - Sync 2 DAGs
[2024-10-05T02:47:07.924+0000] {logging_mixin.py:190} INFO - [2024-10-05T02:47:07.924+0000] {dag.py:4180} INFO - Setting next_dagrun for example_external_task_marker_child to None, run_after=None
[2024-10-05T02:47:07.926+0000] {logging_mixin.py:190} INFO - [2024-10-05T02:47:07.926+0000] {dag.py:4180} INFO - Setting next_dagrun for example_external_task_marker_parent to None, run_after=None
[2024-10-05T02:47:07.934+0000] {processor.py:208} INFO - Processing /home/airflow/.local/lib/python3.12/site-packages/airflow/example_dags/example_external_task_marker_dag.py took 0.039 seconds
[2024-10-05T02:47:38.657+0000] {processor.py:186} INFO - Started process (PID=401) to work on /home/airflow/.local/lib/python3.12/site-packages/airflow/example_dags/example_external_task_marker_dag.py
[2024-10-05T02:47:38.658+0000] {processor.py:914} INFO - Processing file /home/airflow/.local/lib/python3.12/site-packages/airflow/example_dags/example_external_task_marker_dag.py for tasks to queue
[2024-10-05T02:47:38.659+0000] {logging_mixin.py:190} INFO - [2024-10-05T02:47:38.659+0000] {dagbag.py:588} INFO - Filling up the DagBag from /home/airflow/.local/lib/python3.12/site-packages/airflow/example_dags/example_external_task_marker_dag.py
[2024-10-05T02:47:38.664+0000] {processor.py:925} INFO - DAG(s) 'example_external_task_marker_child', 'example_external_task_marker_parent' retrieved from /home/airflow/.local/lib/python3.12/site-packages/airflow/example_dags/example_external_task_marker_dag.py
[2024-10-05T02:47:38.679+0000] {logging_mixin.py:190} INFO - [2024-10-05T02:47:38.679+0000] {dag.py:3239} INFO - Sync 2 DAGs
[2024-10-05T02:47:38.691+0000] {logging_mixin.py:190} INFO - [2024-10-05T02:47:38.690+0000] {dag.py:4180} INFO - Setting next_dagrun for example_external_task_marker_child to None, run_after=None
[2024-10-05T02:47:38.693+0000] {logging_mixin.py:190} INFO - [2024-10-05T02:47:38.693+0000] {dag.py:4180} INFO - Setting next_dagrun for example_external_task_marker_parent to None, run_after=None
[2024-10-05T02:47:38.704+0000] {processor.py:208} INFO - Processing /home/airflow/.local/lib/python3.12/site-packages/airflow/example_dags/example_external_task_marker_dag.py took 0.050 seconds
[2024-10-05T02:48:08.932+0000] {processor.py:186} INFO - Started process (PID=462) to work on /home/airflow/.local/lib/python3.12/site-packages/airflow/example_dags/example_external_task_marker_dag.py
[2024-10-05T02:48:08.933+0000] {processor.py:914} INFO - Processing file /home/airflow/.local/lib/python3.12/site-packages/airflow/example_dags/example_external_task_marker_dag.py for tasks to queue
[2024-10-05T02:48:08.934+0000] {logging_mixin.py:190} INFO - [2024-10-05T02:48:08.934+0000] {dagbag.py:588} INFO - Filling up the DagBag from /home/airflow/.local/lib/python3.12/site-packages/airflow/example_dags/example_external_task_marker_dag.py
[2024-10-05T02:48:08.939+0000] {processor.py:925} INFO - DAG(s) 'example_external_task_marker_parent', 'example_external_task_marker_child' retrieved from /home/airflow/.local/lib/python3.12/site-packages/airflow/example_dags/example_external_task_marker_dag.py
[2024-10-05T02:48:08.953+0000] {logging_mixin.py:190} INFO - [2024-10-05T02:48:08.953+0000] {dag.py:3239} INFO - Sync 2 DAGs
[2024-10-05T02:48:08.961+0000] {logging_mixin.py:190} INFO - [2024-10-05T02:48:08.961+0000] {dag.py:4180} INFO - Setting next_dagrun for example_external_task_marker_child to None, run_after=None
[2024-10-05T02:48:08.964+0000] {logging_mixin.py:190} INFO - [2024-10-05T02:48:08.963+0000] {dag.py:4180} INFO - Setting next_dagrun for example_external_task_marker_parent to None, run_after=None
[2024-10-05T02:48:08.974+0000] {processor.py:208} INFO - Processing /home/airflow/.local/lib/python3.12/site-packages/airflow/example_dags/example_external_task_marker_dag.py took 0.045 seconds
[2024-10-05T02:48:40.080+0000] {processor.py:186} INFO - Started process (PID=525) to work on /home/airflow/.local/lib/python3.12/site-packages/airflow/example_dags/example_external_task_marker_dag.py
[2024-10-05T02:48:40.081+0000] {processor.py:914} INFO - Processing file /home/airflow/.local/lib/python3.12/site-packages/airflow/example_dags/example_external_task_marker_dag.py for tasks to queue
[2024-10-05T02:48:40.082+0000] {logging_mixin.py:190} INFO - [2024-10-05T02:48:40.082+0000] {dagbag.py:588} INFO - Filling up the DagBag from /home/airflow/.local/lib/python3.12/site-packages/airflow/example_dags/example_external_task_marker_dag.py
[2024-10-05T02:48:40.086+0000] {processor.py:925} INFO - DAG(s) 'example_external_task_marker_parent', 'example_external_task_marker_child' retrieved from /home/airflow/.local/lib/python3.12/site-packages/airflow/example_dags/example_external_task_marker_dag.py
[2024-10-05T02:48:40.100+0000] {logging_mixin.py:190} INFO - [2024-10-05T02:48:40.100+0000] {dag.py:3239} INFO - Sync 2 DAGs
[2024-10-05T02:48:40.108+0000] {logging_mixin.py:190} INFO - [2024-10-05T02:48:40.108+0000] {dag.py:4180} INFO - Setting next_dagrun for example_external_task_marker_child to None, run_after=None
[2024-10-05T02:48:40.110+0000] {logging_mixin.py:190} INFO - [2024-10-05T02:48:40.110+0000] {dag.py:4180} INFO - Setting next_dagrun for example_external_task_marker_parent to None, run_after=None
[2024-10-05T02:48:40.119+0000] {processor.py:208} INFO - Processing /home/airflow/.local/lib/python3.12/site-packages/airflow/example_dags/example_external_task_marker_dag.py took 0.042 seconds
[2024-10-05T02:49:11.027+0000] {processor.py:186} INFO - Started process (PID=587) to work on /home/airflow/.local/lib/python3.12/site-packages/airflow/example_dags/example_external_task_marker_dag.py
[2024-10-05T02:49:11.028+0000] {processor.py:914} INFO - Processing file /home/airflow/.local/lib/python3.12/site-packages/airflow/example_dags/example_external_task_marker_dag.py for tasks to queue
[2024-10-05T02:49:11.029+0000] {logging_mixin.py:190} INFO - [2024-10-05T02:49:11.029+0000] {dagbag.py:588} INFO - Filling up the DagBag from /home/airflow/.local/lib/python3.12/site-packages/airflow/example_dags/example_external_task_marker_dag.py
[2024-10-05T02:49:11.033+0000] {processor.py:925} INFO - DAG(s) 'example_external_task_marker_child', 'example_external_task_marker_parent' retrieved from /home/airflow/.local/lib/python3.12/site-packages/airflow/example_dags/example_external_task_marker_dag.py
[2024-10-05T02:49:11.046+0000] {logging_mixin.py:190} INFO - [2024-10-05T02:49:11.046+0000] {dag.py:3239} INFO - Sync 2 DAGs
[2024-10-05T02:49:11.054+0000] {logging_mixin.py:190} INFO - [2024-10-05T02:49:11.054+0000] {dag.py:4180} INFO - Setting next_dagrun for example_external_task_marker_child to None, run_after=None
[2024-10-05T02:49:11.056+0000] {logging_mixin.py:190} INFO - [2024-10-05T02:49:11.056+0000] {dag.py:4180} INFO - Setting next_dagrun for example_external_task_marker_parent to None, run_after=None
[2024-10-05T02:49:11.065+0000] {processor.py:208} INFO - Processing /home/airflow/.local/lib/python3.12/site-packages/airflow/example_dags/example_external_task_marker_dag.py took 0.041 seconds
[2024-10-05T02:49:41.622+0000] {processor.py:186} INFO - Started process (PID=655) to work on /home/airflow/.local/lib/python3.12/site-packages/airflow/example_dags/example_external_task_marker_dag.py
[2024-10-05T02:49:41.623+0000] {processor.py:914} INFO - Processing file /home/airflow/.local/lib/python3.12/site-packages/airflow/example_dags/example_external_task_marker_dag.py for tasks to queue
[2024-10-05T02:49:41.624+0000] {logging_mixin.py:190} INFO - [2024-10-05T02:49:41.624+0000] {dagbag.py:588} INFO - Filling up the DagBag from /home/airflow/.local/lib/python3.12/site-packages/airflow/example_dags/example_external_task_marker_dag.py
[2024-10-05T02:49:41.628+0000] {processor.py:925} INFO - DAG(s) 'example_external_task_marker_parent', 'example_external_task_marker_child' retrieved from /home/airflow/.local/lib/python3.12/site-packages/airflow/example_dags/example_external_task_marker_dag.py
[2024-10-05T02:49:41.640+0000] {logging_mixin.py:190} INFO - [2024-10-05T02:49:41.640+0000] {dag.py:3239} INFO - Sync 2 DAGs
[2024-10-05T02:49:41.648+0000] {logging_mixin.py:190} INFO - [2024-10-05T02:49:41.648+0000] {dag.py:4180} INFO - Setting next_dagrun for example_external_task_marker_child to None, run_after=None
[2024-10-05T02:49:41.650+0000] {logging_mixin.py:190} INFO - [2024-10-05T02:49:41.650+0000] {dag.py:4180} INFO - Setting next_dagrun for example_external_task_marker_parent to None, run_after=None
[2024-10-05T02:49:41.658+0000] {processor.py:208} INFO - Processing /home/airflow/.local/lib/python3.12/site-packages/airflow/example_dags/example_external_task_marker_dag.py took 0.040 seconds
[2024-10-05T02:50:12.239+0000] {processor.py:186} INFO - Started process (PID=738) to work on /home/airflow/.local/lib/python3.12/site-packages/airflow/example_dags/example_external_task_marker_dag.py
[2024-10-05T02:50:12.240+0000] {processor.py:914} INFO - Processing file /home/airflow/.local/lib/python3.12/site-packages/airflow/example_dags/example_external_task_marker_dag.py for tasks to queue
[2024-10-05T02:50:12.241+0000] {logging_mixin.py:190} INFO - [2024-10-05T02:50:12.241+0000] {dagbag.py:588} INFO - Filling up the DagBag from /home/airflow/.local/lib/python3.12/site-packages/airflow/example_dags/example_external_task_marker_dag.py
[2024-10-05T02:50:12.246+0000] {processor.py:925} INFO - DAG(s) 'example_external_task_marker_parent', 'example_external_task_marker_child' retrieved from /home/airflow/.local/lib/python3.12/site-packages/airflow/example_dags/example_external_task_marker_dag.py
[2024-10-05T02:50:12.258+0000] {logging_mixin.py:190} INFO - [2024-10-05T02:50:12.258+0000] {dag.py:3239} INFO - Sync 2 DAGs
[2024-10-05T02:50:12.267+0000] {logging_mixin.py:190} INFO - [2024-10-05T02:50:12.267+0000] {dag.py:4180} INFO - Setting next_dagrun for example_external_task_marker_child to None, run_after=None
[2024-10-05T02:50:12.269+0000] {logging_mixin.py:190} INFO - [2024-10-05T02:50:12.269+0000] {dag.py:4180} INFO - Setting next_dagrun for example_external_task_marker_parent to None, run_after=None
[2024-10-05T02:50:12.278+0000] {processor.py:208} INFO - Processing /home/airflow/.local/lib/python3.12/site-packages/airflow/example_dags/example_external_task_marker_dag.py took 0.042 seconds
[2024-10-05T02:50:42.625+0000] {processor.py:186} INFO - Started process (PID=800) to work on /home/airflow/.local/lib/python3.12/site-packages/airflow/example_dags/example_external_task_marker_dag.py
[2024-10-05T02:50:42.626+0000] {processor.py:914} INFO - Processing file /home/airflow/.local/lib/python3.12/site-packages/airflow/example_dags/example_external_task_marker_dag.py for tasks to queue
[2024-10-05T02:50:42.627+0000] {logging_mixin.py:190} INFO - [2024-10-05T02:50:42.627+0000] {dagbag.py:588} INFO - Filling up the DagBag from /home/airflow/.local/lib/python3.12/site-packages/airflow/example_dags/example_external_task_marker_dag.py
[2024-10-05T02:50:42.631+0000] {processor.py:925} INFO - DAG(s) 'example_external_task_marker_parent', 'example_external_task_marker_child' retrieved from /home/airflow/.local/lib/python3.12/site-packages/airflow/example_dags/example_external_task_marker_dag.py
[2024-10-05T02:50:42.643+0000] {logging_mixin.py:190} INFO - [2024-10-05T02:50:42.643+0000] {dag.py:3239} INFO - Sync 2 DAGs
[2024-10-05T02:50:42.651+0000] {logging_mixin.py:190} INFO - [2024-10-05T02:50:42.651+0000] {dag.py:4180} INFO - Setting next_dagrun for example_external_task_marker_child to None, run_after=None
[2024-10-05T02:50:42.653+0000] {logging_mixin.py:190} INFO - [2024-10-05T02:50:42.653+0000] {dag.py:4180} INFO - Setting next_dagrun for example_external_task_marker_parent to None, run_after=None
[2024-10-05T02:50:42.661+0000] {processor.py:208} INFO - Processing /home/airflow/.local/lib/python3.12/site-packages/airflow/example_dags/example_external_task_marker_dag.py took 0.039 seconds
[2024-10-05T02:51:13.180+0000] {processor.py:186} INFO - Started process (PID=862) to work on /home/airflow/.local/lib/python3.12/site-packages/airflow/example_dags/example_external_task_marker_dag.py
[2024-10-05T02:51:13.180+0000] {processor.py:914} INFO - Processing file /home/airflow/.local/lib/python3.12/site-packages/airflow/example_dags/example_external_task_marker_dag.py for tasks to queue
[2024-10-05T02:51:13.181+0000] {logging_mixin.py:190} INFO - [2024-10-05T02:51:13.181+0000] {dagbag.py:588} INFO - Filling up the DagBag from /home/airflow/.local/lib/python3.12/site-packages/airflow/example_dags/example_external_task_marker_dag.py
[2024-10-05T02:51:13.186+0000] {processor.py:925} INFO - DAG(s) 'example_external_task_marker_parent', 'example_external_task_marker_child' retrieved from /home/airflow/.local/lib/python3.12/site-packages/airflow/example_dags/example_external_task_marker_dag.py
[2024-10-05T02:51:13.197+0000] {logging_mixin.py:190} INFO - [2024-10-05T02:51:13.197+0000] {dag.py:3239} INFO - Sync 2 DAGs
[2024-10-05T02:51:13.205+0000] {logging_mixin.py:190} INFO - [2024-10-05T02:51:13.205+0000] {dag.py:4180} INFO - Setting next_dagrun for example_external_task_marker_child to None, run_after=None
[2024-10-05T02:51:13.207+0000] {logging_mixin.py:190} INFO - [2024-10-05T02:51:13.207+0000] {dag.py:4180} INFO - Setting next_dagrun for example_external_task_marker_parent to None, run_after=None
[2024-10-05T02:51:13.215+0000] {processor.py:208} INFO - Processing /home/airflow/.local/lib/python3.12/site-packages/airflow/example_dags/example_external_task_marker_dag.py took 0.039 seconds
[2024-10-05T02:51:43.666+0000] {processor.py:186} INFO - Started process (PID=924) to work on /home/airflow/.local/lib/python3.12/site-packages/airflow/example_dags/example_external_task_marker_dag.py
[2024-10-05T02:51:43.667+0000] {processor.py:914} INFO - Processing file /home/airflow/.local/lib/python3.12/site-packages/airflow/example_dags/example_external_task_marker_dag.py for tasks to queue
[2024-10-05T02:51:43.668+0000] {logging_mixin.py:190} INFO - [2024-10-05T02:51:43.668+0000] {dagbag.py:588} INFO - Filling up the DagBag from /home/airflow/.local/lib/python3.12/site-packages/airflow/example_dags/example_external_task_marker_dag.py
[2024-10-05T02:51:43.673+0000] {processor.py:925} INFO - DAG(s) 'example_external_task_marker_child', 'example_external_task_marker_parent' retrieved from /home/airflow/.local/lib/python3.12/site-packages/airflow/example_dags/example_external_task_marker_dag.py
[2024-10-05T02:51:43.686+0000] {logging_mixin.py:190} INFO - [2024-10-05T02:51:43.686+0000] {dag.py:3239} INFO - Sync 2 DAGs
[2024-10-05T02:51:43.694+0000] {logging_mixin.py:190} INFO - [2024-10-05T02:51:43.694+0000] {dag.py:4180} INFO - Setting next_dagrun for example_external_task_marker_child to None, run_after=None
[2024-10-05T02:51:43.696+0000] {logging_mixin.py:190} INFO - [2024-10-05T02:51:43.696+0000] {dag.py:4180} INFO - Setting next_dagrun for example_external_task_marker_parent to None, run_after=None
[2024-10-05T02:51:43.704+0000] {processor.py:208} INFO - Processing /home/airflow/.local/lib/python3.12/site-packages/airflow/example_dags/example_external_task_marker_dag.py took 0.041 seconds
[2024-10-05T02:52:14.243+0000] {processor.py:186} INFO - Started process (PID=986) to work on /home/airflow/.local/lib/python3.12/site-packages/airflow/example_dags/example_external_task_marker_dag.py
[2024-10-05T02:52:14.244+0000] {processor.py:914} INFO - Processing file /home/airflow/.local/lib/python3.12/site-packages/airflow/example_dags/example_external_task_marker_dag.py for tasks to queue
[2024-10-05T02:52:14.245+0000] {logging_mixin.py:190} INFO - [2024-10-05T02:52:14.245+0000] {dagbag.py:588} INFO - Filling up the DagBag from /home/airflow/.local/lib/python3.12/site-packages/airflow/example_dags/example_external_task_marker_dag.py
[2024-10-05T02:52:14.249+0000] {processor.py:925} INFO - DAG(s) 'example_external_task_marker_child', 'example_external_task_marker_parent' retrieved from /home/airflow/.local/lib/python3.12/site-packages/airflow/example_dags/example_external_task_marker_dag.py
[2024-10-05T02:52:14.261+0000] {logging_mixin.py:190} INFO - [2024-10-05T02:52:14.261+0000] {dag.py:3239} INFO - Sync 2 DAGs
[2024-10-05T02:52:14.269+0000] {logging_mixin.py:190} INFO - [2024-10-05T02:52:14.269+0000] {dag.py:4180} INFO - Setting next_dagrun for example_external_task_marker_child to None, run_after=None
[2024-10-05T02:52:14.271+0000] {logging_mixin.py:190} INFO - [2024-10-05T02:52:14.271+0000] {dag.py:4180} INFO - Setting next_dagrun for example_external_task_marker_parent to None, run_after=None
[2024-10-05T02:52:14.279+0000] {processor.py:208} INFO - Processing /home/airflow/.local/lib/python3.12/site-packages/airflow/example_dags/example_external_task_marker_dag.py took 0.039 seconds
[2024-10-05T02:52:45.114+0000] {processor.py:186} INFO - Started process (PID=1048) to work on /home/airflow/.local/lib/python3.12/site-packages/airflow/example_dags/example_external_task_marker_dag.py
[2024-10-05T02:52:45.114+0000] {processor.py:914} INFO - Processing file /home/airflow/.local/lib/python3.12/site-packages/airflow/example_dags/example_external_task_marker_dag.py for tasks to queue
[2024-10-05T02:52:45.115+0000] {logging_mixin.py:190} INFO - [2024-10-05T02:52:45.115+0000] {dagbag.py:588} INFO - Filling up the DagBag from /home/airflow/.local/lib/python3.12/site-packages/airflow/example_dags/example_external_task_marker_dag.py
[2024-10-05T02:52:45.120+0000] {processor.py:925} INFO - DAG(s) 'example_external_task_marker_child', 'example_external_task_marker_parent' retrieved from /home/airflow/.local/lib/python3.12/site-packages/airflow/example_dags/example_external_task_marker_dag.py
[2024-10-05T02:52:45.131+0000] {logging_mixin.py:190} INFO - [2024-10-05T02:52:45.131+0000] {dag.py:3239} INFO - Sync 2 DAGs
[2024-10-05T02:52:45.139+0000] {logging_mixin.py:190} INFO - [2024-10-05T02:52:45.139+0000] {dag.py:4180} INFO - Setting next_dagrun for example_external_task_marker_child to None, run_after=None
[2024-10-05T02:52:45.140+0000] {logging_mixin.py:190} INFO - [2024-10-05T02:52:45.140+0000] {dag.py:4180} INFO - Setting next_dagrun for example_external_task_marker_parent to None, run_after=None
[2024-10-05T02:52:45.149+0000] {processor.py:208} INFO - Processing /home/airflow/.local/lib/python3.12/site-packages/airflow/example_dags/example_external_task_marker_dag.py took 0.038 seconds
[2024-10-05T02:53:15.989+0000] {processor.py:186} INFO - Started process (PID=1110) to work on /home/airflow/.local/lib/python3.12/site-packages/airflow/example_dags/example_external_task_marker_dag.py
[2024-10-05T02:53:15.990+0000] {processor.py:914} INFO - Processing file /home/airflow/.local/lib/python3.12/site-packages/airflow/example_dags/example_external_task_marker_dag.py for tasks to queue
[2024-10-05T02:53:15.991+0000] {logging_mixin.py:190} INFO - [2024-10-05T02:53:15.991+0000] {dagbag.py:588} INFO - Filling up the DagBag from /home/airflow/.local/lib/python3.12/site-packages/airflow/example_dags/example_external_task_marker_dag.py
[2024-10-05T02:53:15.995+0000] {processor.py:925} INFO - DAG(s) 'example_external_task_marker_parent', 'example_external_task_marker_child' retrieved from /home/airflow/.local/lib/python3.12/site-packages/airflow/example_dags/example_external_task_marker_dag.py
[2024-10-05T02:53:16.007+0000] {logging_mixin.py:190} INFO - [2024-10-05T02:53:16.007+0000] {dag.py:3239} INFO - Sync 2 DAGs
[2024-10-05T02:53:16.016+0000] {logging_mixin.py:190} INFO - [2024-10-05T02:53:16.016+0000] {dag.py:4180} INFO - Setting next_dagrun for example_external_task_marker_child to None, run_after=None
[2024-10-05T02:53:16.018+0000] {logging_mixin.py:190} INFO - [2024-10-05T02:53:16.018+0000] {dag.py:4180} INFO - Setting next_dagrun for example_external_task_marker_parent to None, run_after=None
[2024-10-05T02:53:16.027+0000] {processor.py:208} INFO - Processing /home/airflow/.local/lib/python3.12/site-packages/airflow/example_dags/example_external_task_marker_dag.py took 0.041 seconds
[2024-10-05T02:53:46.680+0000] {processor.py:186} INFO - Started process (PID=1172) to work on /home/airflow/.local/lib/python3.12/site-packages/airflow/example_dags/example_external_task_marker_dag.py
[2024-10-05T02:53:46.681+0000] {processor.py:914} INFO - Processing file /home/airflow/.local/lib/python3.12/site-packages/airflow/example_dags/example_external_task_marker_dag.py for tasks to queue
[2024-10-05T02:53:46.682+0000] {logging_mixin.py:190} INFO - [2024-10-05T02:53:46.682+0000] {dagbag.py:588} INFO - Filling up the DagBag from /home/airflow/.local/lib/python3.12/site-packages/airflow/example_dags/example_external_task_marker_dag.py
[2024-10-05T02:53:46.687+0000] {processor.py:925} INFO - DAG(s) 'example_external_task_marker_parent', 'example_external_task_marker_child' retrieved from /home/airflow/.local/lib/python3.12/site-packages/airflow/example_dags/example_external_task_marker_dag.py
[2024-10-05T02:53:46.698+0000] {logging_mixin.py:190} INFO - [2024-10-05T02:53:46.698+0000] {dag.py:3239} INFO - Sync 2 DAGs
[2024-10-05T02:53:46.706+0000] {logging_mixin.py:190} INFO - [2024-10-05T02:53:46.706+0000] {dag.py:4180} INFO - Setting next_dagrun for example_external_task_marker_child to None, run_after=None
[2024-10-05T02:53:46.708+0000] {logging_mixin.py:190} INFO - [2024-10-05T02:53:46.707+0000] {dag.py:4180} INFO - Setting next_dagrun for example_external_task_marker_parent to None, run_after=None
[2024-10-05T02:53:46.716+0000] {processor.py:208} INFO - Processing /home/airflow/.local/lib/python3.12/site-packages/airflow/example_dags/example_external_task_marker_dag.py took 0.039 seconds
[2024-10-05T02:54:17.782+0000] {processor.py:186} INFO - Started process (PID=1235) to work on /home/airflow/.local/lib/python3.12/site-packages/airflow/example_dags/example_external_task_marker_dag.py
[2024-10-05T02:54:17.783+0000] {processor.py:914} INFO - Processing file /home/airflow/.local/lib/python3.12/site-packages/airflow/example_dags/example_external_task_marker_dag.py for tasks to queue
[2024-10-05T02:54:17.784+0000] {logging_mixin.py:190} INFO - [2024-10-05T02:54:17.784+0000] {dagbag.py:588} INFO - Filling up the DagBag from /home/airflow/.local/lib/python3.12/site-packages/airflow/example_dags/example_external_task_marker_dag.py
[2024-10-05T02:54:17.788+0000] {processor.py:925} INFO - DAG(s) 'example_external_task_marker_parent', 'example_external_task_marker_child' retrieved from /home/airflow/.local/lib/python3.12/site-packages/airflow/example_dags/example_external_task_marker_dag.py
[2024-10-05T02:54:17.800+0000] {logging_mixin.py:190} INFO - [2024-10-05T02:54:17.800+0000] {dag.py:3239} INFO - Sync 2 DAGs
[2024-10-05T02:54:17.808+0000] {logging_mixin.py:190} INFO - [2024-10-05T02:54:17.808+0000] {dag.py:4180} INFO - Setting next_dagrun for example_external_task_marker_child to None, run_after=None
[2024-10-05T02:54:17.810+0000] {logging_mixin.py:190} INFO - [2024-10-05T02:54:17.810+0000] {dag.py:4180} INFO - Setting next_dagrun for example_external_task_marker_parent to None, run_after=None
[2024-10-05T02:54:17.819+0000] {processor.py:208} INFO - Processing /home/airflow/.local/lib/python3.12/site-packages/airflow/example_dags/example_external_task_marker_dag.py took 0.040 seconds
[2024-10-05T02:54:48.000+0000] {processor.py:186} INFO - Started process (PID=1297) to work on /home/airflow/.local/lib/python3.12/site-packages/airflow/example_dags/example_external_task_marker_dag.py
[2024-10-05T02:54:48.001+0000] {processor.py:914} INFO - Processing file /home/airflow/.local/lib/python3.12/site-packages/airflow/example_dags/example_external_task_marker_dag.py for tasks to queue
[2024-10-05T02:54:48.002+0000] {logging_mixin.py:190} INFO - [2024-10-05T02:54:48.002+0000] {dagbag.py:588} INFO - Filling up the DagBag from /home/airflow/.local/lib/python3.12/site-packages/airflow/example_dags/example_external_task_marker_dag.py
[2024-10-05T02:54:48.006+0000] {processor.py:925} INFO - DAG(s) 'example_external_task_marker_child', 'example_external_task_marker_parent' retrieved from /home/airflow/.local/lib/python3.12/site-packages/airflow/example_dags/example_external_task_marker_dag.py
[2024-10-05T02:54:48.019+0000] {logging_mixin.py:190} INFO - [2024-10-05T02:54:48.019+0000] {dag.py:3239} INFO - Sync 2 DAGs
[2024-10-05T02:54:48.027+0000] {logging_mixin.py:190} INFO - [2024-10-05T02:54:48.027+0000] {dag.py:4180} INFO - Setting next_dagrun for example_external_task_marker_child to None, run_after=None
[2024-10-05T02:54:48.029+0000] {logging_mixin.py:190} INFO - [2024-10-05T02:54:48.029+0000] {dag.py:4180} INFO - Setting next_dagrun for example_external_task_marker_parent to None, run_after=None
[2024-10-05T02:54:48.038+0000] {processor.py:208} INFO - Processing /home/airflow/.local/lib/python3.12/site-packages/airflow/example_dags/example_external_task_marker_dag.py took 0.041 seconds
[2024-10-05T02:55:18.587+0000] {processor.py:186} INFO - Started process (PID=1365) to work on /home/airflow/.local/lib/python3.12/site-packages/airflow/example_dags/example_external_task_marker_dag.py
[2024-10-05T02:55:18.588+0000] {processor.py:914} INFO - Processing file /home/airflow/.local/lib/python3.12/site-packages/airflow/example_dags/example_external_task_marker_dag.py for tasks to queue
[2024-10-05T02:55:18.589+0000] {logging_mixin.py:190} INFO - [2024-10-05T02:55:18.589+0000] {dagbag.py:588} INFO - Filling up the DagBag from /home/airflow/.local/lib/python3.12/site-packages/airflow/example_dags/example_external_task_marker_dag.py
[2024-10-05T02:55:18.593+0000] {processor.py:925} INFO - DAG(s) 'example_external_task_marker_parent', 'example_external_task_marker_child' retrieved from /home/airflow/.local/lib/python3.12/site-packages/airflow/example_dags/example_external_task_marker_dag.py
[2024-10-05T02:55:18.605+0000] {logging_mixin.py:190} INFO - [2024-10-05T02:55:18.605+0000] {dag.py:3239} INFO - Sync 2 DAGs
[2024-10-05T02:55:18.613+0000] {logging_mixin.py:190} INFO - [2024-10-05T02:55:18.612+0000] {dag.py:4180} INFO - Setting next_dagrun for example_external_task_marker_child to None, run_after=None
[2024-10-05T02:55:18.615+0000] {logging_mixin.py:190} INFO - [2024-10-05T02:55:18.615+0000] {dag.py:4180} INFO - Setting next_dagrun for example_external_task_marker_parent to None, run_after=None
[2024-10-05T02:55:18.623+0000] {processor.py:208} INFO - Processing /home/airflow/.local/lib/python3.12/site-packages/airflow/example_dags/example_external_task_marker_dag.py took 0.039 seconds
[2024-10-05T02:55:49.543+0000] {processor.py:186} INFO - Started process (PID=1427) to work on /home/airflow/.local/lib/python3.12/site-packages/airflow/example_dags/example_external_task_marker_dag.py
[2024-10-05T02:55:49.543+0000] {processor.py:914} INFO - Processing file /home/airflow/.local/lib/python3.12/site-packages/airflow/example_dags/example_external_task_marker_dag.py for tasks to queue
[2024-10-05T02:55:49.544+0000] {logging_mixin.py:190} INFO - [2024-10-05T02:55:49.544+0000] {dagbag.py:588} INFO - Filling up the DagBag from /home/airflow/.local/lib/python3.12/site-packages/airflow/example_dags/example_external_task_marker_dag.py
[2024-10-05T02:55:49.549+0000] {processor.py:925} INFO - DAG(s) 'example_external_task_marker_child', 'example_external_task_marker_parent' retrieved from /home/airflow/.local/lib/python3.12/site-packages/airflow/example_dags/example_external_task_marker_dag.py
[2024-10-05T02:55:49.560+0000] {logging_mixin.py:190} INFO - [2024-10-05T02:55:49.560+0000] {dag.py:3239} INFO - Sync 2 DAGs
[2024-10-05T02:55:49.569+0000] {logging_mixin.py:190} INFO - [2024-10-05T02:55:49.568+0000] {dag.py:4180} INFO - Setting next_dagrun for example_external_task_marker_child to None, run_after=None
[2024-10-05T02:55:49.570+0000] {logging_mixin.py:190} INFO - [2024-10-05T02:55:49.570+0000] {dag.py:4180} INFO - Setting next_dagrun for example_external_task_marker_parent to None, run_after=None
[2024-10-05T02:55:49.579+0000] {processor.py:208} INFO - Processing /home/airflow/.local/lib/python3.12/site-packages/airflow/example_dags/example_external_task_marker_dag.py took 0.040 seconds
[2024-10-05T02:56:19.889+0000] {processor.py:186} INFO - Started process (PID=1489) to work on /home/airflow/.local/lib/python3.12/site-packages/airflow/example_dags/example_external_task_marker_dag.py
[2024-10-05T02:56:19.890+0000] {processor.py:914} INFO - Processing file /home/airflow/.local/lib/python3.12/site-packages/airflow/example_dags/example_external_task_marker_dag.py for tasks to queue
[2024-10-05T02:56:19.891+0000] {logging_mixin.py:190} INFO - [2024-10-05T02:56:19.891+0000] {dagbag.py:588} INFO - Filling up the DagBag from /home/airflow/.local/lib/python3.12/site-packages/airflow/example_dags/example_external_task_marker_dag.py
[2024-10-05T02:56:19.895+0000] {processor.py:925} INFO - DAG(s) 'example_external_task_marker_child', 'example_external_task_marker_parent' retrieved from /home/airflow/.local/lib/python3.12/site-packages/airflow/example_dags/example_external_task_marker_dag.py
[2024-10-05T02:56:19.907+0000] {logging_mixin.py:190} INFO - [2024-10-05T02:56:19.907+0000] {dag.py:3239} INFO - Sync 2 DAGs
[2024-10-05T02:56:19.916+0000] {logging_mixin.py:190} INFO - [2024-10-05T02:56:19.916+0000] {dag.py:4180} INFO - Setting next_dagrun for example_external_task_marker_child to None, run_after=None
[2024-10-05T02:56:19.918+0000] {logging_mixin.py:190} INFO - [2024-10-05T02:56:19.917+0000] {dag.py:4180} INFO - Setting next_dagrun for example_external_task_marker_parent to None, run_after=None
[2024-10-05T02:56:19.926+0000] {processor.py:208} INFO - Processing /home/airflow/.local/lib/python3.12/site-packages/airflow/example_dags/example_external_task_marker_dag.py took 0.040 seconds
[2024-10-05T02:56:50.249+0000] {processor.py:186} INFO - Started process (PID=1551) to work on /home/airflow/.local/lib/python3.12/site-packages/airflow/example_dags/example_external_task_marker_dag.py
[2024-10-05T02:56:50.249+0000] {processor.py:914} INFO - Processing file /home/airflow/.local/lib/python3.12/site-packages/airflow/example_dags/example_external_task_marker_dag.py for tasks to queue
[2024-10-05T02:56:50.251+0000] {logging_mixin.py:190} INFO - [2024-10-05T02:56:50.250+0000] {dagbag.py:588} INFO - Filling up the DagBag from /home/airflow/.local/lib/python3.12/site-packages/airflow/example_dags/example_external_task_marker_dag.py
[2024-10-05T02:56:50.255+0000] {processor.py:925} INFO - DAG(s) 'example_external_task_marker_parent', 'example_external_task_marker_child' retrieved from /home/airflow/.local/lib/python3.12/site-packages/airflow/example_dags/example_external_task_marker_dag.py
[2024-10-05T02:56:50.267+0000] {logging_mixin.py:190} INFO - [2024-10-05T02:56:50.267+0000] {dag.py:3239} INFO - Sync 2 DAGs
[2024-10-05T02:56:50.276+0000] {logging_mixin.py:190} INFO - [2024-10-05T02:56:50.275+0000] {dag.py:4180} INFO - Setting next_dagrun for example_external_task_marker_child to None, run_after=None
[2024-10-05T02:56:50.278+0000] {logging_mixin.py:190} INFO - [2024-10-05T02:56:50.278+0000] {dag.py:4180} INFO - Setting next_dagrun for example_external_task_marker_parent to None, run_after=None
[2024-10-05T02:56:50.289+0000] {processor.py:208} INFO - Processing /home/airflow/.local/lib/python3.12/site-packages/airflow/example_dags/example_external_task_marker_dag.py took 0.044 seconds
