[2024-10-05T02:15:05.743+0000] {processor.py:186} INFO - Started process (PID=82) to work on /home/airflow/.local/lib/python3.12/site-packages/airflow/example_dags/tutorial.py
[2024-10-05T02:15:05.744+0000] {processor.py:914} INFO - Processing file /home/airflow/.local/lib/python3.12/site-packages/airflow/example_dags/tutorial.py for tasks to queue
[2024-10-05T02:15:05.745+0000] {logging_mixin.py:190} INFO - [2024-10-05T02:15:05.745+0000] {dagbag.py:588} INFO - Filling up the DagBag from /home/airflow/.local/lib/python3.12/site-packages/airflow/example_dags/tutorial.py
[2024-10-05T02:15:05.750+0000] {processor.py:925} INFO - DAG(s) 'tutorial' retrieved from /home/airflow/.local/lib/python3.12/site-packages/airflow/example_dags/tutorial.py
[2024-10-05T02:15:05.762+0000] {logging_mixin.py:190} INFO - [2024-10-05T02:15:05.762+0000] {dag.py:3239} INFO - Sync 1 DAGs
[2024-10-05T02:15:05.775+0000] {logging_mixin.py:190} INFO - [2024-10-05T02:15:05.775+0000] {dag.py:4180} INFO - Setting next_dagrun for tutorial to 2024-10-04 00:00:00+00:00, run_after=2024-10-05 00:00:00+00:00
[2024-10-05T02:15:05.785+0000] {processor.py:208} INFO - Processing /home/airflow/.local/lib/python3.12/site-packages/airflow/example_dags/tutorial.py took 0.046 seconds
[2024-10-05T02:15:36.135+0000] {processor.py:186} INFO - Started process (PID=150) to work on /home/airflow/.local/lib/python3.12/site-packages/airflow/example_dags/tutorial.py
[2024-10-05T02:15:36.136+0000] {processor.py:914} INFO - Processing file /home/airflow/.local/lib/python3.12/site-packages/airflow/example_dags/tutorial.py for tasks to queue
[2024-10-05T02:15:36.137+0000] {logging_mixin.py:190} INFO - [2024-10-05T02:15:36.137+0000] {dagbag.py:588} INFO - Filling up the DagBag from /home/airflow/.local/lib/python3.12/site-packages/airflow/example_dags/tutorial.py
[2024-10-05T02:15:36.142+0000] {processor.py:925} INFO - DAG(s) 'tutorial' retrieved from /home/airflow/.local/lib/python3.12/site-packages/airflow/example_dags/tutorial.py
[2024-10-05T02:15:36.154+0000] {logging_mixin.py:190} INFO - [2024-10-05T02:15:36.153+0000] {dag.py:3239} INFO - Sync 1 DAGs
[2024-10-05T02:15:36.168+0000] {logging_mixin.py:190} INFO - [2024-10-05T02:15:36.168+0000] {dag.py:4180} INFO - Setting next_dagrun for tutorial to 2024-10-04 00:00:00+00:00, run_after=2024-10-05 00:00:00+00:00
[2024-10-05T02:15:36.180+0000] {processor.py:208} INFO - Processing /home/airflow/.local/lib/python3.12/site-packages/airflow/example_dags/tutorial.py took 0.048 seconds
[2024-10-05T02:16:07.016+0000] {processor.py:186} INFO - Started process (PID=212) to work on /home/airflow/.local/lib/python3.12/site-packages/airflow/example_dags/tutorial.py
[2024-10-05T02:16:07.017+0000] {processor.py:914} INFO - Processing file /home/airflow/.local/lib/python3.12/site-packages/airflow/example_dags/tutorial.py for tasks to queue
[2024-10-05T02:16:07.018+0000] {logging_mixin.py:190} INFO - [2024-10-05T02:16:07.018+0000] {dagbag.py:588} INFO - Filling up the DagBag from /home/airflow/.local/lib/python3.12/site-packages/airflow/example_dags/tutorial.py
[2024-10-05T02:16:07.023+0000] {processor.py:925} INFO - DAG(s) 'tutorial' retrieved from /home/airflow/.local/lib/python3.12/site-packages/airflow/example_dags/tutorial.py
[2024-10-05T02:16:07.035+0000] {logging_mixin.py:190} INFO - [2024-10-05T02:16:07.035+0000] {dag.py:3239} INFO - Sync 1 DAGs
[2024-10-05T02:16:07.048+0000] {logging_mixin.py:190} INFO - [2024-10-05T02:16:07.048+0000] {dag.py:4180} INFO - Setting next_dagrun for tutorial to 2024-10-04 00:00:00+00:00, run_after=2024-10-05 00:00:00+00:00
[2024-10-05T02:16:07.060+0000] {processor.py:208} INFO - Processing /home/airflow/.local/lib/python3.12/site-packages/airflow/example_dags/tutorial.py took 0.047 seconds
[2024-10-05T02:16:37.452+0000] {processor.py:186} INFO - Started process (PID=274) to work on /home/airflow/.local/lib/python3.12/site-packages/airflow/example_dags/tutorial.py
[2024-10-05T02:16:37.453+0000] {processor.py:914} INFO - Processing file /home/airflow/.local/lib/python3.12/site-packages/airflow/example_dags/tutorial.py for tasks to queue
[2024-10-05T02:16:37.454+0000] {logging_mixin.py:190} INFO - [2024-10-05T02:16:37.454+0000] {dagbag.py:588} INFO - Filling up the DagBag from /home/airflow/.local/lib/python3.12/site-packages/airflow/example_dags/tutorial.py
[2024-10-05T02:16:37.458+0000] {processor.py:925} INFO - DAG(s) 'tutorial' retrieved from /home/airflow/.local/lib/python3.12/site-packages/airflow/example_dags/tutorial.py
[2024-10-05T02:16:37.469+0000] {logging_mixin.py:190} INFO - [2024-10-05T02:16:37.469+0000] {dag.py:3239} INFO - Sync 1 DAGs
[2024-10-05T02:16:37.482+0000] {logging_mixin.py:190} INFO - [2024-10-05T02:16:37.482+0000] {dag.py:4180} INFO - Setting next_dagrun for tutorial to 2024-10-04 00:00:00+00:00, run_after=2024-10-05 00:00:00+00:00
[2024-10-05T02:16:37.492+0000] {processor.py:208} INFO - Processing /home/airflow/.local/lib/python3.12/site-packages/airflow/example_dags/tutorial.py took 0.043 seconds
[2024-10-05T02:17:08.456+0000] {processor.py:186} INFO - Started process (PID=336) to work on /home/airflow/.local/lib/python3.12/site-packages/airflow/example_dags/tutorial.py
[2024-10-05T02:17:08.457+0000] {processor.py:914} INFO - Processing file /home/airflow/.local/lib/python3.12/site-packages/airflow/example_dags/tutorial.py for tasks to queue
[2024-10-05T02:17:08.458+0000] {logging_mixin.py:190} INFO - [2024-10-05T02:17:08.458+0000] {dagbag.py:588} INFO - Filling up the DagBag from /home/airflow/.local/lib/python3.12/site-packages/airflow/example_dags/tutorial.py
[2024-10-05T02:17:08.463+0000] {processor.py:925} INFO - DAG(s) 'tutorial' retrieved from /home/airflow/.local/lib/python3.12/site-packages/airflow/example_dags/tutorial.py
[2024-10-05T02:17:08.473+0000] {logging_mixin.py:190} INFO - [2024-10-05T02:17:08.473+0000] {dag.py:3239} INFO - Sync 1 DAGs
[2024-10-05T02:17:08.488+0000] {logging_mixin.py:190} INFO - [2024-10-05T02:17:08.487+0000] {dag.py:4180} INFO - Setting next_dagrun for tutorial to 2024-10-04 00:00:00+00:00, run_after=2024-10-05 00:00:00+00:00
[2024-10-05T02:17:08.498+0000] {processor.py:208} INFO - Processing /home/airflow/.local/lib/python3.12/site-packages/airflow/example_dags/tutorial.py took 0.046 seconds
[2024-10-05T02:17:39.370+0000] {processor.py:186} INFO - Started process (PID=398) to work on /home/airflow/.local/lib/python3.12/site-packages/airflow/example_dags/tutorial.py
[2024-10-05T02:17:39.370+0000] {processor.py:914} INFO - Processing file /home/airflow/.local/lib/python3.12/site-packages/airflow/example_dags/tutorial.py for tasks to queue
[2024-10-05T02:17:39.372+0000] {logging_mixin.py:190} INFO - [2024-10-05T02:17:39.371+0000] {dagbag.py:588} INFO - Filling up the DagBag from /home/airflow/.local/lib/python3.12/site-packages/airflow/example_dags/tutorial.py
[2024-10-05T02:17:39.376+0000] {processor.py:925} INFO - DAG(s) 'tutorial' retrieved from /home/airflow/.local/lib/python3.12/site-packages/airflow/example_dags/tutorial.py
[2024-10-05T02:17:39.387+0000] {logging_mixin.py:190} INFO - [2024-10-05T02:17:39.386+0000] {dag.py:3239} INFO - Sync 1 DAGs
[2024-10-05T02:17:39.399+0000] {logging_mixin.py:190} INFO - [2024-10-05T02:17:39.399+0000] {dag.py:4180} INFO - Setting next_dagrun for tutorial to 2024-10-04 00:00:00+00:00, run_after=2024-10-05 00:00:00+00:00
[2024-10-05T02:17:39.408+0000] {processor.py:208} INFO - Processing /home/airflow/.local/lib/python3.12/site-packages/airflow/example_dags/tutorial.py took 0.042 seconds
[2024-10-05T02:18:09.802+0000] {processor.py:186} INFO - Started process (PID=460) to work on /home/airflow/.local/lib/python3.12/site-packages/airflow/example_dags/tutorial.py
[2024-10-05T02:18:09.803+0000] {processor.py:914} INFO - Processing file /home/airflow/.local/lib/python3.12/site-packages/airflow/example_dags/tutorial.py for tasks to queue
[2024-10-05T02:18:09.804+0000] {logging_mixin.py:190} INFO - [2024-10-05T02:18:09.804+0000] {dagbag.py:588} INFO - Filling up the DagBag from /home/airflow/.local/lib/python3.12/site-packages/airflow/example_dags/tutorial.py
[2024-10-05T02:18:09.809+0000] {processor.py:925} INFO - DAG(s) 'tutorial' retrieved from /home/airflow/.local/lib/python3.12/site-packages/airflow/example_dags/tutorial.py
[2024-10-05T02:18:09.820+0000] {logging_mixin.py:190} INFO - [2024-10-05T02:18:09.820+0000] {dag.py:3239} INFO - Sync 1 DAGs
[2024-10-05T02:18:09.833+0000] {logging_mixin.py:190} INFO - [2024-10-05T02:18:09.833+0000] {dag.py:4180} INFO - Setting next_dagrun for tutorial to 2024-10-04 00:00:00+00:00, run_after=2024-10-05 00:00:00+00:00
[2024-10-05T02:18:09.843+0000] {processor.py:208} INFO - Processing /home/airflow/.local/lib/python3.12/site-packages/airflow/example_dags/tutorial.py took 0.044 seconds
[2024-10-05T02:18:40.105+0000] {processor.py:186} INFO - Started process (PID=522) to work on /home/airflow/.local/lib/python3.12/site-packages/airflow/example_dags/tutorial.py
[2024-10-05T02:18:40.106+0000] {processor.py:914} INFO - Processing file /home/airflow/.local/lib/python3.12/site-packages/airflow/example_dags/tutorial.py for tasks to queue
[2024-10-05T02:18:40.107+0000] {logging_mixin.py:190} INFO - [2024-10-05T02:18:40.107+0000] {dagbag.py:588} INFO - Filling up the DagBag from /home/airflow/.local/lib/python3.12/site-packages/airflow/example_dags/tutorial.py
[2024-10-05T02:18:40.112+0000] {processor.py:925} INFO - DAG(s) 'tutorial' retrieved from /home/airflow/.local/lib/python3.12/site-packages/airflow/example_dags/tutorial.py
[2024-10-05T02:18:40.122+0000] {logging_mixin.py:190} INFO - [2024-10-05T02:18:40.122+0000] {dag.py:3239} INFO - Sync 1 DAGs
[2024-10-05T02:18:40.135+0000] {logging_mixin.py:190} INFO - [2024-10-05T02:18:40.135+0000] {dag.py:4180} INFO - Setting next_dagrun for tutorial to 2024-10-04 00:00:00+00:00, run_after=2024-10-05 00:00:00+00:00
[2024-10-05T02:18:40.144+0000] {processor.py:208} INFO - Processing /home/airflow/.local/lib/python3.12/site-packages/airflow/example_dags/tutorial.py took 0.042 seconds
[2024-10-05T02:45:05.987+0000] {processor.py:186} INFO - Started process (PID=75) to work on /home/airflow/.local/lib/python3.12/site-packages/airflow/example_dags/tutorial.py
[2024-10-05T02:45:05.988+0000] {processor.py:914} INFO - Processing file /home/airflow/.local/lib/python3.12/site-packages/airflow/example_dags/tutorial.py for tasks to queue
[2024-10-05T02:45:05.989+0000] {logging_mixin.py:190} INFO - [2024-10-05T02:45:05.989+0000] {dagbag.py:588} INFO - Filling up the DagBag from /home/airflow/.local/lib/python3.12/site-packages/airflow/example_dags/tutorial.py
[2024-10-05T02:45:05.993+0000] {processor.py:925} INFO - DAG(s) 'tutorial' retrieved from /home/airflow/.local/lib/python3.12/site-packages/airflow/example_dags/tutorial.py
[2024-10-05T02:45:06.004+0000] {logging_mixin.py:190} INFO - [2024-10-05T02:45:06.004+0000] {dag.py:3239} INFO - Sync 1 DAGs
[2024-10-05T02:45:06.016+0000] {logging_mixin.py:190} INFO - [2024-10-05T02:45:06.016+0000] {dag.py:4180} INFO - Setting next_dagrun for tutorial to 2024-10-04 00:00:00+00:00, run_after=2024-10-05 00:00:00+00:00
[2024-10-05T02:45:06.026+0000] {processor.py:208} INFO - Processing /home/airflow/.local/lib/python3.12/site-packages/airflow/example_dags/tutorial.py took 0.042 seconds
[2024-10-05T02:45:36.329+0000] {processor.py:186} INFO - Started process (PID=144) to work on /home/airflow/.local/lib/python3.12/site-packages/airflow/example_dags/tutorial.py
[2024-10-05T02:45:36.329+0000] {processor.py:914} INFO - Processing file /home/airflow/.local/lib/python3.12/site-packages/airflow/example_dags/tutorial.py for tasks to queue
[2024-10-05T02:45:36.330+0000] {logging_mixin.py:190} INFO - [2024-10-05T02:45:36.330+0000] {dagbag.py:588} INFO - Filling up the DagBag from /home/airflow/.local/lib/python3.12/site-packages/airflow/example_dags/tutorial.py
[2024-10-05T02:45:36.335+0000] {processor.py:925} INFO - DAG(s) 'tutorial' retrieved from /home/airflow/.local/lib/python3.12/site-packages/airflow/example_dags/tutorial.py
[2024-10-05T02:45:36.345+0000] {logging_mixin.py:190} INFO - [2024-10-05T02:45:36.345+0000] {dag.py:3239} INFO - Sync 1 DAGs
[2024-10-05T02:45:36.358+0000] {logging_mixin.py:190} INFO - [2024-10-05T02:45:36.357+0000] {dag.py:4180} INFO - Setting next_dagrun for tutorial to 2024-10-04 00:00:00+00:00, run_after=2024-10-05 00:00:00+00:00
[2024-10-05T02:45:36.368+0000] {processor.py:208} INFO - Processing /home/airflow/.local/lib/python3.12/site-packages/airflow/example_dags/tutorial.py took 0.042 seconds
[2024-10-05T02:46:07.303+0000] {processor.py:186} INFO - Started process (PID=206) to work on /home/airflow/.local/lib/python3.12/site-packages/airflow/example_dags/tutorial.py
[2024-10-05T02:46:07.304+0000] {processor.py:914} INFO - Processing file /home/airflow/.local/lib/python3.12/site-packages/airflow/example_dags/tutorial.py for tasks to queue
[2024-10-05T02:46:07.305+0000] {logging_mixin.py:190} INFO - [2024-10-05T02:46:07.305+0000] {dagbag.py:588} INFO - Filling up the DagBag from /home/airflow/.local/lib/python3.12/site-packages/airflow/example_dags/tutorial.py
[2024-10-05T02:46:07.309+0000] {processor.py:925} INFO - DAG(s) 'tutorial' retrieved from /home/airflow/.local/lib/python3.12/site-packages/airflow/example_dags/tutorial.py
[2024-10-05T02:46:07.319+0000] {logging_mixin.py:190} INFO - [2024-10-05T02:46:07.318+0000] {dag.py:3239} INFO - Sync 1 DAGs
[2024-10-05T02:46:07.330+0000] {logging_mixin.py:190} INFO - [2024-10-05T02:46:07.330+0000] {dag.py:4180} INFO - Setting next_dagrun for tutorial to 2024-10-04 00:00:00+00:00, run_after=2024-10-05 00:00:00+00:00
[2024-10-05T02:46:07.339+0000] {processor.py:208} INFO - Processing /home/airflow/.local/lib/python3.12/site-packages/airflow/example_dags/tutorial.py took 0.039 seconds
[2024-10-05T02:46:37.442+0000] {processor.py:186} INFO - Started process (PID=268) to work on /home/airflow/.local/lib/python3.12/site-packages/airflow/example_dags/tutorial.py
[2024-10-05T02:46:37.442+0000] {processor.py:914} INFO - Processing file /home/airflow/.local/lib/python3.12/site-packages/airflow/example_dags/tutorial.py for tasks to queue
[2024-10-05T02:46:37.444+0000] {logging_mixin.py:190} INFO - [2024-10-05T02:46:37.444+0000] {dagbag.py:588} INFO - Filling up the DagBag from /home/airflow/.local/lib/python3.12/site-packages/airflow/example_dags/tutorial.py
[2024-10-05T02:46:37.448+0000] {processor.py:925} INFO - DAG(s) 'tutorial' retrieved from /home/airflow/.local/lib/python3.12/site-packages/airflow/example_dags/tutorial.py
[2024-10-05T02:46:37.460+0000] {logging_mixin.py:190} INFO - [2024-10-05T02:46:37.460+0000] {dag.py:3239} INFO - Sync 1 DAGs
[2024-10-05T02:46:37.474+0000] {logging_mixin.py:190} INFO - [2024-10-05T02:46:37.474+0000] {dag.py:4180} INFO - Setting next_dagrun for tutorial to 2024-10-04 00:00:00+00:00, run_after=2024-10-05 00:00:00+00:00
[2024-10-05T02:46:37.486+0000] {processor.py:208} INFO - Processing /home/airflow/.local/lib/python3.12/site-packages/airflow/example_dags/tutorial.py took 0.048 seconds
[2024-10-05T02:47:07.543+0000] {processor.py:186} INFO - Started process (PID=329) to work on /home/airflow/.local/lib/python3.12/site-packages/airflow/example_dags/tutorial.py
[2024-10-05T02:47:07.543+0000] {processor.py:914} INFO - Processing file /home/airflow/.local/lib/python3.12/site-packages/airflow/example_dags/tutorial.py for tasks to queue
[2024-10-05T02:47:07.545+0000] {logging_mixin.py:190} INFO - [2024-10-05T02:47:07.545+0000] {dagbag.py:588} INFO - Filling up the DagBag from /home/airflow/.local/lib/python3.12/site-packages/airflow/example_dags/tutorial.py
[2024-10-05T02:47:07.549+0000] {processor.py:925} INFO - DAG(s) 'tutorial' retrieved from /home/airflow/.local/lib/python3.12/site-packages/airflow/example_dags/tutorial.py
[2024-10-05T02:47:07.560+0000] {logging_mixin.py:190} INFO - [2024-10-05T02:47:07.560+0000] {dag.py:3239} INFO - Sync 1 DAGs
[2024-10-05T02:47:07.573+0000] {logging_mixin.py:190} INFO - [2024-10-05T02:47:07.573+0000] {dag.py:4180} INFO - Setting next_dagrun for tutorial to 2024-10-04 00:00:00+00:00, run_after=2024-10-05 00:00:00+00:00
[2024-10-05T02:47:07.583+0000] {processor.py:208} INFO - Processing /home/airflow/.local/lib/python3.12/site-packages/airflow/example_dags/tutorial.py took 0.044 seconds
[2024-10-05T02:47:38.300+0000] {processor.py:186} INFO - Started process (PID=392) to work on /home/airflow/.local/lib/python3.12/site-packages/airflow/example_dags/tutorial.py
[2024-10-05T02:47:38.301+0000] {processor.py:914} INFO - Processing file /home/airflow/.local/lib/python3.12/site-packages/airflow/example_dags/tutorial.py for tasks to queue
[2024-10-05T02:47:38.302+0000] {logging_mixin.py:190} INFO - [2024-10-05T02:47:38.302+0000] {dagbag.py:588} INFO - Filling up the DagBag from /home/airflow/.local/lib/python3.12/site-packages/airflow/example_dags/tutorial.py
[2024-10-05T02:47:38.307+0000] {processor.py:925} INFO - DAG(s) 'tutorial' retrieved from /home/airflow/.local/lib/python3.12/site-packages/airflow/example_dags/tutorial.py
[2024-10-05T02:47:38.318+0000] {logging_mixin.py:190} INFO - [2024-10-05T02:47:38.318+0000] {dag.py:3239} INFO - Sync 1 DAGs
[2024-10-05T02:47:38.331+0000] {logging_mixin.py:190} INFO - [2024-10-05T02:47:38.331+0000] {dag.py:4180} INFO - Setting next_dagrun for tutorial to 2024-10-04 00:00:00+00:00, run_after=2024-10-05 00:00:00+00:00
[2024-10-05T02:47:38.341+0000] {processor.py:208} INFO - Processing /home/airflow/.local/lib/python3.12/site-packages/airflow/example_dags/tutorial.py took 0.044 seconds
[2024-10-05T02:48:08.622+0000] {processor.py:186} INFO - Started process (PID=454) to work on /home/airflow/.local/lib/python3.12/site-packages/airflow/example_dags/tutorial.py
[2024-10-05T02:48:08.623+0000] {processor.py:914} INFO - Processing file /home/airflow/.local/lib/python3.12/site-packages/airflow/example_dags/tutorial.py for tasks to queue
[2024-10-05T02:48:08.625+0000] {logging_mixin.py:190} INFO - [2024-10-05T02:48:08.624+0000] {dagbag.py:588} INFO - Filling up the DagBag from /home/airflow/.local/lib/python3.12/site-packages/airflow/example_dags/tutorial.py
[2024-10-05T02:48:08.629+0000] {processor.py:925} INFO - DAG(s) 'tutorial' retrieved from /home/airflow/.local/lib/python3.12/site-packages/airflow/example_dags/tutorial.py
[2024-10-05T02:48:08.640+0000] {logging_mixin.py:190} INFO - [2024-10-05T02:48:08.640+0000] {dag.py:3239} INFO - Sync 1 DAGs
[2024-10-05T02:48:08.654+0000] {logging_mixin.py:190} INFO - [2024-10-05T02:48:08.654+0000] {dag.py:4180} INFO - Setting next_dagrun for tutorial to 2024-10-04 00:00:00+00:00, run_after=2024-10-05 00:00:00+00:00
[2024-10-05T02:48:08.666+0000] {processor.py:208} INFO - Processing /home/airflow/.local/lib/python3.12/site-packages/airflow/example_dags/tutorial.py took 0.047 seconds
[2024-10-05T02:48:39.781+0000] {processor.py:186} INFO - Started process (PID=516) to work on /home/airflow/.local/lib/python3.12/site-packages/airflow/example_dags/tutorial.py
[2024-10-05T02:48:39.782+0000] {processor.py:914} INFO - Processing file /home/airflow/.local/lib/python3.12/site-packages/airflow/example_dags/tutorial.py for tasks to queue
[2024-10-05T02:48:39.783+0000] {logging_mixin.py:190} INFO - [2024-10-05T02:48:39.783+0000] {dagbag.py:588} INFO - Filling up the DagBag from /home/airflow/.local/lib/python3.12/site-packages/airflow/example_dags/tutorial.py
[2024-10-05T02:48:39.787+0000] {processor.py:925} INFO - DAG(s) 'tutorial' retrieved from /home/airflow/.local/lib/python3.12/site-packages/airflow/example_dags/tutorial.py
[2024-10-05T02:48:39.799+0000] {logging_mixin.py:190} INFO - [2024-10-05T02:48:39.798+0000] {dag.py:3239} INFO - Sync 1 DAGs
[2024-10-05T02:48:39.812+0000] {logging_mixin.py:190} INFO - [2024-10-05T02:48:39.812+0000] {dag.py:4180} INFO - Setting next_dagrun for tutorial to 2024-10-04 00:00:00+00:00, run_after=2024-10-05 00:00:00+00:00
[2024-10-05T02:48:39.823+0000] {processor.py:208} INFO - Processing /home/airflow/.local/lib/python3.12/site-packages/airflow/example_dags/tutorial.py took 0.046 seconds
[2024-10-05T02:49:10.728+0000] {processor.py:186} INFO - Started process (PID=578) to work on /home/airflow/.local/lib/python3.12/site-packages/airflow/example_dags/tutorial.py
[2024-10-05T02:49:10.729+0000] {processor.py:914} INFO - Processing file /home/airflow/.local/lib/python3.12/site-packages/airflow/example_dags/tutorial.py for tasks to queue
[2024-10-05T02:49:10.730+0000] {logging_mixin.py:190} INFO - [2024-10-05T02:49:10.730+0000] {dagbag.py:588} INFO - Filling up the DagBag from /home/airflow/.local/lib/python3.12/site-packages/airflow/example_dags/tutorial.py
[2024-10-05T02:49:10.735+0000] {processor.py:925} INFO - DAG(s) 'tutorial' retrieved from /home/airflow/.local/lib/python3.12/site-packages/airflow/example_dags/tutorial.py
[2024-10-05T02:49:10.747+0000] {logging_mixin.py:190} INFO - [2024-10-05T02:49:10.746+0000] {dag.py:3239} INFO - Sync 1 DAGs
[2024-10-05T02:49:10.761+0000] {logging_mixin.py:190} INFO - [2024-10-05T02:49:10.760+0000] {dag.py:4180} INFO - Setting next_dagrun for tutorial to 2024-10-04 00:00:00+00:00, run_after=2024-10-05 00:00:00+00:00
[2024-10-05T02:49:10.771+0000] {processor.py:208} INFO - Processing /home/airflow/.local/lib/python3.12/site-packages/airflow/example_dags/tutorial.py took 0.046 seconds
[2024-10-05T02:49:41.352+0000] {processor.py:186} INFO - Started process (PID=646) to work on /home/airflow/.local/lib/python3.12/site-packages/airflow/example_dags/tutorial.py
[2024-10-05T02:49:41.352+0000] {processor.py:914} INFO - Processing file /home/airflow/.local/lib/python3.12/site-packages/airflow/example_dags/tutorial.py for tasks to queue
[2024-10-05T02:49:41.353+0000] {logging_mixin.py:190} INFO - [2024-10-05T02:49:41.353+0000] {dagbag.py:588} INFO - Filling up the DagBag from /home/airflow/.local/lib/python3.12/site-packages/airflow/example_dags/tutorial.py
[2024-10-05T02:49:41.358+0000] {processor.py:925} INFO - DAG(s) 'tutorial' retrieved from /home/airflow/.local/lib/python3.12/site-packages/airflow/example_dags/tutorial.py
[2024-10-05T02:49:41.368+0000] {logging_mixin.py:190} INFO - [2024-10-05T02:49:41.368+0000] {dag.py:3239} INFO - Sync 1 DAGs
[2024-10-05T02:49:41.380+0000] {logging_mixin.py:190} INFO - [2024-10-05T02:49:41.380+0000] {dag.py:4180} INFO - Setting next_dagrun for tutorial to 2024-10-04 00:00:00+00:00, run_after=2024-10-05 00:00:00+00:00
[2024-10-05T02:49:41.389+0000] {processor.py:208} INFO - Processing /home/airflow/.local/lib/python3.12/site-packages/airflow/example_dags/tutorial.py took 0.041 seconds
[2024-10-05T02:50:11.911+0000] {processor.py:186} INFO - Started process (PID=729) to work on /home/airflow/.local/lib/python3.12/site-packages/airflow/example_dags/tutorial.py
[2024-10-05T02:50:11.912+0000] {processor.py:914} INFO - Processing file /home/airflow/.local/lib/python3.12/site-packages/airflow/example_dags/tutorial.py for tasks to queue
[2024-10-05T02:50:11.913+0000] {logging_mixin.py:190} INFO - [2024-10-05T02:50:11.913+0000] {dagbag.py:588} INFO - Filling up the DagBag from /home/airflow/.local/lib/python3.12/site-packages/airflow/example_dags/tutorial.py
[2024-10-05T02:50:11.917+0000] {processor.py:925} INFO - DAG(s) 'tutorial' retrieved from /home/airflow/.local/lib/python3.12/site-packages/airflow/example_dags/tutorial.py
[2024-10-05T02:50:11.928+0000] {logging_mixin.py:190} INFO - [2024-10-05T02:50:11.928+0000] {dag.py:3239} INFO - Sync 1 DAGs
[2024-10-05T02:50:11.941+0000] {logging_mixin.py:190} INFO - [2024-10-05T02:50:11.941+0000] {dag.py:4180} INFO - Setting next_dagrun for tutorial to 2024-10-04 00:00:00+00:00, run_after=2024-10-05 00:00:00+00:00
[2024-10-05T02:50:11.951+0000] {processor.py:208} INFO - Processing /home/airflow/.local/lib/python3.12/site-packages/airflow/example_dags/tutorial.py took 0.043 seconds
[2024-10-05T02:50:42.298+0000] {processor.py:186} INFO - Started process (PID=791) to work on /home/airflow/.local/lib/python3.12/site-packages/airflow/example_dags/tutorial.py
[2024-10-05T02:50:42.298+0000] {processor.py:914} INFO - Processing file /home/airflow/.local/lib/python3.12/site-packages/airflow/example_dags/tutorial.py for tasks to queue
[2024-10-05T02:50:42.300+0000] {logging_mixin.py:190} INFO - [2024-10-05T02:50:42.299+0000] {dagbag.py:588} INFO - Filling up the DagBag from /home/airflow/.local/lib/python3.12/site-packages/airflow/example_dags/tutorial.py
[2024-10-05T02:50:42.304+0000] {processor.py:925} INFO - DAG(s) 'tutorial' retrieved from /home/airflow/.local/lib/python3.12/site-packages/airflow/example_dags/tutorial.py
[2024-10-05T02:50:42.314+0000] {logging_mixin.py:190} INFO - [2024-10-05T02:50:42.314+0000] {dag.py:3239} INFO - Sync 1 DAGs
[2024-10-05T02:50:42.327+0000] {logging_mixin.py:190} INFO - [2024-10-05T02:50:42.327+0000] {dag.py:4180} INFO - Setting next_dagrun for tutorial to 2024-10-04 00:00:00+00:00, run_after=2024-10-05 00:00:00+00:00
[2024-10-05T02:50:42.336+0000] {processor.py:208} INFO - Processing /home/airflow/.local/lib/python3.12/site-packages/airflow/example_dags/tutorial.py took 0.042 seconds
[2024-10-05T02:51:12.904+0000] {processor.py:186} INFO - Started process (PID=853) to work on /home/airflow/.local/lib/python3.12/site-packages/airflow/example_dags/tutorial.py
[2024-10-05T02:51:12.904+0000] {processor.py:914} INFO - Processing file /home/airflow/.local/lib/python3.12/site-packages/airflow/example_dags/tutorial.py for tasks to queue
[2024-10-05T02:51:12.906+0000] {logging_mixin.py:190} INFO - [2024-10-05T02:51:12.905+0000] {dagbag.py:588} INFO - Filling up the DagBag from /home/airflow/.local/lib/python3.12/site-packages/airflow/example_dags/tutorial.py
[2024-10-05T02:51:12.910+0000] {processor.py:925} INFO - DAG(s) 'tutorial' retrieved from /home/airflow/.local/lib/python3.12/site-packages/airflow/example_dags/tutorial.py
[2024-10-05T02:51:12.921+0000] {logging_mixin.py:190} INFO - [2024-10-05T02:51:12.921+0000] {dag.py:3239} INFO - Sync 1 DAGs
[2024-10-05T02:51:12.933+0000] {logging_mixin.py:190} INFO - [2024-10-05T02:51:12.933+0000] {dag.py:4180} INFO - Setting next_dagrun for tutorial to 2024-10-04 00:00:00+00:00, run_after=2024-10-05 00:00:00+00:00
[2024-10-05T02:51:12.943+0000] {processor.py:208} INFO - Processing /home/airflow/.local/lib/python3.12/site-packages/airflow/example_dags/tutorial.py took 0.042 seconds
[2024-10-05T02:51:43.267+0000] {processor.py:186} INFO - Started process (PID=915) to work on /home/airflow/.local/lib/python3.12/site-packages/airflow/example_dags/tutorial.py
[2024-10-05T02:51:43.268+0000] {processor.py:914} INFO - Processing file /home/airflow/.local/lib/python3.12/site-packages/airflow/example_dags/tutorial.py for tasks to queue
[2024-10-05T02:51:43.269+0000] {logging_mixin.py:190} INFO - [2024-10-05T02:51:43.269+0000] {dagbag.py:588} INFO - Filling up the DagBag from /home/airflow/.local/lib/python3.12/site-packages/airflow/example_dags/tutorial.py
[2024-10-05T02:51:43.273+0000] {processor.py:925} INFO - DAG(s) 'tutorial' retrieved from /home/airflow/.local/lib/python3.12/site-packages/airflow/example_dags/tutorial.py
[2024-10-05T02:51:43.284+0000] {logging_mixin.py:190} INFO - [2024-10-05T02:51:43.283+0000] {dag.py:3239} INFO - Sync 1 DAGs
[2024-10-05T02:51:43.296+0000] {logging_mixin.py:190} INFO - [2024-10-05T02:51:43.296+0000] {dag.py:4180} INFO - Setting next_dagrun for tutorial to 2024-10-04 00:00:00+00:00, run_after=2024-10-05 00:00:00+00:00
[2024-10-05T02:51:43.305+0000] {processor.py:208} INFO - Processing /home/airflow/.local/lib/python3.12/site-packages/airflow/example_dags/tutorial.py took 0.041 seconds
[2024-10-05T02:52:13.992+0000] {processor.py:186} INFO - Started process (PID=977) to work on /home/airflow/.local/lib/python3.12/site-packages/airflow/example_dags/tutorial.py
[2024-10-05T02:52:13.992+0000] {processor.py:914} INFO - Processing file /home/airflow/.local/lib/python3.12/site-packages/airflow/example_dags/tutorial.py for tasks to queue
[2024-10-05T02:52:13.994+0000] {logging_mixin.py:190} INFO - [2024-10-05T02:52:13.993+0000] {dagbag.py:588} INFO - Filling up the DagBag from /home/airflow/.local/lib/python3.12/site-packages/airflow/example_dags/tutorial.py
[2024-10-05T02:52:13.998+0000] {processor.py:925} INFO - DAG(s) 'tutorial' retrieved from /home/airflow/.local/lib/python3.12/site-packages/airflow/example_dags/tutorial.py
[2024-10-05T02:52:14.008+0000] {logging_mixin.py:190} INFO - [2024-10-05T02:52:14.007+0000] {dag.py:3239} INFO - Sync 1 DAGs
[2024-10-05T02:52:14.020+0000] {logging_mixin.py:190} INFO - [2024-10-05T02:52:14.020+0000] {dag.py:4180} INFO - Setting next_dagrun for tutorial to 2024-10-04 00:00:00+00:00, run_after=2024-10-05 00:00:00+00:00
[2024-10-05T02:52:14.030+0000] {processor.py:208} INFO - Processing /home/airflow/.local/lib/python3.12/site-packages/airflow/example_dags/tutorial.py took 0.042 seconds
[2024-10-05T02:52:44.846+0000] {processor.py:186} INFO - Started process (PID=1039) to work on /home/airflow/.local/lib/python3.12/site-packages/airflow/example_dags/tutorial.py
[2024-10-05T02:52:44.846+0000] {processor.py:914} INFO - Processing file /home/airflow/.local/lib/python3.12/site-packages/airflow/example_dags/tutorial.py for tasks to queue
[2024-10-05T02:52:44.848+0000] {logging_mixin.py:190} INFO - [2024-10-05T02:52:44.847+0000] {dagbag.py:588} INFO - Filling up the DagBag from /home/airflow/.local/lib/python3.12/site-packages/airflow/example_dags/tutorial.py
[2024-10-05T02:52:44.852+0000] {processor.py:925} INFO - DAG(s) 'tutorial' retrieved from /home/airflow/.local/lib/python3.12/site-packages/airflow/example_dags/tutorial.py
[2024-10-05T02:52:44.862+0000] {logging_mixin.py:190} INFO - [2024-10-05T02:52:44.862+0000] {dag.py:3239} INFO - Sync 1 DAGs
[2024-10-05T02:52:44.874+0000] {logging_mixin.py:190} INFO - [2024-10-05T02:52:44.874+0000] {dag.py:4180} INFO - Setting next_dagrun for tutorial to 2024-10-04 00:00:00+00:00, run_after=2024-10-05 00:00:00+00:00
[2024-10-05T02:52:44.883+0000] {processor.py:208} INFO - Processing /home/airflow/.local/lib/python3.12/site-packages/airflow/example_dags/tutorial.py took 0.041 seconds
[2024-10-05T02:53:15.668+0000] {processor.py:186} INFO - Started process (PID=1101) to work on /home/airflow/.local/lib/python3.12/site-packages/airflow/example_dags/tutorial.py
[2024-10-05T02:53:15.669+0000] {processor.py:914} INFO - Processing file /home/airflow/.local/lib/python3.12/site-packages/airflow/example_dags/tutorial.py for tasks to queue
[2024-10-05T02:53:15.670+0000] {logging_mixin.py:190} INFO - [2024-10-05T02:53:15.670+0000] {dagbag.py:588} INFO - Filling up the DagBag from /home/airflow/.local/lib/python3.12/site-packages/airflow/example_dags/tutorial.py
[2024-10-05T02:53:15.674+0000] {processor.py:925} INFO - DAG(s) 'tutorial' retrieved from /home/airflow/.local/lib/python3.12/site-packages/airflow/example_dags/tutorial.py
[2024-10-05T02:53:15.684+0000] {logging_mixin.py:190} INFO - [2024-10-05T02:53:15.684+0000] {dag.py:3239} INFO - Sync 1 DAGs
[2024-10-05T02:53:15.697+0000] {logging_mixin.py:190} INFO - [2024-10-05T02:53:15.696+0000] {dag.py:4180} INFO - Setting next_dagrun for tutorial to 2024-10-04 00:00:00+00:00, run_after=2024-10-05 00:00:00+00:00
[2024-10-05T02:53:15.707+0000] {processor.py:208} INFO - Processing /home/airflow/.local/lib/python3.12/site-packages/airflow/example_dags/tutorial.py took 0.041 seconds
[2024-10-05T02:53:46.405+0000] {processor.py:186} INFO - Started process (PID=1163) to work on /home/airflow/.local/lib/python3.12/site-packages/airflow/example_dags/tutorial.py
[2024-10-05T02:53:46.405+0000] {processor.py:914} INFO - Processing file /home/airflow/.local/lib/python3.12/site-packages/airflow/example_dags/tutorial.py for tasks to queue
[2024-10-05T02:53:46.406+0000] {logging_mixin.py:190} INFO - [2024-10-05T02:53:46.406+0000] {dagbag.py:588} INFO - Filling up the DagBag from /home/airflow/.local/lib/python3.12/site-packages/airflow/example_dags/tutorial.py
[2024-10-05T02:53:46.411+0000] {processor.py:925} INFO - DAG(s) 'tutorial' retrieved from /home/airflow/.local/lib/python3.12/site-packages/airflow/example_dags/tutorial.py
[2024-10-05T02:53:46.421+0000] {logging_mixin.py:190} INFO - [2024-10-05T02:53:46.421+0000] {dag.py:3239} INFO - Sync 1 DAGs
[2024-10-05T02:53:46.433+0000] {logging_mixin.py:190} INFO - [2024-10-05T02:53:46.433+0000] {dag.py:4180} INFO - Setting next_dagrun for tutorial to 2024-10-04 00:00:00+00:00, run_after=2024-10-05 00:00:00+00:00
[2024-10-05T02:53:46.442+0000] {processor.py:208} INFO - Processing /home/airflow/.local/lib/python3.12/site-packages/airflow/example_dags/tutorial.py took 0.040 seconds
[2024-10-05T02:54:17.505+0000] {processor.py:186} INFO - Started process (PID=1226) to work on /home/airflow/.local/lib/python3.12/site-packages/airflow/example_dags/tutorial.py
[2024-10-05T02:54:17.506+0000] {processor.py:914} INFO - Processing file /home/airflow/.local/lib/python3.12/site-packages/airflow/example_dags/tutorial.py for tasks to queue
[2024-10-05T02:54:17.507+0000] {logging_mixin.py:190} INFO - [2024-10-05T02:54:17.507+0000] {dagbag.py:588} INFO - Filling up the DagBag from /home/airflow/.local/lib/python3.12/site-packages/airflow/example_dags/tutorial.py
[2024-10-05T02:54:17.511+0000] {processor.py:925} INFO - DAG(s) 'tutorial' retrieved from /home/airflow/.local/lib/python3.12/site-packages/airflow/example_dags/tutorial.py
[2024-10-05T02:54:17.522+0000] {logging_mixin.py:190} INFO - [2024-10-05T02:54:17.522+0000] {dag.py:3239} INFO - Sync 1 DAGs
[2024-10-05T02:54:17.535+0000] {logging_mixin.py:190} INFO - [2024-10-05T02:54:17.535+0000] {dag.py:4180} INFO - Setting next_dagrun for tutorial to 2024-10-04 00:00:00+00:00, run_after=2024-10-05 00:00:00+00:00
[2024-10-05T02:54:17.545+0000] {processor.py:208} INFO - Processing /home/airflow/.local/lib/python3.12/site-packages/airflow/example_dags/tutorial.py took 0.043 seconds
[2024-10-05T02:54:47.753+0000] {processor.py:186} INFO - Started process (PID=1288) to work on /home/airflow/.local/lib/python3.12/site-packages/airflow/example_dags/tutorial.py
[2024-10-05T02:54:47.754+0000] {processor.py:914} INFO - Processing file /home/airflow/.local/lib/python3.12/site-packages/airflow/example_dags/tutorial.py for tasks to queue
[2024-10-05T02:54:47.755+0000] {logging_mixin.py:190} INFO - [2024-10-05T02:54:47.755+0000] {dagbag.py:588} INFO - Filling up the DagBag from /home/airflow/.local/lib/python3.12/site-packages/airflow/example_dags/tutorial.py
[2024-10-05T02:54:47.759+0000] {processor.py:925} INFO - DAG(s) 'tutorial' retrieved from /home/airflow/.local/lib/python3.12/site-packages/airflow/example_dags/tutorial.py
[2024-10-05T02:54:47.770+0000] {logging_mixin.py:190} INFO - [2024-10-05T02:54:47.770+0000] {dag.py:3239} INFO - Sync 1 DAGs
[2024-10-05T02:54:47.782+0000] {logging_mixin.py:190} INFO - [2024-10-05T02:54:47.782+0000] {dag.py:4180} INFO - Setting next_dagrun for tutorial to 2024-10-04 00:00:00+00:00, run_after=2024-10-05 00:00:00+00:00
[2024-10-05T02:54:47.792+0000] {processor.py:208} INFO - Processing /home/airflow/.local/lib/python3.12/site-packages/airflow/example_dags/tutorial.py took 0.042 seconds
[2024-10-05T02:55:18.302+0000] {processor.py:186} INFO - Started process (PID=1356) to work on /home/airflow/.local/lib/python3.12/site-packages/airflow/example_dags/tutorial.py
[2024-10-05T02:55:18.303+0000] {processor.py:914} INFO - Processing file /home/airflow/.local/lib/python3.12/site-packages/airflow/example_dags/tutorial.py for tasks to queue
[2024-10-05T02:55:18.304+0000] {logging_mixin.py:190} INFO - [2024-10-05T02:55:18.304+0000] {dagbag.py:588} INFO - Filling up the DagBag from /home/airflow/.local/lib/python3.12/site-packages/airflow/example_dags/tutorial.py
[2024-10-05T02:55:18.309+0000] {processor.py:925} INFO - DAG(s) 'tutorial' retrieved from /home/airflow/.local/lib/python3.12/site-packages/airflow/example_dags/tutorial.py
[2024-10-05T02:55:18.319+0000] {logging_mixin.py:190} INFO - [2024-10-05T02:55:18.319+0000] {dag.py:3239} INFO - Sync 1 DAGs
[2024-10-05T02:55:18.333+0000] {logging_mixin.py:190} INFO - [2024-10-05T02:55:18.333+0000] {dag.py:4180} INFO - Setting next_dagrun for tutorial to 2024-10-04 00:00:00+00:00, run_after=2024-10-05 00:00:00+00:00
[2024-10-05T02:55:18.343+0000] {processor.py:208} INFO - Processing /home/airflow/.local/lib/python3.12/site-packages/airflow/example_dags/tutorial.py took 0.044 seconds
[2024-10-05T02:55:49.268+0000] {processor.py:186} INFO - Started process (PID=1418) to work on /home/airflow/.local/lib/python3.12/site-packages/airflow/example_dags/tutorial.py
[2024-10-05T02:55:49.269+0000] {processor.py:914} INFO - Processing file /home/airflow/.local/lib/python3.12/site-packages/airflow/example_dags/tutorial.py for tasks to queue
[2024-10-05T02:55:49.270+0000] {logging_mixin.py:190} INFO - [2024-10-05T02:55:49.270+0000] {dagbag.py:588} INFO - Filling up the DagBag from /home/airflow/.local/lib/python3.12/site-packages/airflow/example_dags/tutorial.py
[2024-10-05T02:55:49.274+0000] {processor.py:925} INFO - DAG(s) 'tutorial' retrieved from /home/airflow/.local/lib/python3.12/site-packages/airflow/example_dags/tutorial.py
[2024-10-05T02:55:49.284+0000] {logging_mixin.py:190} INFO - [2024-10-05T02:55:49.284+0000] {dag.py:3239} INFO - Sync 1 DAGs
[2024-10-05T02:55:49.297+0000] {logging_mixin.py:190} INFO - [2024-10-05T02:55:49.297+0000] {dag.py:4180} INFO - Setting next_dagrun for tutorial to 2024-10-04 00:00:00+00:00, run_after=2024-10-05 00:00:00+00:00
[2024-10-05T02:55:49.307+0000] {processor.py:208} INFO - Processing /home/airflow/.local/lib/python3.12/site-packages/airflow/example_dags/tutorial.py took 0.042 seconds
[2024-10-05T02:56:19.560+0000] {processor.py:186} INFO - Started process (PID=1480) to work on /home/airflow/.local/lib/python3.12/site-packages/airflow/example_dags/tutorial.py
[2024-10-05T02:56:19.561+0000] {processor.py:914} INFO - Processing file /home/airflow/.local/lib/python3.12/site-packages/airflow/example_dags/tutorial.py for tasks to queue
[2024-10-05T02:56:19.562+0000] {logging_mixin.py:190} INFO - [2024-10-05T02:56:19.562+0000] {dagbag.py:588} INFO - Filling up the DagBag from /home/airflow/.local/lib/python3.12/site-packages/airflow/example_dags/tutorial.py
[2024-10-05T02:56:19.566+0000] {processor.py:925} INFO - DAG(s) 'tutorial' retrieved from /home/airflow/.local/lib/python3.12/site-packages/airflow/example_dags/tutorial.py
[2024-10-05T02:56:19.576+0000] {logging_mixin.py:190} INFO - [2024-10-05T02:56:19.576+0000] {dag.py:3239} INFO - Sync 1 DAGs
[2024-10-05T02:56:19.589+0000] {logging_mixin.py:190} INFO - [2024-10-05T02:56:19.589+0000] {dag.py:4180} INFO - Setting next_dagrun for tutorial to 2024-10-04 00:00:00+00:00, run_after=2024-10-05 00:00:00+00:00
[2024-10-05T02:56:19.598+0000] {processor.py:208} INFO - Processing /home/airflow/.local/lib/python3.12/site-packages/airflow/example_dags/tutorial.py took 0.041 seconds
[2024-10-05T02:56:49.902+0000] {processor.py:186} INFO - Started process (PID=1542) to work on /home/airflow/.local/lib/python3.12/site-packages/airflow/example_dags/tutorial.py
[2024-10-05T02:56:49.903+0000] {processor.py:914} INFO - Processing file /home/airflow/.local/lib/python3.12/site-packages/airflow/example_dags/tutorial.py for tasks to queue
[2024-10-05T02:56:49.904+0000] {logging_mixin.py:190} INFO - [2024-10-05T02:56:49.904+0000] {dagbag.py:588} INFO - Filling up the DagBag from /home/airflow/.local/lib/python3.12/site-packages/airflow/example_dags/tutorial.py
[2024-10-05T02:56:49.908+0000] {processor.py:925} INFO - DAG(s) 'tutorial' retrieved from /home/airflow/.local/lib/python3.12/site-packages/airflow/example_dags/tutorial.py
[2024-10-05T02:56:49.919+0000] {logging_mixin.py:190} INFO - [2024-10-05T02:56:49.918+0000] {dag.py:3239} INFO - Sync 1 DAGs
[2024-10-05T02:56:49.932+0000] {logging_mixin.py:190} INFO - [2024-10-05T02:56:49.931+0000] {dag.py:4180} INFO - Setting next_dagrun for tutorial to 2024-10-04 00:00:00+00:00, run_after=2024-10-05 00:00:00+00:00
[2024-10-05T02:56:49.941+0000] {processor.py:208} INFO - Processing /home/airflow/.local/lib/python3.12/site-packages/airflow/example_dags/tutorial.py took 0.043 seconds
