[2024-10-05T07:14:49.866+0000] {local_task_job_runner.py:123} INFO - ::group::Pre task execution logs
[2024-10-05T07:14:49.882+0000] {taskinstance.py:2612} INFO - Dependencies all met for dep_context=non-requeueable deps ti=<TaskInstance: car_price_prediction.pipeline scheduled__2022-08-13T15:00:00+00:00 [queued]>
[2024-10-05T07:14:49.890+0000] {taskinstance.py:2612} INFO - Dependencies all met for dep_context=requeueable deps ti=<TaskInstance: car_price_prediction.pipeline scheduled__2022-08-13T15:00:00+00:00 [queued]>
[2024-10-05T07:14:49.891+0000] {taskinstance.py:2865} INFO - Starting attempt 1 of 2
[2024-10-05T07:14:49.902+0000] {taskinstance.py:2888} INFO - Executing <Task(PythonOperator): pipeline> on 2022-08-13 15:00:00+00:00
[2024-10-05T07:14:49.910+0000] {warnings.py:112} WARNING - /home/***/.local/lib/python3.12/site-packages/***/task/task_runner/standard_task_runner.py:70: DeprecationWarning: This process (pid=1816) is multi-threaded, use of fork() may lead to deadlocks in the child.
  pid = os.fork()

[2024-10-05T07:14:49.911+0000] {standard_task_runner.py:72} INFO - Started process 2186 to run task
[2024-10-05T07:14:49.911+0000] {standard_task_runner.py:104} INFO - Running: ['***', 'tasks', 'run', 'car_price_prediction', 'pipeline', 'scheduled__2022-08-13T15:00:00+00:00', '--job-id', '258', '--raw', '--subdir', 'DAGS_FOLDER/hw_dag.py', '--cfg-path', '/tmp/tmpsapaoi9a']
[2024-10-05T07:14:49.913+0000] {standard_task_runner.py:105} INFO - Job 258: Subtask pipeline
[2024-10-05T07:14:49.952+0000] {task_command.py:467} INFO - Running <TaskInstance: car_price_prediction.pipeline scheduled__2022-08-13T15:00:00+00:00 [running]> on host 4e3981cf7ce3
[2024-10-05T07:14:50.016+0000] {taskinstance.py:3131} INFO - Exporting env vars: AIRFLOW_CTX_DAG_OWNER='***' AIRFLOW_CTX_DAG_ID='car_price_prediction' AIRFLOW_CTX_TASK_ID='pipeline' AIRFLOW_CTX_EXECUTION_DATE='2022-08-13T15:00:00+00:00' AIRFLOW_CTX_TRY_NUMBER='1' AIRFLOW_CTX_DAG_RUN_ID='scheduled__2022-08-13T15:00:00+00:00'
[2024-10-05T07:14:50.017+0000] {taskinstance.py:731} INFO - ::endgroup::
[2024-10-05T07:14:51.103+0000] {pipeline.py:116} INFO - model: LogisticRegression, acc_mean: 0.7591, acc_std: 0.0075
[2024-10-05T07:15:13.143+0000] {pipeline.py:116} INFO - model: RandomForestClassifier, acc_mean: 0.7777, acc_std: 0.0045
[2024-10-05T07:15:20.674+0000] {pipeline.py:116} INFO - model: SVC, acc_mean: 0.7871, acc_std: 0.0042
[2024-10-05T07:15:20.675+0000] {pipeline.py:121} INFO - best model: SVC, accuracy: 0.7871
[2024-10-05T07:15:23.998+0000] {pipeline.py:129} INFO - Model is saved as /opt/***/data/models/cars_pipe_202410050715.pkl
[2024-10-05T07:15:24.001+0000] {python.py:240} INFO - Done. Returned value was: None
[2024-10-05T07:15:24.009+0000] {taskinstance.py:340} INFO - ::group::Post task execution logs
[2024-10-05T07:15:24.010+0000] {taskinstance.py:352} INFO - Marking task as SUCCESS. dag_id=car_price_prediction, task_id=pipeline, run_id=scheduled__2022-08-13T15:00:00+00:00, execution_date=20220813T150000, start_date=20241005T071449, end_date=20241005T071524
[2024-10-05T07:15:24.057+0000] {local_task_job_runner.py:266} INFO - Task exited with return code 0
[2024-10-05T07:15:24.075+0000] {taskinstance.py:3900} INFO - 1 downstream tasks scheduled from follow-on schedule check
[2024-10-05T07:15:24.076+0000] {local_task_job_runner.py:245} INFO - ::endgroup::
