[2024-10-05T07:25:54.189+0000] {local_task_job_runner.py:123} INFO - ::group::Pre task execution logs
[2024-10-05T07:25:54.198+0000] {taskinstance.py:2612} INFO - Dependencies all met for dep_context=non-requeueable deps ti=<TaskInstance: car_price_prediction.pipeline manual__2024-10-05T07:24:53.173813+00:00 [queued]>
[2024-10-05T07:25:54.202+0000] {taskinstance.py:2612} INFO - Dependencies all met for dep_context=requeueable deps ti=<TaskInstance: car_price_prediction.pipeline manual__2024-10-05T07:24:53.173813+00:00 [queued]>
[2024-10-05T07:25:54.203+0000] {taskinstance.py:2865} INFO - Starting attempt 1 of 2
[2024-10-05T07:25:54.210+0000] {taskinstance.py:2888} INFO - Executing <Task(PythonOperator): pipeline> on 2024-10-05 07:24:53.173813+00:00
[2024-10-05T07:25:54.216+0000] {warnings.py:112} WARNING - /home/***/.local/lib/python3.12/site-packages/***/task/task_runner/standard_task_runner.py:70: DeprecationWarning: This process (pid=1037) is multi-threaded, use of fork() may lead to deadlocks in the child.
  pid = os.fork()

[2024-10-05T07:25:54.217+0000] {standard_task_runner.py:72} INFO - Started process 1089 to run task
[2024-10-05T07:25:54.217+0000] {standard_task_runner.py:104} INFO - Running: ['***', 'tasks', 'run', 'car_price_prediction', 'pipeline', 'manual__2024-10-05T07:24:53.173813+00:00', '--job-id', '372', '--raw', '--subdir', 'DAGS_FOLDER/hw_dag.py', '--cfg-path', '/tmp/tmp95dfl30j']
[2024-10-05T07:25:54.218+0000] {standard_task_runner.py:105} INFO - Job 372: Subtask pipeline
[2024-10-05T07:25:54.242+0000] {task_command.py:467} INFO - Running <TaskInstance: car_price_prediction.pipeline manual__2024-10-05T07:24:53.173813+00:00 [running]> on host 4e3981cf7ce3
[2024-10-05T07:25:54.281+0000] {taskinstance.py:3131} INFO - Exporting env vars: AIRFLOW_CTX_DAG_OWNER='***' AIRFLOW_CTX_DAG_ID='car_price_prediction' AIRFLOW_CTX_TASK_ID='pipeline' AIRFLOW_CTX_EXECUTION_DATE='2024-10-05T07:24:53.173813+00:00' AIRFLOW_CTX_TRY_NUMBER='1' AIRFLOW_CTX_DAG_RUN_ID='manual__2024-10-05T07:24:53.173813+00:00'
[2024-10-05T07:25:54.282+0000] {taskinstance.py:731} INFO - ::endgroup::
[2024-10-05T07:25:55.066+0000] {pipeline.py:116} INFO - model: LogisticRegression, acc_mean: 0.7591, acc_std: 0.0075
[2024-10-05T07:26:13.465+0000] {pipeline.py:116} INFO - model: RandomForestClassifier, acc_mean: 0.7784, acc_std: 0.0031
[2024-10-05T07:26:21.769+0000] {pipeline.py:116} INFO - model: SVC, acc_mean: 0.7871, acc_std: 0.0042
[2024-10-05T07:26:21.769+0000] {pipeline.py:121} INFO - best model: SVC, accuracy: 0.7871
[2024-10-05T07:26:24.590+0000] {pipeline.py:129} INFO - Model is saved as /opt/***/data/models/cars_pipe_202410050726.pkl
[2024-10-05T07:26:24.593+0000] {python.py:240} INFO - Done. Returned value was: None
[2024-10-05T07:26:24.601+0000] {taskinstance.py:340} INFO - ::group::Post task execution logs
[2024-10-05T07:26:24.602+0000] {taskinstance.py:352} INFO - Marking task as SUCCESS. dag_id=car_price_prediction, task_id=pipeline, run_id=manual__2024-10-05T07:24:53.173813+00:00, execution_date=20241005T072453, start_date=20241005T072554, end_date=20241005T072624
[2024-10-05T07:26:24.663+0000] {local_task_job_runner.py:266} INFO - Task exited with return code 0
[2024-10-05T07:26:24.680+0000] {taskinstance.py:3900} INFO - 1 downstream tasks scheduled from follow-on schedule check
[2024-10-05T07:26:24.681+0000] {local_task_job_runner.py:245} INFO - ::endgroup::
