[2024-10-05T07:26:02.030+0000] {local_task_job_runner.py:123} INFO - ::group::Pre task execution logs
[2024-10-05T07:26:02.048+0000] {taskinstance.py:2612} INFO - Dependencies all met for dep_context=non-requeueable deps ti=<TaskInstance: car_price_prediction.pipeline scheduled__2022-09-11T15:00:00+00:00 [queued]>
[2024-10-05T07:26:02.055+0000] {taskinstance.py:2612} INFO - Dependencies all met for dep_context=requeueable deps ti=<TaskInstance: car_price_prediction.pipeline scheduled__2022-09-11T15:00:00+00:00 [queued]>
[2024-10-05T07:26:02.056+0000] {taskinstance.py:2865} INFO - Starting attempt 1 of 2
[2024-10-05T07:26:02.068+0000] {taskinstance.py:2888} INFO - Executing <Task(PythonOperator): pipeline> on 2022-09-11 15:00:00+00:00
[2024-10-05T07:26:02.077+0000] {warnings.py:112} WARNING - /home/***/.local/lib/python3.12/site-packages/***/task/task_runner/standard_task_runner.py:70: DeprecationWarning: This process (pid=1357) is multi-threaded, use of fork() may lead to deadlocks in the child.
  pid = os.fork()

[2024-10-05T07:26:02.079+0000] {standard_task_runner.py:72} INFO - Started process 1679 to run task
[2024-10-05T07:26:02.078+0000] {standard_task_runner.py:104} INFO - Running: ['***', 'tasks', 'run', 'car_price_prediction', 'pipeline', 'scheduled__2022-09-11T15:00:00+00:00', '--job-id', '385', '--raw', '--subdir', 'DAGS_FOLDER/hw_dag.py', '--cfg-path', '/tmp/tmpp3yzv6ip']
[2024-10-05T07:26:02.081+0000] {standard_task_runner.py:105} INFO - Job 385: Subtask pipeline
[2024-10-05T07:26:02.191+0000] {task_command.py:467} INFO - Running <TaskInstance: car_price_prediction.pipeline scheduled__2022-09-11T15:00:00+00:00 [running]> on host 4e3981cf7ce3
[2024-10-05T07:26:02.256+0000] {taskinstance.py:3131} INFO - Exporting env vars: AIRFLOW_CTX_DAG_OWNER='***' AIRFLOW_CTX_DAG_ID='car_price_prediction' AIRFLOW_CTX_TASK_ID='pipeline' AIRFLOW_CTX_EXECUTION_DATE='2022-09-11T15:00:00+00:00' AIRFLOW_CTX_TRY_NUMBER='1' AIRFLOW_CTX_DAG_RUN_ID='scheduled__2022-09-11T15:00:00+00:00'
[2024-10-05T07:26:02.257+0000] {taskinstance.py:731} INFO - ::endgroup::
[2024-10-05T07:26:03.351+0000] {pipeline.py:116} INFO - model: LogisticRegression, acc_mean: 0.7591, acc_std: 0.0075
[2024-10-05T07:26:25.584+0000] {pipeline.py:116} INFO - model: RandomForestClassifier, acc_mean: 0.7784, acc_std: 0.0031
[2024-10-05T07:26:32.793+0000] {pipeline.py:116} INFO - model: SVC, acc_mean: 0.7871, acc_std: 0.0042
[2024-10-05T07:26:32.794+0000] {pipeline.py:121} INFO - best model: SVC, accuracy: 0.7871
[2024-10-05T07:26:35.881+0000] {pipeline.py:129} INFO - Model is saved as /opt/***/data/models/cars_pipe_202410050726.pkl
[2024-10-05T07:26:35.885+0000] {python.py:240} INFO - Done. Returned value was: None
[2024-10-05T07:26:35.896+0000] {taskinstance.py:340} INFO - ::group::Post task execution logs
[2024-10-05T07:26:35.896+0000] {taskinstance.py:352} INFO - Marking task as SUCCESS. dag_id=car_price_prediction, task_id=pipeline, run_id=scheduled__2022-09-11T15:00:00+00:00, execution_date=20220911T150000, start_date=20241005T072602, end_date=20241005T072635
[2024-10-05T07:26:35.947+0000] {local_task_job_runner.py:266} INFO - Task exited with return code 0
[2024-10-05T07:26:35.961+0000] {taskinstance.py:3900} INFO - 1 downstream tasks scheduled from follow-on schedule check
[2024-10-05T07:26:35.962+0000] {local_task_job_runner.py:245} INFO - ::endgroup::
