[2024-10-05T07:27:24.736+0000] {local_task_job_runner.py:123} INFO - ::group::Pre task execution logs
[2024-10-05T07:27:24.748+0000] {taskinstance.py:2612} INFO - Dependencies all met for dep_context=non-requeueable deps ti=<TaskInstance: car_price_prediction.first_task scheduled__2022-10-12T15:00:00+00:00 [queued]>
[2024-10-05T07:27:24.755+0000] {taskinstance.py:2612} INFO - Dependencies all met for dep_context=requeueable deps ti=<TaskInstance: car_price_prediction.first_task scheduled__2022-10-12T15:00:00+00:00 [queued]>
[2024-10-05T07:27:24.755+0000] {taskinstance.py:2865} INFO - Starting attempt 1 of 2
[2024-10-05T07:27:24.769+0000] {taskinstance.py:2888} INFO - Executing <Task(BashOperator): first_task> on 2022-10-12 15:00:00+00:00
[2024-10-05T07:27:24.780+0000] {warnings.py:112} WARNING - /home/***/.local/lib/python3.12/site-packages/***/task/task_runner/standard_task_runner.py:70: DeprecationWarning: This process (pid=3627) is multi-threaded, use of fork() may lead to deadlocks in the child.
  pid = os.fork()

[2024-10-05T07:27:24.781+0000] {standard_task_runner.py:72} INFO - Started process 3833 to run task
[2024-10-05T07:27:24.781+0000] {standard_task_runner.py:104} INFO - Running: ['***', 'tasks', 'run', 'car_price_prediction', 'first_task', 'scheduled__2022-10-12T15:00:00+00:00', '--job-id', '466', '--raw', '--subdir', 'DAGS_FOLDER/hw_dag.py', '--cfg-path', '/tmp/tmpony2rolr']
[2024-10-05T07:27:24.782+0000] {standard_task_runner.py:105} INFO - Job 466: Subtask first_task
[2024-10-05T07:27:24.816+0000] {task_command.py:467} INFO - Running <TaskInstance: car_price_prediction.first_task scheduled__2022-10-12T15:00:00+00:00 [running]> on host 4e3981cf7ce3
[2024-10-05T07:27:24.882+0000] {taskinstance.py:3131} INFO - Exporting env vars: AIRFLOW_CTX_DAG_OWNER='***' AIRFLOW_CTX_DAG_ID='car_price_prediction' AIRFLOW_CTX_TASK_ID='first_task' AIRFLOW_CTX_EXECUTION_DATE='2022-10-12T15:00:00+00:00' AIRFLOW_CTX_TRY_NUMBER='1' AIRFLOW_CTX_DAG_RUN_ID='scheduled__2022-10-12T15:00:00+00:00'
[2024-10-05T07:27:24.883+0000] {taskinstance.py:731} INFO - ::endgroup::
[2024-10-05T07:27:24.894+0000] {subprocess.py:63} INFO - Tmp dir root location: /tmp
[2024-10-05T07:27:24.895+0000] {subprocess.py:75} INFO - Running command: ['/usr/bin/bash', '-c', 'echo "Here we start!"']
[2024-10-05T07:27:24.941+0000] {subprocess.py:86} INFO - Output:
[2024-10-05T07:27:24.943+0000] {subprocess.py:93} INFO - Here we start!
[2024-10-05T07:27:24.944+0000] {subprocess.py:97} INFO - Command exited with return code 0
[2024-10-05T07:27:24.979+0000] {taskinstance.py:340} INFO - ::group::Post task execution logs
[2024-10-05T07:27:24.980+0000] {taskinstance.py:352} INFO - Marking task as SUCCESS. dag_id=car_price_prediction, task_id=first_task, run_id=scheduled__2022-10-12T15:00:00+00:00, execution_date=20221012T150000, start_date=20241005T072724, end_date=20241005T072724
[2024-10-05T07:27:25.117+0000] {local_task_job_runner.py:266} INFO - Task exited with return code 0
[2024-10-05T07:27:25.157+0000] {taskinstance.py:3900} INFO - 1 downstream tasks scheduled from follow-on schedule check
[2024-10-05T07:27:25.187+0000] {local_task_job_runner.py:245} INFO - ::endgroup::
