[2024-10-05T07:14:49.649+0000] {local_task_job_runner.py:123} INFO - ::group::Pre task execution logs
[2024-10-05T07:14:49.660+0000] {taskinstance.py:2612} INFO - Dependencies all met for dep_context=non-requeueable deps ti=<TaskInstance: car_price_prediction.first_task scheduled__2022-08-12T15:00:00+00:00 [queued]>
[2024-10-05T07:14:49.664+0000] {taskinstance.py:2612} INFO - Dependencies all met for dep_context=requeueable deps ti=<TaskInstance: car_price_prediction.first_task scheduled__2022-08-12T15:00:00+00:00 [queued]>
[2024-10-05T07:14:49.665+0000] {taskinstance.py:2865} INFO - Starting attempt 1 of 2
[2024-10-05T07:14:49.674+0000] {taskinstance.py:2888} INFO - Executing <Task(BashOperator): first_task> on 2022-08-12 15:00:00+00:00
[2024-10-05T07:14:49.681+0000] {warnings.py:112} WARNING - /home/***/.local/lib/python3.12/site-packages/***/task/task_runner/standard_task_runner.py:70: DeprecationWarning: This process (pid=1489) is multi-threaded, use of fork() may lead to deadlocks in the child.
  pid = os.fork()

[2024-10-05T07:14:49.682+0000] {standard_task_runner.py:72} INFO - Started process 1695 to run task
[2024-10-05T07:14:49.682+0000] {standard_task_runner.py:104} INFO - Running: ['***', 'tasks', 'run', 'car_price_prediction', 'first_task', 'scheduled__2022-08-12T15:00:00+00:00', '--job-id', '242', '--raw', '--subdir', 'DAGS_FOLDER/hw_dag.py', '--cfg-path', '/tmp/tmpszc5gquu']
[2024-10-05T07:14:49.684+0000] {standard_task_runner.py:105} INFO - Job 242: Subtask first_task
[2024-10-05T07:14:49.777+0000] {task_command.py:467} INFO - Running <TaskInstance: car_price_prediction.first_task scheduled__2022-08-12T15:00:00+00:00 [running]> on host 4e3981cf7ce3
[2024-10-05T07:14:49.869+0000] {taskinstance.py:3131} INFO - Exporting env vars: AIRFLOW_CTX_DAG_OWNER='***' AIRFLOW_CTX_DAG_ID='car_price_prediction' AIRFLOW_CTX_TASK_ID='first_task' AIRFLOW_CTX_EXECUTION_DATE='2022-08-12T15:00:00+00:00' AIRFLOW_CTX_TRY_NUMBER='1' AIRFLOW_CTX_DAG_RUN_ID='scheduled__2022-08-12T15:00:00+00:00'
[2024-10-05T07:14:49.870+0000] {taskinstance.py:731} INFO - ::endgroup::
[2024-10-05T07:14:49.880+0000] {subprocess.py:63} INFO - Tmp dir root location: /tmp
[2024-10-05T07:14:49.881+0000] {subprocess.py:75} INFO - Running command: ['/usr/bin/bash', '-c', 'echo "Here we start!"']
[2024-10-05T07:14:49.892+0000] {subprocess.py:86} INFO - Output:
[2024-10-05T07:14:49.893+0000] {subprocess.py:93} INFO - Here we start!
[2024-10-05T07:14:49.893+0000] {subprocess.py:97} INFO - Command exited with return code 0
[2024-10-05T07:14:49.913+0000] {taskinstance.py:340} INFO - ::group::Post task execution logs
[2024-10-05T07:14:49.913+0000] {taskinstance.py:352} INFO - Marking task as SUCCESS. dag_id=car_price_prediction, task_id=first_task, run_id=scheduled__2022-08-12T15:00:00+00:00, execution_date=20220812T150000, start_date=20241005T071449, end_date=20241005T071449
[2024-10-05T07:14:50.019+0000] {local_task_job_runner.py:266} INFO - Task exited with return code 0
[2024-10-05T07:14:50.046+0000] {taskinstance.py:3900} INFO - 1 downstream tasks scheduled from follow-on schedule check
[2024-10-05T07:14:50.061+0000] {local_task_job_runner.py:245} INFO - ::endgroup::
