[2024-10-05T07:04:42.624+0000] {local_task_job_runner.py:123} INFO - ::group::Pre task execution logs
[2024-10-05T07:04:42.636+0000] {taskinstance.py:2612} INFO - Dependencies all met for dep_context=non-requeueable deps ti=<TaskInstance: car_price_prediction.first_task scheduled__2022-06-28T15:00:00+00:00 [queued]>
[2024-10-05T07:04:42.642+0000] {taskinstance.py:2612} INFO - Dependencies all met for dep_context=requeueable deps ti=<TaskInstance: car_price_prediction.first_task scheduled__2022-06-28T15:00:00+00:00 [queued]>
[2024-10-05T07:04:42.642+0000] {taskinstance.py:2865} INFO - Starting attempt 1 of 2
[2024-10-05T07:04:42.654+0000] {taskinstance.py:2888} INFO - Executing <Task(BashOperator): first_task> on 2022-06-28 15:00:00+00:00
[2024-10-05T07:04:42.663+0000] {warnings.py:112} WARNING - /home/***/.local/lib/python3.12/site-packages/***/task/task_runner/standard_task_runner.py:70: DeprecationWarning: This process (pid=1487) is multi-threaded, use of fork() may lead to deadlocks in the child.
  pid = os.fork()

[2024-10-05T07:04:42.664+0000] {standard_task_runner.py:72} INFO - Started process 1694 to run task
[2024-10-05T07:04:42.664+0000] {standard_task_runner.py:104} INFO - Running: ['***', 'tasks', 'run', 'car_price_prediction', 'first_task', 'scheduled__2022-06-28T15:00:00+00:00', '--job-id', '63', '--raw', '--subdir', 'DAGS_FOLDER/hw_dag.py', '--cfg-path', '/tmp/tmprsx_mxjw']
[2024-10-05T07:04:42.665+0000] {standard_task_runner.py:105} INFO - Job 63: Subtask first_task
[2024-10-05T07:04:42.727+0000] {task_command.py:467} INFO - Running <TaskInstance: car_price_prediction.first_task scheduled__2022-06-28T15:00:00+00:00 [running]> on host 4f294712773d
[2024-10-05T07:04:42.861+0000] {taskinstance.py:3131} INFO - Exporting env vars: AIRFLOW_CTX_DAG_OWNER='***' AIRFLOW_CTX_DAG_ID='car_price_prediction' AIRFLOW_CTX_TASK_ID='first_task' AIRFLOW_CTX_EXECUTION_DATE='2022-06-28T15:00:00+00:00' AIRFLOW_CTX_TRY_NUMBER='1' AIRFLOW_CTX_DAG_RUN_ID='scheduled__2022-06-28T15:00:00+00:00'
[2024-10-05T07:04:42.862+0000] {taskinstance.py:731} INFO - ::endgroup::
[2024-10-05T07:04:42.872+0000] {subprocess.py:63} INFO - Tmp dir root location: /tmp
[2024-10-05T07:04:42.873+0000] {subprocess.py:75} INFO - Running command: ['/usr/bin/bash', '-c', 'echo "Here we start!"']
[2024-10-05T07:04:42.887+0000] {subprocess.py:86} INFO - Output:
[2024-10-05T07:04:42.888+0000] {subprocess.py:93} INFO - Here we start!
[2024-10-05T07:04:42.888+0000] {subprocess.py:97} INFO - Command exited with return code 0
[2024-10-05T07:04:42.910+0000] {taskinstance.py:340} INFO - ::group::Post task execution logs
[2024-10-05T07:04:42.911+0000] {taskinstance.py:352} INFO - Marking task as SUCCESS. dag_id=car_price_prediction, task_id=first_task, run_id=scheduled__2022-06-28T15:00:00+00:00, execution_date=20220628T150000, start_date=20241005T070442, end_date=20241005T070442
[2024-10-05T07:04:42.961+0000] {local_task_job_runner.py:266} INFO - Task exited with return code 0
[2024-10-05T07:04:42.967+0000] {local_task_job_runner.py:245} INFO - ::endgroup::
