[2024-10-05T07:07:17.862+0000] {local_task_job_runner.py:123} INFO - ::group::Pre task execution logs
[2024-10-05T07:07:17.892+0000] {taskinstance.py:2612} INFO - Dependencies all met for dep_context=non-requeueable deps ti=<TaskInstance: car_price_prediction.first_task scheduled__2022-08-07T15:00:00+00:00 [queued]>
[2024-10-05T07:07:17.898+0000] {taskinstance.py:2612} INFO - Dependencies all met for dep_context=requeueable deps ti=<TaskInstance: car_price_prediction.first_task scheduled__2022-08-07T15:00:00+00:00 [queued]>
[2024-10-05T07:07:17.898+0000] {taskinstance.py:2865} INFO - Starting attempt 1 of 2
[2024-10-05T07:07:17.924+0000] {taskinstance.py:2888} INFO - Executing <Task(BashOperator): first_task> on 2022-08-07 15:00:00+00:00
[2024-10-05T07:07:17.936+0000] {warnings.py:112} WARNING - /home/***/.local/lib/python3.12/site-packages/***/task/task_runner/standard_task_runner.py:70: DeprecationWarning: This process (pid=2151) is multi-threaded, use of fork() may lead to deadlocks in the child.
  pid = os.fork()

[2024-10-05T07:07:17.937+0000] {standard_task_runner.py:72} INFO - Started process 2448 to run task
[2024-10-05T07:07:17.954+0000] {standard_task_runner.py:104} INFO - Running: ['***', 'tasks', 'run', 'car_price_prediction', 'first_task', 'scheduled__2022-08-07T15:00:00+00:00', '--job-id', '170', '--raw', '--subdir', 'DAGS_FOLDER/hw_dag.py', '--cfg-path', '/tmp/tmp3hcf_0nz']
[2024-10-05T07:07:17.955+0000] {standard_task_runner.py:105} INFO - Job 170: Subtask first_task
[2024-10-05T07:07:18.001+0000] {task_command.py:467} INFO - Running <TaskInstance: car_price_prediction.first_task scheduled__2022-08-07T15:00:00+00:00 [running]> on host 4f294712773d
[2024-10-05T07:07:18.067+0000] {taskinstance.py:3131} INFO - Exporting env vars: AIRFLOW_CTX_DAG_OWNER='***' AIRFLOW_CTX_DAG_ID='car_price_prediction' AIRFLOW_CTX_TASK_ID='first_task' AIRFLOW_CTX_EXECUTION_DATE='2022-08-07T15:00:00+00:00' AIRFLOW_CTX_TRY_NUMBER='1' AIRFLOW_CTX_DAG_RUN_ID='scheduled__2022-08-07T15:00:00+00:00'
[2024-10-05T07:07:18.068+0000] {taskinstance.py:731} INFO - ::endgroup::
[2024-10-05T07:07:18.080+0000] {subprocess.py:63} INFO - Tmp dir root location: /tmp
[2024-10-05T07:07:18.082+0000] {subprocess.py:75} INFO - Running command: ['/usr/bin/bash', '-c', 'echo "Here we start!"']
[2024-10-05T07:07:18.097+0000] {subprocess.py:86} INFO - Output:
[2024-10-05T07:07:18.099+0000] {subprocess.py:93} INFO - Here we start!
[2024-10-05T07:07:18.099+0000] {subprocess.py:97} INFO - Command exited with return code 0
[2024-10-05T07:07:18.124+0000] {taskinstance.py:340} INFO - ::group::Post task execution logs
[2024-10-05T07:07:18.125+0000] {taskinstance.py:352} INFO - Marking task as SUCCESS. dag_id=car_price_prediction, task_id=first_task, run_id=scheduled__2022-08-07T15:00:00+00:00, execution_date=20220807T150000, start_date=20241005T070717, end_date=20241005T070718
[2024-10-05T07:07:18.167+0000] {local_task_job_runner.py:266} INFO - Task exited with return code 0
[2024-10-05T07:07:18.189+0000] {local_task_job_runner.py:245} INFO - ::endgroup::
