[2024-10-05T07:06:07.919+0000] {local_task_job_runner.py:123} INFO - ::group::Pre task execution logs
[2024-10-05T07:06:07.933+0000] {taskinstance.py:2612} INFO - Dependencies all met for dep_context=non-requeueable deps ti=<TaskInstance: car_price_prediction.first_task scheduled__2022-07-19T15:00:00+00:00 [queued]>
[2024-10-05T07:06:07.958+0000] {taskinstance.py:2612} INFO - Dependencies all met for dep_context=requeueable deps ti=<TaskInstance: car_price_prediction.first_task scheduled__2022-07-19T15:00:00+00:00 [queued]>
[2024-10-05T07:06:07.959+0000] {taskinstance.py:2865} INFO - Starting attempt 1 of 2
[2024-10-05T07:06:08.024+0000] {taskinstance.py:2888} INFO - Executing <Task(BashOperator): first_task> on 2022-07-19 15:00:00+00:00
[2024-10-05T07:06:08.033+0000] {warnings.py:112} WARNING - /home/***/.local/lib/python3.12/site-packages/***/task/task_runner/standard_task_runner.py:70: DeprecationWarning: This process (pid=658) is multi-threaded, use of fork() may lead to deadlocks in the child.
  pid = os.fork()

[2024-10-05T07:06:08.034+0000] {standard_task_runner.py:72} INFO - Started process 909 to run task
[2024-10-05T07:06:08.044+0000] {standard_task_runner.py:104} INFO - Running: ['***', 'tasks', 'run', 'car_price_prediction', 'first_task', 'scheduled__2022-07-19T15:00:00+00:00', '--job-id', '117', '--raw', '--subdir', 'DAGS_FOLDER/hw_dag.py', '--cfg-path', '/tmp/tmpn5vlywjc']
[2024-10-05T07:06:08.046+0000] {standard_task_runner.py:105} INFO - Job 117: Subtask first_task
[2024-10-05T07:06:08.104+0000] {task_command.py:467} INFO - Running <TaskInstance: car_price_prediction.first_task scheduled__2022-07-19T15:00:00+00:00 [running]> on host 4f294712773d
[2024-10-05T07:06:08.171+0000] {taskinstance.py:3131} INFO - Exporting env vars: AIRFLOW_CTX_DAG_OWNER='***' AIRFLOW_CTX_DAG_ID='car_price_prediction' AIRFLOW_CTX_TASK_ID='first_task' AIRFLOW_CTX_EXECUTION_DATE='2022-07-19T15:00:00+00:00' AIRFLOW_CTX_TRY_NUMBER='1' AIRFLOW_CTX_DAG_RUN_ID='scheduled__2022-07-19T15:00:00+00:00'
[2024-10-05T07:06:08.172+0000] {taskinstance.py:731} INFO - ::endgroup::
[2024-10-05T07:06:08.180+0000] {subprocess.py:63} INFO - Tmp dir root location: /tmp
[2024-10-05T07:06:08.181+0000] {subprocess.py:75} INFO - Running command: ['/usr/bin/bash', '-c', 'echo "Here we start!"']
[2024-10-05T07:06:08.194+0000] {subprocess.py:86} INFO - Output:
[2024-10-05T07:06:08.195+0000] {subprocess.py:93} INFO - Here we start!
[2024-10-05T07:06:08.196+0000] {subprocess.py:97} INFO - Command exited with return code 0
[2024-10-05T07:06:08.293+0000] {taskinstance.py:340} INFO - ::group::Post task execution logs
[2024-10-05T07:06:08.294+0000] {taskinstance.py:352} INFO - Marking task as SUCCESS. dag_id=car_price_prediction, task_id=first_task, run_id=scheduled__2022-07-19T15:00:00+00:00, execution_date=20220719T150000, start_date=20241005T070607, end_date=20241005T070608
[2024-10-05T07:06:08.381+0000] {local_task_job_runner.py:266} INFO - Task exited with return code 0
[2024-10-05T07:06:08.387+0000] {local_task_job_runner.py:245} INFO - ::endgroup::
