[2024-10-05T07:27:23.681+0000] {local_task_job_runner.py:123} INFO - ::group::Pre task execution logs
[2024-10-05T07:27:23.692+0000] {taskinstance.py:2612} INFO - Dependencies all met for dep_context=non-requeueable deps ti=<TaskInstance: car_price_prediction.first_task scheduled__2022-10-20T15:00:00+00:00 [queued]>
[2024-10-05T07:27:23.699+0000] {taskinstance.py:2612} INFO - Dependencies all met for dep_context=requeueable deps ti=<TaskInstance: car_price_prediction.first_task scheduled__2022-10-20T15:00:00+00:00 [queued]>
[2024-10-05T07:27:23.699+0000] {taskinstance.py:2865} INFO - Starting attempt 1 of 2
[2024-10-05T07:27:23.711+0000] {taskinstance.py:2888} INFO - Executing <Task(BashOperator): first_task> on 2022-10-20 15:00:00+00:00
[2024-10-05T07:27:23.720+0000] {warnings.py:112} WARNING - /home/***/.local/lib/python3.12/site-packages/***/task/task_runner/standard_task_runner.py:70: DeprecationWarning: This process (pid=3781) is multi-threaded, use of fork() may lead to deadlocks in the child.
  pid = os.fork()

[2024-10-05T07:27:23.721+0000] {standard_task_runner.py:72} INFO - Started process 4006 to run task
[2024-10-05T07:27:23.722+0000] {standard_task_runner.py:104} INFO - Running: ['***', 'tasks', 'run', 'car_price_prediction', 'first_task', 'scheduled__2022-10-20T15:00:00+00:00', '--job-id', '474', '--raw', '--subdir', 'DAGS_FOLDER/hw_dag.py', '--cfg-path', '/tmp/tmp_dj5xte3']
[2024-10-05T07:27:23.724+0000] {standard_task_runner.py:105} INFO - Job 474: Subtask first_task
[2024-10-05T07:27:23.758+0000] {task_command.py:467} INFO - Running <TaskInstance: car_price_prediction.first_task scheduled__2022-10-20T15:00:00+00:00 [running]> on host 4e3981cf7ce3
[2024-10-05T07:27:23.946+0000] {taskinstance.py:3131} INFO - Exporting env vars: AIRFLOW_CTX_DAG_OWNER='***' AIRFLOW_CTX_DAG_ID='car_price_prediction' AIRFLOW_CTX_TASK_ID='first_task' AIRFLOW_CTX_EXECUTION_DATE='2022-10-20T15:00:00+00:00' AIRFLOW_CTX_TRY_NUMBER='1' AIRFLOW_CTX_DAG_RUN_ID='scheduled__2022-10-20T15:00:00+00:00'
[2024-10-05T07:27:23.947+0000] {taskinstance.py:731} INFO - ::endgroup::
[2024-10-05T07:27:23.961+0000] {subprocess.py:63} INFO - Tmp dir root location: /tmp
[2024-10-05T07:27:23.962+0000] {subprocess.py:75} INFO - Running command: ['/usr/bin/bash', '-c', 'echo "Here we start!"']
[2024-10-05T07:27:23.975+0000] {subprocess.py:86} INFO - Output:
[2024-10-05T07:27:23.977+0000] {subprocess.py:93} INFO - Here we start!
[2024-10-05T07:27:23.978+0000] {subprocess.py:97} INFO - Command exited with return code 0
[2024-10-05T07:27:24.002+0000] {taskinstance.py:340} INFO - ::group::Post task execution logs
[2024-10-05T07:27:24.002+0000] {taskinstance.py:352} INFO - Marking task as SUCCESS. dag_id=car_price_prediction, task_id=first_task, run_id=scheduled__2022-10-20T15:00:00+00:00, execution_date=20221020T150000, start_date=20241005T072723, end_date=20241005T072724
[2024-10-05T07:27:24.058+0000] {local_task_job_runner.py:266} INFO - Task exited with return code 0
[2024-10-05T07:27:24.066+0000] {local_task_job_runner.py:245} INFO - ::endgroup::
