[2024-10-05T07:07:16.803+0000] {local_task_job_runner.py:123} INFO - ::group::Pre task execution logs
[2024-10-05T07:07:16.819+0000] {taskinstance.py:2612} INFO - Dependencies all met for dep_context=non-requeueable deps ti=<TaskInstance: car_price_prediction.first_task scheduled__2022-08-01T15:00:00+00:00 [queued]>
[2024-10-05T07:07:16.825+0000] {taskinstance.py:2612} INFO - Dependencies all met for dep_context=requeueable deps ti=<TaskInstance: car_price_prediction.first_task scheduled__2022-08-01T15:00:00+00:00 [queued]>
[2024-10-05T07:07:16.826+0000] {taskinstance.py:2865} INFO - Starting attempt 1 of 2
[2024-10-05T07:07:16.836+0000] {taskinstance.py:2888} INFO - Executing <Task(BashOperator): first_task> on 2022-08-01 15:00:00+00:00
[2024-10-05T07:07:16.845+0000] {warnings.py:112} WARNING - /home/***/.local/lib/python3.12/site-packages/***/task/task_runner/standard_task_runner.py:70: DeprecationWarning: This process (pid=1964) is multi-threaded, use of fork() may lead to deadlocks in the child.
  pid = os.fork()

[2024-10-05T07:07:16.847+0000] {standard_task_runner.py:72} INFO - Started process 2181 to run task
[2024-10-05T07:07:16.846+0000] {standard_task_runner.py:104} INFO - Running: ['***', 'tasks', 'run', 'car_price_prediction', 'first_task', 'scheduled__2022-08-01T15:00:00+00:00', '--job-id', '164', '--raw', '--subdir', 'DAGS_FOLDER/hw_dag.py', '--cfg-path', '/tmp/tmp6ifoqt_z']
[2024-10-05T07:07:16.847+0000] {standard_task_runner.py:105} INFO - Job 164: Subtask first_task
[2024-10-05T07:07:16.897+0000] {task_command.py:467} INFO - Running <TaskInstance: car_price_prediction.first_task scheduled__2022-08-01T15:00:00+00:00 [running]> on host 4f294712773d
[2024-10-05T07:07:17.009+0000] {taskinstance.py:3131} INFO - Exporting env vars: AIRFLOW_CTX_DAG_OWNER='***' AIRFLOW_CTX_DAG_ID='car_price_prediction' AIRFLOW_CTX_TASK_ID='first_task' AIRFLOW_CTX_EXECUTION_DATE='2022-08-01T15:00:00+00:00' AIRFLOW_CTX_TRY_NUMBER='1' AIRFLOW_CTX_DAG_RUN_ID='scheduled__2022-08-01T15:00:00+00:00'
[2024-10-05T07:07:17.011+0000] {taskinstance.py:731} INFO - ::endgroup::
[2024-10-05T07:07:17.021+0000] {subprocess.py:63} INFO - Tmp dir root location: /tmp
[2024-10-05T07:07:17.021+0000] {subprocess.py:75} INFO - Running command: ['/usr/bin/bash', '-c', 'echo "Here we start!"']
[2024-10-05T07:07:17.033+0000] {subprocess.py:86} INFO - Output:
[2024-10-05T07:07:17.034+0000] {subprocess.py:93} INFO - Here we start!
[2024-10-05T07:07:17.035+0000] {subprocess.py:97} INFO - Command exited with return code 0
[2024-10-05T07:07:17.095+0000] {taskinstance.py:340} INFO - ::group::Post task execution logs
[2024-10-05T07:07:17.095+0000] {taskinstance.py:352} INFO - Marking task as SUCCESS. dag_id=car_price_prediction, task_id=first_task, run_id=scheduled__2022-08-01T15:00:00+00:00, execution_date=20220801T150000, start_date=20241005T070716, end_date=20241005T070717
[2024-10-05T07:07:17.182+0000] {local_task_job_runner.py:266} INFO - Task exited with return code 0
[2024-10-05T07:07:17.202+0000] {local_task_job_runner.py:245} INFO - ::endgroup::
