[2024-10-05T07:16:36.551+0000] {local_task_job_runner.py:123} INFO - ::group::Pre task execution logs
[2024-10-05T07:16:36.566+0000] {taskinstance.py:2612} INFO - Dependencies all met for dep_context=non-requeueable deps ti=<TaskInstance: car_price_prediction.pipeline scheduled__2022-09-03T15:00:00+00:00 [queued]>
[2024-10-05T07:16:36.574+0000] {taskinstance.py:2612} INFO - Dependencies all met for dep_context=requeueable deps ti=<TaskInstance: car_price_prediction.pipeline scheduled__2022-09-03T15:00:00+00:00 [queued]>
[2024-10-05T07:16:36.574+0000] {taskinstance.py:2865} INFO - Starting attempt 1 of 2
[2024-10-05T07:16:36.587+0000] {taskinstance.py:2888} INFO - Executing <Task(PythonOperator): pipeline> on 2022-09-03 15:00:00+00:00
[2024-10-05T07:16:36.596+0000] {warnings.py:112} WARNING - /home/***/.local/lib/python3.12/site-packages/***/task/task_runner/standard_task_runner.py:70: DeprecationWarning: This process (pid=3623) is multi-threaded, use of fork() may lead to deadlocks in the child.
  pid = os.fork()

[2024-10-05T07:16:36.597+0000] {standard_task_runner.py:72} INFO - Started process 3937 to run task
[2024-10-05T07:16:36.599+0000] {standard_task_runner.py:104} INFO - Running: ['***', 'tasks', 'run', 'car_price_prediction', 'pipeline', 'scheduled__2022-09-03T15:00:00+00:00', '--job-id', '323', '--raw', '--subdir', 'DAGS_FOLDER/hw_dag.py', '--cfg-path', '/tmp/tmpvczat26b']
[2024-10-05T07:16:36.601+0000] {standard_task_runner.py:105} INFO - Job 323: Subtask pipeline
[2024-10-05T07:16:36.652+0000] {task_command.py:467} INFO - Running <TaskInstance: car_price_prediction.pipeline scheduled__2022-09-03T15:00:00+00:00 [running]> on host 4e3981cf7ce3
[2024-10-05T07:16:36.791+0000] {taskinstance.py:3131} INFO - Exporting env vars: AIRFLOW_CTX_DAG_OWNER='***' AIRFLOW_CTX_DAG_ID='car_price_prediction' AIRFLOW_CTX_TASK_ID='pipeline' AIRFLOW_CTX_EXECUTION_DATE='2022-09-03T15:00:00+00:00' AIRFLOW_CTX_TRY_NUMBER='1' AIRFLOW_CTX_DAG_RUN_ID='scheduled__2022-09-03T15:00:00+00:00'
[2024-10-05T07:16:36.792+0000] {taskinstance.py:731} INFO - ::endgroup::
[2024-10-05T07:16:37.937+0000] {pipeline.py:116} INFO - model: LogisticRegression, acc_mean: 0.7591, acc_std: 0.0075
[2024-10-05T07:16:58.100+0000] {pipeline.py:116} INFO - model: RandomForestClassifier, acc_mean: 0.7777, acc_std: 0.0045
[2024-10-05T07:17:07.863+0000] {pipeline.py:116} INFO - model: SVC, acc_mean: 0.7871, acc_std: 0.0042
[2024-10-05T07:17:07.863+0000] {pipeline.py:121} INFO - best model: SVC, accuracy: 0.7871
[2024-10-05T07:17:09.215+0000] {pipeline.py:129} INFO - Model is saved as /opt/***/data/models/cars_pipe_202410050717.pkl
[2024-10-05T07:17:09.219+0000] {python.py:240} INFO - Done. Returned value was: None
[2024-10-05T07:17:09.230+0000] {taskinstance.py:340} INFO - ::group::Post task execution logs
[2024-10-05T07:17:09.231+0000] {taskinstance.py:352} INFO - Marking task as SUCCESS. dag_id=car_price_prediction, task_id=pipeline, run_id=scheduled__2022-09-03T15:00:00+00:00, execution_date=20220903T150000, start_date=20241005T071636, end_date=20241005T071709
[2024-10-05T07:17:09.272+0000] {local_task_job_runner.py:266} INFO - Task exited with return code 0
[2024-10-05T07:17:09.293+0000] {taskinstance.py:3900} INFO - 1 downstream tasks scheduled from follow-on schedule check
[2024-10-05T07:17:09.295+0000] {local_task_job_runner.py:245} INFO - ::endgroup::
