[2024-10-05T07:27:25.168+0000] {local_task_job_runner.py:123} INFO - ::group::Pre task execution logs
[2024-10-05T07:27:25.182+0000] {taskinstance.py:2612} INFO - Dependencies all met for dep_context=non-requeueable deps ti=<TaskInstance: car_price_prediction.first_task scheduled__2022-10-25T15:00:00+00:00 [queued]>
[2024-10-05T07:27:25.189+0000] {taskinstance.py:2612} INFO - Dependencies all met for dep_context=requeueable deps ti=<TaskInstance: car_price_prediction.first_task scheduled__2022-10-25T15:00:00+00:00 [queued]>
[2024-10-05T07:27:25.189+0000] {taskinstance.py:2865} INFO - Starting attempt 1 of 2
[2024-10-05T07:27:25.201+0000] {taskinstance.py:2888} INFO - Executing <Task(BashOperator): first_task> on 2022-10-25 15:00:00+00:00
[2024-10-05T07:27:25.214+0000] {warnings.py:112} WARNING - /home/***/.local/lib/python3.12/site-packages/***/task/task_runner/standard_task_runner.py:70: DeprecationWarning: This process (pid=4012) is multi-threaded, use of fork() may lead to deadlocks in the child.
  pid = os.fork()

[2024-10-05T07:27:25.217+0000] {standard_task_runner.py:72} INFO - Started process 4353 to run task
[2024-10-05T07:27:25.216+0000] {standard_task_runner.py:104} INFO - Running: ['***', 'tasks', 'run', 'car_price_prediction', 'first_task', 'scheduled__2022-10-25T15:00:00+00:00', '--job-id', '483', '--raw', '--subdir', 'DAGS_FOLDER/hw_dag.py', '--cfg-path', '/tmp/tmpwd2woqnj']
[2024-10-05T07:27:25.218+0000] {standard_task_runner.py:105} INFO - Job 483: Subtask first_task
[2024-10-05T07:27:25.284+0000] {task_command.py:467} INFO - Running <TaskInstance: car_price_prediction.first_task scheduled__2022-10-25T15:00:00+00:00 [running]> on host 4e3981cf7ce3
[2024-10-05T07:27:25.408+0000] {taskinstance.py:3131} INFO - Exporting env vars: AIRFLOW_CTX_DAG_OWNER='***' AIRFLOW_CTX_DAG_ID='car_price_prediction' AIRFLOW_CTX_TASK_ID='first_task' AIRFLOW_CTX_EXECUTION_DATE='2022-10-25T15:00:00+00:00' AIRFLOW_CTX_TRY_NUMBER='1' AIRFLOW_CTX_DAG_RUN_ID='scheduled__2022-10-25T15:00:00+00:00'
[2024-10-05T07:27:25.409+0000] {taskinstance.py:731} INFO - ::endgroup::
[2024-10-05T07:27:25.420+0000] {subprocess.py:63} INFO - Tmp dir root location: /tmp
[2024-10-05T07:27:25.420+0000] {subprocess.py:75} INFO - Running command: ['/usr/bin/bash', '-c', 'echo "Here we start!"']
[2024-10-05T07:27:25.465+0000] {subprocess.py:86} INFO - Output:
[2024-10-05T07:27:25.466+0000] {subprocess.py:93} INFO - Here we start!
[2024-10-05T07:27:25.467+0000] {subprocess.py:97} INFO - Command exited with return code 0
[2024-10-05T07:27:25.512+0000] {taskinstance.py:340} INFO - ::group::Post task execution logs
[2024-10-05T07:27:25.512+0000] {taskinstance.py:352} INFO - Marking task as SUCCESS. dag_id=car_price_prediction, task_id=first_task, run_id=scheduled__2022-10-25T15:00:00+00:00, execution_date=20221025T150000, start_date=20241005T072725, end_date=20241005T072725
[2024-10-05T07:27:25.534+0000] {local_task_job_runner.py:266} INFO - Task exited with return code 0
[2024-10-05T07:27:25.557+0000] {taskinstance.py:3900} INFO - 1 downstream tasks scheduled from follow-on schedule check
[2024-10-05T07:27:25.559+0000] {local_task_job_runner.py:245} INFO - ::endgroup::
