[2024-10-05T07:14:48.374+0000] {local_task_job_runner.py:123} INFO - ::group::Pre task execution logs
[2024-10-05T07:14:48.389+0000] {taskinstance.py:2612} INFO - Dependencies all met for dep_context=non-requeueable deps ti=<TaskInstance: car_price_prediction.first_task scheduled__2022-08-20T15:00:00+00:00 [queued]>
[2024-10-05T07:14:48.396+0000] {taskinstance.py:2612} INFO - Dependencies all met for dep_context=requeueable deps ti=<TaskInstance: car_price_prediction.first_task scheduled__2022-08-20T15:00:00+00:00 [queued]>
[2024-10-05T07:14:48.397+0000] {taskinstance.py:2865} INFO - Starting attempt 1 of 2
[2024-10-05T07:14:48.408+0000] {taskinstance.py:2888} INFO - Executing <Task(BashOperator): first_task> on 2022-08-20 15:00:00+00:00
[2024-10-05T07:14:48.415+0000] {warnings.py:112} WARNING - /home/***/.local/lib/python3.12/site-packages/***/task/task_runner/standard_task_runner.py:70: DeprecationWarning: This process (pid=1643) is multi-threaded, use of fork() may lead to deadlocks in the child.
  pid = os.fork()

[2024-10-05T07:14:48.416+0000] {standard_task_runner.py:72} INFO - Started process 1823 to run task
[2024-10-05T07:14:48.417+0000] {standard_task_runner.py:104} INFO - Running: ['***', 'tasks', 'run', 'car_price_prediction', 'first_task', 'scheduled__2022-08-20T15:00:00+00:00', '--job-id', '250', '--raw', '--subdir', 'DAGS_FOLDER/hw_dag.py', '--cfg-path', '/tmp/tmpc6x7byj1']
[2024-10-05T07:14:48.419+0000] {standard_task_runner.py:105} INFO - Job 250: Subtask first_task
[2024-10-05T07:14:48.528+0000] {task_command.py:467} INFO - Running <TaskInstance: car_price_prediction.first_task scheduled__2022-08-20T15:00:00+00:00 [running]> on host 4e3981cf7ce3
[2024-10-05T07:14:48.608+0000] {taskinstance.py:3131} INFO - Exporting env vars: AIRFLOW_CTX_DAG_OWNER='***' AIRFLOW_CTX_DAG_ID='car_price_prediction' AIRFLOW_CTX_TASK_ID='first_task' AIRFLOW_CTX_EXECUTION_DATE='2022-08-20T15:00:00+00:00' AIRFLOW_CTX_TRY_NUMBER='1' AIRFLOW_CTX_DAG_RUN_ID='scheduled__2022-08-20T15:00:00+00:00'
[2024-10-05T07:14:48.609+0000] {taskinstance.py:731} INFO - ::endgroup::
[2024-10-05T07:14:48.618+0000] {subprocess.py:63} INFO - Tmp dir root location: /tmp
[2024-10-05T07:14:48.619+0000] {subprocess.py:75} INFO - Running command: ['/usr/bin/bash', '-c', 'echo "Here we start!"']
[2024-10-05T07:14:48.632+0000] {subprocess.py:86} INFO - Output:
[2024-10-05T07:14:48.633+0000] {subprocess.py:93} INFO - Here we start!
[2024-10-05T07:14:48.634+0000] {subprocess.py:97} INFO - Command exited with return code 0
[2024-10-05T07:14:48.652+0000] {taskinstance.py:340} INFO - ::group::Post task execution logs
[2024-10-05T07:14:48.652+0000] {taskinstance.py:352} INFO - Marking task as SUCCESS. dag_id=car_price_prediction, task_id=first_task, run_id=scheduled__2022-08-20T15:00:00+00:00, execution_date=20220820T150000, start_date=20241005T071448, end_date=20241005T071448
[2024-10-05T07:14:48.674+0000] {local_task_job_runner.py:266} INFO - Task exited with return code 0
[2024-10-05T07:14:48.680+0000] {local_task_job_runner.py:245} INFO - ::endgroup::
