[2024-10-05T07:04:42.771+0000] {local_task_job_runner.py:123} INFO - ::group::Pre task execution logs
[2024-10-05T07:04:42.785+0000] {taskinstance.py:2612} INFO - Dependencies all met for dep_context=non-requeueable deps ti=<TaskInstance: car_price_prediction.first_task scheduled__2022-06-29T15:00:00+00:00 [queued]>
[2024-10-05T07:04:42.791+0000] {taskinstance.py:2612} INFO - Dependencies all met for dep_context=requeueable deps ti=<TaskInstance: car_price_prediction.first_task scheduled__2022-06-29T15:00:00+00:00 [queued]>
[2024-10-05T07:04:42.792+0000] {taskinstance.py:2865} INFO - Starting attempt 1 of 2
[2024-10-05T07:04:42.851+0000] {taskinstance.py:2888} INFO - Executing <Task(BashOperator): first_task> on 2022-06-29 15:00:00+00:00
[2024-10-05T07:04:42.861+0000] {warnings.py:112} WARNING - /home/***/.local/lib/python3.12/site-packages/***/task/task_runner/standard_task_runner.py:70: DeprecationWarning: This process (pid=1489) is multi-threaded, use of fork() may lead to deadlocks in the child.
  pid = os.fork()

[2024-10-05T07:04:42.863+0000] {standard_task_runner.py:72} INFO - Started process 1744 to run task
[2024-10-05T07:04:42.873+0000] {standard_task_runner.py:104} INFO - Running: ['***', 'tasks', 'run', 'car_price_prediction', 'first_task', 'scheduled__2022-06-29T15:00:00+00:00', '--job-id', '64', '--raw', '--subdir', 'DAGS_FOLDER/hw_dag.py', '--cfg-path', '/tmp/tmp6t1sl5qg']
[2024-10-05T07:04:42.875+0000] {standard_task_runner.py:105} INFO - Job 64: Subtask first_task
[2024-10-05T07:04:42.919+0000] {task_command.py:467} INFO - Running <TaskInstance: car_price_prediction.first_task scheduled__2022-06-29T15:00:00+00:00 [running]> on host 4f294712773d
[2024-10-05T07:04:43.013+0000] {taskinstance.py:3131} INFO - Exporting env vars: AIRFLOW_CTX_DAG_OWNER='***' AIRFLOW_CTX_DAG_ID='car_price_prediction' AIRFLOW_CTX_TASK_ID='first_task' AIRFLOW_CTX_EXECUTION_DATE='2022-06-29T15:00:00+00:00' AIRFLOW_CTX_TRY_NUMBER='1' AIRFLOW_CTX_DAG_RUN_ID='scheduled__2022-06-29T15:00:00+00:00'
[2024-10-05T07:04:43.014+0000] {taskinstance.py:731} INFO - ::endgroup::
[2024-10-05T07:04:43.043+0000] {subprocess.py:63} INFO - Tmp dir root location: /tmp
[2024-10-05T07:04:43.052+0000] {subprocess.py:75} INFO - Running command: ['/usr/bin/bash', '-c', 'echo "Here we start!"']
[2024-10-05T07:04:43.066+0000] {subprocess.py:86} INFO - Output:
[2024-10-05T07:04:43.068+0000] {subprocess.py:93} INFO - Here we start!
[2024-10-05T07:04:43.068+0000] {subprocess.py:97} INFO - Command exited with return code 0
[2024-10-05T07:04:43.093+0000] {taskinstance.py:340} INFO - ::group::Post task execution logs
[2024-10-05T07:04:43.093+0000] {taskinstance.py:352} INFO - Marking task as SUCCESS. dag_id=car_price_prediction, task_id=first_task, run_id=scheduled__2022-06-29T15:00:00+00:00, execution_date=20220629T150000, start_date=20241005T070442, end_date=20241005T070443
[2024-10-05T07:04:43.137+0000] {local_task_job_runner.py:266} INFO - Task exited with return code 0
[2024-10-05T07:04:43.161+0000] {taskinstance.py:3900} INFO - 1 downstream tasks scheduled from follow-on schedule check
[2024-10-05T07:04:43.163+0000] {local_task_job_runner.py:245} INFO - ::endgroup::
