[2024-10-05T07:25:53.008+0000] {local_task_job_runner.py:123} INFO - ::group::Pre task execution logs
[2024-10-05T07:25:53.017+0000] {taskinstance.py:2612} INFO - Dependencies all met for dep_context=non-requeueable deps ti=<TaskInstance: car_price_prediction.first_task manual__2024-10-05T07:24:53.173813+00:00 [queued]>
[2024-10-05T07:25:53.021+0000] {taskinstance.py:2612} INFO - Dependencies all met for dep_context=requeueable deps ti=<TaskInstance: car_price_prediction.first_task manual__2024-10-05T07:24:53.173813+00:00 [queued]>
[2024-10-05T07:25:53.021+0000] {taskinstance.py:2865} INFO - Starting attempt 1 of 2
[2024-10-05T07:25:53.028+0000] {taskinstance.py:2888} INFO - Executing <Task(BashOperator): first_task> on 2024-10-05 07:24:53.173813+00:00
[2024-10-05T07:25:53.033+0000] {warnings.py:112} WARNING - /home/***/.local/lib/python3.12/site-packages/***/task/task_runner/standard_task_runner.py:70: DeprecationWarning: This process (pid=981) is multi-threaded, use of fork() may lead to deadlocks in the child.
  pid = os.fork()

[2024-10-05T07:25:53.034+0000] {standard_task_runner.py:72} INFO - Started process 1031 to run task
[2024-10-05T07:25:53.034+0000] {standard_task_runner.py:104} INFO - Running: ['***', 'tasks', 'run', 'car_price_prediction', 'first_task', 'manual__2024-10-05T07:24:53.173813+00:00', '--job-id', '369', '--raw', '--subdir', 'DAGS_FOLDER/hw_dag.py', '--cfg-path', '/tmp/tmpfp34yfjc']
[2024-10-05T07:25:53.036+0000] {standard_task_runner.py:105} INFO - Job 369: Subtask first_task
[2024-10-05T07:25:53.060+0000] {task_command.py:467} INFO - Running <TaskInstance: car_price_prediction.first_task manual__2024-10-05T07:24:53.173813+00:00 [running]> on host 4e3981cf7ce3
[2024-10-05T07:25:53.100+0000] {taskinstance.py:3131} INFO - Exporting env vars: AIRFLOW_CTX_DAG_OWNER='***' AIRFLOW_CTX_DAG_ID='car_price_prediction' AIRFLOW_CTX_TASK_ID='first_task' AIRFLOW_CTX_EXECUTION_DATE='2024-10-05T07:24:53.173813+00:00' AIRFLOW_CTX_TRY_NUMBER='1' AIRFLOW_CTX_DAG_RUN_ID='manual__2024-10-05T07:24:53.173813+00:00'
[2024-10-05T07:25:53.100+0000] {taskinstance.py:731} INFO - ::endgroup::
[2024-10-05T07:25:53.108+0000] {subprocess.py:63} INFO - Tmp dir root location: /tmp
[2024-10-05T07:25:53.108+0000] {subprocess.py:75} INFO - Running command: ['/usr/bin/bash', '-c', 'echo "Here we start!"']
[2024-10-05T07:25:53.116+0000] {subprocess.py:86} INFO - Output:
[2024-10-05T07:25:53.117+0000] {subprocess.py:93} INFO - Here we start!
[2024-10-05T07:25:53.118+0000] {subprocess.py:97} INFO - Command exited with return code 0
[2024-10-05T07:25:53.130+0000] {taskinstance.py:340} INFO - ::group::Post task execution logs
[2024-10-05T07:25:53.131+0000] {taskinstance.py:352} INFO - Marking task as SUCCESS. dag_id=car_price_prediction, task_id=first_task, run_id=manual__2024-10-05T07:24:53.173813+00:00, execution_date=20241005T072453, start_date=20241005T072553, end_date=20241005T072553
[2024-10-05T07:25:53.175+0000] {local_task_job_runner.py:266} INFO - Task exited with return code 0
[2024-10-05T07:25:53.190+0000] {taskinstance.py:3900} INFO - 1 downstream tasks scheduled from follow-on schedule check
[2024-10-05T07:25:53.191+0000] {local_task_job_runner.py:245} INFO - ::endgroup::
